<?xml version="1.0" encoding="UTF-8"?>
<testsuites name="TataMotors" time="1166.751" tests="10" failures="8" errors="0">
   <testsuite name="TataMotors" tests="10" failures="8" errors="0" time="1166.751" skipped="0" timestamp="04-04-2024T14:32:56" hostname="Sushil.Gaikwad - DS025.step.com" id="Test Suites/TataMotors">
      <properties>
         <property name="deviceName" value="samsung SM-A032F (Android 13)"/>
         <property name="devicePlatform" value=""/>
         <property name="logFolder" value="C:\\Users\\sushil.gaikwad\\git\\EguruSmart1\\Reports\\20240404_143243\\TataMotors\\20240404_143243"/>
         <property name="logFiles" value="C:\\Users\\sushil.gaikwad\\git\\EguruSmart1\\Reports\\20240404_143243\\TataMotors\\20240404_143243\\appium.log, C:\\Users\\sushil.gaikwad\\git\\EguruSmart1\\Reports\\20240404_143243\\TataMotors\\20240404_143243\\appium_error.log, C:\\Users\\sushil.gaikwad\\git\\EguruSmart1\\Reports\\20240404_143243\\TataMotors\\20240404_143243\\execution0.log"/>
         <property name="attachments" value="C:\\Users\\sushil.gaikwad\\git\\EguruSmart1\\Reports\\20240404_143243\\TataMotors\\20240404_143243\\1712221442345.png, C:\\Users\\sushil.gaikwad\\git\\EguruSmart1\\Reports\\20240404_143243\\TataMotors\\20240404_143243\\1712221445648.png, C:\\Users\\sushil.gaikwad\\git\\EguruSmart1\\Reports\\20240404_143243\\TataMotors\\20240404_143243\\1712221452515.png, C:\\Users\\sushil.gaikwad\\git\\EguruSmart1\\Reports\\20240404_143243\\TataMotors\\20240404_143243\\1712221468804.png, C:\\Users\\sushil.gaikwad\\git\\EguruSmart1\\Reports\\20240404_143243\\TataMotors\\20240404_143243\\1712221528189.png, C:\\Users\\sushil.gaikwad\\git\\EguruSmart1\\Reports\\20240404_143243\\TataMotors\\20240404_143243\\1712221529165.png, C:\\Users\\sushil.gaikwad\\git\\EguruSmart1\\Reports\\20240404_143243\\TataMotors\\20240404_143243\\1712221579183.png, C:\\Users\\sushil.gaikwad\\git\\EguruSmart1\\Reports\\20240404_143243\\TataMotors\\20240404_143243\\1712221581618.png, C:\\Users\\sushil.gaikwad\\git\\EguruSmart1\\Reports\\20240404_143243\\TataMotors\\20240404_143243\\1712221610413.png, C:\\Users\\sushil.gaikwad\\git\\EguruSmart1\\Reports\\20240404_143243\\TataMotors\\20240404_143243\\1712221652634.png, C:\\Users\\sushil.gaikwad\\git\\EguruSmart1\\Reports\\20240404_143243\\TataMotors\\20240404_143243\\1712221657075.png, C:\\Users\\sushil.gaikwad\\git\\EguruSmart1\\Reports\\20240404_143243\\TataMotors\\20240404_143243\\1712221699570.png, C:\\Users\\sushil.gaikwad\\git\\EguruSmart1\\Reports\\20240404_143243\\TataMotors\\20240404_143243\\1712221703736.png, C:\\Users\\sushil.gaikwad\\git\\EguruSmart1\\Reports\\20240404_143243\\TataMotors\\20240404_143243\\1712221724071.png, C:\\Users\\sushil.gaikwad\\git\\EguruSmart1\\Reports\\20240404_143243\\TataMotors\\20240404_143243\\1712221762237.png, C:\\Users\\sushil.gaikwad\\git\\EguruSmart1\\Reports\\20240404_143243\\TataMotors\\20240404_143243\\1712221766678.png, C:\\Users\\sushil.gaikwad\\git\\EguruSmart1\\Reports\\20240404_143243\\TataMotors\\20240404_143243\\1712221809837.png, C:\\Users\\sushil.gaikwad\\git\\EguruSmart1\\Reports\\20240404_143243\\TataMotors\\20240404_143243\\1712221812194.png, C:\\Users\\sushil.gaikwad\\git\\EguruSmart1\\Reports\\20240404_143243\\TataMotors\\20240404_143243\\1712221829023.png, C:\\Users\\sushil.gaikwad\\git\\EguruSmart1\\Reports\\20240404_143243\\TataMotors\\20240404_143243\\1712221830760.png, C:\\Users\\sushil.gaikwad\\git\\EguruSmart1\\Reports\\20240404_143243\\TataMotors\\20240404_143243\\1712221836401.png, C:\\Users\\sushil.gaikwad\\git\\EguruSmart1\\Reports\\20240404_143243\\TataMotors\\20240404_143243\\1712221839049.png, C:\\Users\\sushil.gaikwad\\git\\EguruSmart1\\Reports\\20240404_143243\\TataMotors\\20240404_143243\\1712221881280.png, C:\\Users\\sushil.gaikwad\\git\\EguruSmart1\\Reports\\20240404_143243\\TataMotors\\20240404_143243\\1712221882230.png, C:\\Users\\sushil.gaikwad\\git\\EguruSmart1\\Reports\\20240404_143243\\TataMotors\\20240404_143243\\1712221934660.png, C:\\Users\\sushil.gaikwad\\git\\EguruSmart1\\Reports\\20240404_143243\\TataMotors\\20240404_143243\\1712221941031.png, C:\\Users\\sushil.gaikwad\\git\\EguruSmart1\\Reports\\20240404_143243\\TataMotors\\20240404_143243\\1712221952833.png, C:\\Users\\sushil.gaikwad\\git\\EguruSmart1\\Reports\\20240404_143243\\TataMotors\\20240404_143243\\1712221977728.png, C:\\Users\\sushil.gaikwad\\git\\EguruSmart1\\Reports\\20240404_143243\\TataMotors\\20240404_143243\\1712222032847.png, C:\\Users\\sushil.gaikwad\\git\\EguruSmart1\\Reports\\20240404_143243\\TataMotors\\20240404_143243\\1712222040636.png, C:\\Users\\sushil.gaikwad\\git\\EguruSmart1\\Reports\\20240404_143243\\TataMotors\\20240404_143243\\1712222073921.png, C:\\Users\\sushil.gaikwad\\git\\EguruSmart1\\Reports\\20240404_143243\\TataMotors\\20240404_143243\\1712222084205.png, C:\\Users\\sushil.gaikwad\\git\\EguruSmart1\\Reports\\20240404_143243\\TataMotors\\20240404_143243\\1712222110235.png, C:\\Users\\sushil.gaikwad\\git\\EguruSmart1\\Reports\\20240404_143243\\TataMotors\\20240404_143243\\1712222141160.png, C:\\Users\\sushil.gaikwad\\git\\EguruSmart1\\Reports\\20240404_143243\\TataMotors\\20240404_143243\\1712222156855.png, C:\\Users\\sushil.gaikwad\\git\\EguruSmart1\\Reports\\20240404_143243\\TataMotors\\20240404_143243\\1712222211428.png, C:\\Users\\sushil.gaikwad\\git\\EguruSmart1\\Reports\\20240404_143243\\TataMotors\\20240404_143243\\1712222264030.png, C:\\Users\\sushil.gaikwad\\git\\EguruSmart1\\Reports\\20240404_143243\\TataMotors\\20240404_143243\\1712222268997.png, C:\\Users\\sushil.gaikwad\\git\\EguruSmart1\\Reports\\20240404_143243\\TataMotors\\20240404_143243\\1712222281994.png, C:\\Users\\sushil.gaikwad\\git\\EguruSmart1\\Reports\\20240404_143243\\TataMotors\\20240404_143243\\1712222323141.png, C:\\Users\\sushil.gaikwad\\git\\EguruSmart1\\Reports\\20240404_143243\\TataMotors\\20240404_143243\\1712222324079.png, C:\\Users\\sushil.gaikwad\\git\\EguruSmart1\\Reports\\20240404_143243\\TataMotors\\20240404_143243\\1712222366412.png, C:\\Users\\sushil.gaikwad\\git\\EguruSmart1\\Reports\\20240404_143243\\TataMotors\\20240404_143243\\1712222403616.png, C:\\Users\\sushil.gaikwad\\git\\EguruSmart1\\Reports\\20240404_143243\\TataMotors\\20240404_143243\\1712222404855.png, C:\\Users\\sushil.gaikwad\\git\\EguruSmart1\\Reports\\20240404_143243\\TataMotors\\20240404_143243\\1712222448027.png, C:\\Users\\sushil.gaikwad\\git\\EguruSmart1\\Reports\\20240404_143243\\TataMotors\\20240404_143243\\1712222466573.png, C:\\Users\\sushil.gaikwad\\git\\EguruSmart1\\Reports\\20240404_143243\\TataMotors\\20240404_143243\\1712222467817.png, C:\\Users\\sushil.gaikwad\\git\\EguruSmart1\\Reports\\20240404_143243\\TataMotors\\20240404_143243\\1712222540304.png, C:\\Users\\sushil.gaikwad\\git\\EguruSmart1\\Reports\\20240404_143243\\TataMotors\\20240404_143243\\1712222541723.png"/>
         <property name="hostName" value="Sushil.Gaikwad - DS025.step.com"/>
         <property name="os" value="Windows 10 64bit"/>
         <property name="appiumServerStatus" value="{&quot;value&quot;:{&quot;build&quot;:{&quot;version&quot;:&quot;1.22.3&quot;}},&quot;sessionId&quot;:null,&quot;status&quot;:0}"/>
         <property name="katalonVersion" value="9.3.2.212"/>
         <property name="deviceOS" value="Android"/>
         <property name="appiumVersion" value="1.22.3"/>
         <property name="deviceModel" value="SM-A032F"/>
         <property name="hostAddress" value="192.168.187.127"/>
         <property name="deviceManufacturer" value="samsung"/>
         <property name="deviceId" value="R9ZT10H9Y2L"/>
         <property name="deviceName" value="samsung SM-A032F (Android 13)"/>
         <property name="deviceOSVersion" value="13"/>
      </properties>
      <testcase name="Test Cases/TC/TC_01 - New Opty" time="153.526" classname="Test Cases/TC/TC_01 - New Opty" status="FAILED">
         <failure type="FAILED" message="Test Cases/TC/TC_01 - New Opty FAILED.&#xa;Reason:&#xa;com.kms.katalon.core.exception.StepFailedException: Failed to tap on element 'Object Repository/NewObject/DropDownSearchedDistrict'&#xa;	at com.kms.katalon.core.mobile.keyword.internal.MobileKeywordMain.stepFailed(MobileKeywordMain.groovy:38)&#xa;	at com.kms.katalon.core.mobile.keyword.internal.MobileKeywordMain.runKeyword(MobileKeywordMain.groovy:21)&#xa;	at com.kms.katalon.core.mobile.keyword.builtin.TapKeyword.tap(TapKeyword.groovy:51)&#xa;	at com.kms.katalon.core.mobile.keyword.builtin.TapKeyword.execute(TapKeyword.groovy:35)&#xa;	at com.kms.katalon.core.keyword.internal.KeywordExecutor.executeKeywordForPlatform(KeywordExecutor.groovy:74)&#xa;	at com.kms.katalon.core.mobile.keyword.MobileBuiltInKeywords.tap(MobileBuiltInKeywords.groovy:1476)&#xa;	at TC_01 - New Opty.run(TC_01 - New Opty:174)&#xa;	at com.kms.katalon.core.main.ScriptEngine.run(ScriptEngine.java:194)&#xa;	at com.kms.katalon.core.main.ScriptEngine.runScriptAsRawText(ScriptEngine.java:119)&#xa;	at com.kms.katalon.core.main.TestCaseExecutor.runScript(TestCaseExecutor.java:448)&#xa;	at com.kms.katalon.core.main.TestCaseExecutor.doExecute(TestCaseExecutor.java:439)&#xa;	at com.kms.katalon.core.main.TestCaseExecutor.processExecutionPhase(TestCaseExecutor.java:418)&#xa;	at com.kms.katalon.core.main.TestCaseExecutor.accessMainPhase(TestCaseExecutor.java:410)&#xa;	at com.kms.katalon.core.main.TestCaseExecutor.execute(TestCaseExecutor.java:285)&#xa;	at com.kms.katalon.core.common.CommonExecutor.accessTestCaseMainPhase(CommonExecutor.java:65)&#xa;	at com.kms.katalon.core.main.TestSuiteExecutor.accessTestSuiteMainPhase(TestSuiteExecutor.java:148)&#xa;	at com.kms.katalon.core.main.TestSuiteExecutor.execute(TestSuiteExecutor.java:106)&#xa;	at com.kms.katalon.core.main.TestCaseMain.startTestSuite(TestCaseMain.java:180)&#xa;	at TempTestSuite1712221363141.run(TempTestSuite1712221363141.groovy:35)&#xa;	at java.base/jdk.internal.reflect.NativeMethodAccessorImpl.invoke0(Native Method)&#xa;	at java.base/jdk.internal.reflect.NativeMethodAccessorImpl.invoke(NativeMethodAccessorImpl.java:77)&#xa;	at java.base/jdk.internal.reflect.DelegatingMethodAccessorImpl.invoke(DelegatingMethodAccessorImpl.java:43)&#xa;Caused by: com.kms.katalon.core.exception.StepFailedException: Object Object Repository/NewObject/DropDownSearchedDistrict not found&#xa;	at com.kms.katalon.core.mobile.keyword.internal.MobileKeywordMain.stepFailed(MobileKeywordMain.groovy:38)&#xa;	at com.kms.katalon.core.mobile.keyword.builtin.TapKeyword$_tap_closure1.doCall(TapKeyword.groovy:46)&#xa;	at com.kms.katalon.core.mobile.keyword.builtin.TapKeyword$_tap_closure1.call(TapKeyword.groovy)&#xa;	at com.kms.katalon.core.mobile.keyword.internal.MobileKeywordMain.runKeyword(MobileKeywordMain.groovy:19)&#xa;	... 20 more&#xa;"/>
         <system-out><![CDATA[04-04-2024T14:32:56 - [TEST_CASE][FAILED] - Test Cases/TC/TC_01 - New Opty: Test Cases/TC/TC_01 - New Opty FAILED.
Reason:
com.kms.katalon.core.exception.StepFailedException: Failed to tap on element 'Object Repository/NewObject/DropDownSearchedDistrict'
	at com.kms.katalon.core.mobile.keyword.internal.MobileKeywordMain.stepFailed(MobileKeywordMain.groovy:38)
	at com.kms.katalon.core.mobile.keyword.internal.MobileKeywordMain.runKeyword(MobileKeywordMain.groovy:21)
	at com.kms.katalon.core.mobile.keyword.builtin.TapKeyword.tap(TapKeyword.groovy:51)
	at com.kms.katalon.core.mobile.keyword.builtin.TapKeyword.execute(TapKeyword.groovy:35)
	at com.kms.katalon.core.keyword.internal.KeywordExecutor.executeKeywordForPlatform(KeywordExecutor.groovy:74)
	at com.kms.katalon.core.mobile.keyword.MobileBuiltInKeywords.tap(MobileBuiltInKeywords.groovy:1476)
	at TC_01 - New Opty.run(TC_01 - New Opty:174)
	at com.kms.katalon.core.main.ScriptEngine.run(ScriptEngine.java:194)
	at com.kms.katalon.core.main.ScriptEngine.runScriptAsRawText(ScriptEngine.java:119)
	at com.kms.katalon.core.main.TestCaseExecutor.runScript(TestCaseExecutor.java:448)
	at com.kms.katalon.core.main.TestCaseExecutor.doExecute(TestCaseExecutor.java:439)
	at com.kms.katalon.core.main.TestCaseExecutor.processExecutionPhase(TestCaseExecutor.java:418)
	at com.kms.katalon.core.main.TestCaseExecutor.accessMainPhase(TestCaseExecutor.java:410)
	at com.kms.katalon.core.main.TestCaseExecutor.execute(TestCaseExecutor.java:285)
	at com.kms.katalon.core.common.CommonExecutor.accessTestCaseMainPhase(CommonExecutor.java:65)
	at com.kms.katalon.core.main.TestSuiteExecutor.accessTestSuiteMainPhase(TestSuiteExecutor.java:148)
	at com.kms.katalon.core.main.TestSuiteExecutor.execute(TestSuiteExecutor.java:106)
	at com.kms.katalon.core.main.TestCaseMain.startTestSuite(TestCaseMain.java:180)
	at TempTestSuite1712221363141.run(TempTestSuite1712221363141.groovy:35)
	at java.base/jdk.internal.reflect.NativeMethodAccessorImpl.invoke0(Native Method)
	at java.base/jdk.internal.reflect.NativeMethodAccessorImpl.invoke(NativeMethodAccessorImpl.java:77)
	at java.base/jdk.internal.reflect.DelegatingMethodAccessorImpl.invoke(DelegatingMethodAccessorImpl.java:43)
Caused by: com.kms.katalon.core.exception.StepFailedException: Object Object Repository/NewObject/DropDownSearchedDistrict not found
	at com.kms.katalon.core.mobile.keyword.internal.MobileKeywordMain.stepFailed(MobileKeywordMain.groovy:38)
	at com.kms.katalon.core.mobile.keyword.builtin.TapKeyword$_tap_closure1.doCall(TapKeyword.groovy:46)
	at com.kms.katalon.core.mobile.keyword.builtin.TapKeyword$_tap_closure1.call(TapKeyword.groovy)
	at com.kms.katalon.core.mobile.keyword.internal.MobileKeywordMain.runKeyword(MobileKeywordMain.groovy:19)
	... 20 more


04-04-2024T14:32:59 - [TEST_STEP][PASSED] - callTestCase(findTestCase("CommenWorkflows/Login"), ["Str_URL":"C:\Users\sushil.gaikwad\git\EguruSmart1\Application\app-release (4).apk", "Str_Username":"DUSER145", "Str_Password":"Soct#2023", ... ], STOP_ON_FAILURE): Call Test Case 'Test Cases/CommenWorkflows/Login' successfully

04-04-2024T14:32:59 - [TEST_CASE][PASSED] - Test Cases/CommenWorkflows/Login: Test Cases/CommenWorkflows/Login

04-04-2024T14:33:00 - [TEST_STEP][PASSED] - startApplication(Str_URL, false): Started app at: 'C:\Users\sushil.gaikwad\git\EguruSmart1\Application\app-release (4).apk'

04-04-2024T14:33:00 - [MESSAGE][INFO] - User set preference: ['deviceId', 'R9ZT10H9Y2L']

04-04-2024T14:33:01 - [MESSAGE][INFO] - Detected NodeJS location: "C:\Program Files\nodejs\node.exe"

04-04-2024T14:33:05 - [MESSAGE][INFO] - PATH: C:\Program Files\nodejs;

04-04-2024T14:33:05 - [MESSAGE][INFO] - APPIUM_HOME: C:\Users\sushil.gaikwad\AppData\Roaming\npm\node_modules\appium\build\lib\main.js

04-04-2024T14:33:05 - [MESSAGE][INFO] - appium outlog: C:\Users\sushil.gaikwad\git\EguruSmart1\Reports\20240404_143243\TataMotors\20240404_143243\appium.log

04-04-2024T14:33:05 - [MESSAGE][INFO] - appium errlog: C:\Users\sushil.gaikwad\git\EguruSmart1\Reports\20240404_143243\TataMotors\20240404_143243\appium_error.log

04-04-2024T14:33:07 - [MESSAGE][INFO] - Appium server started on port 51,363

04-04-2024T14:33:25 - [MESSAGE][PASSED] - Started app at: 'C:\Users\sushil.gaikwad\git\EguruSmart1\Application\app-release (4).apk'

04-04-2024T14:33:25 - [TEST_STEP][PASSED] - Bool_Username = waitForElementPresent(findTestObject("LockScreen/UsernaneText"), 10): Object Object Repository/LockScreen/UsernaneText not found

04-04-2024T14:33:35 - [MESSAGE][WARNING] - Object Object Repository/LockScreen/UsernaneText not found

04-04-2024T14:33:35 - [TEST_STEP][PASSED] - if (Bool_Username == true): null

04-04-2024T14:33:35 - [TEST_STEP][PASSED] - else: Tapped on element 'Object Repository/LockScreen/LoginButton'

04-04-2024T14:33:35 - [TEST_STEP][PASSED] - tap(findTestObject("LockScreen/Tap1"), 0): Tapped on element 'Object Repository/LockScreen/Tap1'

04-04-2024T14:33:36 - [MESSAGE][WARNING] - Timeout '0' is invalid. Using default page load timeout: '30'

04-04-2024T14:33:44 - [MESSAGE][PASSED] - Tapped on element 'Object Repository/LockScreen/Tap1'

04-04-2024T14:33:44 - [TEST_STEP][PASSED] - setText(findTestObject("LockScreen/Text1"), "1", 0): Text '1' has been set to element 'Object Repository/LockScreen/Text1'

04-04-2024T14:33:44 - [MESSAGE][WARNING] - Timeout '0' is invalid. Using default page load timeout: '30'

04-04-2024T14:33:45 - [MESSAGE][PASSED] - Text '1' has been set to element 'Object Repository/LockScreen/Text1'

04-04-2024T14:33:45 - [TEST_STEP][PASSED] - setText(findTestObject("LockScreen/Text2"), "2", 0): Text '2' has been set to element 'Object Repository/LockScreen/Text2'

04-04-2024T14:33:45 - [MESSAGE][WARNING] - Timeout '0' is invalid. Using default page load timeout: '30'

04-04-2024T14:33:47 - [MESSAGE][PASSED] - Text '2' has been set to element 'Object Repository/LockScreen/Text2'

04-04-2024T14:33:47 - [TEST_STEP][PASSED] - setText(findTestObject("LockScreen/Text3"), "3", 0): Text '3' has been set to element 'Object Repository/LockScreen/Text3'

04-04-2024T14:33:47 - [MESSAGE][WARNING] - Timeout '0' is invalid. Using default page load timeout: '30'

04-04-2024T14:33:48 - [MESSAGE][PASSED] - Text '3' has been set to element 'Object Repository/LockScreen/Text3'

04-04-2024T14:33:48 - [TEST_STEP][PASSED] - setText(findTestObject("LockScreen/Text4"), "4", 0): Text '4' has been set to element 'Object Repository/LockScreen/Text4'

04-04-2024T14:33:48 - [MESSAGE][WARNING] - Timeout '0' is invalid. Using default page load timeout: '30'

04-04-2024T14:33:49 - [MESSAGE][PASSED] - Text '4' has been set to element 'Object Repository/LockScreen/Text4'

04-04-2024T14:33:49 - [TEST_STEP][PASSED] - tap(findTestObject("LockScreen/LoginButton"), 0): Tapped on element 'Object Repository/LockScreen/LoginButton'

04-04-2024T14:33:50 - [MESSAGE][WARNING] - Timeout '0' is invalid. Using default page load timeout: '30'

04-04-2024T14:33:52 - [MESSAGE][PASSED] - Tapped on element 'Object Repository/LockScreen/LoginButton'

04-04-2024T14:33:52 - [MESSAGE][PASSED] - Call Test Case 'Test Cases/CommenWorkflows/Login' successfully

04-04-2024T14:33:52 - [TEST_STEP][PASSED] - Bool_Offline = waitForElementPresent(findTestObject("LockScreen/NewPin/Offline Master Sync"), 5): Object Object Repository/LockScreen/NewPin/Offline Master Sync not found

04-04-2024T14:33:57 - [MESSAGE][WARNING] - Object Object Repository/LockScreen/NewPin/Offline Master Sync not found

04-04-2024T14:33:57 - [TEST_STEP][PASSED] - if (Bool_Offline == true): null

04-04-2024T14:33:57 - [TEST_STEP][PASSED] - delay(2, STOP_ON_FAILURE): Delayed 2 second(s)

04-04-2024T14:33:59 - [MESSAGE][PASSED] - Delayed 2 second(s)

04-04-2024T14:33:59 - [TEST_STEP][PASSED] - verifyElementExist(findTestObject("TataMotars/HomeButton"), 10): Element 'Object Repository/TataMotars/HomeButton' is exist

04-04-2024T14:33:59 - [MESSAGE][PASSED] - Element 'Object Repository/TataMotars/HomeButton' is exist

04-04-2024T14:33:59 - [TEST_STEP][PASSED] - tap(findTestObject("TataMotars/PluseButton"), 0): Tapped on element 'Object Repository/TataMotars/PluseButton'

04-04-2024T14:33:59 - [MESSAGE][WARNING] - Timeout '0' is invalid. Using default page load timeout: '30'

04-04-2024T14:34:00 - [MESSAGE][PASSED] - Tapped on element 'Object Repository/TataMotars/PluseButton'

04-04-2024T14:34:00 - [TEST_STEP][PASSED] - bool_Opportunity = verifyElementExist(findTestObject("TataMotars/Pluse Button/OpportunityButton"), 0): Element 'Object Repository/TataMotars/Pluse Button/OpportunityButton' is exist

04-04-2024T14:34:00 - [MESSAGE][WARNING] - Timeout '0' is invalid. Using default page load timeout: '30'

04-04-2024T14:34:01 - [MESSAGE][PASSED] - Element 'Object Repository/TataMotars/Pluse Button/OpportunityButton' is exist

04-04-2024T14:34:01 - [TEST_STEP][PASSED] - bool_Account = verifyElementExist(findTestObject("TataMotars/Pluse Button/Account"), 0): Element 'Object Repository/TataMotars/Pluse Button/Account' is exist

04-04-2024T14:34:01 - [MESSAGE][WARNING] - Timeout '0' is invalid. Using default page load timeout: '30'

04-04-2024T14:34:01 - [MESSAGE][PASSED] - Element 'Object Repository/TataMotars/Pluse Button/Account' is exist

04-04-2024T14:34:01 - [TEST_STEP][PASSED] - bool_Customer = verifyElementExist(findTestObject("TataMotars/Pluse Button/Customer"), 0): Element 'Object Repository/TataMotars/Pluse Button/Customer' is exist

04-04-2024T14:34:01 - [MESSAGE][WARNING] - Timeout '0' is invalid. Using default page load timeout: '30'

04-04-2024T14:34:01 - [MESSAGE][PASSED] - Element 'Object Repository/TataMotars/Pluse Button/Customer' is exist

04-04-2024T14:34:01 - [TEST_STEP][PASSED] - bool_Influencer = verifyElementExist(findTestObject("TataMotars/Pluse Button/Influencer"), 0): Element 'Object Repository/TataMotars/Pluse Button/Influencer' is exist

04-04-2024T14:34:01 - [MESSAGE][WARNING] - Timeout '0' is invalid. Using default page load timeout: '30'

04-04-2024T14:34:02 - [MESSAGE][PASSED] - Element 'Object Repository/TataMotars/Pluse Button/Influencer' is exist

04-04-2024T14:34:02 - [TEST_STEP][PASSED] - bool_FollowUp = verifyElementExist(findTestObject("TataMotars/Pluse Button/Follow Up"), 0): Element 'Object Repository/TataMotars/Pluse Button/Follow Up' is exist

04-04-2024T14:34:02 - [MESSAGE][WARNING] - Timeout '0' is invalid. Using default page load timeout: '30'

04-04-2024T14:34:02 - [MESSAGE][PASSED] - Element 'Object Repository/TataMotars/Pluse Button/Follow Up' is exist

04-04-2024T14:34:02 - [TEST_STEP][PASSED] - bool_Opportunity && bool_Account && bool_Customer && bool_Influencer && bool_FollowUp == false: null

04-04-2024T14:34:02 - [TEST_STEP][PASSED] - takeScreenshot(): Screenshot is taken

04-04-2024T14:34:03 - [MESSAGE][PASSED] - Screenshot is taken
[[ATTACHMENT|C:\\Users\\sushil.gaikwad\\git\\EguruSmart1\\Reports\\20240404_143243\\TataMotors\\20240404_143243\\1712221442345.png]]

04-04-2024T14:34:03 - [TEST_STEP][PASSED] - tap(findTestObject("TataMotars/Pluse Button/OpportunityButton"), 3): Tapped on element 'Object Repository/TataMotars/Pluse Button/OpportunityButton'

04-04-2024T14:34:04 - [MESSAGE][PASSED] - Tapped on element 'Object Repository/TataMotars/Pluse Button/OpportunityButton'

04-04-2024T14:34:04 - [TEST_STEP][PASSED] - bool_AddContact = verifyElementExist(findTestObject("Add Contact/AddContact"), 30): Element 'Object Repository/Add Contact/AddContact' is exist

04-04-2024T14:34:04 - [MESSAGE][PASSED] - Element 'Object Repository/Add Contact/AddContact' is exist

04-04-2024T14:34:04 - [TEST_STEP][PASSED] - bool_SearchAddContact = verifyElementExist(findTestObject("Add Contact/Search - Add Contact"), 30): Element 'Object Repository/Add Contact/Search - Add Contact' is exist

04-04-2024T14:34:05 - [MESSAGE][PASSED] - Element 'Object Repository/Add Contact/Search - Add Contact' is exist

04-04-2024T14:34:05 - [TEST_STEP][PASSED] - bool_AddContact && bool_SearchAddContact == true: null

04-04-2024T14:34:05 - [TEST_STEP][PASSED] - takeScreenshot(): Screenshot is taken

04-04-2024T14:34:07 - [MESSAGE][PASSED] - Screenshot is taken
[[ATTACHMENT|C:\\Users\\sushil.gaikwad\\git\\EguruSmart1\\Reports\\20240404_143243\\TataMotors\\20240404_143243\\1712221445648.png]]

04-04-2024T14:34:07 - [TEST_STEP][PASSED] - randomName = generateRandomName(): null

04-04-2024T14:34:07 - [TEST_STEP][PASSED] - chars = (A..Z) + (a..z): null

04-04-2024T14:34:07 - [TEST_STEP][PASSED] - name =  }).join(): null

04-04-2024T14:34:07 - [TEST_STEP][PASSED] - return name: null

04-04-2024T14:34:07 - [TEST_STEP][PASSED] - println(Random 5-character name: $randomName): null

04-04-2024T14:34:07 - [TEST_STEP][PASSED] - minRange = 1: null

04-04-2024T14:34:07 - [TEST_STEP][PASSED] - maxRange = 1000: null

04-04-2024T14:34:07 - [TEST_STEP][PASSED] - randomInt = current().nextInt(minRange, maxRange + 1): null

04-04-2024T14:34:07 - [TEST_STEP][PASSED] - Result = $randomName $randomInt: null

04-04-2024T14:34:07 - [TEST_STEP][PASSED] - tap(findTestObject("Add Contact/Search - Add Contact"), 0, STOP_ON_FAILURE): Tapped on element 'Object Repository/Add Contact/Search - Add Contact'

04-04-2024T14:34:07 - [MESSAGE][WARNING] - Timeout '0' is invalid. Using default page load timeout: '30'

04-04-2024T14:34:07 - [MESSAGE][PASSED] - Tapped on element 'Object Repository/Add Contact/Search - Add Contact'

04-04-2024T14:34:07 - [TEST_STEP][PASSED] - setText(findTestObject("TataMotars/SearchBox"), Result, 0): Text 'rCMKf 228' has been set to element 'Object Repository/TataMotars/SearchBox'

04-04-2024T14:34:08 - [MESSAGE][WARNING] - Timeout '0' is invalid. Using default page load timeout: '30'

04-04-2024T14:34:09 - [MESSAGE][PASSED] - Text 'rCMKf 228' has been set to element 'Object Repository/TataMotars/SearchBox'

04-04-2024T14:34:09 - [TEST_STEP][PASSED] - hideKeyboard(): Keyboard is hidden

04-04-2024T14:34:11 - [MESSAGE][PASSED] - Keyboard is hidden

04-04-2024T14:34:11 - [TEST_STEP][PASSED] - str_getNewContact = getAttribute(findTestObject("TataMotars/SearchBox"), "name", 0): Element 'Object Repository/TataMotars/SearchBox' has attribute 'name' is ''

04-04-2024T14:34:11 - [MESSAGE][WARNING] - Timeout '0' is invalid. Using default page load timeout: '30'

04-04-2024T14:34:12 - [MESSAGE][PASSED] - Element 'Object Repository/TataMotars/SearchBox' has attribute 'name' is ''

04-04-2024T14:34:12 - [TEST_STEP][PASSED] - Result == str_getNewContact: null

04-04-2024T14:34:12 - [TEST_STEP][PASSED] - takeScreenshot(): Screenshot is taken

04-04-2024T14:34:13 - [MESSAGE][PASSED] - Screenshot is taken
[[ATTACHMENT|C:\\Users\\sushil.gaikwad\\git\\EguruSmart1\\Reports\\20240404_143243\\TataMotors\\20240404_143243\\1712221452515.png]]

04-04-2024T14:34:13 - [TEST_STEP][PASSED] - tap(findTestObject("Add Contact/AddNewContactButton"), 0): Tapped on element 'Object Repository/Add Contact/AddNewContactButton'

04-04-2024T14:34:13 - [MESSAGE][WARNING] - Timeout '0' is invalid. Using default page load timeout: '30'

04-04-2024T14:34:14 - [MESSAGE][PASSED] - Tapped on element 'Object Repository/Add Contact/AddNewContactButton'

04-04-2024T14:34:14 - [TEST_STEP][PASSED] - setText(findTestObject("Primery Details/FirstName"), str_FirstName, 0): Text 'Test' has been set to element 'Object Repository/Primery Details/FirstName'

04-04-2024T14:34:14 - [MESSAGE][WARNING] - Timeout '0' is invalid. Using default page load timeout: '30'

04-04-2024T14:34:16 - [MESSAGE][PASSED] - Text 'Test' has been set to element 'Object Repository/Primery Details/FirstName'

04-04-2024T14:34:16 - [TEST_STEP][PASSED] - hideKeyboard(): Keyboard is hidden

04-04-2024T14:34:18 - [MESSAGE][PASSED] - Keyboard is hidden

04-04-2024T14:34:18 - [TEST_STEP][PASSED] - setText(findTestObject("Primery Details/LastName"), str_LastName, 0): Text 'step' has been set to element 'Object Repository/Primery Details/LastName'

04-04-2024T14:34:18 - [MESSAGE][WARNING] - Timeout '0' is invalid. Using default page load timeout: '30'

04-04-2024T14:34:20 - [MESSAGE][PASSED] - Text 'step' has been set to element 'Object Repository/Primery Details/LastName'

04-04-2024T14:34:20 - [TEST_STEP][PASSED] - hideKeyboard(): Keyboard is hidden

04-04-2024T14:34:22 - [MESSAGE][PASSED] - Keyboard is hidden

04-04-2024T14:34:22 - [TEST_STEP][PASSED] - tap(findTestObject("Primery Details/MobileNumber"), 0): Tapped on element 'Object Repository/Primery Details/MobileNumber'

04-04-2024T14:34:22 - [MESSAGE][WARNING] - Timeout '0' is invalid. Using default page load timeout: '30'

04-04-2024T14:34:23 - [MESSAGE][PASSED] - Tapped on element 'Object Repository/Primery Details/MobileNumber'

04-04-2024T14:34:23 - [TEST_STEP][PASSED] - setText(findTestObject("Primery Details/MobileNumber"), str_MobileNumber + randomInt, 0): Text '9988667228' has been set to element 'Object Repository/Primery Details/MobileNumber'

04-04-2024T14:34:23 - [MESSAGE][WARNING] - Timeout '0' is invalid. Using default page load timeout: '30'

04-04-2024T14:34:25 - [MESSAGE][PASSED] - Text '9988667228' has been set to element 'Object Repository/Primery Details/MobileNumber'

04-04-2024T14:34:25 - [TEST_STEP][PASSED] - hideKeyboard(): Keyboard is hidden

04-04-2024T14:34:28 - [MESSAGE][PASSED] - Keyboard is hidden

04-04-2024T14:34:28 - [TEST_STEP][PASSED] - takeScreenshot(): Screenshot is taken

04-04-2024T14:34:29 - [MESSAGE][PASSED] - Screenshot is taken
[[ATTACHMENT|C:\\Users\\sushil.gaikwad\\git\\EguruSmart1\\Reports\\20240404_143243\\TataMotors\\20240404_143243\\1712221468804.png]]

04-04-2024T14:34:29 - [TEST_STEP][PASSED] - tap(findTestObject("Create New Opportunity/Customer Type"), 0): Tapped on element 'Object Repository/Create New Opportunity/Customer Type'

04-04-2024T14:34:29 - [MESSAGE][WARNING] - Timeout '0' is invalid. Using default page load timeout: '30'

04-04-2024T14:34:30 - [MESSAGE][PASSED] - Tapped on element 'Object Repository/Create New Opportunity/Customer Type'

04-04-2024T14:34:30 - [TEST_STEP][PASSED] - sendKeys(findTestObject("Create New Opportunity/Type_CustomerType"), str_CustomerType, STOP_ON_FAILURE): Send keys 'C4T Customer' on test object 'Object Repository/Create New Opportunity/Type_CustomerType' successfully.

04-04-2024T14:34:32 - [MESSAGE][PASSED] - Send keys 'C4T Customer' on test object 'Object Repository/Create New Opportunity/Type_CustomerType' successfully.

04-04-2024T14:34:32 - [TEST_STEP][PASSED] - hideKeyboard(): Keyboard is hidden

04-04-2024T14:34:34 - [MESSAGE][PASSED] - Keyboard is hidden

04-04-2024T14:34:34 - [TEST_STEP][PASSED] - Bool_Customer = waitForElementPresent(findTestObject("Create New Opportunity/Click_Customer"), 5): Element 'Object Repository/Create New Opportunity/Click_Customer' is present

04-04-2024T14:34:34 - [MESSAGE][PASSED] - Element 'Object Repository/Create New Opportunity/Click_Customer' is present

04-04-2024T14:34:34 - [TEST_STEP][PASSED] - if (Bool_Customer == true): Tapped on element 'Object Repository/Create New Opportunity/Click_Customer'

04-04-2024T14:34:34 - [TEST_STEP][PASSED] - tap(findTestObject("Create New Opportunity/Click_Customer"), 0): Tapped on element 'Object Repository/Create New Opportunity/Click_Customer'

04-04-2024T14:34:34 - [MESSAGE][WARNING] - Timeout '0' is invalid. Using default page load timeout: '30'

04-04-2024T14:34:35 - [MESSAGE][PASSED] - Tapped on element 'Object Repository/Create New Opportunity/Click_Customer'

04-04-2024T14:34:35 - [TEST_STEP][PASSED] - checkElement(findTestObject("Primery Details/Influencer Checkbox"), 0): Element 'Object Repository/Primery Details/Influencer Checkbox' is checked

04-04-2024T14:34:35 - [MESSAGE][WARNING] - Timeout '0' is invalid. Using default page load timeout: '30'

04-04-2024T14:34:36 - [MESSAGE][PASSED] - Element 'Object Repository/Primery Details/Influencer Checkbox' is checked

04-04-2024T14:34:36 - [TEST_STEP][PASSED] - hideKeyboard(): Keyboard is hidden

04-04-2024T14:34:37 - [MESSAGE][PASSED] - Keyboard is hidden

04-04-2024T14:34:37 - [TEST_STEP][PASSED] - tap(findTestObject("Create New Opportunity/Additional information"), 0): Tapped on element 'Object Repository/Create New Opportunity/Additional information'

04-04-2024T14:34:37 - [MESSAGE][WARNING] - Timeout '0' is invalid. Using default page load timeout: '30'

04-04-2024T14:34:39 - [MESSAGE][PASSED] - Tapped on element 'Object Repository/Create New Opportunity/Additional information'

04-04-2024T14:34:39 - [TEST_STEP][PASSED] - delay(3, STOP_ON_FAILURE): Delayed 3 second(s)

04-04-2024T14:34:42 - [MESSAGE][PASSED] - Delayed 3 second(s)

04-04-2024T14:34:42 - [TEST_STEP][PASSED] - tap(findTestObject("Primery Details/Enter InfluencerType"), 0): Tapped on element 'Object Repository/Primery Details/Enter InfluencerType'

04-04-2024T14:34:42 - [MESSAGE][WARNING] - Timeout '0' is invalid. Using default page load timeout: '30'

04-04-2024T14:34:42 - [MESSAGE][PASSED] - Tapped on element 'Object Repository/Primery Details/Enter InfluencerType'

04-04-2024T14:34:42 - [TEST_STEP][PASSED] - setText(findTestObject("Create New Opportunity/Type Influencer"), str_InfluencerType, 0): Text 'Advertisement' has been set to element 'Object Repository/Create New Opportunity/Type Influencer'

04-04-2024T14:34:43 - [MESSAGE][WARNING] - Timeout '0' is invalid. Using default page load timeout: '30'

04-04-2024T14:34:44 - [MESSAGE][PASSED] - Text 'Advertisement' has been set to element 'Object Repository/Create New Opportunity/Type Influencer'

04-04-2024T14:34:44 - [TEST_STEP][PASSED] - hideKeyboard(): Keyboard is hidden

04-04-2024T14:34:46 - [MESSAGE][PASSED] - Keyboard is hidden

04-04-2024T14:34:46 - [TEST_STEP][PASSED] - tap(findTestObject("Primery Details/Address Details/NextButton"), 0): Tapped on element 'Object Repository/Primery Details/Address Details/NextButton'

04-04-2024T14:34:46 - [MESSAGE][WARNING] - Timeout '0' is invalid. Using default page load timeout: '30'

04-04-2024T14:34:47 - [MESSAGE][PASSED] - Tapped on element 'Object Repository/Primery Details/Address Details/NextButton'

04-04-2024T14:34:47 - [TEST_STEP][PASSED] - bool_Pincode = waitForElementPresent(findTestObject("Primery Details/Address Details/Pincode"), 5): Element 'Object Repository/Primery Details/Address Details/Pincode' is present

04-04-2024T14:34:50 - [MESSAGE][PASSED] - Element 'Object Repository/Primery Details/Address Details/Pincode' is present

04-04-2024T14:34:50 - [TEST_STEP][FAILED] - if (bool_Pincode == true): Failed to tap on element 'Object Repository/NewObject/DropDownSearchedDistrict' (Root cause: com.kms.katalon.core.exception.StepFailedException: Failed to tap on element 'Object Repository/NewObject/DropDownSearchedDistrict'
	at com.kms.katalon.core.mobile.keyword.internal.MobileKeywordMain.stepFailed(MobileKeywordMain.groovy:38)
	at com.kms.katalon.core.mobile.keyword.internal.MobileKeywordMain.runKeyword(MobileKeywordMain.groovy:21)
	at com.kms.katalon.core.mobile.keyword.builtin.TapKeyword.tap(TapKeyword.groovy:51)
	at com.kms.katalon.core.mobile.keyword.builtin.TapKeyword.execute(TapKeyword.groovy:35)
	at com.kms.katalon.core.keyword.internal.KeywordExecutor.executeKeywordForPlatform(KeywordExecutor.groovy:74)
	at com.kms.katalon.core.mobile.keyword.MobileBuiltInKeywords.tap(MobileBuiltInKeywords.groovy:1476)
	at TC_01 - New Opty.run(TC_01 - New Opty:174)
	at com.kms.katalon.core.main.ScriptEngine.run(ScriptEngine.java:194)
	at com.kms.katalon.core.main.ScriptEngine.runScriptAsRawText(ScriptEngine.java:119)
	at com.kms.katalon.core.main.TestCaseExecutor.runScript(TestCaseExecutor.java:448)
	at com.kms.katalon.core.main.TestCaseExecutor.doExecute(TestCaseExecutor.java:439)
	at com.kms.katalon.core.main.TestCaseExecutor.processExecutionPhase(TestCaseExecutor.java:418)
	at com.kms.katalon.core.main.TestCaseExecutor.accessMainPhase(TestCaseExecutor.java:410)
	at com.kms.katalon.core.main.TestCaseExecutor.execute(TestCaseExecutor.java:285)
	at com.kms.katalon.core.common.CommonExecutor.accessTestCaseMainPhase(CommonExecutor.java:65)
	at com.kms.katalon.core.main.TestSuiteExecutor.accessTestSuiteMainPhase(TestSuiteExecutor.java:148)
	at com.kms.katalon.core.main.TestSuiteExecutor.execute(TestSuiteExecutor.java:106)
	at com.kms.katalon.core.main.TestCaseMain.startTestSuite(TestCaseMain.java:180)
	at TempTestSuite1712221363141.run(TempTestSuite1712221363141.groovy:35)
	at java.base/jdk.internal.reflect.NativeMethodAccessorImpl.invoke0(Native Method)
	at java.base/jdk.internal.reflect.NativeMethodAccessorImpl.invoke(NativeMethodAccessorImpl.java:77)
	at java.base/jdk.internal.reflect.DelegatingMethodAccessorImpl.invoke(DelegatingMethodAccessorImpl.java:43)
Caused by: com.kms.katalon.core.exception.StepFailedException: Object Object Repository/NewObject/DropDownSearchedDistrict not found
	at com.kms.katalon.core.mobile.keyword.internal.MobileKeywordMain.stepFailed(MobileKeywordMain.groovy:38)
	at com.kms.katalon.core.mobile.keyword.builtin.TapKeyword$_tap_closure1.doCall(TapKeyword.groovy:46)
	at com.kms.katalon.core.mobile.keyword.builtin.TapKeyword$_tap_closure1.call(TapKeyword.groovy)
	at com.kms.katalon.core.mobile.keyword.internal.MobileKeywordMain.runKeyword(MobileKeywordMain.groovy:19)
	... 20 more
)

04-04-2024T14:34:50 - [TEST_STEP][PASSED] - tap(findTestObject("Primery Details/Address Details/Pincode"), 0): Tapped on element 'Object Repository/Primery Details/Address Details/Pincode'

04-04-2024T14:34:50 - [MESSAGE][WARNING] - Timeout '0' is invalid. Using default page load timeout: '30'

04-04-2024T14:34:51 - [MESSAGE][PASSED] - Tapped on element 'Object Repository/Primery Details/Address Details/Pincode'

04-04-2024T14:34:51 - [TEST_STEP][PASSED] - setText(findTestObject("Primery Details/Address Details/Pincode"), str_Pincode, 0): Text '410210' has been set to element 'Object Repository/Primery Details/Address Details/Pincode'

04-04-2024T14:34:51 - [MESSAGE][WARNING] - Timeout '0' is invalid. Using default page load timeout: '30'

04-04-2024T14:34:52 - [MESSAGE][PASSED] - Text '410210' has been set to element 'Object Repository/Primery Details/Address Details/Pincode'

04-04-2024T14:34:52 - [TEST_STEP][PASSED] - hideKeyboard(): Keyboard is hidden

04-04-2024T14:34:54 - [MESSAGE][PASSED] - Keyboard is hidden

04-04-2024T14:34:54 - [TEST_STEP][PASSED] - Bool_Pin = waitForElementPresent(findTestObject("NewObject/Searched PinCodeTC3"), 2): Object Object Repository/NewObject/Searched PinCodeTC3 not found

04-04-2024T14:34:56 - [MESSAGE][WARNING] - Object Object Repository/NewObject/Searched PinCodeTC3 not found

04-04-2024T14:34:56 - [TEST_STEP][PASSED] - if (Bool_Pin == true): null

04-04-2024T14:34:56 - [TEST_STEP][PASSED] - tap(findTestObject("NewObject/DropDownDistrict"), 0, STOP_ON_FAILURE): Tapped on element 'Object Repository/NewObject/DropDownDistrict'

04-04-2024T14:34:56 - [MESSAGE][WARNING] - Timeout '0' is invalid. Using default page load timeout: '30'

04-04-2024T14:34:57 - [MESSAGE][PASSED] - Tapped on element 'Object Repository/NewObject/DropDownDistrict'

04-04-2024T14:34:57 - [TEST_STEP][FAILED] - tap(findTestObject("NewObject/DropDownSearchedDistrict"), 0, STOP_ON_FAILURE): Failed to tap on element 'Object Repository/NewObject/DropDownSearchedDistrict' (Root cause: com.kms.katalon.core.exception.StepFailedException: Failed to tap on element 'Object Repository/NewObject/DropDownSearchedDistrict'
	at com.kms.katalon.core.mobile.keyword.internal.MobileKeywordMain.stepFailed(MobileKeywordMain.groovy:38)
	at com.kms.katalon.core.mobile.keyword.internal.MobileKeywordMain.runKeyword(MobileKeywordMain.groovy:21)
	at com.kms.katalon.core.mobile.keyword.builtin.TapKeyword.tap(TapKeyword.groovy:51)
	at com.kms.katalon.core.mobile.keyword.builtin.TapKeyword.execute(TapKeyword.groovy:35)
	at com.kms.katalon.core.keyword.internal.KeywordExecutor.executeKeywordForPlatform(KeywordExecutor.groovy:74)
	at com.kms.katalon.core.mobile.keyword.MobileBuiltInKeywords.tap(MobileBuiltInKeywords.groovy:1476)
	at TC_01 - New Opty.run(TC_01 - New Opty:174)
	at com.kms.katalon.core.main.ScriptEngine.run(ScriptEngine.java:194)
	at com.kms.katalon.core.main.ScriptEngine.runScriptAsRawText(ScriptEngine.java:119)
	at com.kms.katalon.core.main.TestCaseExecutor.runScript(TestCaseExecutor.java:448)
	at com.kms.katalon.core.main.TestCaseExecutor.doExecute(TestCaseExecutor.java:439)
	at com.kms.katalon.core.main.TestCaseExecutor.processExecutionPhase(TestCaseExecutor.java:418)
	at com.kms.katalon.core.main.TestCaseExecutor.accessMainPhase(TestCaseExecutor.java:410)
	at com.kms.katalon.core.main.TestCaseExecutor.execute(TestCaseExecutor.java:285)
	at com.kms.katalon.core.common.CommonExecutor.accessTestCaseMainPhase(CommonExecutor.java:65)
	at com.kms.katalon.core.main.TestSuiteExecutor.accessTestSuiteMainPhase(TestSuiteExecutor.java:148)
	at com.kms.katalon.core.main.TestSuiteExecutor.execute(TestSuiteExecutor.java:106)
	at com.kms.katalon.core.main.TestCaseMain.startTestSuite(TestCaseMain.java:180)
	at TempTestSuite1712221363141.run(TempTestSuite1712221363141.groovy:35)
	at java.base/jdk.internal.reflect.NativeMethodAccessorImpl.invoke0(Native Method)
	at java.base/jdk.internal.reflect.NativeMethodAccessorImpl.invoke(NativeMethodAccessorImpl.java:77)
	at java.base/jdk.internal.reflect.DelegatingMethodAccessorImpl.invoke(DelegatingMethodAccessorImpl.java:43)
Caused by: com.kms.katalon.core.exception.StepFailedException: Object Object Repository/NewObject/DropDownSearchedDistrict not found
	at com.kms.katalon.core.mobile.keyword.internal.MobileKeywordMain.stepFailed(MobileKeywordMain.groovy:38)
	at com.kms.katalon.core.mobile.keyword.builtin.TapKeyword$_tap_closure1.doCall(TapKeyword.groovy:46)
	at com.kms.katalon.core.mobile.keyword.builtin.TapKeyword$_tap_closure1.call(TapKeyword.groovy)
	at com.kms.katalon.core.mobile.keyword.internal.MobileKeywordMain.runKeyword(MobileKeywordMain.groovy:19)
	... 20 more
)

04-04-2024T14:34:57 - [MESSAGE][WARNING] - Timeout '0' is invalid. Using default page load timeout: '30'

04-04-2024T14:35:29 - [MESSAGE][FAILED] - Object Object Repository/NewObject/DropDownSearchedDistrict not found (Root cause: com.kms.katalon.core.exception.StepFailedException: Object Object Repository/NewObject/DropDownSearchedDistrict not found
	at com.kms.katalon.core.mobile.keyword.internal.MobileKeywordMain.stepFailed(MobileKeywordMain.groovy:38)
	at com.kms.katalon.core.mobile.keyword.builtin.TapKeyword$_tap_closure1.doCall(TapKeyword.groovy:46)
	at com.kms.katalon.core.mobile.keyword.builtin.TapKeyword$_tap_closure1.call(TapKeyword.groovy)
	at com.kms.katalon.core.mobile.keyword.internal.MobileKeywordMain.runKeyword(MobileKeywordMain.groovy:19)
	at com.kms.katalon.core.mobile.keyword.builtin.TapKeyword.tap(TapKeyword.groovy:51)
	at com.kms.katalon.core.mobile.keyword.builtin.TapKeyword.execute(TapKeyword.groovy:35)
	at com.kms.katalon.core.keyword.internal.KeywordExecutor.executeKeywordForPlatform(KeywordExecutor.groovy:74)
	at com.kms.katalon.core.mobile.keyword.MobileBuiltInKeywords.tap(MobileBuiltInKeywords.groovy:1476)
	at TC_01 - New Opty.run(TC_01 - New Opty:174)
	at com.kms.katalon.core.main.ScriptEngine.run(ScriptEngine.java:194)
	at com.kms.katalon.core.main.ScriptEngine.runScriptAsRawText(ScriptEngine.java:119)
	at com.kms.katalon.core.main.TestCaseExecutor.runScript(TestCaseExecutor.java:448)
	at com.kms.katalon.core.main.TestCaseExecutor.doExecute(TestCaseExecutor.java:439)
	at com.kms.katalon.core.main.TestCaseExecutor.processExecutionPhase(TestCaseExecutor.java:418)
	at com.kms.katalon.core.main.TestCaseExecutor.accessMainPhase(TestCaseExecutor.java:410)
	at com.kms.katalon.core.main.TestCaseExecutor.execute(TestCaseExecutor.java:285)
	at com.kms.katalon.core.common.CommonExecutor.accessTestCaseMainPhase(CommonExecutor.java:65)
	at com.kms.katalon.core.main.TestSuiteExecutor.accessTestSuiteMainPhase(TestSuiteExecutor.java:148)
	at com.kms.katalon.core.main.TestSuiteExecutor.execute(TestSuiteExecutor.java:106)
	at com.kms.katalon.core.main.TestCaseMain.startTestSuite(TestCaseMain.java:180)
	at TempTestSuite1712221363141.run(TempTestSuite1712221363141.groovy:35)
	at java.base/jdk.internal.reflect.NativeMethodAccessorImpl.invoke0(Native Method)
	at java.base/jdk.internal.reflect.NativeMethodAccessorImpl.invoke(NativeMethodAccessorImpl.java:77)
	at java.base/jdk.internal.reflect.DelegatingMethodAccessorImpl.invoke(DelegatingMethodAccessorImpl.java:43)
)
[[ATTACHMENT|C:\\Users\\sushil.gaikwad\\git\\EguruSmart1\\Reports\\20240404_143243\\TataMotors\\20240404_143243\\1712221528189.png]]

04-04-2024T14:35:30 - [MESSAGE][FAILED] - Failed to tap on element 'Object Repository/NewObject/DropDownSearchedDistrict' (Root cause: com.kms.katalon.core.exception.StepFailedException: Failed to tap on element 'Object Repository/NewObject/DropDownSearchedDistrict'
	at com.kms.katalon.core.mobile.keyword.internal.MobileKeywordMain.stepFailed(MobileKeywordMain.groovy:38)
	at com.kms.katalon.core.mobile.keyword.internal.MobileKeywordMain.runKeyword(MobileKeywordMain.groovy:21)
	at com.kms.katalon.core.mobile.keyword.builtin.TapKeyword.tap(TapKeyword.groovy:51)
	at com.kms.katalon.core.mobile.keyword.builtin.TapKeyword.execute(TapKeyword.groovy:35)
	at com.kms.katalon.core.keyword.internal.KeywordExecutor.executeKeywordForPlatform(KeywordExecutor.groovy:74)
	at com.kms.katalon.core.mobile.keyword.MobileBuiltInKeywords.tap(MobileBuiltInKeywords.groovy:1476)
	at TC_01 - New Opty.run(TC_01 - New Opty:174)
	at com.kms.katalon.core.main.ScriptEngine.run(ScriptEngine.java:194)
	at com.kms.katalon.core.main.ScriptEngine.runScriptAsRawText(ScriptEngine.java:119)
	at com.kms.katalon.core.main.TestCaseExecutor.runScript(TestCaseExecutor.java:448)
	at com.kms.katalon.core.main.TestCaseExecutor.doExecute(TestCaseExecutor.java:439)
	at com.kms.katalon.core.main.TestCaseExecutor.processExecutionPhase(TestCaseExecutor.java:418)
	at com.kms.katalon.core.main.TestCaseExecutor.accessMainPhase(TestCaseExecutor.java:410)
	at com.kms.katalon.core.main.TestCaseExecutor.execute(TestCaseExecutor.java:285)
	at com.kms.katalon.core.common.CommonExecutor.accessTestCaseMainPhase(CommonExecutor.java:65)
	at com.kms.katalon.core.main.TestSuiteExecutor.accessTestSuiteMainPhase(TestSuiteExecutor.java:148)
	at com.kms.katalon.core.main.TestSuiteExecutor.execute(TestSuiteExecutor.java:106)
	at com.kms.katalon.core.main.TestCaseMain.startTestSuite(TestCaseMain.java:180)
	at TempTestSuite1712221363141.run(TempTestSuite1712221363141.groovy:35)
	at java.base/jdk.internal.reflect.NativeMethodAccessorImpl.invoke0(Native Method)
	at java.base/jdk.internal.reflect.NativeMethodAccessorImpl.invoke(NativeMethodAccessorImpl.java:77)
	at java.base/jdk.internal.reflect.DelegatingMethodAccessorImpl.invoke(DelegatingMethodAccessorImpl.java:43)
Caused by: com.kms.katalon.core.exception.StepFailedException: Object Object Repository/NewObject/DropDownSearchedDistrict not found
	at com.kms.katalon.core.mobile.keyword.internal.MobileKeywordMain.stepFailed(MobileKeywordMain.groovy:38)
	at com.kms.katalon.core.mobile.keyword.builtin.TapKeyword$_tap_closure1.doCall(TapKeyword.groovy:46)
	at com.kms.katalon.core.mobile.keyword.builtin.TapKeyword$_tap_closure1.call(TapKeyword.groovy)
	at com.kms.katalon.core.mobile.keyword.internal.MobileKeywordMain.runKeyword(MobileKeywordMain.groovy:19)
	... 20 more
)
[[ATTACHMENT|C:\\Users\\sushil.gaikwad\\git\\EguruSmart1\\Reports\\20240404_143243\\TataMotors\\20240404_143243\\1712221529165.png]]]]></system-out>
         <system-err><![CDATA[04-04-2024T14:32:56 - [TEST_CASE][FAILED] - Test Cases/TC/TC_01 - New Opty: Test Cases/TC/TC_01 - New Opty FAILED.
Reason:
com.kms.katalon.core.exception.StepFailedException: Failed to tap on element 'Object Repository/NewObject/DropDownSearchedDistrict'
	at com.kms.katalon.core.mobile.keyword.internal.MobileKeywordMain.stepFailed(MobileKeywordMain.groovy:38)
	at com.kms.katalon.core.mobile.keyword.internal.MobileKeywordMain.runKeyword(MobileKeywordMain.groovy:21)
	at com.kms.katalon.core.mobile.keyword.builtin.TapKeyword.tap(TapKeyword.groovy:51)
	at com.kms.katalon.core.mobile.keyword.builtin.TapKeyword.execute(TapKeyword.groovy:35)
	at com.kms.katalon.core.keyword.internal.KeywordExecutor.executeKeywordForPlatform(KeywordExecutor.groovy:74)
	at com.kms.katalon.core.mobile.keyword.MobileBuiltInKeywords.tap(MobileBuiltInKeywords.groovy:1476)
	at TC_01 - New Opty.run(TC_01 - New Opty:174)
	at com.kms.katalon.core.main.ScriptEngine.run(ScriptEngine.java:194)
	at com.kms.katalon.core.main.ScriptEngine.runScriptAsRawText(ScriptEngine.java:119)
	at com.kms.katalon.core.main.TestCaseExecutor.runScript(TestCaseExecutor.java:448)
	at com.kms.katalon.core.main.TestCaseExecutor.doExecute(TestCaseExecutor.java:439)
	at com.kms.katalon.core.main.TestCaseExecutor.processExecutionPhase(TestCaseExecutor.java:418)
	at com.kms.katalon.core.main.TestCaseExecutor.accessMainPhase(TestCaseExecutor.java:410)
	at com.kms.katalon.core.main.TestCaseExecutor.execute(TestCaseExecutor.java:285)
	at com.kms.katalon.core.common.CommonExecutor.accessTestCaseMainPhase(CommonExecutor.java:65)
	at com.kms.katalon.core.main.TestSuiteExecutor.accessTestSuiteMainPhase(TestSuiteExecutor.java:148)
	at com.kms.katalon.core.main.TestSuiteExecutor.execute(TestSuiteExecutor.java:106)
	at com.kms.katalon.core.main.TestCaseMain.startTestSuite(TestCaseMain.java:180)
	at TempTestSuite1712221363141.run(TempTestSuite1712221363141.groovy:35)
	at java.base/jdk.internal.reflect.NativeMethodAccessorImpl.invoke0(Native Method)
	at java.base/jdk.internal.reflect.NativeMethodAccessorImpl.invoke(NativeMethodAccessorImpl.java:77)
	at java.base/jdk.internal.reflect.DelegatingMethodAccessorImpl.invoke(DelegatingMethodAccessorImpl.java:43)
Caused by: com.kms.katalon.core.exception.StepFailedException: Object Object Repository/NewObject/DropDownSearchedDistrict not found
	at com.kms.katalon.core.mobile.keyword.internal.MobileKeywordMain.stepFailed(MobileKeywordMain.groovy:38)
	at com.kms.katalon.core.mobile.keyword.builtin.TapKeyword$_tap_closure1.doCall(TapKeyword.groovy:46)
	at com.kms.katalon.core.mobile.keyword.builtin.TapKeyword$_tap_closure1.call(TapKeyword.groovy)
	at com.kms.katalon.core.mobile.keyword.internal.MobileKeywordMain.runKeyword(MobileKeywordMain.groovy:19)
	... 20 more]]></system-err>
      </testcase>
      <testcase name="Test Cases/TC/TC_02 -Create New Customer" time="130.435" classname="Test Cases/TC/TC_02 -Create New Customer" status="FAILED">
         <failure type="FAILED" message="Test Cases/TC/TC_02 -Create New Customer FAILED.&#xa;Reason:&#xa;com.kms.katalon.core.exception.StepFailedException: Failed to tap on element 'Object Repository/NewObject/DropDownDistrict'&#xa;	at com.kms.katalon.core.mobile.keyword.internal.MobileKeywordMain.stepFailed(MobileKeywordMain.groovy:38)&#xa;	at com.kms.katalon.core.mobile.keyword.internal.MobileKeywordMain.runKeyword(MobileKeywordMain.groovy:21)&#xa;	at com.kms.katalon.core.mobile.keyword.builtin.TapKeyword.tap(TapKeyword.groovy:51)&#xa;	at com.kms.katalon.core.mobile.keyword.builtin.TapKeyword.execute(TapKeyword.groovy:35)&#xa;	at com.kms.katalon.core.keyword.internal.KeywordExecutor.executeKeywordForPlatform(KeywordExecutor.groovy:74)&#xa;	at com.kms.katalon.core.mobile.keyword.MobileBuiltInKeywords.tap(MobileBuiltInKeywords.groovy:1476)&#xa;	at TC_02 -Create New Customer.run(TC_02 -Create New Customer:112)&#xa;	at com.kms.katalon.core.main.ScriptEngine.run(ScriptEngine.java:194)&#xa;	at com.kms.katalon.core.main.ScriptEngine.runScriptAsRawText(ScriptEngine.java:119)&#xa;	at com.kms.katalon.core.main.TestCaseExecutor.runScript(TestCaseExecutor.java:448)&#xa;	at com.kms.katalon.core.main.TestCaseExecutor.doExecute(TestCaseExecutor.java:439)&#xa;	at com.kms.katalon.core.main.TestCaseExecutor.processExecutionPhase(TestCaseExecutor.java:418)&#xa;	at com.kms.katalon.core.main.TestCaseExecutor.accessMainPhase(TestCaseExecutor.java:410)&#xa;	at com.kms.katalon.core.main.TestCaseExecutor.execute(TestCaseExecutor.java:285)&#xa;	at com.kms.katalon.core.common.CommonExecutor.accessTestCaseMainPhase(CommonExecutor.java:65)&#xa;	at com.kms.katalon.core.main.TestSuiteExecutor.accessTestSuiteMainPhase(TestSuiteExecutor.java:148)&#xa;	at com.kms.katalon.core.main.TestSuiteExecutor.execute(TestSuiteExecutor.java:106)&#xa;	at com.kms.katalon.core.main.TestCaseMain.startTestSuite(TestCaseMain.java:180)&#xa;	at TempTestSuite1712221363141.run(TempTestSuite1712221363141.groovy:35)&#xa;	at java.base/jdk.internal.reflect.NativeMethodAccessorImpl.invoke0(Native Method)&#xa;	at java.base/jdk.internal.reflect.NativeMethodAccessorImpl.invoke(NativeMethodAccessorImpl.java:77)&#xa;	at java.base/jdk.internal.reflect.DelegatingMethodAccessorImpl.invoke(DelegatingMethodAccessorImpl.java:43)&#xa;Caused by: com.kms.katalon.core.exception.StepFailedException: Object Object Repository/NewObject/DropDownDistrict not found&#xa;	at com.kms.katalon.core.mobile.keyword.internal.MobileKeywordMain.stepFailed(MobileKeywordMain.groovy:38)&#xa;	at com.kms.katalon.core.mobile.keyword.builtin.TapKeyword$_tap_closure1.doCall(TapKeyword.groovy:46)&#xa;	at com.kms.katalon.core.mobile.keyword.builtin.TapKeyword$_tap_closure1.call(TapKeyword.groovy)&#xa;	at com.kms.katalon.core.mobile.keyword.internal.MobileKeywordMain.runKeyword(MobileKeywordMain.groovy:19)&#xa;	... 20 more&#xa;"/>
         <system-out><![CDATA[04-04-2024T14:35:30 - [TEST_CASE][FAILED] - Test Cases/TC/TC_02 -Create New Customer: Test Cases/TC/TC_02 -Create New Customer FAILED.
Reason:
com.kms.katalon.core.exception.StepFailedException: Failed to tap on element 'Object Repository/NewObject/DropDownDistrict'
	at com.kms.katalon.core.mobile.keyword.internal.MobileKeywordMain.stepFailed(MobileKeywordMain.groovy:38)
	at com.kms.katalon.core.mobile.keyword.internal.MobileKeywordMain.runKeyword(MobileKeywordMain.groovy:21)
	at com.kms.katalon.core.mobile.keyword.builtin.TapKeyword.tap(TapKeyword.groovy:51)
	at com.kms.katalon.core.mobile.keyword.builtin.TapKeyword.execute(TapKeyword.groovy:35)
	at com.kms.katalon.core.keyword.internal.KeywordExecutor.executeKeywordForPlatform(KeywordExecutor.groovy:74)
	at com.kms.katalon.core.mobile.keyword.MobileBuiltInKeywords.tap(MobileBuiltInKeywords.groovy:1476)
	at TC_02 -Create New Customer.run(TC_02 -Create New Customer:112)
	at com.kms.katalon.core.main.ScriptEngine.run(ScriptEngine.java:194)
	at com.kms.katalon.core.main.ScriptEngine.runScriptAsRawText(ScriptEngine.java:119)
	at com.kms.katalon.core.main.TestCaseExecutor.runScript(TestCaseExecutor.java:448)
	at com.kms.katalon.core.main.TestCaseExecutor.doExecute(TestCaseExecutor.java:439)
	at com.kms.katalon.core.main.TestCaseExecutor.processExecutionPhase(TestCaseExecutor.java:418)
	at com.kms.katalon.core.main.TestCaseExecutor.accessMainPhase(TestCaseExecutor.java:410)
	at com.kms.katalon.core.main.TestCaseExecutor.execute(TestCaseExecutor.java:285)
	at com.kms.katalon.core.common.CommonExecutor.accessTestCaseMainPhase(CommonExecutor.java:65)
	at com.kms.katalon.core.main.TestSuiteExecutor.accessTestSuiteMainPhase(TestSuiteExecutor.java:148)
	at com.kms.katalon.core.main.TestSuiteExecutor.execute(TestSuiteExecutor.java:106)
	at com.kms.katalon.core.main.TestCaseMain.startTestSuite(TestCaseMain.java:180)
	at TempTestSuite1712221363141.run(TempTestSuite1712221363141.groovy:35)
	at java.base/jdk.internal.reflect.NativeMethodAccessorImpl.invoke0(Native Method)
	at java.base/jdk.internal.reflect.NativeMethodAccessorImpl.invoke(NativeMethodAccessorImpl.java:77)
	at java.base/jdk.internal.reflect.DelegatingMethodAccessorImpl.invoke(DelegatingMethodAccessorImpl.java:43)
Caused by: com.kms.katalon.core.exception.StepFailedException: Object Object Repository/NewObject/DropDownDistrict not found
	at com.kms.katalon.core.mobile.keyword.internal.MobileKeywordMain.stepFailed(MobileKeywordMain.groovy:38)
	at com.kms.katalon.core.mobile.keyword.builtin.TapKeyword$_tap_closure1.doCall(TapKeyword.groovy:46)
	at com.kms.katalon.core.mobile.keyword.builtin.TapKeyword$_tap_closure1.call(TapKeyword.groovy)
	at com.kms.katalon.core.mobile.keyword.internal.MobileKeywordMain.runKeyword(MobileKeywordMain.groovy:19)
	... 20 more


04-04-2024T14:35:31 - [TEST_STEP][PASSED] - callTestCase(findTestCase("CommenWorkflows/Login"), ["Str_URL":"C:\Users\sushil.gaikwad\git\EguruSmart1\Application\app-release (4).apk", "Str_Username":"DUSER145", "Str_Password":"Soct#2023", ... ], STOP_ON_FAILURE): Call Test Case 'Test Cases/CommenWorkflows/Login' successfully

04-04-2024T14:35:31 - [TEST_CASE][PASSED] - Test Cases/CommenWorkflows/Login: Test Cases/CommenWorkflows/Login

04-04-2024T14:35:31 - [TEST_STEP][PASSED] - startApplication(Str_URL, false): Started app at: 'C:\Users\sushil.gaikwad\git\EguruSmart1\Application\app-release (4).apk'

04-04-2024T14:35:31 - [MESSAGE][INFO] - User set preference: ['deviceId', 'R9ZT10H9Y2L']

04-04-2024T14:35:44 - [MESSAGE][PASSED] - Started app at: 'C:\Users\sushil.gaikwad\git\EguruSmart1\Application\app-release (4).apk'

04-04-2024T14:35:44 - [TEST_STEP][PASSED] - Bool_Username = waitForElementPresent(findTestObject("LockScreen/UsernaneText"), 10): Object Object Repository/LockScreen/UsernaneText not found

04-04-2024T14:35:54 - [MESSAGE][WARNING] - Object Object Repository/LockScreen/UsernaneText not found

04-04-2024T14:35:54 - [TEST_STEP][PASSED] - if (Bool_Username == true): null

04-04-2024T14:35:54 - [TEST_STEP][PASSED] - else: Tapped on element 'Object Repository/LockScreen/LoginButton'

04-04-2024T14:35:54 - [TEST_STEP][PASSED] - tap(findTestObject("LockScreen/Tap1"), 0): Tapped on element 'Object Repository/LockScreen/Tap1'

04-04-2024T14:35:54 - [MESSAGE][WARNING] - Timeout '0' is invalid. Using default page load timeout: '30'

04-04-2024T14:35:58 - [MESSAGE][PASSED] - Tapped on element 'Object Repository/LockScreen/Tap1'

04-04-2024T14:35:58 - [TEST_STEP][PASSED] - setText(findTestObject("LockScreen/Text1"), "1", 0): Text '1' has been set to element 'Object Repository/LockScreen/Text1'

04-04-2024T14:35:58 - [MESSAGE][WARNING] - Timeout '0' is invalid. Using default page load timeout: '30'

04-04-2024T14:35:59 - [MESSAGE][PASSED] - Text '1' has been set to element 'Object Repository/LockScreen/Text1'

04-04-2024T14:35:59 - [TEST_STEP][PASSED] - setText(findTestObject("LockScreen/Text2"), "2", 0): Text '2' has been set to element 'Object Repository/LockScreen/Text2'

04-04-2024T14:35:59 - [MESSAGE][WARNING] - Timeout '0' is invalid. Using default page load timeout: '30'

04-04-2024T14:36:01 - [MESSAGE][PASSED] - Text '2' has been set to element 'Object Repository/LockScreen/Text2'

04-04-2024T14:36:01 - [TEST_STEP][PASSED] - setText(findTestObject("LockScreen/Text3"), "3", 0): Text '3' has been set to element 'Object Repository/LockScreen/Text3'

04-04-2024T14:36:01 - [MESSAGE][WARNING] - Timeout '0' is invalid. Using default page load timeout: '30'

04-04-2024T14:36:02 - [MESSAGE][PASSED] - Text '3' has been set to element 'Object Repository/LockScreen/Text3'

04-04-2024T14:36:02 - [TEST_STEP][PASSED] - setText(findTestObject("LockScreen/Text4"), "4", 0): Text '4' has been set to element 'Object Repository/LockScreen/Text4'

04-04-2024T14:36:02 - [MESSAGE][WARNING] - Timeout '0' is invalid. Using default page load timeout: '30'

04-04-2024T14:36:04 - [MESSAGE][PASSED] - Text '4' has been set to element 'Object Repository/LockScreen/Text4'

04-04-2024T14:36:04 - [TEST_STEP][PASSED] - tap(findTestObject("LockScreen/LoginButton"), 0): Tapped on element 'Object Repository/LockScreen/LoginButton'

04-04-2024T14:36:04 - [MESSAGE][WARNING] - Timeout '0' is invalid. Using default page load timeout: '30'

04-04-2024T14:36:05 - [MESSAGE][PASSED] - Tapped on element 'Object Repository/LockScreen/LoginButton'

04-04-2024T14:36:05 - [MESSAGE][PASSED] - Call Test Case 'Test Cases/CommenWorkflows/Login' successfully

04-04-2024T14:36:05 - [TEST_STEP][PASSED] - Bool_Offline = waitForElementPresent(findTestObject("LockScreen/NewPin/Offline Master Sync"), 10): Object Object Repository/LockScreen/NewPin/Offline Master Sync not found

04-04-2024T14:36:15 - [MESSAGE][WARNING] - Object Object Repository/LockScreen/NewPin/Offline Master Sync not found

04-04-2024T14:36:15 - [TEST_STEP][PASSED] - if (Bool_Offline == true): null

04-04-2024T14:36:15 - [TEST_STEP][PASSED] - verifyElementExist(findTestObject("TataMotars/HomeButton"), 10): Element 'Object Repository/TataMotars/HomeButton' is exist

04-04-2024T14:36:15 - [MESSAGE][PASSED] - Element 'Object Repository/TataMotars/HomeButton' is exist

04-04-2024T14:36:15 - [TEST_STEP][PASSED] - tap(findTestObject("TataMotars/PluseButton"), 0): Tapped on element 'Object Repository/TataMotars/PluseButton'

04-04-2024T14:36:15 - [MESSAGE][WARNING] - Timeout '0' is invalid. Using default page load timeout: '30'

04-04-2024T14:36:17 - [MESSAGE][PASSED] - Tapped on element 'Object Repository/TataMotars/PluseButton'

04-04-2024T14:36:17 - [TEST_STEP][PASSED] - bool_Opportunity = verifyElementExist(findTestObject("TataMotars/Pluse Button/OpportunityButton"), 0): Element 'Object Repository/TataMotars/Pluse Button/OpportunityButton' is exist

04-04-2024T14:36:17 - [MESSAGE][WARNING] - Timeout '0' is invalid. Using default page load timeout: '30'

04-04-2024T14:36:17 - [MESSAGE][PASSED] - Element 'Object Repository/TataMotars/Pluse Button/OpportunityButton' is exist

04-04-2024T14:36:17 - [TEST_STEP][PASSED] - bool_Account = verifyElementExist(findTestObject("TataMotars/Pluse Button/Account"), 0): Element 'Object Repository/TataMotars/Pluse Button/Account' is exist

04-04-2024T14:36:17 - [MESSAGE][WARNING] - Timeout '0' is invalid. Using default page load timeout: '30'

04-04-2024T14:36:18 - [MESSAGE][PASSED] - Element 'Object Repository/TataMotars/Pluse Button/Account' is exist

04-04-2024T14:36:18 - [TEST_STEP][PASSED] - bool_Customer = verifyElementExist(findTestObject("TataMotars/Pluse Button/Customer"), 0): Element 'Object Repository/TataMotars/Pluse Button/Customer' is exist

04-04-2024T14:36:18 - [MESSAGE][WARNING] - Timeout '0' is invalid. Using default page load timeout: '30'

04-04-2024T14:36:18 - [MESSAGE][PASSED] - Element 'Object Repository/TataMotars/Pluse Button/Customer' is exist

04-04-2024T14:36:18 - [TEST_STEP][PASSED] - bool_Influencer = verifyElementExist(findTestObject("TataMotars/Pluse Button/Influencer"), 0): Element 'Object Repository/TataMotars/Pluse Button/Influencer' is exist

04-04-2024T14:36:18 - [MESSAGE][WARNING] - Timeout '0' is invalid. Using default page load timeout: '30'

04-04-2024T14:36:18 - [MESSAGE][PASSED] - Element 'Object Repository/TataMotars/Pluse Button/Influencer' is exist

04-04-2024T14:36:18 - [TEST_STEP][PASSED] - bool_FollowUp = verifyElementExist(findTestObject("TataMotars/Pluse Button/Follow Up"), 0): Element 'Object Repository/TataMotars/Pluse Button/Follow Up' is exist

04-04-2024T14:36:19 - [MESSAGE][WARNING] - Timeout '0' is invalid. Using default page load timeout: '30'

04-04-2024T14:36:19 - [MESSAGE][PASSED] - Element 'Object Repository/TataMotars/Pluse Button/Follow Up' is exist

04-04-2024T14:36:19 - [TEST_STEP][PASSED] - bool_Opportunity && bool_Account && bool_Customer && bool_Influencer && bool_FollowUp == false: null

04-04-2024T14:36:19 - [TEST_STEP][PASSED] - takeScreenshot(): Screenshot is taken

04-04-2024T14:36:20 - [MESSAGE][PASSED] - Screenshot is taken
[[ATTACHMENT|C:\\Users\\sushil.gaikwad\\git\\EguruSmart1\\Reports\\20240404_143243\\TataMotors\\20240404_143243\\1712221579183.png]]

04-04-2024T14:36:20 - [TEST_STEP][PASSED] - tap(findTestObject("TataMotars/Pluse Button/Customer"), 3): Tapped on element 'Object Repository/TataMotars/Pluse Button/Customer'

04-04-2024T14:36:21 - [MESSAGE][PASSED] - Tapped on element 'Object Repository/TataMotars/Pluse Button/Customer'

04-04-2024T14:36:21 - [TEST_STEP][PASSED] - bool_PrimaryDetails = verifyElementExist(findTestObject("Primery Details/Primary Details"), 10): Element 'Object Repository/Primery Details/Primary Details' is exist

04-04-2024T14:36:21 - [MESSAGE][PASSED] - Element 'Object Repository/Primery Details/Primary Details' is exist

04-04-2024T14:36:21 - [TEST_STEP][PASSED] - bool_PrimaryDetails == true: null

04-04-2024T14:36:21 - [TEST_STEP][PASSED] - takeScreenshot(): Screenshot is taken

04-04-2024T14:36:22 - [MESSAGE][PASSED] - Screenshot is taken
[[ATTACHMENT|C:\\Users\\sushil.gaikwad\\git\\EguruSmart1\\Reports\\20240404_143243\\TataMotors\\20240404_143243\\1712221581618.png]]

04-04-2024T14:36:22 - [TEST_STEP][PASSED] - tap(findTestObject("Primery Details/FirstName"), 0): Tapped on element 'Object Repository/Primery Details/FirstName'

04-04-2024T14:36:22 - [MESSAGE][WARNING] - Timeout '0' is invalid. Using default page load timeout: '30'

04-04-2024T14:36:23 - [MESSAGE][PASSED] - Tapped on element 'Object Repository/Primery Details/FirstName'

04-04-2024T14:36:23 - [TEST_STEP][PASSED] - setText(findTestObject("Primery Details/FirstName"), str_FirstName, 0): Text 'test' has been set to element 'Object Repository/Primery Details/FirstName'

04-04-2024T14:36:23 - [MESSAGE][WARNING] - Timeout '0' is invalid. Using default page load timeout: '30'

04-04-2024T14:36:25 - [MESSAGE][PASSED] - Text 'test' has been set to element 'Object Repository/Primery Details/FirstName'

04-04-2024T14:36:25 - [TEST_STEP][PASSED] - hideKeyboard(): Keyboard is hidden

04-04-2024T14:36:27 - [MESSAGE][PASSED] - Keyboard is hidden

04-04-2024T14:36:27 - [TEST_STEP][PASSED] - tap(findTestObject("Primery Details/LastName"), 0): Tapped on element 'Object Repository/Primery Details/LastName'

04-04-2024T14:36:27 - [MESSAGE][WARNING] - Timeout '0' is invalid. Using default page load timeout: '30'

04-04-2024T14:36:28 - [MESSAGE][PASSED] - Tapped on element 'Object Repository/Primery Details/LastName'

04-04-2024T14:36:28 - [TEST_STEP][PASSED] - setText(findTestObject("Primery Details/LastName"), str_LastName, 0): Text 'step' has been set to element 'Object Repository/Primery Details/LastName'

04-04-2024T14:36:28 - [MESSAGE][WARNING] - Timeout '0' is invalid. Using default page load timeout: '30'

04-04-2024T14:36:30 - [MESSAGE][PASSED] - Text 'step' has been set to element 'Object Repository/Primery Details/LastName'

04-04-2024T14:36:30 - [TEST_STEP][PASSED] - hideKeyboard(): Keyboard is hidden

04-04-2024T14:36:32 - [MESSAGE][PASSED] - Keyboard is hidden

04-04-2024T14:36:32 - [TEST_STEP][PASSED] - Bool_Offline = waitForElementPresent(findTestObject("LockScreen/NewPin/Offline Master Sync"), 5): Object Object Repository/LockScreen/NewPin/Offline Master Sync not found

04-04-2024T14:36:37 - [MESSAGE][WARNING] - Object Object Repository/LockScreen/NewPin/Offline Master Sync not found

04-04-2024T14:36:37 - [TEST_STEP][PASSED] - if (Bool_Offline == true): null

04-04-2024T14:36:37 - [TEST_STEP][PASSED] - tap(findTestObject("Primery Details/MobileNumber"), 0): Tapped on element 'Object Repository/Primery Details/MobileNumber'

04-04-2024T14:36:37 - [MESSAGE][WARNING] - Timeout '0' is invalid. Using default page load timeout: '30'

04-04-2024T14:36:38 - [MESSAGE][PASSED] - Tapped on element 'Object Repository/Primery Details/MobileNumber'

04-04-2024T14:36:38 - [TEST_STEP][PASSED] - setText(findTestObject("Primery Details/MobileNumber"), str_MobileNumber, 0): Text '9976888963' has been set to element 'Object Repository/Primery Details/MobileNumber'

04-04-2024T14:36:38 - [MESSAGE][WARNING] - Timeout '0' is invalid. Using default page load timeout: '30'

04-04-2024T14:36:39 - [MESSAGE][PASSED] - Text '9976888963' has been set to element 'Object Repository/Primery Details/MobileNumber'

04-04-2024T14:36:39 - [TEST_STEP][PASSED] - hideKeyboard(): Keyboard is hidden

04-04-2024T14:36:43 - [MESSAGE][PASSED] - Keyboard is hidden

04-04-2024T14:36:43 - [TEST_STEP][PASSED] - tap(findTestObject("Create New Opportunity/Customer Type"), 0): Tapped on element 'Object Repository/Create New Opportunity/Customer Type'

04-04-2024T14:36:43 - [MESSAGE][WARNING] - Timeout '0' is invalid. Using default page load timeout: '30'

04-04-2024T14:36:44 - [MESSAGE][PASSED] - Tapped on element 'Object Repository/Create New Opportunity/Customer Type'

04-04-2024T14:36:44 - [TEST_STEP][PASSED] - sendKeys(findTestObject("Create New Opportunity/Type_CustomerType"), str_CustomerType, STOP_ON_FAILURE): Send keys 'C4T Customer' on test object 'Object Repository/Create New Opportunity/Type_CustomerType' successfully.

04-04-2024T14:36:45 - [MESSAGE][PASSED] - Send keys 'C4T Customer' on test object 'Object Repository/Create New Opportunity/Type_CustomerType' successfully.

04-04-2024T14:36:45 - [TEST_STEP][PASSED] - hideKeyboard(): Keyboard is hidden

04-04-2024T14:36:47 - [MESSAGE][PASSED] - Keyboard is hidden

04-04-2024T14:36:47 - [TEST_STEP][PASSED] - tap(findTestObject("Primery Details/Searched CustomerType"), 0): Tapped on element 'Object Repository/Primery Details/Searched CustomerType'

04-04-2024T14:36:48 - [MESSAGE][WARNING] - Timeout '0' is invalid. Using default page load timeout: '30'

04-04-2024T14:36:48 - [MESSAGE][PASSED] - Tapped on element 'Object Repository/Primery Details/Searched CustomerType'

04-04-2024T14:36:48 - [TEST_STEP][PASSED] - tap(findTestObject("Primery Details/Address Details/NextButton"), 0): Tapped on element 'Object Repository/Primery Details/Address Details/NextButton'

04-04-2024T14:36:48 - [MESSAGE][WARNING] - Timeout '0' is invalid. Using default page load timeout: '30'

04-04-2024T14:36:49 - [MESSAGE][PASSED] - Tapped on element 'Object Repository/Primery Details/Address Details/NextButton'

04-04-2024T14:36:49 - [TEST_STEP][PASSED] - bool_Pincode = verifyElementExist(findTestObject("Primery Details/Address Details/Pincode"), 10): Element 'Object Repository/Primery Details/Address Details/Pincode' is exist

04-04-2024T14:36:50 - [MESSAGE][PASSED] - Element 'Object Repository/Primery Details/Address Details/Pincode' is exist

04-04-2024T14:36:50 - [TEST_STEP][PASSED] - bool_Pincode == true: null

04-04-2024T14:36:50 - [TEST_STEP][PASSED] - takeScreenshot(): Screenshot is taken

04-04-2024T14:36:51 - [MESSAGE][PASSED] - Screenshot is taken
[[ATTACHMENT|C:\\Users\\sushil.gaikwad\\git\\EguruSmart1\\Reports\\20240404_143243\\TataMotors\\20240404_143243\\1712221610413.png]]

04-04-2024T14:36:51 - [TEST_STEP][PASSED] - tap(findTestObject("Primery Details/Address Details/Pincode"), 0, STOP_ON_FAILURE): Tapped on element 'Object Repository/Primery Details/Address Details/Pincode'

04-04-2024T14:36:51 - [MESSAGE][WARNING] - Timeout '0' is invalid. Using default page load timeout: '30'

04-04-2024T14:36:52 - [MESSAGE][PASSED] - Tapped on element 'Object Repository/Primery Details/Address Details/Pincode'

04-04-2024T14:36:52 - [TEST_STEP][PASSED] - setText(findTestObject("Primery Details/Address Details/Pincode"), str_Pincode, 0): Text '400033' has been set to element 'Object Repository/Primery Details/Address Details/Pincode'

04-04-2024T14:36:52 - [MESSAGE][WARNING] - Timeout '0' is invalid. Using default page load timeout: '30'

04-04-2024T14:36:54 - [MESSAGE][PASSED] - Text '400033' has been set to element 'Object Repository/Primery Details/Address Details/Pincode'

04-04-2024T14:36:54 - [TEST_STEP][PASSED] - hideKeyboard(): Keyboard is hidden

04-04-2024T14:36:56 - [MESSAGE][PASSED] - Keyboard is hidden

04-04-2024T14:36:56 - [TEST_STEP][PASSED] - Bool_Pin = waitForElementPresent(findTestObject("Add Account/Searched PinCode"), 2): Object Object Repository/Add Account/Searched PinCode not found

04-04-2024T14:37:02 - [MESSAGE][WARNING] - Object Object Repository/Add Account/Searched PinCode not found

04-04-2024T14:37:02 - [TEST_STEP][PASSED] - if (Bool_Pin == true): null

04-04-2024T14:37:02 - [TEST_STEP][FAILED] - tap(findTestObject("NewObject/DropDownDistrict"), 0, STOP_ON_FAILURE): Failed to tap on element 'Object Repository/NewObject/DropDownDistrict' (Root cause: com.kms.katalon.core.exception.StepFailedException: Failed to tap on element 'Object Repository/NewObject/DropDownDistrict'
	at com.kms.katalon.core.mobile.keyword.internal.MobileKeywordMain.stepFailed(MobileKeywordMain.groovy:38)
	at com.kms.katalon.core.mobile.keyword.internal.MobileKeywordMain.runKeyword(MobileKeywordMain.groovy:21)
	at com.kms.katalon.core.mobile.keyword.builtin.TapKeyword.tap(TapKeyword.groovy:51)
	at com.kms.katalon.core.mobile.keyword.builtin.TapKeyword.execute(TapKeyword.groovy:35)
	at com.kms.katalon.core.keyword.internal.KeywordExecutor.executeKeywordForPlatform(KeywordExecutor.groovy:74)
	at com.kms.katalon.core.mobile.keyword.MobileBuiltInKeywords.tap(MobileBuiltInKeywords.groovy:1476)
	at TC_02 -Create New Customer.run(TC_02 -Create New Customer:112)
	at com.kms.katalon.core.main.ScriptEngine.run(ScriptEngine.java:194)
	at com.kms.katalon.core.main.ScriptEngine.runScriptAsRawText(ScriptEngine.java:119)
	at com.kms.katalon.core.main.TestCaseExecutor.runScript(TestCaseExecutor.java:448)
	at com.kms.katalon.core.main.TestCaseExecutor.doExecute(TestCaseExecutor.java:439)
	at com.kms.katalon.core.main.TestCaseExecutor.processExecutionPhase(TestCaseExecutor.java:418)
	at com.kms.katalon.core.main.TestCaseExecutor.accessMainPhase(TestCaseExecutor.java:410)
	at com.kms.katalon.core.main.TestCaseExecutor.execute(TestCaseExecutor.java:285)
	at com.kms.katalon.core.common.CommonExecutor.accessTestCaseMainPhase(CommonExecutor.java:65)
	at com.kms.katalon.core.main.TestSuiteExecutor.accessTestSuiteMainPhase(TestSuiteExecutor.java:148)
	at com.kms.katalon.core.main.TestSuiteExecutor.execute(TestSuiteExecutor.java:106)
	at com.kms.katalon.core.main.TestCaseMain.startTestSuite(TestCaseMain.java:180)
	at TempTestSuite1712221363141.run(TempTestSuite1712221363141.groovy:35)
	at java.base/jdk.internal.reflect.NativeMethodAccessorImpl.invoke0(Native Method)
	at java.base/jdk.internal.reflect.NativeMethodAccessorImpl.invoke(NativeMethodAccessorImpl.java:77)
	at java.base/jdk.internal.reflect.DelegatingMethodAccessorImpl.invoke(DelegatingMethodAccessorImpl.java:43)
Caused by: com.kms.katalon.core.exception.StepFailedException: Object Object Repository/NewObject/DropDownDistrict not found
	at com.kms.katalon.core.mobile.keyword.internal.MobileKeywordMain.stepFailed(MobileKeywordMain.groovy:38)
	at com.kms.katalon.core.mobile.keyword.builtin.TapKeyword$_tap_closure1.doCall(TapKeyword.groovy:46)
	at com.kms.katalon.core.mobile.keyword.builtin.TapKeyword$_tap_closure1.call(TapKeyword.groovy)
	at com.kms.katalon.core.mobile.keyword.internal.MobileKeywordMain.runKeyword(MobileKeywordMain.groovy:19)
	... 20 more
)

04-04-2024T14:37:02 - [MESSAGE][WARNING] - Timeout '0' is invalid. Using default page load timeout: '30'

04-04-2024T14:37:37 - [MESSAGE][FAILED] - Object Object Repository/NewObject/DropDownDistrict not found (Root cause: com.kms.katalon.core.exception.StepFailedException: Object Object Repository/NewObject/DropDownDistrict not found
	at com.kms.katalon.core.mobile.keyword.internal.MobileKeywordMain.stepFailed(MobileKeywordMain.groovy:38)
	at com.kms.katalon.core.mobile.keyword.builtin.TapKeyword$_tap_closure1.doCall(TapKeyword.groovy:46)
	at com.kms.katalon.core.mobile.keyword.builtin.TapKeyword$_tap_closure1.call(TapKeyword.groovy)
	at com.kms.katalon.core.mobile.keyword.internal.MobileKeywordMain.runKeyword(MobileKeywordMain.groovy:19)
	at com.kms.katalon.core.mobile.keyword.builtin.TapKeyword.tap(TapKeyword.groovy:51)
	at com.kms.katalon.core.mobile.keyword.builtin.TapKeyword.execute(TapKeyword.groovy:35)
	at com.kms.katalon.core.keyword.internal.KeywordExecutor.executeKeywordForPlatform(KeywordExecutor.groovy:74)
	at com.kms.katalon.core.mobile.keyword.MobileBuiltInKeywords.tap(MobileBuiltInKeywords.groovy:1476)
	at TC_02 -Create New Customer.run(TC_02 -Create New Customer:112)
	at com.kms.katalon.core.main.ScriptEngine.run(ScriptEngine.java:194)
	at com.kms.katalon.core.main.ScriptEngine.runScriptAsRawText(ScriptEngine.java:119)
	at com.kms.katalon.core.main.TestCaseExecutor.runScript(TestCaseExecutor.java:448)
	at com.kms.katalon.core.main.TestCaseExecutor.doExecute(TestCaseExecutor.java:439)
	at com.kms.katalon.core.main.TestCaseExecutor.processExecutionPhase(TestCaseExecutor.java:418)
	at com.kms.katalon.core.main.TestCaseExecutor.accessMainPhase(TestCaseExecutor.java:410)
	at com.kms.katalon.core.main.TestCaseExecutor.execute(TestCaseExecutor.java:285)
	at com.kms.katalon.core.common.CommonExecutor.accessTestCaseMainPhase(CommonExecutor.java:65)
	at com.kms.katalon.core.main.TestSuiteExecutor.accessTestSuiteMainPhase(TestSuiteExecutor.java:148)
	at com.kms.katalon.core.main.TestSuiteExecutor.execute(TestSuiteExecutor.java:106)
	at com.kms.katalon.core.main.TestCaseMain.startTestSuite(TestCaseMain.java:180)
	at TempTestSuite1712221363141.run(TempTestSuite1712221363141.groovy:35)
	at java.base/jdk.internal.reflect.NativeMethodAccessorImpl.invoke0(Native Method)
	at java.base/jdk.internal.reflect.NativeMethodAccessorImpl.invoke(NativeMethodAccessorImpl.java:77)
	at java.base/jdk.internal.reflect.DelegatingMethodAccessorImpl.invoke(DelegatingMethodAccessorImpl.java:43)
)
[[ATTACHMENT|C:\\Users\\sushil.gaikwad\\git\\EguruSmart1\\Reports\\20240404_143243\\TataMotors\\20240404_143243\\1712221652634.png]]

04-04-2024T14:37:40 - [MESSAGE][FAILED] - Failed to tap on element 'Object Repository/NewObject/DropDownDistrict' (Root cause: com.kms.katalon.core.exception.StepFailedException: Failed to tap on element 'Object Repository/NewObject/DropDownDistrict'
	at com.kms.katalon.core.mobile.keyword.internal.MobileKeywordMain.stepFailed(MobileKeywordMain.groovy:38)
	at com.kms.katalon.core.mobile.keyword.internal.MobileKeywordMain.runKeyword(MobileKeywordMain.groovy:21)
	at com.kms.katalon.core.mobile.keyword.builtin.TapKeyword.tap(TapKeyword.groovy:51)
	at com.kms.katalon.core.mobile.keyword.builtin.TapKeyword.execute(TapKeyword.groovy:35)
	at com.kms.katalon.core.keyword.internal.KeywordExecutor.executeKeywordForPlatform(KeywordExecutor.groovy:74)
	at com.kms.katalon.core.mobile.keyword.MobileBuiltInKeywords.tap(MobileBuiltInKeywords.groovy:1476)
	at TC_02 -Create New Customer.run(TC_02 -Create New Customer:112)
	at com.kms.katalon.core.main.ScriptEngine.run(ScriptEngine.java:194)
	at com.kms.katalon.core.main.ScriptEngine.runScriptAsRawText(ScriptEngine.java:119)
	at com.kms.katalon.core.main.TestCaseExecutor.runScript(TestCaseExecutor.java:448)
	at com.kms.katalon.core.main.TestCaseExecutor.doExecute(TestCaseExecutor.java:439)
	at com.kms.katalon.core.main.TestCaseExecutor.processExecutionPhase(TestCaseExecutor.java:418)
	at com.kms.katalon.core.main.TestCaseExecutor.accessMainPhase(TestCaseExecutor.java:410)
	at com.kms.katalon.core.main.TestCaseExecutor.execute(TestCaseExecutor.java:285)
	at com.kms.katalon.core.common.CommonExecutor.accessTestCaseMainPhase(CommonExecutor.java:65)
	at com.kms.katalon.core.main.TestSuiteExecutor.accessTestSuiteMainPhase(TestSuiteExecutor.java:148)
	at com.kms.katalon.core.main.TestSuiteExecutor.execute(TestSuiteExecutor.java:106)
	at com.kms.katalon.core.main.TestCaseMain.startTestSuite(TestCaseMain.java:180)
	at TempTestSuite1712221363141.run(TempTestSuite1712221363141.groovy:35)
	at java.base/jdk.internal.reflect.NativeMethodAccessorImpl.invoke0(Native Method)
	at java.base/jdk.internal.reflect.NativeMethodAccessorImpl.invoke(NativeMethodAccessorImpl.java:77)
	at java.base/jdk.internal.reflect.DelegatingMethodAccessorImpl.invoke(DelegatingMethodAccessorImpl.java:43)
Caused by: com.kms.katalon.core.exception.StepFailedException: Object Object Repository/NewObject/DropDownDistrict not found
	at com.kms.katalon.core.mobile.keyword.internal.MobileKeywordMain.stepFailed(MobileKeywordMain.groovy:38)
	at com.kms.katalon.core.mobile.keyword.builtin.TapKeyword$_tap_closure1.doCall(TapKeyword.groovy:46)
	at com.kms.katalon.core.mobile.keyword.builtin.TapKeyword$_tap_closure1.call(TapKeyword.groovy)
	at com.kms.katalon.core.mobile.keyword.internal.MobileKeywordMain.runKeyword(MobileKeywordMain.groovy:19)
	... 20 more
)
[[ATTACHMENT|C:\\Users\\sushil.gaikwad\\git\\EguruSmart1\\Reports\\20240404_143243\\TataMotors\\20240404_143243\\1712221657075.png]]]]></system-out>
         <system-err><![CDATA[04-04-2024T14:35:30 - [TEST_CASE][FAILED] - Test Cases/TC/TC_02 -Create New Customer: Test Cases/TC/TC_02 -Create New Customer FAILED.
Reason:
com.kms.katalon.core.exception.StepFailedException: Failed to tap on element 'Object Repository/NewObject/DropDownDistrict'
	at com.kms.katalon.core.mobile.keyword.internal.MobileKeywordMain.stepFailed(MobileKeywordMain.groovy:38)
	at com.kms.katalon.core.mobile.keyword.internal.MobileKeywordMain.runKeyword(MobileKeywordMain.groovy:21)
	at com.kms.katalon.core.mobile.keyword.builtin.TapKeyword.tap(TapKeyword.groovy:51)
	at com.kms.katalon.core.mobile.keyword.builtin.TapKeyword.execute(TapKeyword.groovy:35)
	at com.kms.katalon.core.keyword.internal.KeywordExecutor.executeKeywordForPlatform(KeywordExecutor.groovy:74)
	at com.kms.katalon.core.mobile.keyword.MobileBuiltInKeywords.tap(MobileBuiltInKeywords.groovy:1476)
	at TC_02 -Create New Customer.run(TC_02 -Create New Customer:112)
	at com.kms.katalon.core.main.ScriptEngine.run(ScriptEngine.java:194)
	at com.kms.katalon.core.main.ScriptEngine.runScriptAsRawText(ScriptEngine.java:119)
	at com.kms.katalon.core.main.TestCaseExecutor.runScript(TestCaseExecutor.java:448)
	at com.kms.katalon.core.main.TestCaseExecutor.doExecute(TestCaseExecutor.java:439)
	at com.kms.katalon.core.main.TestCaseExecutor.processExecutionPhase(TestCaseExecutor.java:418)
	at com.kms.katalon.core.main.TestCaseExecutor.accessMainPhase(TestCaseExecutor.java:410)
	at com.kms.katalon.core.main.TestCaseExecutor.execute(TestCaseExecutor.java:285)
	at com.kms.katalon.core.common.CommonExecutor.accessTestCaseMainPhase(CommonExecutor.java:65)
	at com.kms.katalon.core.main.TestSuiteExecutor.accessTestSuiteMainPhase(TestSuiteExecutor.java:148)
	at com.kms.katalon.core.main.TestSuiteExecutor.execute(TestSuiteExecutor.java:106)
	at com.kms.katalon.core.main.TestCaseMain.startTestSuite(TestCaseMain.java:180)
	at TempTestSuite1712221363141.run(TempTestSuite1712221363141.groovy:35)
	at java.base/jdk.internal.reflect.NativeMethodAccessorImpl.invoke0(Native Method)
	at java.base/jdk.internal.reflect.NativeMethodAccessorImpl.invoke(NativeMethodAccessorImpl.java:77)
	at java.base/jdk.internal.reflect.DelegatingMethodAccessorImpl.invoke(DelegatingMethodAccessorImpl.java:43)
Caused by: com.kms.katalon.core.exception.StepFailedException: Object Object Repository/NewObject/DropDownDistrict not found
	at com.kms.katalon.core.mobile.keyword.internal.MobileKeywordMain.stepFailed(MobileKeywordMain.groovy:38)
	at com.kms.katalon.core.mobile.keyword.builtin.TapKeyword$_tap_closure1.doCall(TapKeyword.groovy:46)
	at com.kms.katalon.core.mobile.keyword.builtin.TapKeyword$_tap_closure1.call(TapKeyword.groovy)
	at com.kms.katalon.core.mobile.keyword.internal.MobileKeywordMain.runKeyword(MobileKeywordMain.groovy:19)
	... 20 more]]></system-err>
      </testcase>
      <testcase name="Test Cases/TC/TC_03 -Add Account" time="109.752" classname="Test Cases/TC/TC_03 -Add Account" status="FAILED">
         <failure type="FAILED" message="Test Cases/TC/TC_03 -Add Account FAILED.&#xa;Reason:&#xa;com.kms.katalon.core.exception.StepFailedException: Failed to tap on element 'Object Repository/NewObject/DropDownDistrict'&#xa;	at com.kms.katalon.core.mobile.keyword.internal.MobileKeywordMain.stepFailed(MobileKeywordMain.groovy:38)&#xa;	at com.kms.katalon.core.mobile.keyword.internal.MobileKeywordMain.runKeyword(MobileKeywordMain.groovy:21)&#xa;	at com.kms.katalon.core.mobile.keyword.builtin.TapKeyword.tap(TapKeyword.groovy:51)&#xa;	at com.kms.katalon.core.mobile.keyword.builtin.TapKeyword.execute(TapKeyword.groovy:35)&#xa;	at com.kms.katalon.core.keyword.internal.KeywordExecutor.executeKeywordForPlatform(KeywordExecutor.groovy:74)&#xa;	at com.kms.katalon.core.mobile.keyword.MobileBuiltInKeywords.tap(MobileBuiltInKeywords.groovy:1476)&#xa;	at TC_03 -Add Account.run(TC_03 -Add Account:106)&#xa;	at com.kms.katalon.core.main.ScriptEngine.run(ScriptEngine.java:194)&#xa;	at com.kms.katalon.core.main.ScriptEngine.runScriptAsRawText(ScriptEngine.java:119)&#xa;	at com.kms.katalon.core.main.TestCaseExecutor.runScript(TestCaseExecutor.java:448)&#xa;	at com.kms.katalon.core.main.TestCaseExecutor.doExecute(TestCaseExecutor.java:439)&#xa;	at com.kms.katalon.core.main.TestCaseExecutor.processExecutionPhase(TestCaseExecutor.java:418)&#xa;	at com.kms.katalon.core.main.TestCaseExecutor.accessMainPhase(TestCaseExecutor.java:410)&#xa;	at com.kms.katalon.core.main.TestCaseExecutor.execute(TestCaseExecutor.java:285)&#xa;	at com.kms.katalon.core.common.CommonExecutor.accessTestCaseMainPhase(CommonExecutor.java:65)&#xa;	at com.kms.katalon.core.main.TestSuiteExecutor.accessTestSuiteMainPhase(TestSuiteExecutor.java:148)&#xa;	at com.kms.katalon.core.main.TestSuiteExecutor.execute(TestSuiteExecutor.java:106)&#xa;	at com.kms.katalon.core.main.TestCaseMain.startTestSuite(TestCaseMain.java:180)&#xa;	at TempTestSuite1712221363141.run(TempTestSuite1712221363141.groovy:35)&#xa;	at java.base/jdk.internal.reflect.NativeMethodAccessorImpl.invoke0(Native Method)&#xa;	at java.base/jdk.internal.reflect.NativeMethodAccessorImpl.invoke(NativeMethodAccessorImpl.java:77)&#xa;	at java.base/jdk.internal.reflect.DelegatingMethodAccessorImpl.invoke(DelegatingMethodAccessorImpl.java:43)&#xa;Caused by: com.kms.katalon.core.exception.StepFailedException: Object Object Repository/NewObject/DropDownDistrict not found&#xa;	at com.kms.katalon.core.mobile.keyword.internal.MobileKeywordMain.stepFailed(MobileKeywordMain.groovy:38)&#xa;	at com.kms.katalon.core.mobile.keyword.builtin.TapKeyword$_tap_closure1.doCall(TapKeyword.groovy:46)&#xa;	at com.kms.katalon.core.mobile.keyword.builtin.TapKeyword$_tap_closure1.call(TapKeyword.groovy)&#xa;	at com.kms.katalon.core.mobile.keyword.internal.MobileKeywordMain.runKeyword(MobileKeywordMain.groovy:19)&#xa;	... 20 more&#xa;"/>
         <system-out><![CDATA[04-04-2024T14:37:40 - [TEST_CASE][FAILED] - Test Cases/TC/TC_03 -Add Account: Test Cases/TC/TC_03 -Add Account FAILED.
Reason:
com.kms.katalon.core.exception.StepFailedException: Failed to tap on element 'Object Repository/NewObject/DropDownDistrict'
	at com.kms.katalon.core.mobile.keyword.internal.MobileKeywordMain.stepFailed(MobileKeywordMain.groovy:38)
	at com.kms.katalon.core.mobile.keyword.internal.MobileKeywordMain.runKeyword(MobileKeywordMain.groovy:21)
	at com.kms.katalon.core.mobile.keyword.builtin.TapKeyword.tap(TapKeyword.groovy:51)
	at com.kms.katalon.core.mobile.keyword.builtin.TapKeyword.execute(TapKeyword.groovy:35)
	at com.kms.katalon.core.keyword.internal.KeywordExecutor.executeKeywordForPlatform(KeywordExecutor.groovy:74)
	at com.kms.katalon.core.mobile.keyword.MobileBuiltInKeywords.tap(MobileBuiltInKeywords.groovy:1476)
	at TC_03 -Add Account.run(TC_03 -Add Account:106)
	at com.kms.katalon.core.main.ScriptEngine.run(ScriptEngine.java:194)
	at com.kms.katalon.core.main.ScriptEngine.runScriptAsRawText(ScriptEngine.java:119)
	at com.kms.katalon.core.main.TestCaseExecutor.runScript(TestCaseExecutor.java:448)
	at com.kms.katalon.core.main.TestCaseExecutor.doExecute(TestCaseExecutor.java:439)
	at com.kms.katalon.core.main.TestCaseExecutor.processExecutionPhase(TestCaseExecutor.java:418)
	at com.kms.katalon.core.main.TestCaseExecutor.accessMainPhase(TestCaseExecutor.java:410)
	at com.kms.katalon.core.main.TestCaseExecutor.execute(TestCaseExecutor.java:285)
	at com.kms.katalon.core.common.CommonExecutor.accessTestCaseMainPhase(CommonExecutor.java:65)
	at com.kms.katalon.core.main.TestSuiteExecutor.accessTestSuiteMainPhase(TestSuiteExecutor.java:148)
	at com.kms.katalon.core.main.TestSuiteExecutor.execute(TestSuiteExecutor.java:106)
	at com.kms.katalon.core.main.TestCaseMain.startTestSuite(TestCaseMain.java:180)
	at TempTestSuite1712221363141.run(TempTestSuite1712221363141.groovy:35)
	at java.base/jdk.internal.reflect.NativeMethodAccessorImpl.invoke0(Native Method)
	at java.base/jdk.internal.reflect.NativeMethodAccessorImpl.invoke(NativeMethodAccessorImpl.java:77)
	at java.base/jdk.internal.reflect.DelegatingMethodAccessorImpl.invoke(DelegatingMethodAccessorImpl.java:43)
Caused by: com.kms.katalon.core.exception.StepFailedException: Object Object Repository/NewObject/DropDownDistrict not found
	at com.kms.katalon.core.mobile.keyword.internal.MobileKeywordMain.stepFailed(MobileKeywordMain.groovy:38)
	at com.kms.katalon.core.mobile.keyword.builtin.TapKeyword$_tap_closure1.doCall(TapKeyword.groovy:46)
	at com.kms.katalon.core.mobile.keyword.builtin.TapKeyword$_tap_closure1.call(TapKeyword.groovy)
	at com.kms.katalon.core.mobile.keyword.internal.MobileKeywordMain.runKeyword(MobileKeywordMain.groovy:19)
	... 20 more


04-04-2024T14:37:41 - [TEST_STEP][PASSED] - callTestCase(findTestCase("CommenWorkflows/Login"), ["Str_URL":"C:\Users\sushil.gaikwad\git\EguruSmart1\Application\app-release (4).apk", "Str_Username":"DUSER145", "Str_Password":"Soct#2023", ... ], STOP_ON_FAILURE): Call Test Case 'Test Cases/CommenWorkflows/Login' successfully

04-04-2024T14:37:41 - [TEST_CASE][PASSED] - Test Cases/CommenWorkflows/Login: Test Cases/CommenWorkflows/Login

04-04-2024T14:37:41 - [TEST_STEP][PASSED] - startApplication(Str_URL, false): Started app at: 'C:\Users\sushil.gaikwad\git\EguruSmart1\Application\app-release (4).apk'

04-04-2024T14:37:41 - [MESSAGE][INFO] - User set preference: ['deviceId', 'R9ZT10H9Y2L']

04-04-2024T14:37:53 - [MESSAGE][PASSED] - Started app at: 'C:\Users\sushil.gaikwad\git\EguruSmart1\Application\app-release (4).apk'

04-04-2024T14:37:53 - [TEST_STEP][PASSED] - Bool_Username = waitForElementPresent(findTestObject("LockScreen/UsernaneText"), 10): Object Object Repository/LockScreen/UsernaneText not found

04-04-2024T14:38:03 - [MESSAGE][WARNING] - Object Object Repository/LockScreen/UsernaneText not found

04-04-2024T14:38:03 - [TEST_STEP][PASSED] - if (Bool_Username == true): null

04-04-2024T14:38:03 - [TEST_STEP][PASSED] - else: Tapped on element 'Object Repository/LockScreen/LoginButton'

04-04-2024T14:38:03 - [TEST_STEP][PASSED] - tap(findTestObject("LockScreen/Tap1"), 0): Tapped on element 'Object Repository/LockScreen/Tap1'

04-04-2024T14:38:03 - [MESSAGE][WARNING] - Timeout '0' is invalid. Using default page load timeout: '30'

04-04-2024T14:38:07 - [MESSAGE][PASSED] - Tapped on element 'Object Repository/LockScreen/Tap1'

04-04-2024T14:38:07 - [TEST_STEP][PASSED] - setText(findTestObject("LockScreen/Text1"), "1", 0): Text '1' has been set to element 'Object Repository/LockScreen/Text1'

04-04-2024T14:38:07 - [MESSAGE][WARNING] - Timeout '0' is invalid. Using default page load timeout: '30'

04-04-2024T14:38:09 - [MESSAGE][PASSED] - Text '1' has been set to element 'Object Repository/LockScreen/Text1'

04-04-2024T14:38:09 - [TEST_STEP][PASSED] - setText(findTestObject("LockScreen/Text2"), "2", 0): Text '2' has been set to element 'Object Repository/LockScreen/Text2'

04-04-2024T14:38:09 - [MESSAGE][WARNING] - Timeout '0' is invalid. Using default page load timeout: '30'

04-04-2024T14:38:10 - [MESSAGE][PASSED] - Text '2' has been set to element 'Object Repository/LockScreen/Text2'

04-04-2024T14:38:10 - [TEST_STEP][PASSED] - setText(findTestObject("LockScreen/Text3"), "3", 0): Text '3' has been set to element 'Object Repository/LockScreen/Text3'

04-04-2024T14:38:10 - [MESSAGE][WARNING] - Timeout '0' is invalid. Using default page load timeout: '30'

04-04-2024T14:38:12 - [MESSAGE][PASSED] - Text '3' has been set to element 'Object Repository/LockScreen/Text3'

04-04-2024T14:38:12 - [TEST_STEP][PASSED] - setText(findTestObject("LockScreen/Text4"), "4", 0): Text '4' has been set to element 'Object Repository/LockScreen/Text4'

04-04-2024T14:38:12 - [MESSAGE][WARNING] - Timeout '0' is invalid. Using default page load timeout: '30'

04-04-2024T14:38:13 - [MESSAGE][PASSED] - Text '4' has been set to element 'Object Repository/LockScreen/Text4'

04-04-2024T14:38:13 - [TEST_STEP][PASSED] - tap(findTestObject("LockScreen/LoginButton"), 0): Tapped on element 'Object Repository/LockScreen/LoginButton'

04-04-2024T14:38:13 - [MESSAGE][WARNING] - Timeout '0' is invalid. Using default page load timeout: '30'

04-04-2024T14:38:15 - [MESSAGE][PASSED] - Tapped on element 'Object Repository/LockScreen/LoginButton'

04-04-2024T14:38:15 - [MESSAGE][PASSED] - Call Test Case 'Test Cases/CommenWorkflows/Login' successfully

04-04-2024T14:38:15 - [TEST_STEP][PASSED] - verifyElementExist(findTestObject("TataMotars/HomeButton"), 10): Element 'Object Repository/TataMotars/HomeButton' is exist

04-04-2024T14:38:16 - [MESSAGE][PASSED] - Element 'Object Repository/TataMotars/HomeButton' is exist

04-04-2024T14:38:16 - [TEST_STEP][PASSED] - tap(findTestObject("TataMotars/PluseButton"), 0): Tapped on element 'Object Repository/TataMotars/PluseButton'

04-04-2024T14:38:16 - [MESSAGE][WARNING] - Timeout '0' is invalid. Using default page load timeout: '30'

04-04-2024T14:38:17 - [MESSAGE][PASSED] - Tapped on element 'Object Repository/TataMotars/PluseButton'

04-04-2024T14:38:17 - [TEST_STEP][PASSED] - bool_Opportunity = verifyElementExist(findTestObject("TataMotars/Pluse Button/OpportunityButton"), 0): Element 'Object Repository/TataMotars/Pluse Button/OpportunityButton' is exist

04-04-2024T14:38:17 - [MESSAGE][WARNING] - Timeout '0' is invalid. Using default page load timeout: '30'

04-04-2024T14:38:18 - [MESSAGE][PASSED] - Element 'Object Repository/TataMotars/Pluse Button/OpportunityButton' is exist

04-04-2024T14:38:18 - [TEST_STEP][PASSED] - bool_Account = verifyElementExist(findTestObject("TataMotars/Pluse Button/Account"), 0): Element 'Object Repository/TataMotars/Pluse Button/Account' is exist

04-04-2024T14:38:18 - [MESSAGE][WARNING] - Timeout '0' is invalid. Using default page load timeout: '30'

04-04-2024T14:38:18 - [MESSAGE][PASSED] - Element 'Object Repository/TataMotars/Pluse Button/Account' is exist

04-04-2024T14:38:18 - [TEST_STEP][PASSED] - bool_Customer = verifyElementExist(findTestObject("TataMotars/Pluse Button/Customer"), 0): Element 'Object Repository/TataMotars/Pluse Button/Customer' is exist

04-04-2024T14:38:18 - [MESSAGE][WARNING] - Timeout '0' is invalid. Using default page load timeout: '30'

04-04-2024T14:38:19 - [MESSAGE][PASSED] - Element 'Object Repository/TataMotars/Pluse Button/Customer' is exist

04-04-2024T14:38:19 - [TEST_STEP][PASSED] - bool_Influencer = verifyElementExist(findTestObject("TataMotars/Pluse Button/Influencer"), 0): Element 'Object Repository/TataMotars/Pluse Button/Influencer' is exist

04-04-2024T14:38:19 - [MESSAGE][WARNING] - Timeout '0' is invalid. Using default page load timeout: '30'

04-04-2024T14:38:19 - [MESSAGE][PASSED] - Element 'Object Repository/TataMotars/Pluse Button/Influencer' is exist

04-04-2024T14:38:19 - [TEST_STEP][PASSED] - bool_FollowUp = verifyElementExist(findTestObject("TataMotars/Pluse Button/Follow Up"), 0): Element 'Object Repository/TataMotars/Pluse Button/Follow Up' is exist

04-04-2024T14:38:19 - [MESSAGE][WARNING] - Timeout '0' is invalid. Using default page load timeout: '30'

04-04-2024T14:38:19 - [MESSAGE][PASSED] - Element 'Object Repository/TataMotars/Pluse Button/Follow Up' is exist

04-04-2024T14:38:19 - [TEST_STEP][PASSED] - bool_Opportunity && bool_Account && bool_Customer && bool_Influencer && bool_FollowUp == false: null

04-04-2024T14:38:19 - [TEST_STEP][PASSED] - takeScreenshot(): Screenshot is taken

04-04-2024T14:38:20 - [MESSAGE][PASSED] - Screenshot is taken
[[ATTACHMENT|C:\\Users\\sushil.gaikwad\\git\\EguruSmart1\\Reports\\20240404_143243\\TataMotors\\20240404_143243\\1712221699570.png]]

04-04-2024T14:38:20 - [TEST_STEP][PASSED] - tap(findTestObject("TataMotars/Pluse Button/Account"), 3): Tapped on element 'Object Repository/TataMotars/Pluse Button/Account'

04-04-2024T14:38:21 - [MESSAGE][PASSED] - Tapped on element 'Object Repository/TataMotars/Pluse Button/Account'

04-04-2024T14:38:21 - [TEST_STEP][PASSED] - bool_AccountInfo = verifyElementExist(findTestObject("C1 Functionality/Account Information"), 30): Element 'Object Repository/C1 Functionality/Account Information' is exist

04-04-2024T14:38:22 - [MESSAGE][PASSED] - Element 'Object Repository/C1 Functionality/Account Information' is exist

04-04-2024T14:38:22 - [TEST_STEP][PASSED] - bool_AccountName = verifyElementExist(findTestObject("Add Account/Account Name"), 30): Element 'Object Repository/Add Account/Account Name' is exist

04-04-2024T14:38:22 - [MESSAGE][PASSED] - Element 'Object Repository/Add Account/Account Name' is exist

04-04-2024T14:38:22 - [TEST_STEP][PASSED] - bool_MainPhoneNumber = verifyElementExist(findTestObject("Add Account/Main Phone Number"), 30): Element 'Object Repository/Add Account/Main Phone Number' is exist

04-04-2024T14:38:23 - [MESSAGE][PASSED] - Element 'Object Repository/Add Account/Main Phone Number' is exist

04-04-2024T14:38:23 - [TEST_STEP][PASSED] - bool_AccountInfo && bool_AccountName && bool_MainPhoneNumber == true: null

04-04-2024T14:38:23 - [TEST_STEP][PASSED] - takeScreenshot(): Screenshot is taken

04-04-2024T14:38:25 - [MESSAGE][PASSED] - Screenshot is taken
[[ATTACHMENT|C:\\Users\\sushil.gaikwad\\git\\EguruSmart1\\Reports\\20240404_143243\\TataMotors\\20240404_143243\\1712221703736.png]]

04-04-2024T14:38:25 - [TEST_STEP][PASSED] - Bool_Offline = waitForElementPresent(findTestObject("LockScreen/NewPin/Offline Master Sync"), 5): Object Object Repository/LockScreen/NewPin/Offline Master Sync not found

04-04-2024T14:38:30 - [MESSAGE][WARNING] - Object Object Repository/LockScreen/NewPin/Offline Master Sync not found

04-04-2024T14:38:30 - [TEST_STEP][PASSED] - if (Bool_Offline == true): null

04-04-2024T14:38:30 - [TEST_STEP][PASSED] - tap(findTestObject("Add Account/Individual RadioButton"), 0): Tapped on element 'Object Repository/Add Account/Individual RadioButton'

04-04-2024T14:38:30 - [MESSAGE][WARNING] - Timeout '0' is invalid. Using default page load timeout: '30'

04-04-2024T14:38:31 - [MESSAGE][PASSED] - Tapped on element 'Object Repository/Add Account/Individual RadioButton'

04-04-2024T14:38:31 - [TEST_STEP][PASSED] - minRange = 1: null

04-04-2024T14:38:31 - [TEST_STEP][PASSED] - maxRange = 1000: null

04-04-2024T14:38:31 - [TEST_STEP][PASSED] - randomInt = current().nextInt(minRange, maxRange + 1): null

04-04-2024T14:38:31 - [TEST_STEP][PASSED] - Result = $str_AccountName $randomInt: null

04-04-2024T14:38:31 - [TEST_STEP][PASSED] - tap(findTestObject("Add Account/Account Name"), 0): Tapped on element 'Object Repository/Add Account/Account Name'

04-04-2024T14:38:31 - [MESSAGE][WARNING] - Timeout '0' is invalid. Using default page load timeout: '30'

04-04-2024T14:38:31 - [MESSAGE][PASSED] - Tapped on element 'Object Repository/Add Account/Account Name'

04-04-2024T14:38:31 - [TEST_STEP][PASSED] - setText(findTestObject("Add Account/Account Name"), Result, 0): Text 'Stepone main Office 163' has been set to element 'Object Repository/Add Account/Account Name'

04-04-2024T14:38:32 - [MESSAGE][WARNING] - Timeout '0' is invalid. Using default page load timeout: '30'

04-04-2024T14:38:33 - [MESSAGE][PASSED] - Text 'Stepone main Office 163' has been set to element 'Object Repository/Add Account/Account Name'

04-04-2024T14:38:33 - [TEST_STEP][PASSED] - hideKeyboard(): Keyboard is hidden

04-04-2024T14:38:35 - [MESSAGE][PASSED] - Keyboard is hidden

04-04-2024T14:38:35 - [TEST_STEP][PASSED] - tap(findTestObject("Add Account/Main Phone Number"), 0): Tapped on element 'Object Repository/Add Account/Main Phone Number'

04-04-2024T14:38:35 - [MESSAGE][WARNING] - Timeout '0' is invalid. Using default page load timeout: '30'

04-04-2024T14:38:36 - [MESSAGE][PASSED] - Tapped on element 'Object Repository/Add Account/Main Phone Number'

04-04-2024T14:38:36 - [TEST_STEP][PASSED] - setText(findTestObject("Add Account/Main Phone Number"), str_MainMobileNo, 0): Text '9988667890' has been set to element 'Object Repository/Add Account/Main Phone Number'

04-04-2024T14:38:36 - [MESSAGE][WARNING] - Timeout '0' is invalid. Using default page load timeout: '30'

04-04-2024T14:38:38 - [MESSAGE][PASSED] - Text '9988667890' has been set to element 'Object Repository/Add Account/Main Phone Number'

04-04-2024T14:38:38 - [TEST_STEP][PASSED] - hideKeyboard(): Keyboard is hidden

04-04-2024T14:38:42 - [MESSAGE][PASSED] - Keyboard is hidden

04-04-2024T14:38:42 - [TEST_STEP][PASSED] - tap(findTestObject("Primery Details/Address Details/NextButton"), 0): Tapped on element 'Object Repository/Primery Details/Address Details/NextButton'

04-04-2024T14:38:42 - [MESSAGE][WARNING] - Timeout '0' is invalid. Using default page load timeout: '30'

04-04-2024T14:38:43 - [MESSAGE][PASSED] - Tapped on element 'Object Repository/Primery Details/Address Details/NextButton'

04-04-2024T14:38:43 - [TEST_STEP][PASSED] - bool_Pincode = verifyElementExist(findTestObject("Primery Details/Address Details/Pincode"), 30): Element 'Object Repository/Primery Details/Address Details/Pincode' is exist

04-04-2024T14:38:44 - [MESSAGE][PASSED] - Element 'Object Repository/Primery Details/Address Details/Pincode' is exist

04-04-2024T14:38:44 - [TEST_STEP][PASSED] - takeScreenshot(): Screenshot is taken

04-04-2024T14:38:45 - [MESSAGE][PASSED] - Screenshot is taken
[[ATTACHMENT|C:\\Users\\sushil.gaikwad\\git\\EguruSmart1\\Reports\\20240404_143243\\TataMotors\\20240404_143243\\1712221724071.png]]

04-04-2024T14:38:45 - [TEST_STEP][PASSED] - tap(findTestObject("Primery Details/Address Details/Pincode"), 0): Tapped on element 'Object Repository/Primery Details/Address Details/Pincode'

04-04-2024T14:38:45 - [MESSAGE][WARNING] - Timeout '0' is invalid. Using default page load timeout: '30'

04-04-2024T14:38:46 - [MESSAGE][PASSED] - Tapped on element 'Object Repository/Primery Details/Address Details/Pincode'

04-04-2024T14:38:46 - [TEST_STEP][PASSED] - setText(findTestObject("Primery Details/Address Details/Pincode"), str_Pincode, 0): Text '410210' has been set to element 'Object Repository/Primery Details/Address Details/Pincode'

04-04-2024T14:38:46 - [MESSAGE][WARNING] - Timeout '0' is invalid. Using default page load timeout: '30'

04-04-2024T14:38:47 - [MESSAGE][PASSED] - Text '410210' has been set to element 'Object Repository/Primery Details/Address Details/Pincode'

04-04-2024T14:38:47 - [TEST_STEP][PASSED] - hideKeyboard(): Keyboard is hidden

04-04-2024T14:38:49 - [MESSAGE][PASSED] - Keyboard is hidden

04-04-2024T14:38:49 - [TEST_STEP][PASSED] - Bool_Pin = waitForElementPresent(findTestObject("NewObject/Searched PinCodeTC3"), 2): Object Object Repository/NewObject/Searched PinCodeTC3 not found

04-04-2024T14:38:51 - [MESSAGE][WARNING] - Object Object Repository/NewObject/Searched PinCodeTC3 not found

04-04-2024T14:38:51 - [TEST_STEP][PASSED] - if (Bool_Pin == true): null

04-04-2024T14:38:51 - [TEST_STEP][FAILED] - tap(findTestObject("NewObject/DropDownDistrict"), 0, STOP_ON_FAILURE): Failed to tap on element 'Object Repository/NewObject/DropDownDistrict' (Root cause: com.kms.katalon.core.exception.StepFailedException: Failed to tap on element 'Object Repository/NewObject/DropDownDistrict'
	at com.kms.katalon.core.mobile.keyword.internal.MobileKeywordMain.stepFailed(MobileKeywordMain.groovy:38)
	at com.kms.katalon.core.mobile.keyword.internal.MobileKeywordMain.runKeyword(MobileKeywordMain.groovy:21)
	at com.kms.katalon.core.mobile.keyword.builtin.TapKeyword.tap(TapKeyword.groovy:51)
	at com.kms.katalon.core.mobile.keyword.builtin.TapKeyword.execute(TapKeyword.groovy:35)
	at com.kms.katalon.core.keyword.internal.KeywordExecutor.executeKeywordForPlatform(KeywordExecutor.groovy:74)
	at com.kms.katalon.core.mobile.keyword.MobileBuiltInKeywords.tap(MobileBuiltInKeywords.groovy:1476)
	at TC_03 -Add Account.run(TC_03 -Add Account:106)
	at com.kms.katalon.core.main.ScriptEngine.run(ScriptEngine.java:194)
	at com.kms.katalon.core.main.ScriptEngine.runScriptAsRawText(ScriptEngine.java:119)
	at com.kms.katalon.core.main.TestCaseExecutor.runScript(TestCaseExecutor.java:448)
	at com.kms.katalon.core.main.TestCaseExecutor.doExecute(TestCaseExecutor.java:439)
	at com.kms.katalon.core.main.TestCaseExecutor.processExecutionPhase(TestCaseExecutor.java:418)
	at com.kms.katalon.core.main.TestCaseExecutor.accessMainPhase(TestCaseExecutor.java:410)
	at com.kms.katalon.core.main.TestCaseExecutor.execute(TestCaseExecutor.java:285)
	at com.kms.katalon.core.common.CommonExecutor.accessTestCaseMainPhase(CommonExecutor.java:65)
	at com.kms.katalon.core.main.TestSuiteExecutor.accessTestSuiteMainPhase(TestSuiteExecutor.java:148)
	at com.kms.katalon.core.main.TestSuiteExecutor.execute(TestSuiteExecutor.java:106)
	at com.kms.katalon.core.main.TestCaseMain.startTestSuite(TestCaseMain.java:180)
	at TempTestSuite1712221363141.run(TempTestSuite1712221363141.groovy:35)
	at java.base/jdk.internal.reflect.NativeMethodAccessorImpl.invoke0(Native Method)
	at java.base/jdk.internal.reflect.NativeMethodAccessorImpl.invoke(NativeMethodAccessorImpl.java:77)
	at java.base/jdk.internal.reflect.DelegatingMethodAccessorImpl.invoke(DelegatingMethodAccessorImpl.java:43)
Caused by: com.kms.katalon.core.exception.StepFailedException: Object Object Repository/NewObject/DropDownDistrict not found
	at com.kms.katalon.core.mobile.keyword.internal.MobileKeywordMain.stepFailed(MobileKeywordMain.groovy:38)
	at com.kms.katalon.core.mobile.keyword.builtin.TapKeyword$_tap_closure1.doCall(TapKeyword.groovy:46)
	at com.kms.katalon.core.mobile.keyword.builtin.TapKeyword$_tap_closure1.call(TapKeyword.groovy)
	at com.kms.katalon.core.mobile.keyword.internal.MobileKeywordMain.runKeyword(MobileKeywordMain.groovy:19)
	... 20 more
)

04-04-2024T14:38:51 - [MESSAGE][WARNING] - Timeout '0' is invalid. Using default page load timeout: '30'

04-04-2024T14:39:26 - [MESSAGE][FAILED] - Object Object Repository/NewObject/DropDownDistrict not found (Root cause: com.kms.katalon.core.exception.StepFailedException: Object Object Repository/NewObject/DropDownDistrict not found
	at com.kms.katalon.core.mobile.keyword.internal.MobileKeywordMain.stepFailed(MobileKeywordMain.groovy:38)
	at com.kms.katalon.core.mobile.keyword.builtin.TapKeyword$_tap_closure1.doCall(TapKeyword.groovy:46)
	at com.kms.katalon.core.mobile.keyword.builtin.TapKeyword$_tap_closure1.call(TapKeyword.groovy)
	at com.kms.katalon.core.mobile.keyword.internal.MobileKeywordMain.runKeyword(MobileKeywordMain.groovy:19)
	at com.kms.katalon.core.mobile.keyword.builtin.TapKeyword.tap(TapKeyword.groovy:51)
	at com.kms.katalon.core.mobile.keyword.builtin.TapKeyword.execute(TapKeyword.groovy:35)
	at com.kms.katalon.core.keyword.internal.KeywordExecutor.executeKeywordForPlatform(KeywordExecutor.groovy:74)
	at com.kms.katalon.core.mobile.keyword.MobileBuiltInKeywords.tap(MobileBuiltInKeywords.groovy:1476)
	at TC_03 -Add Account.run(TC_03 -Add Account:106)
	at com.kms.katalon.core.main.ScriptEngine.run(ScriptEngine.java:194)
	at com.kms.katalon.core.main.ScriptEngine.runScriptAsRawText(ScriptEngine.java:119)
	at com.kms.katalon.core.main.TestCaseExecutor.runScript(TestCaseExecutor.java:448)
	at com.kms.katalon.core.main.TestCaseExecutor.doExecute(TestCaseExecutor.java:439)
	at com.kms.katalon.core.main.TestCaseExecutor.processExecutionPhase(TestCaseExecutor.java:418)
	at com.kms.katalon.core.main.TestCaseExecutor.accessMainPhase(TestCaseExecutor.java:410)
	at com.kms.katalon.core.main.TestCaseExecutor.execute(TestCaseExecutor.java:285)
	at com.kms.katalon.core.common.CommonExecutor.accessTestCaseMainPhase(CommonExecutor.java:65)
	at com.kms.katalon.core.main.TestSuiteExecutor.accessTestSuiteMainPhase(TestSuiteExecutor.java:148)
	at com.kms.katalon.core.main.TestSuiteExecutor.execute(TestSuiteExecutor.java:106)
	at com.kms.katalon.core.main.TestCaseMain.startTestSuite(TestCaseMain.java:180)
	at TempTestSuite1712221363141.run(TempTestSuite1712221363141.groovy:35)
	at java.base/jdk.internal.reflect.NativeMethodAccessorImpl.invoke0(Native Method)
	at java.base/jdk.internal.reflect.NativeMethodAccessorImpl.invoke(NativeMethodAccessorImpl.java:77)
	at java.base/jdk.internal.reflect.DelegatingMethodAccessorImpl.invoke(DelegatingMethodAccessorImpl.java:43)
)
[[ATTACHMENT|C:\\Users\\sushil.gaikwad\\git\\EguruSmart1\\Reports\\20240404_143243\\TataMotors\\20240404_143243\\1712221762237.png]]

04-04-2024T14:39:30 - [MESSAGE][FAILED] - Failed to tap on element 'Object Repository/NewObject/DropDownDistrict' (Root cause: com.kms.katalon.core.exception.StepFailedException: Failed to tap on element 'Object Repository/NewObject/DropDownDistrict'
	at com.kms.katalon.core.mobile.keyword.internal.MobileKeywordMain.stepFailed(MobileKeywordMain.groovy:38)
	at com.kms.katalon.core.mobile.keyword.internal.MobileKeywordMain.runKeyword(MobileKeywordMain.groovy:21)
	at com.kms.katalon.core.mobile.keyword.builtin.TapKeyword.tap(TapKeyword.groovy:51)
	at com.kms.katalon.core.mobile.keyword.builtin.TapKeyword.execute(TapKeyword.groovy:35)
	at com.kms.katalon.core.keyword.internal.KeywordExecutor.executeKeywordForPlatform(KeywordExecutor.groovy:74)
	at com.kms.katalon.core.mobile.keyword.MobileBuiltInKeywords.tap(MobileBuiltInKeywords.groovy:1476)
	at TC_03 -Add Account.run(TC_03 -Add Account:106)
	at com.kms.katalon.core.main.ScriptEngine.run(ScriptEngine.java:194)
	at com.kms.katalon.core.main.ScriptEngine.runScriptAsRawText(ScriptEngine.java:119)
	at com.kms.katalon.core.main.TestCaseExecutor.runScript(TestCaseExecutor.java:448)
	at com.kms.katalon.core.main.TestCaseExecutor.doExecute(TestCaseExecutor.java:439)
	at com.kms.katalon.core.main.TestCaseExecutor.processExecutionPhase(TestCaseExecutor.java:418)
	at com.kms.katalon.core.main.TestCaseExecutor.accessMainPhase(TestCaseExecutor.java:410)
	at com.kms.katalon.core.main.TestCaseExecutor.execute(TestCaseExecutor.java:285)
	at com.kms.katalon.core.common.CommonExecutor.accessTestCaseMainPhase(CommonExecutor.java:65)
	at com.kms.katalon.core.main.TestSuiteExecutor.accessTestSuiteMainPhase(TestSuiteExecutor.java:148)
	at com.kms.katalon.core.main.TestSuiteExecutor.execute(TestSuiteExecutor.java:106)
	at com.kms.katalon.core.main.TestCaseMain.startTestSuite(TestCaseMain.java:180)
	at TempTestSuite1712221363141.run(TempTestSuite1712221363141.groovy:35)
	at java.base/jdk.internal.reflect.NativeMethodAccessorImpl.invoke0(Native Method)
	at java.base/jdk.internal.reflect.NativeMethodAccessorImpl.invoke(NativeMethodAccessorImpl.java:77)
	at java.base/jdk.internal.reflect.DelegatingMethodAccessorImpl.invoke(DelegatingMethodAccessorImpl.java:43)
Caused by: com.kms.katalon.core.exception.StepFailedException: Object Object Repository/NewObject/DropDownDistrict not found
	at com.kms.katalon.core.mobile.keyword.internal.MobileKeywordMain.stepFailed(MobileKeywordMain.groovy:38)
	at com.kms.katalon.core.mobile.keyword.builtin.TapKeyword$_tap_closure1.doCall(TapKeyword.groovy:46)
	at com.kms.katalon.core.mobile.keyword.builtin.TapKeyword$_tap_closure1.call(TapKeyword.groovy)
	at com.kms.katalon.core.mobile.keyword.internal.MobileKeywordMain.runKeyword(MobileKeywordMain.groovy:19)
	... 20 more
)
[[ATTACHMENT|C:\\Users\\sushil.gaikwad\\git\\EguruSmart1\\Reports\\20240404_143243\\TataMotors\\20240404_143243\\1712221766678.png]]]]></system-out>
         <system-err><![CDATA[04-04-2024T14:37:40 - [TEST_CASE][FAILED] - Test Cases/TC/TC_03 -Add Account: Test Cases/TC/TC_03 -Add Account FAILED.
Reason:
com.kms.katalon.core.exception.StepFailedException: Failed to tap on element 'Object Repository/NewObject/DropDownDistrict'
	at com.kms.katalon.core.mobile.keyword.internal.MobileKeywordMain.stepFailed(MobileKeywordMain.groovy:38)
	at com.kms.katalon.core.mobile.keyword.internal.MobileKeywordMain.runKeyword(MobileKeywordMain.groovy:21)
	at com.kms.katalon.core.mobile.keyword.builtin.TapKeyword.tap(TapKeyword.groovy:51)
	at com.kms.katalon.core.mobile.keyword.builtin.TapKeyword.execute(TapKeyword.groovy:35)
	at com.kms.katalon.core.keyword.internal.KeywordExecutor.executeKeywordForPlatform(KeywordExecutor.groovy:74)
	at com.kms.katalon.core.mobile.keyword.MobileBuiltInKeywords.tap(MobileBuiltInKeywords.groovy:1476)
	at TC_03 -Add Account.run(TC_03 -Add Account:106)
	at com.kms.katalon.core.main.ScriptEngine.run(ScriptEngine.java:194)
	at com.kms.katalon.core.main.ScriptEngine.runScriptAsRawText(ScriptEngine.java:119)
	at com.kms.katalon.core.main.TestCaseExecutor.runScript(TestCaseExecutor.java:448)
	at com.kms.katalon.core.main.TestCaseExecutor.doExecute(TestCaseExecutor.java:439)
	at com.kms.katalon.core.main.TestCaseExecutor.processExecutionPhase(TestCaseExecutor.java:418)
	at com.kms.katalon.core.main.TestCaseExecutor.accessMainPhase(TestCaseExecutor.java:410)
	at com.kms.katalon.core.main.TestCaseExecutor.execute(TestCaseExecutor.java:285)
	at com.kms.katalon.core.common.CommonExecutor.accessTestCaseMainPhase(CommonExecutor.java:65)
	at com.kms.katalon.core.main.TestSuiteExecutor.accessTestSuiteMainPhase(TestSuiteExecutor.java:148)
	at com.kms.katalon.core.main.TestSuiteExecutor.execute(TestSuiteExecutor.java:106)
	at com.kms.katalon.core.main.TestCaseMain.startTestSuite(TestCaseMain.java:180)
	at TempTestSuite1712221363141.run(TempTestSuite1712221363141.groovy:35)
	at java.base/jdk.internal.reflect.NativeMethodAccessorImpl.invoke0(Native Method)
	at java.base/jdk.internal.reflect.NativeMethodAccessorImpl.invoke(NativeMethodAccessorImpl.java:77)
	at java.base/jdk.internal.reflect.DelegatingMethodAccessorImpl.invoke(DelegatingMethodAccessorImpl.java:43)
Caused by: com.kms.katalon.core.exception.StepFailedException: Object Object Repository/NewObject/DropDownDistrict not found
	at com.kms.katalon.core.mobile.keyword.internal.MobileKeywordMain.stepFailed(MobileKeywordMain.groovy:38)
	at com.kms.katalon.core.mobile.keyword.builtin.TapKeyword$_tap_closure1.doCall(TapKeyword.groovy:46)
	at com.kms.katalon.core.mobile.keyword.builtin.TapKeyword$_tap_closure1.call(TapKeyword.groovy)
	at com.kms.katalon.core.mobile.keyword.internal.MobileKeywordMain.runKeyword(MobileKeywordMain.groovy:19)
	... 20 more]]></system-err>
      </testcase>
      <testcase name="Test Cases/TC/TC_04 -Add Influencer" time="112.835" classname="Test Cases/TC/TC_04 -Add Influencer" status="FAILED">
         <failure type="FAILED" message="Test Cases/TC/TC_04 -Add Influencer FAILED.&#xa;Reason:&#xa;com.kms.katalon.core.exception.StepFailedException: Failed to tap on element 'Object Repository/NewObject/DropDownSearchedDistrict'&#xa;	at com.kms.katalon.core.mobile.keyword.internal.MobileKeywordMain.stepFailed(MobileKeywordMain.groovy:38)&#xa;	at com.kms.katalon.core.mobile.keyword.internal.MobileKeywordMain.runKeyword(MobileKeywordMain.groovy:21)&#xa;	at com.kms.katalon.core.mobile.keyword.builtin.TapKeyword.tap(TapKeyword.groovy:51)&#xa;	at com.kms.katalon.core.mobile.keyword.builtin.TapKeyword.execute(TapKeyword.groovy:35)&#xa;	at com.kms.katalon.core.keyword.internal.KeywordExecutor.executeKeywordForPlatform(KeywordExecutor.groovy:74)&#xa;	at com.kms.katalon.core.mobile.keyword.MobileBuiltInKeywords.tap(MobileBuiltInKeywords.groovy:1476)&#xa;	at TC_04 -Add Influencer.run(TC_04 -Add Influencer:113)&#xa;	at com.kms.katalon.core.main.ScriptEngine.run(ScriptEngine.java:194)&#xa;	at com.kms.katalon.core.main.ScriptEngine.runScriptAsRawText(ScriptEngine.java:119)&#xa;	at com.kms.katalon.core.main.TestCaseExecutor.runScript(TestCaseExecutor.java:448)&#xa;	at com.kms.katalon.core.main.TestCaseExecutor.doExecute(TestCaseExecutor.java:439)&#xa;	at com.kms.katalon.core.main.TestCaseExecutor.processExecutionPhase(TestCaseExecutor.java:418)&#xa;	at com.kms.katalon.core.main.TestCaseExecutor.accessMainPhase(TestCaseExecutor.java:410)&#xa;	at com.kms.katalon.core.main.TestCaseExecutor.execute(TestCaseExecutor.java:285)&#xa;	at com.kms.katalon.core.common.CommonExecutor.accessTestCaseMainPhase(CommonExecutor.java:65)&#xa;	at com.kms.katalon.core.main.TestSuiteExecutor.accessTestSuiteMainPhase(TestSuiteExecutor.java:148)&#xa;	at com.kms.katalon.core.main.TestSuiteExecutor.execute(TestSuiteExecutor.java:106)&#xa;	at com.kms.katalon.core.main.TestCaseMain.startTestSuite(TestCaseMain.java:180)&#xa;	at TempTestSuite1712221363141.run(TempTestSuite1712221363141.groovy:35)&#xa;	at java.base/jdk.internal.reflect.NativeMethodAccessorImpl.invoke0(Native Method)&#xa;	at java.base/jdk.internal.reflect.NativeMethodAccessorImpl.invoke(NativeMethodAccessorImpl.java:77)&#xa;	at java.base/jdk.internal.reflect.DelegatingMethodAccessorImpl.invoke(DelegatingMethodAccessorImpl.java:43)&#xa;Caused by: com.kms.katalon.core.exception.StepFailedException: Object Object Repository/NewObject/DropDownSearchedDistrict not found&#xa;	at com.kms.katalon.core.mobile.keyword.internal.MobileKeywordMain.stepFailed(MobileKeywordMain.groovy:38)&#xa;	at com.kms.katalon.core.mobile.keyword.builtin.TapKeyword$_tap_closure1.doCall(TapKeyword.groovy:46)&#xa;	at com.kms.katalon.core.mobile.keyword.builtin.TapKeyword$_tap_closure1.call(TapKeyword.groovy)&#xa;	at com.kms.katalon.core.mobile.keyword.internal.MobileKeywordMain.runKeyword(MobileKeywordMain.groovy:19)&#xa;	... 20 more&#xa;"/>
         <system-out><![CDATA[04-04-2024T14:39:30 - [TEST_CASE][FAILED] - Test Cases/TC/TC_04 -Add Influencer: Test Cases/TC/TC_04 -Add Influencer FAILED.
Reason:
com.kms.katalon.core.exception.StepFailedException: Failed to tap on element 'Object Repository/NewObject/DropDownSearchedDistrict'
	at com.kms.katalon.core.mobile.keyword.internal.MobileKeywordMain.stepFailed(MobileKeywordMain.groovy:38)
	at com.kms.katalon.core.mobile.keyword.internal.MobileKeywordMain.runKeyword(MobileKeywordMain.groovy:21)
	at com.kms.katalon.core.mobile.keyword.builtin.TapKeyword.tap(TapKeyword.groovy:51)
	at com.kms.katalon.core.mobile.keyword.builtin.TapKeyword.execute(TapKeyword.groovy:35)
	at com.kms.katalon.core.keyword.internal.KeywordExecutor.executeKeywordForPlatform(KeywordExecutor.groovy:74)
	at com.kms.katalon.core.mobile.keyword.MobileBuiltInKeywords.tap(MobileBuiltInKeywords.groovy:1476)
	at TC_04 -Add Influencer.run(TC_04 -Add Influencer:113)
	at com.kms.katalon.core.main.ScriptEngine.run(ScriptEngine.java:194)
	at com.kms.katalon.core.main.ScriptEngine.runScriptAsRawText(ScriptEngine.java:119)
	at com.kms.katalon.core.main.TestCaseExecutor.runScript(TestCaseExecutor.java:448)
	at com.kms.katalon.core.main.TestCaseExecutor.doExecute(TestCaseExecutor.java:439)
	at com.kms.katalon.core.main.TestCaseExecutor.processExecutionPhase(TestCaseExecutor.java:418)
	at com.kms.katalon.core.main.TestCaseExecutor.accessMainPhase(TestCaseExecutor.java:410)
	at com.kms.katalon.core.main.TestCaseExecutor.execute(TestCaseExecutor.java:285)
	at com.kms.katalon.core.common.CommonExecutor.accessTestCaseMainPhase(CommonExecutor.java:65)
	at com.kms.katalon.core.main.TestSuiteExecutor.accessTestSuiteMainPhase(TestSuiteExecutor.java:148)
	at com.kms.katalon.core.main.TestSuiteExecutor.execute(TestSuiteExecutor.java:106)
	at com.kms.katalon.core.main.TestCaseMain.startTestSuite(TestCaseMain.java:180)
	at TempTestSuite1712221363141.run(TempTestSuite1712221363141.groovy:35)
	at java.base/jdk.internal.reflect.NativeMethodAccessorImpl.invoke0(Native Method)
	at java.base/jdk.internal.reflect.NativeMethodAccessorImpl.invoke(NativeMethodAccessorImpl.java:77)
	at java.base/jdk.internal.reflect.DelegatingMethodAccessorImpl.invoke(DelegatingMethodAccessorImpl.java:43)
Caused by: com.kms.katalon.core.exception.StepFailedException: Object Object Repository/NewObject/DropDownSearchedDistrict not found
	at com.kms.katalon.core.mobile.keyword.internal.MobileKeywordMain.stepFailed(MobileKeywordMain.groovy:38)
	at com.kms.katalon.core.mobile.keyword.builtin.TapKeyword$_tap_closure1.doCall(TapKeyword.groovy:46)
	at com.kms.katalon.core.mobile.keyword.builtin.TapKeyword$_tap_closure1.call(TapKeyword.groovy)
	at com.kms.katalon.core.mobile.keyword.internal.MobileKeywordMain.runKeyword(MobileKeywordMain.groovy:19)
	... 20 more


04-04-2024T14:39:31 - [TEST_STEP][PASSED] - callTestCase(findTestCase("CommenWorkflows/Login"), ["Str_URL":"C:\Users\sushil.gaikwad\git\EguruSmart1\Application\app-release (4).apk", "Str_Username":"DUSER145", "Str_Password":"Soct#2023", ... ], STOP_ON_FAILURE): Call Test Case 'Test Cases/CommenWorkflows/Login' successfully

04-04-2024T14:39:31 - [TEST_CASE][PASSED] - Test Cases/CommenWorkflows/Login: Test Cases/CommenWorkflows/Login

04-04-2024T14:39:31 - [TEST_STEP][PASSED] - startApplication(Str_URL, false): Started app at: 'C:\Users\sushil.gaikwad\git\EguruSmart1\Application\app-release (4).apk'

04-04-2024T14:39:31 - [MESSAGE][INFO] - User set preference: ['deviceId', 'R9ZT10H9Y2L']

04-04-2024T14:39:43 - [MESSAGE][PASSED] - Started app at: 'C:\Users\sushil.gaikwad\git\EguruSmart1\Application\app-release (4).apk'

04-04-2024T14:39:43 - [TEST_STEP][PASSED] - Bool_Username = waitForElementPresent(findTestObject("LockScreen/UsernaneText"), 10): Object Object Repository/LockScreen/UsernaneText not found

04-04-2024T14:39:53 - [MESSAGE][WARNING] - Object Object Repository/LockScreen/UsernaneText not found

04-04-2024T14:39:53 - [TEST_STEP][PASSED] - if (Bool_Username == true): null

04-04-2024T14:39:53 - [TEST_STEP][PASSED] - else: Tapped on element 'Object Repository/LockScreen/LoginButton'

04-04-2024T14:39:53 - [TEST_STEP][PASSED] - tap(findTestObject("LockScreen/Tap1"), 0): Tapped on element 'Object Repository/LockScreen/Tap1'

04-04-2024T14:39:53 - [MESSAGE][WARNING] - Timeout '0' is invalid. Using default page load timeout: '30'

04-04-2024T14:39:58 - [MESSAGE][PASSED] - Tapped on element 'Object Repository/LockScreen/Tap1'

04-04-2024T14:39:58 - [TEST_STEP][PASSED] - setText(findTestObject("LockScreen/Text1"), "1", 0): Text '1' has been set to element 'Object Repository/LockScreen/Text1'

04-04-2024T14:39:58 - [MESSAGE][WARNING] - Timeout '0' is invalid. Using default page load timeout: '30'

04-04-2024T14:39:59 - [MESSAGE][PASSED] - Text '1' has been set to element 'Object Repository/LockScreen/Text1'

04-04-2024T14:39:59 - [TEST_STEP][PASSED] - setText(findTestObject("LockScreen/Text2"), "2", 0): Text '2' has been set to element 'Object Repository/LockScreen/Text2'

04-04-2024T14:39:59 - [MESSAGE][WARNING] - Timeout '0' is invalid. Using default page load timeout: '30'

04-04-2024T14:40:01 - [MESSAGE][PASSED] - Text '2' has been set to element 'Object Repository/LockScreen/Text2'

04-04-2024T14:40:01 - [TEST_STEP][PASSED] - setText(findTestObject("LockScreen/Text3"), "3", 0): Text '3' has been set to element 'Object Repository/LockScreen/Text3'

04-04-2024T14:40:01 - [MESSAGE][WARNING] - Timeout '0' is invalid. Using default page load timeout: '30'

04-04-2024T14:40:02 - [MESSAGE][PASSED] - Text '3' has been set to element 'Object Repository/LockScreen/Text3'

04-04-2024T14:40:02 - [TEST_STEP][PASSED] - setText(findTestObject("LockScreen/Text4"), "4", 0): Text '4' has been set to element 'Object Repository/LockScreen/Text4'

04-04-2024T14:40:02 - [MESSAGE][WARNING] - Timeout '0' is invalid. Using default page load timeout: '30'

04-04-2024T14:40:03 - [MESSAGE][PASSED] - Text '4' has been set to element 'Object Repository/LockScreen/Text4'

04-04-2024T14:40:03 - [TEST_STEP][PASSED] - tap(findTestObject("LockScreen/LoginButton"), 0): Tapped on element 'Object Repository/LockScreen/LoginButton'

04-04-2024T14:40:03 - [MESSAGE][WARNING] - Timeout '0' is invalid. Using default page load timeout: '30'

04-04-2024T14:40:06 - [MESSAGE][PASSED] - Tapped on element 'Object Repository/LockScreen/LoginButton'

04-04-2024T14:40:06 - [MESSAGE][PASSED] - Call Test Case 'Test Cases/CommenWorkflows/Login' successfully

04-04-2024T14:40:06 - [TEST_STEP][PASSED] - verifyElementExist(findTestObject("TataMotars/HomeButton"), 10): Element 'Object Repository/TataMotars/HomeButton' is exist

04-04-2024T14:40:06 - [MESSAGE][PASSED] - Element 'Object Repository/TataMotars/HomeButton' is exist

04-04-2024T14:40:06 - [TEST_STEP][PASSED] - tap(findTestObject("TataMotars/PluseButton"), 0): Tapped on element 'Object Repository/TataMotars/PluseButton'

04-04-2024T14:40:06 - [MESSAGE][WARNING] - Timeout '0' is invalid. Using default page load timeout: '30'

04-04-2024T14:40:08 - [MESSAGE][PASSED] - Tapped on element 'Object Repository/TataMotars/PluseButton'

04-04-2024T14:40:08 - [TEST_STEP][PASSED] - bool_Opportunity = verifyElementExist(findTestObject("TataMotars/Pluse Button/OpportunityButton"), 0): Element 'Object Repository/TataMotars/Pluse Button/OpportunityButton' is exist

04-04-2024T14:40:08 - [MESSAGE][WARNING] - Timeout '0' is invalid. Using default page load timeout: '30'

04-04-2024T14:40:08 - [MESSAGE][PASSED] - Element 'Object Repository/TataMotars/Pluse Button/OpportunityButton' is exist

04-04-2024T14:40:08 - [TEST_STEP][PASSED] - bool_Account = verifyElementExist(findTestObject("TataMotars/Pluse Button/Account"), 0): Element 'Object Repository/TataMotars/Pluse Button/Account' is exist

04-04-2024T14:40:08 - [MESSAGE][WARNING] - Timeout '0' is invalid. Using default page load timeout: '30'

04-04-2024T14:40:09 - [MESSAGE][PASSED] - Element 'Object Repository/TataMotars/Pluse Button/Account' is exist

04-04-2024T14:40:09 - [TEST_STEP][PASSED] - bool_Customer = verifyElementExist(findTestObject("TataMotars/Pluse Button/Customer"), 0): Element 'Object Repository/TataMotars/Pluse Button/Customer' is exist

04-04-2024T14:40:09 - [MESSAGE][WARNING] - Timeout '0' is invalid. Using default page load timeout: '30'

04-04-2024T14:40:09 - [MESSAGE][PASSED] - Element 'Object Repository/TataMotars/Pluse Button/Customer' is exist

04-04-2024T14:40:09 - [TEST_STEP][PASSED] - bool_Influencer = verifyElementExist(findTestObject("TataMotars/Pluse Button/Influencer"), 0): Element 'Object Repository/TataMotars/Pluse Button/Influencer' is exist

04-04-2024T14:40:09 - [MESSAGE][WARNING] - Timeout '0' is invalid. Using default page load timeout: '30'

04-04-2024T14:40:09 - [MESSAGE][PASSED] - Element 'Object Repository/TataMotars/Pluse Button/Influencer' is exist

04-04-2024T14:40:09 - [TEST_STEP][PASSED] - bool_FollowUp = verifyElementExist(findTestObject("TataMotars/Pluse Button/Follow Up"), 0): Element 'Object Repository/TataMotars/Pluse Button/Follow Up' is exist

04-04-2024T14:40:09 - [MESSAGE][WARNING] - Timeout '0' is invalid. Using default page load timeout: '30'

04-04-2024T14:40:09 - [MESSAGE][PASSED] - Element 'Object Repository/TataMotars/Pluse Button/Follow Up' is exist

04-04-2024T14:40:09 - [TEST_STEP][PASSED] - bool_Opportunity && bool_Account && bool_Customer && bool_Influencer && bool_FollowUp == false: null

04-04-2024T14:40:09 - [TEST_STEP][PASSED] - takeScreenshot(): Screenshot is taken

04-04-2024T14:40:11 - [MESSAGE][PASSED] - Screenshot is taken
[[ATTACHMENT|C:\\Users\\sushil.gaikwad\\git\\EguruSmart1\\Reports\\20240404_143243\\TataMotors\\20240404_143243\\1712221809837.png]]

04-04-2024T14:40:11 - [TEST_STEP][PASSED] - tap(findTestObject("TataMotars/Pluse Button/Influencer"), 3): Tapped on element 'Object Repository/TataMotars/Pluse Button/Influencer'

04-04-2024T14:40:11 - [MESSAGE][PASSED] - Tapped on element 'Object Repository/TataMotars/Pluse Button/Influencer'

04-04-2024T14:40:11 - [TEST_STEP][PASSED] - bool_PrimaryDetails = verifyElementExist(findTestObject("Primery Details/Primary Details"), 10): Element 'Object Repository/Primery Details/Primary Details' is exist

04-04-2024T14:40:12 - [MESSAGE][PASSED] - Element 'Object Repository/Primery Details/Primary Details' is exist

04-04-2024T14:40:12 - [TEST_STEP][PASSED] - bool_PrimaryDetails == true: null

04-04-2024T14:40:12 - [TEST_STEP][PASSED] - takeScreenshot(): Screenshot is taken

04-04-2024T14:40:13 - [MESSAGE][PASSED] - Screenshot is taken
[[ATTACHMENT|C:\\Users\\sushil.gaikwad\\git\\EguruSmart1\\Reports\\20240404_143243\\TataMotors\\20240404_143243\\1712221812194.png]]

04-04-2024T14:40:13 - [TEST_STEP][PASSED] - tap(findTestObject("Primery Details/FirstName"), 0): Tapped on element 'Object Repository/Primery Details/FirstName'

04-04-2024T14:40:13 - [MESSAGE][WARNING] - Timeout '0' is invalid. Using default page load timeout: '30'

04-04-2024T14:40:14 - [MESSAGE][PASSED] - Tapped on element 'Object Repository/Primery Details/FirstName'

04-04-2024T14:40:14 - [TEST_STEP][PASSED] - setText(findTestObject("Primery Details/FirstName"), str_FirstName, 0): Text 'Step1' has been set to element 'Object Repository/Primery Details/FirstName'

04-04-2024T14:40:14 - [MESSAGE][WARNING] - Timeout '0' is invalid. Using default page load timeout: '30'

04-04-2024T14:40:16 - [MESSAGE][PASSED] - Text 'Step1' has been set to element 'Object Repository/Primery Details/FirstName'

04-04-2024T14:40:16 - [TEST_STEP][PASSED] - hideKeyboard(): Keyboard is hidden

04-04-2024T14:40:17 - [MESSAGE][PASSED] - Keyboard is hidden

04-04-2024T14:40:17 - [TEST_STEP][PASSED] - tap(findTestObject("Primery Details/LastName"), 0): Tapped on element 'Object Repository/Primery Details/LastName'

04-04-2024T14:40:18 - [MESSAGE][WARNING] - Timeout '0' is invalid. Using default page load timeout: '30'

04-04-2024T14:40:18 - [MESSAGE][PASSED] - Tapped on element 'Object Repository/Primery Details/LastName'

04-04-2024T14:40:18 - [TEST_STEP][PASSED] - setText(findTestObject("Primery Details/LastName"), str_LastName, 0): Text 'Test1' has been set to element 'Object Repository/Primery Details/LastName'

04-04-2024T14:40:19 - [MESSAGE][WARNING] - Timeout '0' is invalid. Using default page load timeout: '30'

04-04-2024T14:40:20 - [MESSAGE][PASSED] - Text 'Test1' has been set to element 'Object Repository/Primery Details/LastName'

04-04-2024T14:40:20 - [TEST_STEP][PASSED] - hideKeyboard(): Keyboard is hidden

04-04-2024T14:40:22 - [MESSAGE][PASSED] - Keyboard is hidden

04-04-2024T14:40:22 - [TEST_STEP][PASSED] - tap(findTestObject("Primery Details/MobileNumber"), 0): Tapped on element 'Object Repository/Primery Details/MobileNumber'

04-04-2024T14:40:22 - [MESSAGE][WARNING] - Timeout '0' is invalid. Using default page load timeout: '30'

04-04-2024T14:40:23 - [MESSAGE][PASSED] - Tapped on element 'Object Repository/Primery Details/MobileNumber'

04-04-2024T14:40:23 - [TEST_STEP][PASSED] - setText(findTestObject("Primery Details/MobileNumber"), str_MobileNumber, 0): Text '9976888963' has been set to element 'Object Repository/Primery Details/MobileNumber'

04-04-2024T14:40:23 - [MESSAGE][WARNING] - Timeout '0' is invalid. Using default page load timeout: '30'

04-04-2024T14:40:25 - [MESSAGE][PASSED] - Text '9976888963' has been set to element 'Object Repository/Primery Details/MobileNumber'

04-04-2024T14:40:25 - [TEST_STEP][PASSED] - hideKeyboard(): Keyboard is hidden

04-04-2024T14:40:29 - [MESSAGE][PASSED] - Keyboard is hidden

04-04-2024T14:40:29 - [TEST_STEP][PASSED] - takeScreenshot(): Screenshot is taken

04-04-2024T14:40:30 - [MESSAGE][PASSED] - Screenshot is taken
[[ATTACHMENT|C:\\Users\\sushil.gaikwad\\git\\EguruSmart1\\Reports\\20240404_143243\\TataMotors\\20240404_143243\\1712221829023.png]]

04-04-2024T14:40:30 - [TEST_STEP][PASSED] - Bool_BackButton = waitForElementPresent(findTestObject("Create Customer/Back Button"), 0): Element 'Object Repository/Create Customer/Back Button' is present

04-04-2024T14:40:30 - [MESSAGE][WARNING] - Timeout '0' is invalid. Using default page load timeout: '30'

04-04-2024T14:40:30 - [MESSAGE][PASSED] - Element 'Object Repository/Create Customer/Back Button' is present

04-04-2024T14:40:30 - [TEST_STEP][PASSED] - Bool_NextButton = waitForElementPresent(findTestObject("Vehicle information/NextButton"), 0): Element 'Object Repository/Vehicle information/NextButton' is present

04-04-2024T14:40:30 - [MESSAGE][WARNING] - Timeout '0' is invalid. Using default page load timeout: '30'

04-04-2024T14:40:30 - [MESSAGE][PASSED] - Element 'Object Repository/Vehicle information/NextButton' is present

04-04-2024T14:40:30 - [TEST_STEP][PASSED] - Bool_BackButton && Bool_NextButton == true: null

04-04-2024T14:40:30 - [TEST_STEP][PASSED] - takeScreenshot(): Screenshot is taken

04-04-2024T14:40:31 - [MESSAGE][PASSED] - Screenshot is taken
[[ATTACHMENT|C:\\Users\\sushil.gaikwad\\git\\EguruSmart1\\Reports\\20240404_143243\\TataMotors\\20240404_143243\\1712221830760.png]]

04-04-2024T14:40:31 - [TEST_STEP][PASSED] - tap(findTestObject("Primery Details/Enter InfluencerType"), 0): Tapped on element 'Object Repository/Primery Details/Enter InfluencerType'

04-04-2024T14:40:31 - [MESSAGE][WARNING] - Timeout '0' is invalid. Using default page load timeout: '30'

04-04-2024T14:40:32 - [MESSAGE][PASSED] - Tapped on element 'Object Repository/Primery Details/Enter InfluencerType'

04-04-2024T14:40:32 - [TEST_STEP][PASSED] - sendKeys(findTestObject("Create Customer/Influencer Type"), str_InfluencerType, STOP_ON_FAILURE): Send keys 'Advertisement' on test object 'Object Repository/Create Customer/Influencer Type' successfully.

04-04-2024T14:40:34 - [MESSAGE][PASSED] - Send keys 'Advertisement' on test object 'Object Repository/Create Customer/Influencer Type' successfully.

04-04-2024T14:40:34 - [TEST_STEP][PASSED] - hideKeyboard(): Keyboard is hidden

04-04-2024T14:40:36 - [MESSAGE][PASSED] - Keyboard is hidden

04-04-2024T14:40:36 - [TEST_STEP][PASSED] - takeScreenshot(): Screenshot is taken

04-04-2024T14:40:37 - [MESSAGE][PASSED] - Screenshot is taken
[[ATTACHMENT|C:\\Users\\sushil.gaikwad\\git\\EguruSmart1\\Reports\\20240404_143243\\TataMotors\\20240404_143243\\1712221836401.png]]

04-04-2024T14:40:37 - [TEST_STEP][PASSED] - tap(findTestObject("Primery Details/Address Details/NextButton"), 0): Tapped on element 'Object Repository/Primery Details/Address Details/NextButton'

04-04-2024T14:40:37 - [MESSAGE][WARNING] - Timeout '0' is invalid. Using default page load timeout: '30'

04-04-2024T14:40:38 - [MESSAGE][PASSED] - Tapped on element 'Object Repository/Primery Details/Address Details/NextButton'

04-04-2024T14:40:38 - [TEST_STEP][PASSED] - bool_Pincode = verifyElementExist(findTestObject("Primery Details/Address Details/Pincode"), 10): Element 'Object Repository/Primery Details/Address Details/Pincode' is exist

04-04-2024T14:40:39 - [MESSAGE][PASSED] - Element 'Object Repository/Primery Details/Address Details/Pincode' is exist

04-04-2024T14:40:39 - [TEST_STEP][PASSED] - bool_Pincode == true: null

04-04-2024T14:40:39 - [TEST_STEP][PASSED] - takeScreenshot(): Screenshot is taken

04-04-2024T14:40:40 - [MESSAGE][PASSED] - Screenshot is taken
[[ATTACHMENT|C:\\Users\\sushil.gaikwad\\git\\EguruSmart1\\Reports\\20240404_143243\\TataMotors\\20240404_143243\\1712221839049.png]]

04-04-2024T14:40:40 - [TEST_STEP][PASSED] - tap(findTestObject("Primery Details/Address Details/Pincode"), 0, STOP_ON_FAILURE): Tapped on element 'Object Repository/Primery Details/Address Details/Pincode'

04-04-2024T14:40:40 - [MESSAGE][WARNING] - Timeout '0' is invalid. Using default page load timeout: '30'

04-04-2024T14:40:40 - [MESSAGE][PASSED] - Tapped on element 'Object Repository/Primery Details/Address Details/Pincode'

04-04-2024T14:40:40 - [TEST_STEP][PASSED] - setText(findTestObject("Primery Details/Address Details/Pincode"), str_Pincode, 0): Text '795149' has been set to element 'Object Repository/Primery Details/Address Details/Pincode'

04-04-2024T14:40:40 - [MESSAGE][WARNING] - Timeout '0' is invalid. Using default page load timeout: '30'

04-04-2024T14:40:42 - [MESSAGE][PASSED] - Text '795149' has been set to element 'Object Repository/Primery Details/Address Details/Pincode'

04-04-2024T14:40:42 - [TEST_STEP][PASSED] - Bool_PinCode = waitForElementPresent(findTestObject("Address details/ClickPincodeNo"), 5): Object Object Repository/Address details/ClickPincodeNo not found

04-04-2024T14:40:47 - [MESSAGE][WARNING] - Object Object Repository/Address details/ClickPincodeNo not found

04-04-2024T14:40:47 - [TEST_STEP][PASSED] - if (Bool_PinCode == true): null

04-04-2024T14:40:47 - [TEST_STEP][PASSED] - hideKeyboard(): Keyboard is hidden

04-04-2024T14:40:49 - [MESSAGE][PASSED] - Keyboard is hidden

04-04-2024T14:40:49 - [TEST_STEP][PASSED] - tap(findTestObject("NewObject/DropDownDistrict"), 0, STOP_ON_FAILURE): Tapped on element 'Object Repository/NewObject/DropDownDistrict'

04-04-2024T14:40:49 - [MESSAGE][WARNING] - Timeout '0' is invalid. Using default page load timeout: '30'

04-04-2024T14:40:50 - [MESSAGE][PASSED] - Tapped on element 'Object Repository/NewObject/DropDownDistrict'

04-04-2024T14:40:50 - [TEST_STEP][FAILED] - tap(findTestObject("NewObject/DropDownSearchedDistrict"), 0, STOP_ON_FAILURE): Failed to tap on element 'Object Repository/NewObject/DropDownSearchedDistrict' (Root cause: com.kms.katalon.core.exception.StepFailedException: Failed to tap on element 'Object Repository/NewObject/DropDownSearchedDistrict'
	at com.kms.katalon.core.mobile.keyword.internal.MobileKeywordMain.stepFailed(MobileKeywordMain.groovy:38)
	at com.kms.katalon.core.mobile.keyword.internal.MobileKeywordMain.runKeyword(MobileKeywordMain.groovy:21)
	at com.kms.katalon.core.mobile.keyword.builtin.TapKeyword.tap(TapKeyword.groovy:51)
	at com.kms.katalon.core.mobile.keyword.builtin.TapKeyword.execute(TapKeyword.groovy:35)
	at com.kms.katalon.core.keyword.internal.KeywordExecutor.executeKeywordForPlatform(KeywordExecutor.groovy:74)
	at com.kms.katalon.core.mobile.keyword.MobileBuiltInKeywords.tap(MobileBuiltInKeywords.groovy:1476)
	at TC_04 -Add Influencer.run(TC_04 -Add Influencer:113)
	at com.kms.katalon.core.main.ScriptEngine.run(ScriptEngine.java:194)
	at com.kms.katalon.core.main.ScriptEngine.runScriptAsRawText(ScriptEngine.java:119)
	at com.kms.katalon.core.main.TestCaseExecutor.runScript(TestCaseExecutor.java:448)
	at com.kms.katalon.core.main.TestCaseExecutor.doExecute(TestCaseExecutor.java:439)
	at com.kms.katalon.core.main.TestCaseExecutor.processExecutionPhase(TestCaseExecutor.java:418)
	at com.kms.katalon.core.main.TestCaseExecutor.accessMainPhase(TestCaseExecutor.java:410)
	at com.kms.katalon.core.main.TestCaseExecutor.execute(TestCaseExecutor.java:285)
	at com.kms.katalon.core.common.CommonExecutor.accessTestCaseMainPhase(CommonExecutor.java:65)
	at com.kms.katalon.core.main.TestSuiteExecutor.accessTestSuiteMainPhase(TestSuiteExecutor.java:148)
	at com.kms.katalon.core.main.TestSuiteExecutor.execute(TestSuiteExecutor.java:106)
	at com.kms.katalon.core.main.TestCaseMain.startTestSuite(TestCaseMain.java:180)
	at TempTestSuite1712221363141.run(TempTestSuite1712221363141.groovy:35)
	at java.base/jdk.internal.reflect.NativeMethodAccessorImpl.invoke0(Native Method)
	at java.base/jdk.internal.reflect.NativeMethodAccessorImpl.invoke(NativeMethodAccessorImpl.java:77)
	at java.base/jdk.internal.reflect.DelegatingMethodAccessorImpl.invoke(DelegatingMethodAccessorImpl.java:43)
Caused by: com.kms.katalon.core.exception.StepFailedException: Object Object Repository/NewObject/DropDownSearchedDistrict not found
	at com.kms.katalon.core.mobile.keyword.internal.MobileKeywordMain.stepFailed(MobileKeywordMain.groovy:38)
	at com.kms.katalon.core.mobile.keyword.builtin.TapKeyword$_tap_closure1.doCall(TapKeyword.groovy:46)
	at com.kms.katalon.core.mobile.keyword.builtin.TapKeyword$_tap_closure1.call(TapKeyword.groovy)
	at com.kms.katalon.core.mobile.keyword.internal.MobileKeywordMain.runKeyword(MobileKeywordMain.groovy:19)
	... 20 more
)

04-04-2024T14:40:51 - [MESSAGE][WARNING] - Timeout '0' is invalid. Using default page load timeout: '30'

04-04-2024T14:41:22 - [MESSAGE][FAILED] - Object Object Repository/NewObject/DropDownSearchedDistrict not found (Root cause: com.kms.katalon.core.exception.StepFailedException: Object Object Repository/NewObject/DropDownSearchedDistrict not found
	at com.kms.katalon.core.mobile.keyword.internal.MobileKeywordMain.stepFailed(MobileKeywordMain.groovy:38)
	at com.kms.katalon.core.mobile.keyword.builtin.TapKeyword$_tap_closure1.doCall(TapKeyword.groovy:46)
	at com.kms.katalon.core.mobile.keyword.builtin.TapKeyword$_tap_closure1.call(TapKeyword.groovy)
	at com.kms.katalon.core.mobile.keyword.internal.MobileKeywordMain.runKeyword(MobileKeywordMain.groovy:19)
	at com.kms.katalon.core.mobile.keyword.builtin.TapKeyword.tap(TapKeyword.groovy:51)
	at com.kms.katalon.core.mobile.keyword.builtin.TapKeyword.execute(TapKeyword.groovy:35)
	at com.kms.katalon.core.keyword.internal.KeywordExecutor.executeKeywordForPlatform(KeywordExecutor.groovy:74)
	at com.kms.katalon.core.mobile.keyword.MobileBuiltInKeywords.tap(MobileBuiltInKeywords.groovy:1476)
	at TC_04 -Add Influencer.run(TC_04 -Add Influencer:113)
	at com.kms.katalon.core.main.ScriptEngine.run(ScriptEngine.java:194)
	at com.kms.katalon.core.main.ScriptEngine.runScriptAsRawText(ScriptEngine.java:119)
	at com.kms.katalon.core.main.TestCaseExecutor.runScript(TestCaseExecutor.java:448)
	at com.kms.katalon.core.main.TestCaseExecutor.doExecute(TestCaseExecutor.java:439)
	at com.kms.katalon.core.main.TestCaseExecutor.processExecutionPhase(TestCaseExecutor.java:418)
	at com.kms.katalon.core.main.TestCaseExecutor.accessMainPhase(TestCaseExecutor.java:410)
	at com.kms.katalon.core.main.TestCaseExecutor.execute(TestCaseExecutor.java:285)
	at com.kms.katalon.core.common.CommonExecutor.accessTestCaseMainPhase(CommonExecutor.java:65)
	at com.kms.katalon.core.main.TestSuiteExecutor.accessTestSuiteMainPhase(TestSuiteExecutor.java:148)
	at com.kms.katalon.core.main.TestSuiteExecutor.execute(TestSuiteExecutor.java:106)
	at com.kms.katalon.core.main.TestCaseMain.startTestSuite(TestCaseMain.java:180)
	at TempTestSuite1712221363141.run(TempTestSuite1712221363141.groovy:35)
	at java.base/jdk.internal.reflect.NativeMethodAccessorImpl.invoke0(Native Method)
	at java.base/jdk.internal.reflect.NativeMethodAccessorImpl.invoke(NativeMethodAccessorImpl.java:77)
	at java.base/jdk.internal.reflect.DelegatingMethodAccessorImpl.invoke(DelegatingMethodAccessorImpl.java:43)
)
[[ATTACHMENT|C:\\Users\\sushil.gaikwad\\git\\EguruSmart1\\Reports\\20240404_143243\\TataMotors\\20240404_143243\\1712221881280.png]]

04-04-2024T14:41:23 - [MESSAGE][FAILED] - Failed to tap on element 'Object Repository/NewObject/DropDownSearchedDistrict' (Root cause: com.kms.katalon.core.exception.StepFailedException: Failed to tap on element 'Object Repository/NewObject/DropDownSearchedDistrict'
	at com.kms.katalon.core.mobile.keyword.internal.MobileKeywordMain.stepFailed(MobileKeywordMain.groovy:38)
	at com.kms.katalon.core.mobile.keyword.internal.MobileKeywordMain.runKeyword(MobileKeywordMain.groovy:21)
	at com.kms.katalon.core.mobile.keyword.builtin.TapKeyword.tap(TapKeyword.groovy:51)
	at com.kms.katalon.core.mobile.keyword.builtin.TapKeyword.execute(TapKeyword.groovy:35)
	at com.kms.katalon.core.keyword.internal.KeywordExecutor.executeKeywordForPlatform(KeywordExecutor.groovy:74)
	at com.kms.katalon.core.mobile.keyword.MobileBuiltInKeywords.tap(MobileBuiltInKeywords.groovy:1476)
	at TC_04 -Add Influencer.run(TC_04 -Add Influencer:113)
	at com.kms.katalon.core.main.ScriptEngine.run(ScriptEngine.java:194)
	at com.kms.katalon.core.main.ScriptEngine.runScriptAsRawText(ScriptEngine.java:119)
	at com.kms.katalon.core.main.TestCaseExecutor.runScript(TestCaseExecutor.java:448)
	at com.kms.katalon.core.main.TestCaseExecutor.doExecute(TestCaseExecutor.java:439)
	at com.kms.katalon.core.main.TestCaseExecutor.processExecutionPhase(TestCaseExecutor.java:418)
	at com.kms.katalon.core.main.TestCaseExecutor.accessMainPhase(TestCaseExecutor.java:410)
	at com.kms.katalon.core.main.TestCaseExecutor.execute(TestCaseExecutor.java:285)
	at com.kms.katalon.core.common.CommonExecutor.accessTestCaseMainPhase(CommonExecutor.java:65)
	at com.kms.katalon.core.main.TestSuiteExecutor.accessTestSuiteMainPhase(TestSuiteExecutor.java:148)
	at com.kms.katalon.core.main.TestSuiteExecutor.execute(TestSuiteExecutor.java:106)
	at com.kms.katalon.core.main.TestCaseMain.startTestSuite(TestCaseMain.java:180)
	at TempTestSuite1712221363141.run(TempTestSuite1712221363141.groovy:35)
	at java.base/jdk.internal.reflect.NativeMethodAccessorImpl.invoke0(Native Method)
	at java.base/jdk.internal.reflect.NativeMethodAccessorImpl.invoke(NativeMethodAccessorImpl.java:77)
	at java.base/jdk.internal.reflect.DelegatingMethodAccessorImpl.invoke(DelegatingMethodAccessorImpl.java:43)
Caused by: com.kms.katalon.core.exception.StepFailedException: Object Object Repository/NewObject/DropDownSearchedDistrict not found
	at com.kms.katalon.core.mobile.keyword.internal.MobileKeywordMain.stepFailed(MobileKeywordMain.groovy:38)
	at com.kms.katalon.core.mobile.keyword.builtin.TapKeyword$_tap_closure1.doCall(TapKeyword.groovy:46)
	at com.kms.katalon.core.mobile.keyword.builtin.TapKeyword$_tap_closure1.call(TapKeyword.groovy)
	at com.kms.katalon.core.mobile.keyword.internal.MobileKeywordMain.runKeyword(MobileKeywordMain.groovy:19)
	... 20 more
)
[[ATTACHMENT|C:\\Users\\sushil.gaikwad\\git\\EguruSmart1\\Reports\\20240404_143243\\TataMotors\\20240404_143243\\1712221882230.png]]]]></system-out>
         <system-err><![CDATA[04-04-2024T14:39:30 - [TEST_CASE][FAILED] - Test Cases/TC/TC_04 -Add Influencer: Test Cases/TC/TC_04 -Add Influencer FAILED.
Reason:
com.kms.katalon.core.exception.StepFailedException: Failed to tap on element 'Object Repository/NewObject/DropDownSearchedDistrict'
	at com.kms.katalon.core.mobile.keyword.internal.MobileKeywordMain.stepFailed(MobileKeywordMain.groovy:38)
	at com.kms.katalon.core.mobile.keyword.internal.MobileKeywordMain.runKeyword(MobileKeywordMain.groovy:21)
	at com.kms.katalon.core.mobile.keyword.builtin.TapKeyword.tap(TapKeyword.groovy:51)
	at com.kms.katalon.core.mobile.keyword.builtin.TapKeyword.execute(TapKeyword.groovy:35)
	at com.kms.katalon.core.keyword.internal.KeywordExecutor.executeKeywordForPlatform(KeywordExecutor.groovy:74)
	at com.kms.katalon.core.mobile.keyword.MobileBuiltInKeywords.tap(MobileBuiltInKeywords.groovy:1476)
	at TC_04 -Add Influencer.run(TC_04 -Add Influencer:113)
	at com.kms.katalon.core.main.ScriptEngine.run(ScriptEngine.java:194)
	at com.kms.katalon.core.main.ScriptEngine.runScriptAsRawText(ScriptEngine.java:119)
	at com.kms.katalon.core.main.TestCaseExecutor.runScript(TestCaseExecutor.java:448)
	at com.kms.katalon.core.main.TestCaseExecutor.doExecute(TestCaseExecutor.java:439)
	at com.kms.katalon.core.main.TestCaseExecutor.processExecutionPhase(TestCaseExecutor.java:418)
	at com.kms.katalon.core.main.TestCaseExecutor.accessMainPhase(TestCaseExecutor.java:410)
	at com.kms.katalon.core.main.TestCaseExecutor.execute(TestCaseExecutor.java:285)
	at com.kms.katalon.core.common.CommonExecutor.accessTestCaseMainPhase(CommonExecutor.java:65)
	at com.kms.katalon.core.main.TestSuiteExecutor.accessTestSuiteMainPhase(TestSuiteExecutor.java:148)
	at com.kms.katalon.core.main.TestSuiteExecutor.execute(TestSuiteExecutor.java:106)
	at com.kms.katalon.core.main.TestCaseMain.startTestSuite(TestCaseMain.java:180)
	at TempTestSuite1712221363141.run(TempTestSuite1712221363141.groovy:35)
	at java.base/jdk.internal.reflect.NativeMethodAccessorImpl.invoke0(Native Method)
	at java.base/jdk.internal.reflect.NativeMethodAccessorImpl.invoke(NativeMethodAccessorImpl.java:77)
	at java.base/jdk.internal.reflect.DelegatingMethodAccessorImpl.invoke(DelegatingMethodAccessorImpl.java:43)
Caused by: com.kms.katalon.core.exception.StepFailedException: Object Object Repository/NewObject/DropDownSearchedDistrict not found
	at com.kms.katalon.core.mobile.keyword.internal.MobileKeywordMain.stepFailed(MobileKeywordMain.groovy:38)
	at com.kms.katalon.core.mobile.keyword.builtin.TapKeyword$_tap_closure1.doCall(TapKeyword.groovy:46)
	at com.kms.katalon.core.mobile.keyword.builtin.TapKeyword$_tap_closure1.call(TapKeyword.groovy)
	at com.kms.katalon.core.mobile.keyword.internal.MobileKeywordMain.runKeyword(MobileKeywordMain.groovy:19)
	... 20 more]]></system-err>
      </testcase>
      <testcase name="Test Cases/TC/TC_05 - Follow up Already Scheduled" time="97.269" classname="Test Cases/TC/TC_05 - Follow up Already Scheduled" status="PASSED">
         <system-out><![CDATA[04-04-2024T14:41:23 - [TEST_CASE][PASSED] - Test Cases/TC/TC_05 - Follow up Already Scheduled: Test Cases/TC/TC_05 - Follow up Already Scheduled

04-04-2024T14:41:23 - [TEST_STEP][PASSED] - callTestCase(findTestCase("CommenWorkflows/Login"), ["Str_URL":"C:\Users\sushil.gaikwad\git\EguruSmart1\Application\app-release (4).apk", "Str_Username":"DUSER145", "Str_Password":"Soct#2023", ... ], STOP_ON_FAILURE): Call Test Case 'Test Cases/CommenWorkflows/Login' successfully

04-04-2024T14:41:23 - [TEST_CASE][PASSED] - Test Cases/CommenWorkflows/Login: Test Cases/CommenWorkflows/Login

04-04-2024T14:41:23 - [TEST_STEP][PASSED] - startApplication(Str_URL, false): Started app at: 'C:\Users\sushil.gaikwad\git\EguruSmart1\Application\app-release (4).apk'

04-04-2024T14:41:23 - [MESSAGE][INFO] - User set preference: ['deviceId', 'R9ZT10H9Y2L']

04-04-2024T14:41:35 - [MESSAGE][PASSED] - Started app at: 'C:\Users\sushil.gaikwad\git\EguruSmart1\Application\app-release (4).apk'

04-04-2024T14:41:35 - [TEST_STEP][PASSED] - Bool_Username = waitForElementPresent(findTestObject("LockScreen/UsernaneText"), 10): Object Object Repository/LockScreen/UsernaneText not found

04-04-2024T14:41:45 - [MESSAGE][WARNING] - Object Object Repository/LockScreen/UsernaneText not found

04-04-2024T14:41:45 - [TEST_STEP][PASSED] - if (Bool_Username == true): null

04-04-2024T14:41:45 - [TEST_STEP][PASSED] - else: Tapped on element 'Object Repository/LockScreen/LoginButton'

04-04-2024T14:41:45 - [TEST_STEP][PASSED] - tap(findTestObject("LockScreen/Tap1"), 0): Tapped on element 'Object Repository/LockScreen/Tap1'

04-04-2024T14:41:45 - [MESSAGE][WARNING] - Timeout '0' is invalid. Using default page load timeout: '30'

04-04-2024T14:41:50 - [MESSAGE][PASSED] - Tapped on element 'Object Repository/LockScreen/Tap1'

04-04-2024T14:41:50 - [TEST_STEP][PASSED] - setText(findTestObject("LockScreen/Text1"), "1", 0): Text '1' has been set to element 'Object Repository/LockScreen/Text1'

04-04-2024T14:41:50 - [MESSAGE][WARNING] - Timeout '0' is invalid. Using default page load timeout: '30'

04-04-2024T14:41:51 - [MESSAGE][PASSED] - Text '1' has been set to element 'Object Repository/LockScreen/Text1'

04-04-2024T14:41:51 - [TEST_STEP][PASSED] - setText(findTestObject("LockScreen/Text2"), "2", 0): Text '2' has been set to element 'Object Repository/LockScreen/Text2'

04-04-2024T14:41:51 - [MESSAGE][WARNING] - Timeout '0' is invalid. Using default page load timeout: '30'

04-04-2024T14:41:53 - [MESSAGE][PASSED] - Text '2' has been set to element 'Object Repository/LockScreen/Text2'

04-04-2024T14:41:53 - [TEST_STEP][PASSED] - setText(findTestObject("LockScreen/Text3"), "3", 0): Text '3' has been set to element 'Object Repository/LockScreen/Text3'

04-04-2024T14:41:53 - [MESSAGE][WARNING] - Timeout '0' is invalid. Using default page load timeout: '30'

04-04-2024T14:41:54 - [MESSAGE][PASSED] - Text '3' has been set to element 'Object Repository/LockScreen/Text3'

04-04-2024T14:41:54 - [TEST_STEP][PASSED] - setText(findTestObject("LockScreen/Text4"), "4", 0): Text '4' has been set to element 'Object Repository/LockScreen/Text4'

04-04-2024T14:41:54 - [MESSAGE][WARNING] - Timeout '0' is invalid. Using default page load timeout: '30'

04-04-2024T14:41:55 - [MESSAGE][PASSED] - Text '4' has been set to element 'Object Repository/LockScreen/Text4'

04-04-2024T14:41:55 - [TEST_STEP][PASSED] - tap(findTestObject("LockScreen/LoginButton"), 0): Tapped on element 'Object Repository/LockScreen/LoginButton'

04-04-2024T14:41:55 - [MESSAGE][WARNING] - Timeout '0' is invalid. Using default page load timeout: '30'

04-04-2024T14:41:58 - [MESSAGE][PASSED] - Tapped on element 'Object Repository/LockScreen/LoginButton'

04-04-2024T14:41:58 - [MESSAGE][PASSED] - Call Test Case 'Test Cases/CommenWorkflows/Login' successfully

04-04-2024T14:41:58 - [TEST_STEP][PASSED] - Bool_Offline = waitForElementPresent(findTestObject("LockScreen/NewPin/Offline Master Sync"), 10): Object Object Repository/LockScreen/NewPin/Offline Master Sync not found

04-04-2024T14:42:08 - [MESSAGE][WARNING] - Object Object Repository/LockScreen/NewPin/Offline Master Sync not found

04-04-2024T14:42:08 - [TEST_STEP][PASSED] - if (Bool_Offline == true): null

04-04-2024T14:42:08 - [TEST_STEP][PASSED] - verifyElementExist(findTestObject("TataMotars/HomeButton"), 10): Element 'Object Repository/TataMotars/HomeButton' is exist

04-04-2024T14:42:08 - [MESSAGE][PASSED] - Element 'Object Repository/TataMotars/HomeButton' is exist

04-04-2024T14:42:08 - [TEST_STEP][PASSED] - tap(findTestObject("Home/Opportunities"), 0): Tapped on element 'Object Repository/Home/Opportunities'

04-04-2024T14:42:08 - [MESSAGE][WARNING] - Timeout '0' is invalid. Using default page load timeout: '30'

04-04-2024T14:42:09 - [MESSAGE][PASSED] - Tapped on element 'Object Repository/Home/Opportunities'

04-04-2024T14:42:09 - [TEST_STEP][PASSED] - tap(findTestObject("NewObject/CliKC1"), 30): Tapped on element 'Object Repository/NewObject/CliKC1'

04-04-2024T14:42:12 - [MESSAGE][PASSED] - Tapped on element 'Object Repository/NewObject/CliKC1'

04-04-2024T14:42:12 - [TEST_STEP][PASSED] - verifyElementExist(findTestObject("NewObject/C1 Summary"), 30): Element 'Object Repository/NewObject/C1 Summary' is exist

04-04-2024T14:42:14 - [MESSAGE][PASSED] - Element 'Object Repository/NewObject/C1 Summary' is exist

04-04-2024T14:42:14 - [TEST_STEP][PASSED] - takeScreenshot(): Screenshot is taken

04-04-2024T14:42:16 - [MESSAGE][PASSED] - Screenshot is taken
[[ATTACHMENT|C:\\Users\\sushil.gaikwad\\git\\EguruSmart1\\Reports\\20240404_143243\\TataMotors\\20240404_143243\\1712221934660.png]]

04-04-2024T14:42:16 - [TEST_STEP][PASSED] - tap(findTestObject("NewObject/CREATE C1A"), 0): Tapped on element 'Object Repository/NewObject/CREATE C1A'

04-04-2024T14:42:16 - [MESSAGE][WARNING] - Timeout '0' is invalid. Using default page load timeout: '30'

04-04-2024T14:42:16 - [MESSAGE][PASSED] - Tapped on element 'Object Repository/NewObject/CREATE C1A'

04-04-2024T14:42:16 - [TEST_STEP][PASSED] - tap(findTestObject("NewObject/PDORClick"), 0): Tapped on element 'Object Repository/NewObject/PDORClick'

04-04-2024T14:42:16 - [MESSAGE][WARNING] - Timeout '0' is invalid. Using default page load timeout: '30'

04-04-2024T14:42:20 - [MESSAGE][PASSED] - Tapped on element 'Object Repository/NewObject/PDORClick'

04-04-2024T14:42:20 - [TEST_STEP][PASSED] - verifyElementExist(findTestObject("NewObject/ADD PDOR"), 30): Element 'Object Repository/NewObject/ADD PDOR' is exist

04-04-2024T14:42:21 - [MESSAGE][PASSED] - Element 'Object Repository/NewObject/ADD PDOR' is exist

04-04-2024T14:42:21 - [TEST_STEP][PASSED] - takeScreenshot(): Screenshot is taken

04-04-2024T14:42:22 - [MESSAGE][PASSED] - Screenshot is taken
[[ATTACHMENT|C:\\Users\\sushil.gaikwad\\git\\EguruSmart1\\Reports\\20240404_143243\\TataMotors\\20240404_143243\\1712221941031.png]]

04-04-2024T14:42:22 - [TEST_STEP][PASSED] - tap(findTestObject("NewObject/ADD PDOR"), 0): Tapped on element 'Object Repository/NewObject/ADD PDOR'

04-04-2024T14:42:22 - [MESSAGE][WARNING] - Timeout '0' is invalid. Using default page load timeout: '30'

04-04-2024T14:42:22 - [MESSAGE][PASSED] - Tapped on element 'Object Repository/NewObject/ADD PDOR'

04-04-2024T14:42:22 - [TEST_STEP][PASSED] - tap(findTestObject("C1 Functionality/Most Likely to buy tata"), 0): Tapped on element 'Object Repository/C1 Functionality/Most Likely to buy tata'

04-04-2024T14:42:22 - [MESSAGE][WARNING] - Timeout '0' is invalid. Using default page load timeout: '30'

04-04-2024T14:42:23 - [MESSAGE][PASSED] - Tapped on element 'Object Repository/C1 Functionality/Most Likely to buy tata'

04-04-2024T14:42:23 - [TEST_STEP][PASSED] - tap(findTestObject("C1 Functionality/LikelyPurchaseDate"), 0): Tapped on element 'Object Repository/C1 Functionality/LikelyPurchaseDate'

04-04-2024T14:42:23 - [MESSAGE][WARNING] - Timeout '0' is invalid. Using default page load timeout: '30'

04-04-2024T14:42:25 - [MESSAGE][PASSED] - Tapped on element 'Object Repository/C1 Functionality/LikelyPurchaseDate'

04-04-2024T14:42:25 - [TEST_STEP][PASSED] - tap(findTestObject("C1 Functionality/OK"), 0): Tapped on element 'Object Repository/C1 Functionality/OK'

04-04-2024T14:42:25 - [MESSAGE][WARNING] - Timeout '0' is invalid. Using default page load timeout: '30'

04-04-2024T14:42:26 - [MESSAGE][PASSED] - Tapped on element 'Object Repository/C1 Functionality/OK'

04-04-2024T14:42:26 - [TEST_STEP][PASSED] - tap(findTestObject("C1 Functionality/PotentialDropOffReason"), 0): Tapped on element 'Object Repository/C1 Functionality/PotentialDropOffReason'

04-04-2024T14:42:26 - [MESSAGE][WARNING] - Timeout '0' is invalid. Using default page load timeout: '30'

04-04-2024T14:42:28 - [MESSAGE][PASSED] - Tapped on element 'Object Repository/C1 Functionality/PotentialDropOffReason'

04-04-2024T14:42:28 - [TEST_STEP][PASSED] - setText(findTestObject("C1 Functionality/PotentialDropOffReason"), str_PotentialDropOffReason, 0): Text 'Not eligible for Finance' has been set to element 'Object Repository/C1 Functionality/PotentialDropOffReason'

04-04-2024T14:42:28 - [MESSAGE][WARNING] - Timeout '0' is invalid. Using default page load timeout: '30'

04-04-2024T14:42:29 - [MESSAGE][PASSED] - Text 'Not eligible for Finance' has been set to element 'Object Repository/C1 Functionality/PotentialDropOffReason'

04-04-2024T14:42:29 - [TEST_STEP][PASSED] - tap(findTestObject("C1 Functionality/NotEligibleForFinance"), 0): Tapped on element 'Object Repository/C1 Functionality/NotEligibleForFinance'

04-04-2024T14:42:29 - [MESSAGE][WARNING] - Timeout '0' is invalid. Using default page load timeout: '30'

04-04-2024T14:42:31 - [MESSAGE][PASSED] - Tapped on element 'Object Repository/C1 Functionality/NotEligibleForFinance'

04-04-2024T14:42:31 - [TEST_STEP][PASSED] - tap(findTestObject("Vehicle information/NextButton"), 0): Tapped on element 'Object Repository/Vehicle information/NextButton'

04-04-2024T14:42:31 - [MESSAGE][WARNING] - Timeout '0' is invalid. Using default page load timeout: '30'

04-04-2024T14:42:31 - [MESSAGE][PASSED] - Tapped on element 'Object Repository/Vehicle information/NextButton'

04-04-2024T14:42:31 - [TEST_STEP][PASSED] - verifyElementExist(findTestObject("NewObject/Potential drop off reason"), 30): Element 'Object Repository/NewObject/Potential drop off reason' is exist

04-04-2024T14:42:32 - [MESSAGE][PASSED] - Element 'Object Repository/NewObject/Potential drop off reason' is exist

04-04-2024T14:42:32 - [TEST_STEP][PASSED] - takeScreenshot(): Screenshot is taken

04-04-2024T14:42:33 - [MESSAGE][PASSED] - Screenshot is taken
[[ATTACHMENT|C:\\Users\\sushil.gaikwad\\git\\EguruSmart1\\Reports\\20240404_143243\\TataMotors\\20240404_143243\\1712221952833.png]]

04-04-2024T14:42:33 - [TEST_STEP][PASSED] - tap(findTestObject("C1 Functionality/PotentialDropOffReason"), 0): Tapped on element 'Object Repository/C1 Functionality/PotentialDropOffReason'

04-04-2024T14:42:33 - [MESSAGE][WARNING] - Timeout '0' is invalid. Using default page load timeout: '30'

04-04-2024T14:42:35 - [MESSAGE][PASSED] - Tapped on element 'Object Repository/C1 Functionality/PotentialDropOffReason'

04-04-2024T14:42:35 - [TEST_STEP][PASSED] - setText(findTestObject("C1 Functionality/PotentialDropOffReason"), "CIBIL", 0): Text 'CIBIL' has been set to element 'Object Repository/C1 Functionality/PotentialDropOffReason'

04-04-2024T14:42:35 - [MESSAGE][WARNING] - Timeout '0' is invalid. Using default page load timeout: '30'

04-04-2024T14:42:37 - [MESSAGE][PASSED] - Text 'CIBIL' has been set to element 'Object Repository/C1 Functionality/PotentialDropOffReason'

04-04-2024T14:42:37 - [TEST_STEP][PASSED] - tap(findTestObject("C1 Functionality/CIBIL"), 0): Tapped on element 'Object Repository/C1 Functionality/CIBIL'

04-04-2024T14:42:37 - [MESSAGE][WARNING] - Timeout '0' is invalid. Using default page load timeout: '30'

04-04-2024T14:42:38 - [MESSAGE][PASSED] - Tapped on element 'Object Repository/C1 Functionality/CIBIL'

04-04-2024T14:42:38 - [TEST_STEP][PASSED] - tap(findTestObject("C1 Functionality/FinancierSelected"), 0): Tapped on element 'Object Repository/C1 Functionality/FinancierSelected'

04-04-2024T14:42:38 - [MESSAGE][WARNING] - Timeout '0' is invalid. Using default page load timeout: '30'

04-04-2024T14:42:39 - [MESSAGE][PASSED] - Tapped on element 'Object Repository/C1 Functionality/FinancierSelected'

04-04-2024T14:42:39 - [TEST_STEP][PASSED] - setText(findTestObject("C1 Functionality/FinancierSelected"), str_FinancierSelect, 0): Text 'No' has been set to element 'Object Repository/C1 Functionality/FinancierSelected'

04-04-2024T14:42:39 - [MESSAGE][WARNING] - Timeout '0' is invalid. Using default page load timeout: '30'

04-04-2024T14:42:40 - [MESSAGE][PASSED] - Text 'No' has been set to element 'Object Repository/C1 Functionality/FinancierSelected'

04-04-2024T14:42:40 - [TEST_STEP][PASSED] - tap(findTestObject("C1 Functionality/No"), 0): Tapped on element 'Object Repository/C1 Functionality/No'

04-04-2024T14:42:40 - [MESSAGE][WARNING] - Timeout '0' is invalid. Using default page load timeout: '30'

04-04-2024T14:42:42 - [MESSAGE][PASSED] - Tapped on element 'Object Repository/C1 Functionality/No'

04-04-2024T14:42:42 - [TEST_STEP][PASSED] - hideKeyboard(): Keyboard is hidden

04-04-2024T14:42:44 - [MESSAGE][PASSED] - Keyboard is hidden

04-04-2024T14:42:44 - [TEST_STEP][PASSED] - tap(findTestObject("Add Account/SubmitButton"), 10): Tapped on element 'Object Repository/Add Account/SubmitButton'

04-04-2024T14:42:47 - [MESSAGE][PASSED] - Tapped on element 'Object Repository/Add Account/SubmitButton'

04-04-2024T14:42:47 - [TEST_STEP][PASSED] - verifyElementExist(findTestObject("NewObject/Potential Drop Off activity created successfully"), 30): Element 'Object Repository/NewObject/Potential Drop Off activity created successfully' is exist

04-04-2024T14:42:57 - [MESSAGE][PASSED] - Element 'Object Repository/NewObject/Potential Drop Off activity created successfully' is exist

04-04-2024T14:42:57 - [TEST_STEP][PASSED] - takeScreenshot(): Screenshot is taken

04-04-2024T14:42:58 - [MESSAGE][PASSED] - Screenshot is taken
[[ATTACHMENT|C:\\Users\\sushil.gaikwad\\git\\EguruSmart1\\Reports\\20240404_143243\\TataMotors\\20240404_143243\\1712221977728.png]]

04-04-2024T14:42:58 - [TEST_STEP][PASSED] - closeApplication(): Close app successfully

04-04-2024T14:43:00 - [MESSAGE][PASSED] - Close app successfully]]></system-out>
         <system-err><![CDATA[]]></system-err>
      </testcase>
      <testcase name="Test Cases/TC/TC_06 - C1 Functionality" time="233.357" classname="Test Cases/TC/TC_06 - C1 Functionality" status="PASSED">
         <system-out><![CDATA[04-04-2024T14:43:00 - [TEST_CASE][PASSED] - Test Cases/TC/TC_06 - C1 Functionality: Test Cases/TC/TC_06 - C1 Functionality

04-04-2024T14:43:01 - [TEST_STEP][PASSED] - callTestCase(findTestCase("CommenWorkflows/Login"), ["Str_URL":"C:\Users\sushil.gaikwad\git\EguruSmart1\Application\app-release (4).apk", "Str_Username":"DUSER145", "Str_Password":"Soct#2023", ... ], STOP_ON_FAILURE): Call Test Case 'Test Cases/CommenWorkflows/Login' successfully

04-04-2024T14:43:01 - [TEST_CASE][PASSED] - Test Cases/CommenWorkflows/Login: Test Cases/CommenWorkflows/Login

04-04-2024T14:43:01 - [TEST_STEP][PASSED] - startApplication(Str_URL, false): Started app at: 'C:\Users\sushil.gaikwad\git\EguruSmart1\Application\app-release (4).apk'

04-04-2024T14:43:01 - [MESSAGE][INFO] - User set preference: ['deviceId', 'R9ZT10H9Y2L']

04-04-2024T14:43:01 - [MESSAGE][INFO] - Detected NodeJS location: "C:\Program Files\nodejs\node.exe"

04-04-2024T14:43:06 - [MESSAGE][INFO] - PATH: C:\Program Files\nodejs;

04-04-2024T14:43:06 - [MESSAGE][INFO] - APPIUM_HOME: C:\Users\sushil.gaikwad\AppData\Roaming\npm\node_modules\appium\build\lib\main.js

04-04-2024T14:43:06 - [MESSAGE][INFO] - appium outlog: C:\Users\sushil.gaikwad\git\EguruSmart1\Reports\20240404_143243\TataMotors\20240404_143243\appium.log

04-04-2024T14:43:06 - [MESSAGE][INFO] - appium errlog: C:\Users\sushil.gaikwad\git\EguruSmart1\Reports\20240404_143243\TataMotors\20240404_143243\appium_error.log

04-04-2024T14:43:09 - [MESSAGE][INFO] - Appium server started on port 52,989

04-04-2024T14:43:23 - [MESSAGE][PASSED] - Started app at: 'C:\Users\sushil.gaikwad\git\EguruSmart1\Application\app-release (4).apk'

04-04-2024T14:43:23 - [TEST_STEP][PASSED] - Bool_Username = waitForElementPresent(findTestObject("LockScreen/UsernaneText"), 10): Object Object Repository/LockScreen/UsernaneText not found

04-04-2024T14:43:34 - [MESSAGE][WARNING] - Object Object Repository/LockScreen/UsernaneText not found

04-04-2024T14:43:34 - [TEST_STEP][PASSED] - if (Bool_Username == true): null

04-04-2024T14:43:34 - [TEST_STEP][PASSED] - else: Tapped on element 'Object Repository/LockScreen/LoginButton'

04-04-2024T14:43:34 - [TEST_STEP][PASSED] - tap(findTestObject("LockScreen/Tap1"), 0): Tapped on element 'Object Repository/LockScreen/Tap1'

04-04-2024T14:43:34 - [MESSAGE][WARNING] - Timeout '0' is invalid. Using default page load timeout: '30'

04-04-2024T14:43:38 - [MESSAGE][PASSED] - Tapped on element 'Object Repository/LockScreen/Tap1'

04-04-2024T14:43:38 - [TEST_STEP][PASSED] - setText(findTestObject("LockScreen/Text1"), "1", 0): Text '1' has been set to element 'Object Repository/LockScreen/Text1'

04-04-2024T14:43:38 - [MESSAGE][WARNING] - Timeout '0' is invalid. Using default page load timeout: '30'

04-04-2024T14:43:39 - [MESSAGE][PASSED] - Text '1' has been set to element 'Object Repository/LockScreen/Text1'

04-04-2024T14:43:39 - [TEST_STEP][PASSED] - setText(findTestObject("LockScreen/Text2"), "2", 0): Text '2' has been set to element 'Object Repository/LockScreen/Text2'

04-04-2024T14:43:39 - [MESSAGE][WARNING] - Timeout '0' is invalid. Using default page load timeout: '30'

04-04-2024T14:43:41 - [MESSAGE][PASSED] - Text '2' has been set to element 'Object Repository/LockScreen/Text2'

04-04-2024T14:43:41 - [TEST_STEP][PASSED] - setText(findTestObject("LockScreen/Text3"), "3", 0): Text '3' has been set to element 'Object Repository/LockScreen/Text3'

04-04-2024T14:43:41 - [MESSAGE][WARNING] - Timeout '0' is invalid. Using default page load timeout: '30'

04-04-2024T14:43:42 - [MESSAGE][PASSED] - Text '3' has been set to element 'Object Repository/LockScreen/Text3'

04-04-2024T14:43:42 - [TEST_STEP][PASSED] - setText(findTestObject("LockScreen/Text4"), "4", 0): Text '4' has been set to element 'Object Repository/LockScreen/Text4'

04-04-2024T14:43:42 - [MESSAGE][WARNING] - Timeout '0' is invalid. Using default page load timeout: '30'

04-04-2024T14:43:44 - [MESSAGE][PASSED] - Text '4' has been set to element 'Object Repository/LockScreen/Text4'

04-04-2024T14:43:44 - [TEST_STEP][PASSED] - tap(findTestObject("LockScreen/LoginButton"), 0): Tapped on element 'Object Repository/LockScreen/LoginButton'

04-04-2024T14:43:44 - [MESSAGE][WARNING] - Timeout '0' is invalid. Using default page load timeout: '30'

04-04-2024T14:43:46 - [MESSAGE][PASSED] - Tapped on element 'Object Repository/LockScreen/LoginButton'

04-04-2024T14:43:46 - [MESSAGE][PASSED] - Call Test Case 'Test Cases/CommenWorkflows/Login' successfully

04-04-2024T14:43:46 - [TEST_STEP][PASSED] - verifyElementExist(findTestObject("TataMotars/HomeButton"), 10): Element 'Object Repository/TataMotars/HomeButton' is exist

04-04-2024T14:43:46 - [MESSAGE][PASSED] - Element 'Object Repository/TataMotars/HomeButton' is exist

04-04-2024T14:43:46 - [TEST_STEP][PASSED] - tap(findTestObject("Home/Opportunities"), 0): Tapped on element 'Object Repository/Home/Opportunities'

04-04-2024T14:43:46 - [MESSAGE][WARNING] - Timeout '0' is invalid. Using default page load timeout: '30'

04-04-2024T14:43:47 - [MESSAGE][PASSED] - Tapped on element 'Object Repository/Home/Opportunities'

04-04-2024T14:43:47 - [TEST_STEP][PASSED] - tap(findTestObject("Lost and Non Lost Functionality/C0"), 30): Tapped on element 'Object Repository/Lost and Non Lost Functionality/C0'

04-04-2024T14:43:48 - [MESSAGE][PASSED] - Tapped on element 'Object Repository/Lost and Non Lost Functionality/C0'

04-04-2024T14:43:48 - [TEST_STEP][PASSED] - bool_Summary = verifyElementExist(findTestObject("Lost and Non Lost Functionality/C0 Summary Text"), 0): Element 'Object Repository/Lost and Non Lost Functionality/C0 Summary Text' is exist

04-04-2024T14:43:49 - [MESSAGE][WARNING] - Timeout '0' is invalid. Using default page load timeout: '30'

04-04-2024T14:43:51 - [MESSAGE][PASSED] - Element 'Object Repository/Lost and Non Lost Functionality/C0 Summary Text' is exist

04-04-2024T14:43:51 - [TEST_STEP][PASSED] - bool_Target = verifyElementExist(findTestObject("Lost and Non Lost Functionality/Target text"), 0): Element 'Object Repository/Lost and Non Lost Functionality/Target text' is exist

04-04-2024T14:43:51 - [MESSAGE][WARNING] - Timeout '0' is invalid. Using default page load timeout: '30'

04-04-2024T14:43:51 - [MESSAGE][PASSED] - Element 'Object Repository/Lost and Non Lost Functionality/Target text' is exist

04-04-2024T14:43:51 - [TEST_STEP][PASSED] - bool_MTD = verifyElementExist(findTestObject("Lost and Non Lost Functionality/MTD text"), 0): Element 'Object Repository/Lost and Non Lost Functionality/MTD text' is exist

04-04-2024T14:43:51 - [MESSAGE][WARNING] - Timeout '0' is invalid. Using default page load timeout: '30'

04-04-2024T14:43:52 - [MESSAGE][PASSED] - Element 'Object Repository/Lost and Non Lost Functionality/MTD text' is exist

04-04-2024T14:43:52 - [TEST_STEP][PASSED] - bool_ThisWeek = verifyElementExist(findTestObject("Lost and Non Lost Functionality/This Week text"), 0): Element 'Object Repository/Lost and Non Lost Functionality/This Week text' is exist

04-04-2024T14:43:52 - [MESSAGE][WARNING] - Timeout '0' is invalid. Using default page load timeout: '30'

04-04-2024T14:43:52 - [MESSAGE][PASSED] - Element 'Object Repository/Lost and Non Lost Functionality/This Week text' is exist

04-04-2024T14:43:52 - [TEST_STEP][PASSED] - bool_Yesterday = verifyElementExist(findTestObject("Lost and Non Lost Functionality/Yesterday text"), 0): Element 'Object Repository/Lost and Non Lost Functionality/Yesterday text' is exist

04-04-2024T14:43:52 - [MESSAGE][WARNING] - Timeout '0' is invalid. Using default page load timeout: '30'

04-04-2024T14:43:52 - [MESSAGE][PASSED] - Element 'Object Repository/Lost and Non Lost Functionality/Yesterday text' is exist

04-04-2024T14:43:52 - [TEST_STEP][PASSED] - bool_Yesterday && bool_ThisWeek && bool_MTD && bool_Target && bool_Summary == true: null

04-04-2024T14:43:52 - [TEST_STEP][PASSED] - takeScreenshot(): Screenshot is taken

04-04-2024T14:43:54 - [MESSAGE][PASSED] - Screenshot is taken
[[ATTACHMENT|C:\\Users\\sushil.gaikwad\\git\\EguruSmart1\\Reports\\20240404_143243\\TataMotors\\20240404_143243\\1712222032847.png]]

04-04-2024T14:43:54 - [TEST_STEP][PASSED] - tap(findTestObject("C1 Functionality/CREATE C1"), 0): Tapped on element 'Object Repository/C1 Functionality/CREATE C1'

04-04-2024T14:43:54 - [MESSAGE][WARNING] - Timeout '0' is invalid. Using default page load timeout: '30'

04-04-2024T14:43:58 - [MESSAGE][PASSED] - Tapped on element 'Object Repository/C1 Functionality/CREATE C1'

04-04-2024T14:43:58 - [TEST_STEP][PASSED] - bool_LeadClassification = verifyElementExist(findTestObject("C1 Functionality/Lead classification and PDOR"), 0): Element 'Object Repository/C1 Functionality/Lead classification and PDOR' is exist

04-04-2024T14:43:58 - [MESSAGE][WARNING] - Timeout '0' is invalid. Using default page load timeout: '30'

04-04-2024T14:43:59 - [MESSAGE][PASSED] - Element 'Object Repository/C1 Functionality/Lead classification and PDOR' is exist

04-04-2024T14:43:59 - [TEST_STEP][PASSED] - bool_ExchangeInformation = verifyElementExist(findTestObject("C1 Functionality/Exchange Information"), 0): Element 'Object Repository/C1 Functionality/Exchange Information' is exist

04-04-2024T14:43:59 - [MESSAGE][WARNING] - Timeout '0' is invalid. Using default page load timeout: '30'

04-04-2024T14:43:59 - [MESSAGE][PASSED] - Element 'Object Repository/C1 Functionality/Exchange Information' is exist

04-04-2024T14:43:59 - [TEST_STEP][PASSED] - bool_VASInformation = verifyElementExist(findTestObject("C1 Functionality/VAS Information"), 0): Element 'Object Repository/C1 Functionality/VAS Information' is exist

04-04-2024T14:43:59 - [MESSAGE][WARNING] - Timeout '0' is invalid. Using default page load timeout: '30'

04-04-2024T14:43:59 - [MESSAGE][PASSED] - Element 'Object Repository/C1 Functionality/VAS Information' is exist

04-04-2024T14:43:59 - [TEST_STEP][PASSED] - bool_FleetInformation = verifyElementExist(findTestObject("C1 Functionality/Fleet Information"), 0): Element 'Object Repository/C1 Functionality/Fleet Information' is exist

04-04-2024T14:43:59 - [MESSAGE][WARNING] - Timeout '0' is invalid. Using default page load timeout: '30'

04-04-2024T14:44:00 - [MESSAGE][PASSED] - Element 'Object Repository/C1 Functionality/Fleet Information' is exist

04-04-2024T14:44:00 - [TEST_STEP][PASSED] - bool_GenerateQuotation = verifyElementExist(findTestObject("C1 Functionality/Generate Quotation Button"), 0): Element 'Object Repository/C1 Functionality/Generate Quotation Button' is exist

04-04-2024T14:44:00 - [MESSAGE][WARNING] - Timeout '0' is invalid. Using default page load timeout: '30'

04-04-2024T14:44:00 - [MESSAGE][PASSED] - Element 'Object Repository/C1 Functionality/Generate Quotation Button' is exist

04-04-2024T14:44:00 - [TEST_STEP][PASSED] - bool_LeadClassification && bool_ExchangeInformation && bool_VASInformation && bool_FleetInformation && bool_GenerateQuotation == true: null

04-04-2024T14:44:00 - [TEST_STEP][PASSED] - takeScreenshot(): Screenshot is taken

04-04-2024T14:44:01 - [MESSAGE][PASSED] - Screenshot is taken
[[ATTACHMENT|C:\\Users\\sushil.gaikwad\\git\\EguruSmart1\\Reports\\20240404_143243\\TataMotors\\20240404_143243\\1712222040636.png]]

04-04-2024T14:44:01 - [TEST_STEP][PASSED] - Bool_AccountInformation = waitForElementPresent(findTestObject("C1 Functionality/Account Information"), 5): Object Object Repository/C1 Functionality/Account Information not found

04-04-2024T14:44:06 - [MESSAGE][WARNING] - Object Object Repository/C1 Functionality/Account Information not found

04-04-2024T14:44:06 - [TEST_STEP][PASSED] - if (Bool_AccountInformation == true): null

04-04-2024T14:44:06 - [TEST_STEP][PASSED] - else: Tapped on element 'Object Repository/C1 Functionality/Lead classification and PDOR'

04-04-2024T14:44:06 - [TEST_STEP][PASSED] - tap(findTestObject("C1 Functionality/Lead classification and PDOR"), 0): Tapped on element 'Object Repository/C1 Functionality/Lead classification and PDOR'

04-04-2024T14:44:06 - [MESSAGE][WARNING] - Timeout '0' is invalid. Using default page load timeout: '30'

04-04-2024T14:44:07 - [MESSAGE][PASSED] - Tapped on element 'Object Repository/C1 Functionality/Lead classification and PDOR'

04-04-2024T14:44:07 - [TEST_STEP][PASSED] - bool_MostLikelyTata = verifyElementExist(findTestObject("C1 Functionality/Most Likely to buy tata"), 0): Element 'Object Repository/C1 Functionality/Most Likely to buy tata' is exist

04-04-2024T14:44:07 - [MESSAGE][WARNING] - Timeout '0' is invalid. Using default page load timeout: '30'

04-04-2024T14:44:07 - [MESSAGE][PASSED] - Element 'Object Repository/C1 Functionality/Most Likely to buy tata' is exist

04-04-2024T14:44:07 - [TEST_STEP][PASSED] - bool_TataNotSure = verifyElementExist(findTestObject("C1 Functionality/Likely TATA - but not sure"), 0): Element 'Object Repository/C1 Functionality/Likely TATA - but not sure' is exist

04-04-2024T14:44:08 - [MESSAGE][WARNING] - Timeout '0' is invalid. Using default page load timeout: '30'

04-04-2024T14:44:08 - [MESSAGE][PASSED] - Element 'Object Repository/C1 Functionality/Likely TATA - but not sure' is exist

04-04-2024T14:44:08 - [TEST_STEP][PASSED] - bool_MostLikelyCompetition = verifyElementExist(findTestObject("C1 Functionality/Most likely to buy competition"), 0): Element 'Object Repository/C1 Functionality/Most likely to buy competition' is exist

04-04-2024T14:44:08 - [MESSAGE][WARNING] - Timeout '0' is invalid. Using default page load timeout: '30'

04-04-2024T14:44:33 - [MESSAGE][PASSED] - Element 'Object Repository/C1 Functionality/Most likely to buy competition' is exist

04-04-2024T14:44:33 - [TEST_STEP][PASSED] - bool_MostLikelyTata && bool_TataNotSure && bool_MostLikelyCompetition == true: null

04-04-2024T14:44:33 - [TEST_STEP][PASSED] - takeScreenshot(): Screenshot is taken

04-04-2024T14:44:34 - [MESSAGE][PASSED] - Screenshot is taken
[[ATTACHMENT|C:\\Users\\sushil.gaikwad\\git\\EguruSmart1\\Reports\\20240404_143243\\TataMotors\\20240404_143243\\1712222073921.png]]

04-04-2024T14:44:34 - [TEST_STEP][PASSED] - tap(findTestObject("C1 Functionality/Most Likely to buy tata"), 0): Tapped on element 'Object Repository/C1 Functionality/Most Likely to buy tata'

04-04-2024T14:44:34 - [MESSAGE][WARNING] - Timeout '0' is invalid. Using default page load timeout: '30'

04-04-2024T14:44:35 - [MESSAGE][PASSED] - Tapped on element 'Object Repository/C1 Functionality/Most Likely to buy tata'

04-04-2024T14:44:35 - [TEST_STEP][PASSED] - tap(findTestObject("C1 Functionality/LikelyPurchaseDate"), 0): Tapped on element 'Object Repository/C1 Functionality/LikelyPurchaseDate'

04-04-2024T14:44:35 - [MESSAGE][WARNING] - Timeout '0' is invalid. Using default page load timeout: '30'

04-04-2024T14:44:37 - [MESSAGE][PASSED] - Tapped on element 'Object Repository/C1 Functionality/LikelyPurchaseDate'

04-04-2024T14:44:37 - [TEST_STEP][PASSED] - tap(findTestObject("C1 Functionality/OK"), 0): Tapped on element 'Object Repository/C1 Functionality/OK'

04-04-2024T14:44:37 - [MESSAGE][WARNING] - Timeout '0' is invalid. Using default page load timeout: '30'

04-04-2024T14:44:38 - [MESSAGE][PASSED] - Tapped on element 'Object Repository/C1 Functionality/OK'

04-04-2024T14:44:38 - [TEST_STEP][PASSED] - tap(findTestObject("C1 Functionality/PotentialDropOffReason"), 0): Tapped on element 'Object Repository/C1 Functionality/PotentialDropOffReason'

04-04-2024T14:44:38 - [MESSAGE][WARNING] - Timeout '0' is invalid. Using default page load timeout: '30'

04-04-2024T14:44:39 - [MESSAGE][PASSED] - Tapped on element 'Object Repository/C1 Functionality/PotentialDropOffReason'

04-04-2024T14:44:39 - [TEST_STEP][PASSED] - setText(findTestObject("C1 Functionality/PotentialDropOffReason"), str_PotentialDropOffReason, 0): Text 'Not eligible for Finance' has been set to element 'Object Repository/C1 Functionality/PotentialDropOffReason'

04-04-2024T14:44:39 - [MESSAGE][WARNING] - Timeout '0' is invalid. Using default page load timeout: '30'

04-04-2024T14:44:41 - [MESSAGE][PASSED] - Text 'Not eligible for Finance' has been set to element 'Object Repository/C1 Functionality/PotentialDropOffReason'

04-04-2024T14:44:41 - [TEST_STEP][PASSED] - tap(findTestObject("C1 Functionality/NotEligibleForFinance"), 0): Tapped on element 'Object Repository/C1 Functionality/NotEligibleForFinance'

04-04-2024T14:44:41 - [MESSAGE][WARNING] - Timeout '0' is invalid. Using default page load timeout: '30'

04-04-2024T14:44:42 - [MESSAGE][PASSED] - Tapped on element 'Object Repository/C1 Functionality/NotEligibleForFinance'

04-04-2024T14:44:42 - [TEST_STEP][PASSED] - tap(findTestObject("Vehicle information/NextButton"), 0): Tapped on element 'Object Repository/Vehicle information/NextButton'

04-04-2024T14:44:42 - [MESSAGE][WARNING] - Timeout '0' is invalid. Using default page load timeout: '30'

04-04-2024T14:44:43 - [MESSAGE][PASSED] - Tapped on element 'Object Repository/Vehicle information/NextButton'

04-04-2024T14:44:43 - [TEST_STEP][PASSED] - bool_Cancel = verifyElementExist(findTestObject("Menu/Cancel"), 0): Element 'Object Repository/Menu/Cancel' is exist

04-04-2024T14:44:43 - [MESSAGE][WARNING] - Timeout '0' is invalid. Using default page load timeout: '30'

04-04-2024T14:44:44 - [MESSAGE][PASSED] - Element 'Object Repository/Menu/Cancel' is exist

04-04-2024T14:44:44 - [TEST_STEP][PASSED] - bool_Confirm = verifyElementExist(findTestObject("C1 Functionality/Confirm"), 0): Element 'Object Repository/C1 Functionality/Confirm' is exist

04-04-2024T14:44:44 - [MESSAGE][WARNING] - Timeout '0' is invalid. Using default page load timeout: '30'

04-04-2024T14:44:44 - [MESSAGE][PASSED] - Element 'Object Repository/C1 Functionality/Confirm' is exist

04-04-2024T14:44:44 - [TEST_STEP][PASSED] - bool_Confirm && bool_Cancel == true: null

04-04-2024T14:44:44 - [TEST_STEP][PASSED] - takeScreenshot(): Screenshot is taken

04-04-2024T14:44:45 - [MESSAGE][PASSED] - Screenshot is taken
[[ATTACHMENT|C:\\Users\\sushil.gaikwad\\git\\EguruSmart1\\Reports\\20240404_143243\\TataMotors\\20240404_143243\\1712222084205.png]]

04-04-2024T14:44:45 - [TEST_STEP][PASSED] - tap(findTestObject("C1 Functionality/Confirm"), 0): Tapped on element 'Object Repository/C1 Functionality/Confirm'

04-04-2024T14:44:45 - [MESSAGE][WARNING] - Timeout '0' is invalid. Using default page load timeout: '30'

04-04-2024T14:44:46 - [MESSAGE][PASSED] - Tapped on element 'Object Repository/C1 Functionality/Confirm'

04-04-2024T14:44:46 - [TEST_STEP][PASSED] - tap(findTestObject("C1 Functionality/PotentialDropOffReason"), 0): Tapped on element 'Object Repository/C1 Functionality/PotentialDropOffReason'

04-04-2024T14:44:46 - [MESSAGE][WARNING] - Timeout '0' is invalid. Using default page load timeout: '30'

04-04-2024T14:44:47 - [MESSAGE][PASSED] - Tapped on element 'Object Repository/C1 Functionality/PotentialDropOffReason'

04-04-2024T14:44:47 - [TEST_STEP][PASSED] - setText(findTestObject("C1 Functionality/PotentialDropOffReason"), "CIBIL", 0): Text 'CIBIL' has been set to element 'Object Repository/C1 Functionality/PotentialDropOffReason'

04-04-2024T14:44:47 - [MESSAGE][WARNING] - Timeout '0' is invalid. Using default page load timeout: '30'

04-04-2024T14:44:49 - [MESSAGE][PASSED] - Text 'CIBIL' has been set to element 'Object Repository/C1 Functionality/PotentialDropOffReason'

04-04-2024T14:44:49 - [TEST_STEP][PASSED] - tap(findTestObject("C1 Functionality/CIBIL"), 0): Tapped on element 'Object Repository/C1 Functionality/CIBIL'

04-04-2024T14:44:49 - [MESSAGE][WARNING] - Timeout '0' is invalid. Using default page load timeout: '30'

04-04-2024T14:44:50 - [MESSAGE][PASSED] - Tapped on element 'Object Repository/C1 Functionality/CIBIL'

04-04-2024T14:44:50 - [TEST_STEP][PASSED] - tap(findTestObject("C1 Functionality/FinancierSelected"), 0): Tapped on element 'Object Repository/C1 Functionality/FinancierSelected'

04-04-2024T14:44:50 - [MESSAGE][WARNING] - Timeout '0' is invalid. Using default page load timeout: '30'

04-04-2024T14:44:51 - [MESSAGE][PASSED] - Tapped on element 'Object Repository/C1 Functionality/FinancierSelected'

04-04-2024T14:44:51 - [TEST_STEP][PASSED] - setText(findTestObject("C1 Functionality/FinancierSelected"), str_FinancierSelect, 0): Text 'No' has been set to element 'Object Repository/C1 Functionality/FinancierSelected'

04-04-2024T14:44:51 - [MESSAGE][WARNING] - Timeout '0' is invalid. Using default page load timeout: '30'

04-04-2024T14:44:52 - [MESSAGE][PASSED] - Text 'No' has been set to element 'Object Repository/C1 Functionality/FinancierSelected'

04-04-2024T14:44:52 - [TEST_STEP][PASSED] - tap(findTestObject("C1 Functionality/No"), 0): Tapped on element 'Object Repository/C1 Functionality/No'

04-04-2024T14:44:52 - [MESSAGE][WARNING] - Timeout '0' is invalid. Using default page load timeout: '30'

04-04-2024T14:44:54 - [MESSAGE][PASSED] - Tapped on element 'Object Repository/C1 Functionality/No'

04-04-2024T14:44:54 - [TEST_STEP][PASSED] - hideKeyboard(): Keyboard is hidden

04-04-2024T14:44:56 - [MESSAGE][PASSED] - Keyboard is hidden

04-04-2024T14:44:56 - [TEST_STEP][PASSED] - tap(findTestObject("Vehicle information/NextButton"), 0): Tapped on element 'Object Repository/Vehicle information/NextButton'

04-04-2024T14:44:56 - [MESSAGE][WARNING] - Timeout '0' is invalid. Using default page load timeout: '30'

04-04-2024T14:45:02 - [MESSAGE][PASSED] - Tapped on element 'Object Repository/Vehicle information/NextButton'

04-04-2024T14:45:02 - [TEST_STEP][PASSED] - bool_CustInfoExchange = verifyElementExist(findTestObject("Additional Info/CustomerInterestedInExchange"), 30): Element 'Object Repository/Additional Info/CustomerInterestedInExchange' is exist

04-04-2024T14:45:10 - [MESSAGE][PASSED] - Element 'Object Repository/Additional Info/CustomerInterestedInExchange' is exist

04-04-2024T14:45:10 - [TEST_STEP][PASSED] - bool_CustInfoExchange == true: null

04-04-2024T14:45:10 - [TEST_STEP][PASSED] - takeScreenshot(): Screenshot is taken

04-04-2024T14:45:11 - [MESSAGE][PASSED] - Screenshot is taken
[[ATTACHMENT|C:\\Users\\sushil.gaikwad\\git\\EguruSmart1\\Reports\\20240404_143243\\TataMotors\\20240404_143243\\1712222110235.png]]

04-04-2024T14:45:11 - [TEST_STEP][PASSED] - Bool_Offline = waitForElementPresent(findTestObject("LockScreen/NewPin/Offline Master Sync"), 5): Object Object Repository/LockScreen/NewPin/Offline Master Sync not found

04-04-2024T14:45:16 - [MESSAGE][WARNING] - Object Object Repository/LockScreen/NewPin/Offline Master Sync not found

04-04-2024T14:45:16 - [TEST_STEP][PASSED] - if (Bool_Offline == true): null

04-04-2024T14:45:16 - [TEST_STEP][PASSED] - tap(findTestObject("Additional Info/Yes RadioButton"), 0): Tapped on element 'Object Repository/Additional Info/Yes RadioButton'

04-04-2024T14:45:16 - [MESSAGE][WARNING] - Timeout '0' is invalid. Using default page load timeout: '30'

04-04-2024T14:45:17 - [MESSAGE][PASSED] - Tapped on element 'Object Repository/Additional Info/Yes RadioButton'

04-04-2024T14:45:17 - [TEST_STEP][PASSED] - Bool_Quantity = waitForElementPresent(findTestObject("Additional Info/TypeExchangeQuantity"), 5): Element 'Object Repository/Additional Info/TypeExchangeQuantity' is present

04-04-2024T14:45:17 - [MESSAGE][PASSED] - Element 'Object Repository/Additional Info/TypeExchangeQuantity' is present

04-04-2024T14:45:17 - [TEST_STEP][PASSED] - if (Bool_Quantity == true): Element 'Object Repository/Additional Info/TypeExchangeQuantity' is present

04-04-2024T14:45:17 - [TEST_STEP][PASSED] - tap(findTestObject("Additional Info/TypeExchangeQuantity"), 0): Tapped on element 'Object Repository/Additional Info/TypeExchangeQuantity'

04-04-2024T14:45:17 - [MESSAGE][WARNING] - Timeout '0' is invalid. Using default page load timeout: '30'

04-04-2024T14:45:18 - [MESSAGE][PASSED] - Tapped on element 'Object Repository/Additional Info/TypeExchangeQuantity'

04-04-2024T14:45:18 - [TEST_STEP][PASSED] - setText(findTestObject("Additional Info/TypeExchangeQuantity"), str_ExchangeQty, 0): Text '5' has been set to element 'Object Repository/Additional Info/TypeExchangeQuantity'

04-04-2024T14:45:19 - [MESSAGE][WARNING] - Timeout '0' is invalid. Using default page load timeout: '30'

04-04-2024T14:45:20 - [MESSAGE][PASSED] - Text '5' has been set to element 'Object Repository/Additional Info/TypeExchangeQuantity'

04-04-2024T14:45:20 - [TEST_STEP][PASSED] - hideKeyboard(): Keyboard is hidden

04-04-2024T14:45:24 - [MESSAGE][PASSED] - Keyboard is hidden

04-04-2024T14:45:24 - [TEST_STEP][PASSED] - Bool_Quantity = waitForElementPresent(findTestObject("Additional Info/TypeExchangeQuantity"), 5): Element 'Object Repository/Additional Info/TypeExchangeQuantity' is present

04-04-2024T14:45:25 - [MESSAGE][PASSED] - Element 'Object Repository/Additional Info/TypeExchangeQuantity' is present

04-04-2024T14:45:25 - [TEST_STEP][PASSED] - Bool_Quantity = waitForElementPresent(findTestObject("Additional Info/ClickExcangeMake"), 5): Element 'Object Repository/Additional Info/ClickExcangeMake' is present

04-04-2024T14:45:25 - [MESSAGE][PASSED] - Element 'Object Repository/Additional Info/ClickExcangeMake' is present

04-04-2024T14:45:25 - [TEST_STEP][PASSED] - if (Bool_Quantity == true): Tapped on element 'Object Repository/C1 Functionality/SearchedMakeTATA'

04-04-2024T14:45:25 - [TEST_STEP][PASSED] - tap(findTestObject("Additional Info/ClickExcangeMake"), 0): Tapped on element 'Object Repository/Additional Info/ClickExcangeMake'

04-04-2024T14:45:25 - [MESSAGE][WARNING] - Timeout '0' is invalid. Using default page load timeout: '30'

04-04-2024T14:45:26 - [MESSAGE][PASSED] - Tapped on element 'Object Repository/Additional Info/ClickExcangeMake'

04-04-2024T14:45:26 - [TEST_STEP][PASSED] - setText(findTestObject("Additional Info/TypeExchageMake"), "TATA", 0): Text 'TATA' has been set to element 'Object Repository/Additional Info/TypeExchageMake'

04-04-2024T14:45:26 - [MESSAGE][WARNING] - Timeout '0' is invalid. Using default page load timeout: '30'

04-04-2024T14:45:28 - [MESSAGE][PASSED] - Text 'TATA' has been set to element 'Object Repository/Additional Info/TypeExchageMake'

04-04-2024T14:45:28 - [TEST_STEP][PASSED] - hideKeyboard(): Keyboard is hidden

04-04-2024T14:45:30 - [MESSAGE][PASSED] - Keyboard is hidden

04-04-2024T14:45:30 - [TEST_STEP][PASSED] - tap(findTestObject("C1 Functionality/SearchedMakeTATA"), 0): Tapped on element 'Object Repository/C1 Functionality/SearchedMakeTATA'

04-04-2024T14:45:30 - [MESSAGE][WARNING] - Timeout '0' is invalid. Using default page load timeout: '30'

04-04-2024T14:45:31 - [MESSAGE][PASSED] - Tapped on element 'Object Repository/C1 Functionality/SearchedMakeTATA'

04-04-2024T14:45:31 - [TEST_STEP][PASSED] - tap(findTestObject("Vehicle information/NextButton"), 5): Tapped on element 'Object Repository/Vehicle information/NextButton'

04-04-2024T14:45:31 - [MESSAGE][PASSED] - Tapped on element 'Object Repository/Vehicle information/NextButton'

04-04-2024T14:45:31 - [TEST_STEP][PASSED] - bool_VASInfo = verifyElementExist(findTestObject("C1 Functionality/VAS_information/TextIntrested in VAS"), 60): Element 'Object Repository/C1 Functionality/VAS_information/TextIntrested in VAS' is exist

04-04-2024T14:45:41 - [MESSAGE][PASSED] - Element 'Object Repository/C1 Functionality/VAS_information/TextIntrested in VAS' is exist

04-04-2024T14:45:41 - [TEST_STEP][PASSED] - bool_VASInfo == true: null

04-04-2024T14:45:41 - [TEST_STEP][PASSED] - takeScreenshot(): Screenshot is taken

04-04-2024T14:45:42 - [MESSAGE][PASSED] - Screenshot is taken
[[ATTACHMENT|C:\\Users\\sushil.gaikwad\\git\\EguruSmart1\\Reports\\20240404_143243\\TataMotors\\20240404_143243\\1712222141160.png]]

04-04-2024T14:45:42 - [TEST_STEP][PASSED] - tap(findTestObject("Follow Up page/VAS NO"), 0): Tapped on element 'Object Repository/Follow Up page/VAS NO'

04-04-2024T14:45:42 - [MESSAGE][WARNING] - Timeout '0' is invalid. Using default page load timeout: '30'

04-04-2024T14:45:42 - [MESSAGE][PASSED] - Tapped on element 'Object Repository/Follow Up page/VAS NO'

04-04-2024T14:45:42 - [TEST_STEP][PASSED] - tap(findTestObject("Vehicle information/NextButton"), 0): Tapped on element 'Object Repository/Vehicle information/NextButton'

04-04-2024T14:45:42 - [MESSAGE][WARNING] - Timeout '0' is invalid. Using default page load timeout: '30'

04-04-2024T14:45:44 - [MESSAGE][PASSED] - Tapped on element 'Object Repository/Vehicle information/NextButton'

04-04-2024T14:45:44 - [TEST_STEP][PASSED] - tap(findTestObject("C1 Functionality/TotalFleetSize"), 0): Tapped on element 'Object Repository/C1 Functionality/TotalFleetSize'

04-04-2024T14:45:44 - [MESSAGE][WARNING] - Timeout '0' is invalid. Using default page load timeout: '30'

04-04-2024T14:45:44 - [MESSAGE][PASSED] - Tapped on element 'Object Repository/C1 Functionality/TotalFleetSize'

04-04-2024T14:45:44 - [TEST_STEP][PASSED] - setText(findTestObject("C1 Functionality/TotalFleetSize"), str_TotalFleetSize, 0): Text '10' has been set to element 'Object Repository/C1 Functionality/TotalFleetSize'

04-04-2024T14:45:44 - [MESSAGE][WARNING] - Timeout '0' is invalid. Using default page load timeout: '30'

04-04-2024T14:45:46 - [MESSAGE][PASSED] - Text '10' has been set to element 'Object Repository/C1 Functionality/TotalFleetSize'

04-04-2024T14:45:46 - [TEST_STEP][PASSED] - tap(findTestObject("C1 Functionality/TataMotorsFleetSize"), 0): Tapped on element 'Object Repository/C1 Functionality/TataMotorsFleetSize'

04-04-2024T14:45:46 - [MESSAGE][WARNING] - Timeout '0' is invalid. Using default page load timeout: '30'

04-04-2024T14:45:47 - [MESSAGE][PASSED] - Tapped on element 'Object Repository/C1 Functionality/TataMotorsFleetSize'

04-04-2024T14:45:47 - [TEST_STEP][PASSED] - setText(findTestObject("Home/NewTataMotorsFleetSize"), str_TataMotorsFleetSize, 0): Text '10' has been set to element 'Object Repository/Home/NewTataMotorsFleetSize'

04-04-2024T14:45:47 - [MESSAGE][WARNING] - Timeout '0' is invalid. Using default page load timeout: '30'

04-04-2024T14:45:48 - [MESSAGE][PASSED] - Text '10' has been set to element 'Object Repository/Home/NewTataMotorsFleetSize'

04-04-2024T14:45:48 - [TEST_STEP][PASSED] - tap(findTestObject("Vehicle information/NextButton"), 0): Tapped on element 'Object Repository/Vehicle information/NextButton'

04-04-2024T14:45:48 - [MESSAGE][WARNING] - Timeout '0' is invalid. Using default page load timeout: '30'

04-04-2024T14:45:50 - [MESSAGE][PASSED] - Tapped on element 'Object Repository/Vehicle information/NextButton'

04-04-2024T14:45:50 - [TEST_STEP][PASSED] - bool_Review = verifyElementExist(findTestObject("C1 Functionality/Review"), 10): Element 'Object Repository/C1 Functionality/Review' is exist

04-04-2024T14:45:53 - [MESSAGE][PASSED] - Element 'Object Repository/C1 Functionality/Review' is exist

04-04-2024T14:45:53 - [TEST_STEP][PASSED] - bool_GenerateQuotation = verifyElementExist(findTestObject("C1 Functionality/GenerateQuotation"), 10): Element 'Object Repository/C1 Functionality/GenerateQuotation' is exist

04-04-2024T14:45:56 - [MESSAGE][PASSED] - Element 'Object Repository/C1 Functionality/GenerateQuotation' is exist

04-04-2024T14:45:56 - [TEST_STEP][PASSED] - bool_Review && bool_GenerateQuotation == true: null

04-04-2024T14:45:56 - [TEST_STEP][PASSED] - takeScreenshot(): Screenshot is taken

04-04-2024T14:45:57 - [MESSAGE][PASSED] - Screenshot is taken
[[ATTACHMENT|C:\\Users\\sushil.gaikwad\\git\\EguruSmart1\\Reports\\20240404_143243\\TataMotors\\20240404_143243\\1712222156855.png]]

04-04-2024T14:45:57 - [TEST_STEP][PASSED] - tap(findTestObject("C1 Functionality/Generate Quotation Button"), 5): Tapped on element 'Object Repository/C1 Functionality/Generate Quotation Button'

04-04-2024T14:45:58 - [MESSAGE][PASSED] - Tapped on element 'Object Repository/C1 Functionality/Generate Quotation Button'

04-04-2024T14:45:58 - [TEST_STEP][PASSED] - delay(3, STOP_ON_FAILURE): Delayed 3 second(s)

04-04-2024T14:46:01 - [MESSAGE][PASSED] - Delayed 3 second(s)

04-04-2024T14:46:01 - [TEST_STEP][PASSED] - tap(findTestObject("C1 Functionality/VAS_information/QuotationSubmit"), 30): Tapped on element 'Object Repository/C1 Functionality/VAS_information/QuotationSubmit'

04-04-2024T14:46:02 - [MESSAGE][PASSED] - Tapped on element 'Object Repository/C1 Functionality/VAS_information/QuotationSubmit'

04-04-2024T14:46:02 - [TEST_STEP][PASSED] - bool_Popup = verifyElementExist(findTestObject("C1 Functionality/OpportunitySuccessfullyUpdatedToC1StagePopup"), 60): Element 'Object Repository/C1 Functionality/OpportunitySuccessfullyUpdatedToC1StagePopup' is exist

04-04-2024T14:46:51 - [MESSAGE][PASSED] - Element 'Object Repository/C1 Functionality/OpportunitySuccessfullyUpdatedToC1StagePopup' is exist

04-04-2024T14:46:51 - [TEST_STEP][PASSED] - bool_Popup == true: null

04-04-2024T14:46:51 - [TEST_STEP][PASSED] - takeScreenshot(): Screenshot is taken

04-04-2024T14:46:52 - [MESSAGE][PASSED] - Screenshot is taken
[[ATTACHMENT|C:\\Users\\sushil.gaikwad\\git\\EguruSmart1\\Reports\\20240404_143243\\TataMotors\\20240404_143243\\1712222211428.png]]

04-04-2024T14:46:52 - [TEST_STEP][PASSED] - closeApplication(): Close app successfully

04-04-2024T14:46:53 - [MESSAGE][PASSED] - Close app successfully]]></system-out>
         <system-err><![CDATA[]]></system-err>
      </testcase>
      <testcase name="Test Cases/TC/TC_07 - Filter Fuctionality" time="111.227" classname="Test Cases/TC/TC_07 - Filter Fuctionality" status="FAILED">
         <failure type="FAILED" message="Test Cases/TC/TC_07 - Filter Fuctionality FAILED.&#xa;Reason:&#xa;com.kms.katalon.core.exception.StepFailedException: Failed to tap on element 'Object Repository/android.widget.ImageView'&#xa;	at com.kms.katalon.core.mobile.keyword.internal.MobileKeywordMain.stepFailed(MobileKeywordMain.groovy:38)&#xa;	at com.kms.katalon.core.mobile.keyword.internal.MobileKeywordMain.runKeyword(MobileKeywordMain.groovy:21)&#xa;	at com.kms.katalon.core.mobile.keyword.builtin.TapKeyword.tap(TapKeyword.groovy:51)&#xa;	at com.kms.katalon.core.mobile.keyword.builtin.TapKeyword.execute(TapKeyword.groovy:35)&#xa;	at com.kms.katalon.core.keyword.internal.KeywordExecutor.executeKeywordForPlatform(KeywordExecutor.groovy:74)&#xa;	at com.kms.katalon.core.mobile.keyword.MobileBuiltInKeywords.tap(MobileBuiltInKeywords.groovy:1476)&#xa;	at TC_07 - Filter Fuctionality.run(TC_07 - Filter Fuctionality:89)&#xa;	at com.kms.katalon.core.main.ScriptEngine.run(ScriptEngine.java:194)&#xa;	at com.kms.katalon.core.main.ScriptEngine.runScriptAsRawText(ScriptEngine.java:119)&#xa;	at com.kms.katalon.core.main.TestCaseExecutor.runScript(TestCaseExecutor.java:448)&#xa;	at com.kms.katalon.core.main.TestCaseExecutor.doExecute(TestCaseExecutor.java:439)&#xa;	at com.kms.katalon.core.main.TestCaseExecutor.processExecutionPhase(TestCaseExecutor.java:418)&#xa;	at com.kms.katalon.core.main.TestCaseExecutor.accessMainPhase(TestCaseExecutor.java:410)&#xa;	at com.kms.katalon.core.main.TestCaseExecutor.execute(TestCaseExecutor.java:285)&#xa;	at com.kms.katalon.core.common.CommonExecutor.accessTestCaseMainPhase(CommonExecutor.java:65)&#xa;	at com.kms.katalon.core.main.TestSuiteExecutor.accessTestSuiteMainPhase(TestSuiteExecutor.java:148)&#xa;	at com.kms.katalon.core.main.TestSuiteExecutor.execute(TestSuiteExecutor.java:106)&#xa;	at com.kms.katalon.core.main.TestCaseMain.startTestSuite(TestCaseMain.java:180)&#xa;	at TempTestSuite1712221363141.run(TempTestSuite1712221363141.groovy:35)&#xa;	at java.base/jdk.internal.reflect.NativeMethodAccessorImpl.invoke0(Native Method)&#xa;	at java.base/jdk.internal.reflect.NativeMethodAccessorImpl.invoke(NativeMethodAccessorImpl.java:77)&#xa;	at java.base/jdk.internal.reflect.DelegatingMethodAccessorImpl.invoke(DelegatingMethodAccessorImpl.java:43)&#xa;Caused by: com.kms.katalon.core.exception.StepFailedException: Object Object Repository/android.widget.ImageView not found&#xa;	at com.kms.katalon.core.mobile.keyword.internal.MobileKeywordMain.stepFailed(MobileKeywordMain.groovy:38)&#xa;	at com.kms.katalon.core.mobile.keyword.builtin.TapKeyword$_tap_closure1.doCall(TapKeyword.groovy:46)&#xa;	at com.kms.katalon.core.mobile.keyword.builtin.TapKeyword$_tap_closure1.call(TapKeyword.groovy)&#xa;	at com.kms.katalon.core.mobile.keyword.internal.MobileKeywordMain.runKeyword(MobileKeywordMain.groovy:19)&#xa;	... 20 more&#xa;"/>
         <system-out><![CDATA[04-04-2024T14:46:53 - [TEST_CASE][FAILED] - Test Cases/TC/TC_07 - Filter Fuctionality: Test Cases/TC/TC_07 - Filter Fuctionality FAILED.
Reason:
com.kms.katalon.core.exception.StepFailedException: Failed to tap on element 'Object Repository/android.widget.ImageView'
	at com.kms.katalon.core.mobile.keyword.internal.MobileKeywordMain.stepFailed(MobileKeywordMain.groovy:38)
	at com.kms.katalon.core.mobile.keyword.internal.MobileKeywordMain.runKeyword(MobileKeywordMain.groovy:21)
	at com.kms.katalon.core.mobile.keyword.builtin.TapKeyword.tap(TapKeyword.groovy:51)
	at com.kms.katalon.core.mobile.keyword.builtin.TapKeyword.execute(TapKeyword.groovy:35)
	at com.kms.katalon.core.keyword.internal.KeywordExecutor.executeKeywordForPlatform(KeywordExecutor.groovy:74)
	at com.kms.katalon.core.mobile.keyword.MobileBuiltInKeywords.tap(MobileBuiltInKeywords.groovy:1476)
	at TC_07 - Filter Fuctionality.run(TC_07 - Filter Fuctionality:89)
	at com.kms.katalon.core.main.ScriptEngine.run(ScriptEngine.java:194)
	at com.kms.katalon.core.main.ScriptEngine.runScriptAsRawText(ScriptEngine.java:119)
	at com.kms.katalon.core.main.TestCaseExecutor.runScript(TestCaseExecutor.java:448)
	at com.kms.katalon.core.main.TestCaseExecutor.doExecute(TestCaseExecutor.java:439)
	at com.kms.katalon.core.main.TestCaseExecutor.processExecutionPhase(TestCaseExecutor.java:418)
	at com.kms.katalon.core.main.TestCaseExecutor.accessMainPhase(TestCaseExecutor.java:410)
	at com.kms.katalon.core.main.TestCaseExecutor.execute(TestCaseExecutor.java:285)
	at com.kms.katalon.core.common.CommonExecutor.accessTestCaseMainPhase(CommonExecutor.java:65)
	at com.kms.katalon.core.main.TestSuiteExecutor.accessTestSuiteMainPhase(TestSuiteExecutor.java:148)
	at com.kms.katalon.core.main.TestSuiteExecutor.execute(TestSuiteExecutor.java:106)
	at com.kms.katalon.core.main.TestCaseMain.startTestSuite(TestCaseMain.java:180)
	at TempTestSuite1712221363141.run(TempTestSuite1712221363141.groovy:35)
	at java.base/jdk.internal.reflect.NativeMethodAccessorImpl.invoke0(Native Method)
	at java.base/jdk.internal.reflect.NativeMethodAccessorImpl.invoke(NativeMethodAccessorImpl.java:77)
	at java.base/jdk.internal.reflect.DelegatingMethodAccessorImpl.invoke(DelegatingMethodAccessorImpl.java:43)
Caused by: com.kms.katalon.core.exception.StepFailedException: Object Object Repository/android.widget.ImageView not found
	at com.kms.katalon.core.mobile.keyword.internal.MobileKeywordMain.stepFailed(MobileKeywordMain.groovy:38)
	at com.kms.katalon.core.mobile.keyword.builtin.TapKeyword$_tap_closure1.doCall(TapKeyword.groovy:46)
	at com.kms.katalon.core.mobile.keyword.builtin.TapKeyword$_tap_closure1.call(TapKeyword.groovy)
	at com.kms.katalon.core.mobile.keyword.internal.MobileKeywordMain.runKeyword(MobileKeywordMain.groovy:19)
	... 20 more


04-04-2024T14:46:54 - [TEST_STEP][PASSED] - callTestCase(findTestCase("CommenWorkflows/Login"), ["Str_URL":"C:\Users\sushil.gaikwad\git\EguruSmart1\Application\app-release (4).apk", "Str_Username":"DUSER145", "Str_Password":"Soct#2023", ... ], STOP_ON_FAILURE): Call Test Case 'Test Cases/CommenWorkflows/Login' successfully

04-04-2024T14:46:54 - [TEST_CASE][PASSED] - Test Cases/CommenWorkflows/Login: Test Cases/CommenWorkflows/Login

04-04-2024T14:46:54 - [TEST_STEP][PASSED] - startApplication(Str_URL, false): Started app at: 'C:\Users\sushil.gaikwad\git\EguruSmart1\Application\app-release (4).apk'

04-04-2024T14:46:54 - [MESSAGE][INFO] - User set preference: ['deviceId', 'R9ZT10H9Y2L']

04-04-2024T14:46:55 - [MESSAGE][INFO] - Detected NodeJS location: "C:\Program Files\nodejs\node.exe"

04-04-2024T14:46:59 - [MESSAGE][INFO] - PATH: C:\Program Files\nodejs;

04-04-2024T14:46:59 - [MESSAGE][INFO] - APPIUM_HOME: C:\Users\sushil.gaikwad\AppData\Roaming\npm\node_modules\appium\build\lib\main.js

04-04-2024T14:46:59 - [MESSAGE][INFO] - appium outlog: C:\Users\sushil.gaikwad\git\EguruSmart1\Reports\20240404_143243\TataMotors\20240404_143243\appium.log

04-04-2024T14:46:59 - [MESSAGE][INFO] - appium errlog: C:\Users\sushil.gaikwad\git\EguruSmart1\Reports\20240404_143243\TataMotors\20240404_143243\appium_error.log

04-04-2024T14:47:01 - [MESSAGE][INFO] - Appium server started on port 53,464

04-04-2024T14:47:16 - [MESSAGE][PASSED] - Started app at: 'C:\Users\sushil.gaikwad\git\EguruSmart1\Application\app-release (4).apk'

04-04-2024T14:47:16 - [TEST_STEP][PASSED] - Bool_Username = waitForElementPresent(findTestObject("LockScreen/UsernaneText"), 10): Object Object Repository/LockScreen/UsernaneText not found

04-04-2024T14:47:26 - [MESSAGE][WARNING] - Object Object Repository/LockScreen/UsernaneText not found

04-04-2024T14:47:26 - [TEST_STEP][PASSED] - if (Bool_Username == true): null

04-04-2024T14:47:26 - [TEST_STEP][PASSED] - else: Tapped on element 'Object Repository/LockScreen/LoginButton'

04-04-2024T14:47:26 - [TEST_STEP][PASSED] - tap(findTestObject("LockScreen/Tap1"), 0): Tapped on element 'Object Repository/LockScreen/Tap1'

04-04-2024T14:47:26 - [MESSAGE][WARNING] - Timeout '0' is invalid. Using default page load timeout: '30'

04-04-2024T14:47:30 - [MESSAGE][PASSED] - Tapped on element 'Object Repository/LockScreen/Tap1'

04-04-2024T14:47:30 - [TEST_STEP][PASSED] - setText(findTestObject("LockScreen/Text1"), "1", 0): Text '1' has been set to element 'Object Repository/LockScreen/Text1'

04-04-2024T14:47:30 - [MESSAGE][WARNING] - Timeout '0' is invalid. Using default page load timeout: '30'

04-04-2024T14:47:32 - [MESSAGE][PASSED] - Text '1' has been set to element 'Object Repository/LockScreen/Text1'

04-04-2024T14:47:32 - [TEST_STEP][PASSED] - setText(findTestObject("LockScreen/Text2"), "2", 0): Text '2' has been set to element 'Object Repository/LockScreen/Text2'

04-04-2024T14:47:32 - [MESSAGE][WARNING] - Timeout '0' is invalid. Using default page load timeout: '30'

04-04-2024T14:47:33 - [MESSAGE][PASSED] - Text '2' has been set to element 'Object Repository/LockScreen/Text2'

04-04-2024T14:47:33 - [TEST_STEP][PASSED] - setText(findTestObject("LockScreen/Text3"), "3", 0): Text '3' has been set to element 'Object Repository/LockScreen/Text3'

04-04-2024T14:47:33 - [MESSAGE][WARNING] - Timeout '0' is invalid. Using default page load timeout: '30'

04-04-2024T14:47:34 - [MESSAGE][PASSED] - Text '3' has been set to element 'Object Repository/LockScreen/Text3'

04-04-2024T14:47:34 - [TEST_STEP][PASSED] - setText(findTestObject("LockScreen/Text4"), "4", 0): Text '4' has been set to element 'Object Repository/LockScreen/Text4'

04-04-2024T14:47:34 - [MESSAGE][WARNING] - Timeout '0' is invalid. Using default page load timeout: '30'

04-04-2024T14:47:36 - [MESSAGE][PASSED] - Text '4' has been set to element 'Object Repository/LockScreen/Text4'

04-04-2024T14:47:36 - [TEST_STEP][PASSED] - tap(findTestObject("LockScreen/LoginButton"), 0): Tapped on element 'Object Repository/LockScreen/LoginButton'

04-04-2024T14:47:36 - [MESSAGE][WARNING] - Timeout '0' is invalid. Using default page load timeout: '30'

04-04-2024T14:47:38 - [MESSAGE][PASSED] - Tapped on element 'Object Repository/LockScreen/LoginButton'

04-04-2024T14:47:38 - [MESSAGE][PASSED] - Call Test Case 'Test Cases/CommenWorkflows/Login' successfully

04-04-2024T14:47:38 - [TEST_STEP][PASSED] - verifyElementExist(findTestObject("TataMotars/HomeButton"), 10): Element 'Object Repository/TataMotars/HomeButton' is exist

04-04-2024T14:47:38 - [MESSAGE][PASSED] - Element 'Object Repository/TataMotars/HomeButton' is exist

04-04-2024T14:47:38 - [TEST_STEP][PASSED] - tap(findTestObject("Menu/Menu"), 0): Tapped on element 'Object Repository/Menu/Menu'

04-04-2024T14:47:38 - [MESSAGE][WARNING] - Timeout '0' is invalid. Using default page load timeout: '30'

04-04-2024T14:47:40 - [MESSAGE][PASSED] - Tapped on element 'Object Repository/Menu/Menu'

04-04-2024T14:47:40 - [TEST_STEP][PASSED] - bool_Opportunities = verifyElementExist(findTestObject("Menu/Opportunities"), 0): Element 'Object Repository/Menu/Opportunities' is exist

04-04-2024T14:47:40 - [MESSAGE][WARNING] - Timeout '0' is invalid. Using default page load timeout: '30'

04-04-2024T14:47:40 - [MESSAGE][PASSED] - Element 'Object Repository/Menu/Opportunities' is exist

04-04-2024T14:47:40 - [TEST_STEP][PASSED] - bool_Contacts = verifyElementExist(findTestObject("Menu/Contacts"), 0): Element 'Object Repository/Menu/Contacts' is exist

04-04-2024T14:47:40 - [MESSAGE][WARNING] - Timeout '0' is invalid. Using default page load timeout: '30'

04-04-2024T14:47:40 - [MESSAGE][PASSED] - Element 'Object Repository/Menu/Contacts' is exist

04-04-2024T14:47:40 - [TEST_STEP][PASSED] - bool_Calendar = verifyElementExist(findTestObject("Menu/Calendar"), 0): Element 'Object Repository/Menu/Calendar' is exist

04-04-2024T14:47:40 - [MESSAGE][WARNING] - Timeout '0' is invalid. Using default page load timeout: '30'

04-04-2024T14:47:40 - [MESSAGE][PASSED] - Element 'Object Repository/Menu/Calendar' is exist

04-04-2024T14:47:40 - [TEST_STEP][PASSED] - bool_StockInfo = verifyElementExist(findTestObject("Menu/Stock Information"), 0): Element 'Object Repository/Menu/Stock Information' is exist

04-04-2024T14:47:40 - [MESSAGE][WARNING] - Timeout '0' is invalid. Using default page load timeout: '30'

04-04-2024T14:47:41 - [MESSAGE][PASSED] - Element 'Object Repository/Menu/Stock Information' is exist

04-04-2024T14:47:41 - [TEST_STEP][PASSED] - bool_Activities = verifyElementExist(findTestObject("Menu/Activities"), 0): Element 'Object Repository/Menu/Activities' is exist

04-04-2024T14:47:41 - [MESSAGE][WARNING] - Timeout '0' is invalid. Using default page load timeout: '30'

04-04-2024T14:47:41 - [MESSAGE][PASSED] - Element 'Object Repository/Menu/Activities' is exist

04-04-2024T14:47:41 - [TEST_STEP][PASSED] - bool_LostCases = verifyElementExist(findTestObject("Menu/Lost Cases"), 0): Element 'Object Repository/Menu/Lost Cases' is exist

04-04-2024T14:47:41 - [MESSAGE][WARNING] - Timeout '0' is invalid. Using default page load timeout: '30'

04-04-2024T14:47:43 - [MESSAGE][PASSED] - Element 'Object Repository/Menu/Lost Cases' is exist

04-04-2024T14:47:43 - [TEST_STEP][PASSED] - bool_PDOR = verifyElementExist(findTestObject("Menu/PDOR"), 0): Element 'Object Repository/Menu/PDOR' is exist

04-04-2024T14:47:43 - [MESSAGE][WARNING] - Timeout '0' is invalid. Using default page load timeout: '30'

04-04-2024T14:47:43 - [MESSAGE][PASSED] - Element 'Object Repository/Menu/PDOR' is exist

04-04-2024T14:47:43 - [TEST_STEP][PASSED] - bool_SyncMaster = verifyElementExist(findTestObject("Menu/Sync Master"), 0): Element 'Object Repository/Menu/Sync Master' is exist

04-04-2024T14:47:43 - [MESSAGE][WARNING] - Timeout '0' is invalid. Using default page load timeout: '30'

04-04-2024T14:47:43 - [MESSAGE][PASSED] - Element 'Object Repository/Menu/Sync Master' is exist

04-04-2024T14:47:43 - [TEST_STEP][PASSED] - bool_AboutUs = verifyElementExist(findTestObject("Menu/About Us"), 0): Element 'Object Repository/Menu/About Us' is exist

04-04-2024T14:47:43 - [MESSAGE][WARNING] - Timeout '0' is invalid. Using default page load timeout: '30'

04-04-2024T14:47:43 - [MESSAGE][PASSED] - Element 'Object Repository/Menu/About Us' is exist

04-04-2024T14:47:43 - [TEST_STEP][PASSED] - bool_LogOut = verifyElementExist(findTestObject("Menu/Log Out"), 0): Element 'Object Repository/Menu/Log Out' is exist

04-04-2024T14:47:43 - [MESSAGE][WARNING] - Timeout '0' is invalid. Using default page load timeout: '30'

04-04-2024T14:47:44 - [MESSAGE][PASSED] - Element 'Object Repository/Menu/Log Out' is exist

04-04-2024T14:47:44 - [TEST_STEP][PASSED] - bool_LogOut && bool_AboutUs && bool_SyncMaster && bool_PDOR && bool_LostCases && bool_Activities && bool_StockInfo && bool_Calendar && bool_Contacts && bool_Opportunities == true: null

04-04-2024T14:47:44 - [TEST_STEP][PASSED] - takeScreenshot(): Screenshot is taken

04-04-2024T14:47:45 - [MESSAGE][PASSED] - Screenshot is taken
[[ATTACHMENT|C:\\Users\\sushil.gaikwad\\git\\EguruSmart1\\Reports\\20240404_143243\\TataMotors\\20240404_143243\\1712222264030.png]]

04-04-2024T14:47:45 - [TEST_STEP][PASSED] - tap(findTestObject("Menu/Opportunities"), 0, STOP_ON_FAILURE): Tapped on element 'Object Repository/Menu/Opportunities'

04-04-2024T14:47:45 - [MESSAGE][WARNING] - Timeout '0' is invalid. Using default page load timeout: '30'

04-04-2024T14:47:46 - [MESSAGE][PASSED] - Tapped on element 'Object Repository/Menu/Opportunities'

04-04-2024T14:47:46 - [TEST_STEP][PASSED] - waitForElementPresent(findTestObject("Lost and Non Lost Functionality/C0 Summary Text"), 30): Element 'Object Repository/Lost and Non Lost Functionality/C0 Summary Text' is present

04-04-2024T14:47:48 - [MESSAGE][PASSED] - Element 'Object Repository/Lost and Non Lost Functionality/C0 Summary Text' is present

04-04-2024T14:47:48 - [TEST_STEP][PASSED] - bool_AllOpportunity = verifyElementExist(findTestObject("Menu/All Opportunities"), 0): Element 'Object Repository/Menu/All Opportunities' is exist

04-04-2024T14:47:48 - [MESSAGE][WARNING] - Timeout '0' is invalid. Using default page load timeout: '30'

04-04-2024T14:47:48 - [MESSAGE][PASSED] - Element 'Object Repository/Menu/All Opportunities' is exist

04-04-2024T14:47:48 - [TEST_STEP][PASSED] - bool_AllOpportunity == true: null

04-04-2024T14:47:48 - [TEST_STEP][PASSED] - takeScreenshot(): Screenshot is taken

04-04-2024T14:47:50 - [MESSAGE][PASSED] - Screenshot is taken
[[ATTACHMENT|C:\\Users\\sushil.gaikwad\\git\\EguruSmart1\\Reports\\20240404_143243\\TataMotors\\20240404_143243\\1712222268997.png]]

04-04-2024T14:47:50 - [TEST_STEP][PASSED] - tap(findTestObject("Menu/FilterButton"), 0, STOP_ON_FAILURE): Tapped on element 'Object Repository/Menu/FilterButton'

04-04-2024T14:47:50 - [MESSAGE][WARNING] - Timeout '0' is invalid. Using default page load timeout: '30'

04-04-2024T14:47:58 - [MESSAGE][PASSED] - Tapped on element 'Object Repository/Menu/FilterButton'

04-04-2024T14:47:58 - [TEST_STEP][PASSED] - tap(findTestObject("Menu/Verification Status"), 0, STOP_ON_FAILURE): Tapped on element 'Object Repository/Menu/Verification Status'

04-04-2024T14:47:58 - [MESSAGE][WARNING] - Timeout '0' is invalid. Using default page load timeout: '30'

04-04-2024T14:47:59 - [MESSAGE][PASSED] - Tapped on element 'Object Repository/Menu/Verification Status'

04-04-2024T14:47:59 - [TEST_STEP][PASSED] - bool_Verified = verifyElementExist(findTestObject("Filter/VerifiedFilter"), 0): Element 'Object Repository/Filter/VerifiedFilter' is exist

04-04-2024T14:47:59 - [MESSAGE][WARNING] - Timeout '0' is invalid. Using default page load timeout: '30'

04-04-2024T14:48:00 - [MESSAGE][PASSED] - Element 'Object Repository/Filter/VerifiedFilter' is exist

04-04-2024T14:48:00 - [TEST_STEP][PASSED] - bool_NonVerified = verifyElementExist(findTestObject("Filter/NonVerifiedFilter"), 0): Element 'Object Repository/Filter/NonVerifiedFilter' is exist

04-04-2024T14:48:00 - [MESSAGE][WARNING] - Timeout '0' is invalid. Using default page load timeout: '30'

04-04-2024T14:48:01 - [MESSAGE][PASSED] - Element 'Object Repository/Filter/NonVerifiedFilter' is exist

04-04-2024T14:48:01 - [TEST_STEP][PASSED] - bool_ClearAll = verifyElementExist(findTestObject("Menu/CLEAR ALL"), 0): Element 'Object Repository/Menu/CLEAR ALL' is exist

04-04-2024T14:48:01 - [MESSAGE][WARNING] - Timeout '0' is invalid. Using default page load timeout: '30'

04-04-2024T14:48:01 - [MESSAGE][PASSED] - Element 'Object Repository/Menu/CLEAR ALL' is exist

04-04-2024T14:48:01 - [TEST_STEP][PASSED] - bool_Cancel = verifyElementExist(findTestObject("Menu/Cancel"), 0): Element 'Object Repository/Menu/Cancel' is exist

04-04-2024T14:48:01 - [MESSAGE][WARNING] - Timeout '0' is invalid. Using default page load timeout: '30'

04-04-2024T14:48:01 - [MESSAGE][PASSED] - Element 'Object Repository/Menu/Cancel' is exist

04-04-2024T14:48:01 - [TEST_STEP][PASSED] - bool_Apply = verifyElementExist(findTestObject("Menu/Apply"), 0): Element 'Object Repository/Menu/Apply' is exist

04-04-2024T14:48:01 - [MESSAGE][WARNING] - Timeout '0' is invalid. Using default page load timeout: '30'

04-04-2024T14:48:01 - [MESSAGE][PASSED] - Element 'Object Repository/Menu/Apply' is exist

04-04-2024T14:48:01 - [TEST_STEP][PASSED] - bool_Verified && bool_NonVerified && bool_ClearAll && bool_Cancel && bool_Apply == true: null

04-04-2024T14:48:01 - [TEST_STEP][PASSED] - takeScreenshot(): Screenshot is taken

04-04-2024T14:48:02 - [MESSAGE][PASSED] - Screenshot is taken
[[ATTACHMENT|C:\\Users\\sushil.gaikwad\\git\\EguruSmart1\\Reports\\20240404_143243\\TataMotors\\20240404_143243\\1712222281994.png]]

04-04-2024T14:48:02 - [TEST_STEP][PASSED] - Bool_Offline = waitForElementPresent(findTestObject("LockScreen/NewPin/Offline Master Sync"), 10): Object Object Repository/LockScreen/NewPin/Offline Master Sync not found

04-04-2024T14:48:13 - [MESSAGE][WARNING] - Object Object Repository/LockScreen/NewPin/Offline Master Sync not found

04-04-2024T14:48:13 - [TEST_STEP][PASSED] - if (Bool_Offline == true): null

04-04-2024T14:48:13 - [TEST_STEP][FAILED] - tap(findTestObject("android.widget.ImageView"), 0, STOP_ON_FAILURE): Failed to tap on element 'Object Repository/android.widget.ImageView' (Root cause: com.kms.katalon.core.exception.StepFailedException: Failed to tap on element 'Object Repository/android.widget.ImageView'
	at com.kms.katalon.core.mobile.keyword.internal.MobileKeywordMain.stepFailed(MobileKeywordMain.groovy:38)
	at com.kms.katalon.core.mobile.keyword.internal.MobileKeywordMain.runKeyword(MobileKeywordMain.groovy:21)
	at com.kms.katalon.core.mobile.keyword.builtin.TapKeyword.tap(TapKeyword.groovy:51)
	at com.kms.katalon.core.mobile.keyword.builtin.TapKeyword.execute(TapKeyword.groovy:35)
	at com.kms.katalon.core.keyword.internal.KeywordExecutor.executeKeywordForPlatform(KeywordExecutor.groovy:74)
	at com.kms.katalon.core.mobile.keyword.MobileBuiltInKeywords.tap(MobileBuiltInKeywords.groovy:1476)
	at TC_07 - Filter Fuctionality.run(TC_07 - Filter Fuctionality:89)
	at com.kms.katalon.core.main.ScriptEngine.run(ScriptEngine.java:194)
	at com.kms.katalon.core.main.ScriptEngine.runScriptAsRawText(ScriptEngine.java:119)
	at com.kms.katalon.core.main.TestCaseExecutor.runScript(TestCaseExecutor.java:448)
	at com.kms.katalon.core.main.TestCaseExecutor.doExecute(TestCaseExecutor.java:439)
	at com.kms.katalon.core.main.TestCaseExecutor.processExecutionPhase(TestCaseExecutor.java:418)
	at com.kms.katalon.core.main.TestCaseExecutor.accessMainPhase(TestCaseExecutor.java:410)
	at com.kms.katalon.core.main.TestCaseExecutor.execute(TestCaseExecutor.java:285)
	at com.kms.katalon.core.common.CommonExecutor.accessTestCaseMainPhase(CommonExecutor.java:65)
	at com.kms.katalon.core.main.TestSuiteExecutor.accessTestSuiteMainPhase(TestSuiteExecutor.java:148)
	at com.kms.katalon.core.main.TestSuiteExecutor.execute(TestSuiteExecutor.java:106)
	at com.kms.katalon.core.main.TestCaseMain.startTestSuite(TestCaseMain.java:180)
	at TempTestSuite1712221363141.run(TempTestSuite1712221363141.groovy:35)
	at java.base/jdk.internal.reflect.NativeMethodAccessorImpl.invoke0(Native Method)
	at java.base/jdk.internal.reflect.NativeMethodAccessorImpl.invoke(NativeMethodAccessorImpl.java:77)
	at java.base/jdk.internal.reflect.DelegatingMethodAccessorImpl.invoke(DelegatingMethodAccessorImpl.java:43)
Caused by: com.kms.katalon.core.exception.StepFailedException: Object Object Repository/android.widget.ImageView not found
	at com.kms.katalon.core.mobile.keyword.internal.MobileKeywordMain.stepFailed(MobileKeywordMain.groovy:38)
	at com.kms.katalon.core.mobile.keyword.builtin.TapKeyword$_tap_closure1.doCall(TapKeyword.groovy:46)
	at com.kms.katalon.core.mobile.keyword.builtin.TapKeyword$_tap_closure1.call(TapKeyword.groovy)
	at com.kms.katalon.core.mobile.keyword.internal.MobileKeywordMain.runKeyword(MobileKeywordMain.groovy:19)
	... 20 more
)

04-04-2024T14:48:13 - [MESSAGE][WARNING] - Timeout '0' is invalid. Using default page load timeout: '30'

04-04-2024T14:48:44 - [MESSAGE][FAILED] - Object Object Repository/android.widget.ImageView not found (Root cause: com.kms.katalon.core.exception.StepFailedException: Object Object Repository/android.widget.ImageView not found
	at com.kms.katalon.core.mobile.keyword.internal.MobileKeywordMain.stepFailed(MobileKeywordMain.groovy:38)
	at com.kms.katalon.core.mobile.keyword.builtin.TapKeyword$_tap_closure1.doCall(TapKeyword.groovy:46)
	at com.kms.katalon.core.mobile.keyword.builtin.TapKeyword$_tap_closure1.call(TapKeyword.groovy)
	at com.kms.katalon.core.mobile.keyword.internal.MobileKeywordMain.runKeyword(MobileKeywordMain.groovy:19)
	at com.kms.katalon.core.mobile.keyword.builtin.TapKeyword.tap(TapKeyword.groovy:51)
	at com.kms.katalon.core.mobile.keyword.builtin.TapKeyword.execute(TapKeyword.groovy:35)
	at com.kms.katalon.core.keyword.internal.KeywordExecutor.executeKeywordForPlatform(KeywordExecutor.groovy:74)
	at com.kms.katalon.core.mobile.keyword.MobileBuiltInKeywords.tap(MobileBuiltInKeywords.groovy:1476)
	at TC_07 - Filter Fuctionality.run(TC_07 - Filter Fuctionality:89)
	at com.kms.katalon.core.main.ScriptEngine.run(ScriptEngine.java:194)
	at com.kms.katalon.core.main.ScriptEngine.runScriptAsRawText(ScriptEngine.java:119)
	at com.kms.katalon.core.main.TestCaseExecutor.runScript(TestCaseExecutor.java:448)
	at com.kms.katalon.core.main.TestCaseExecutor.doExecute(TestCaseExecutor.java:439)
	at com.kms.katalon.core.main.TestCaseExecutor.processExecutionPhase(TestCaseExecutor.java:418)
	at com.kms.katalon.core.main.TestCaseExecutor.accessMainPhase(TestCaseExecutor.java:410)
	at com.kms.katalon.core.main.TestCaseExecutor.execute(TestCaseExecutor.java:285)
	at com.kms.katalon.core.common.CommonExecutor.accessTestCaseMainPhase(CommonExecutor.java:65)
	at com.kms.katalon.core.main.TestSuiteExecutor.accessTestSuiteMainPhase(TestSuiteExecutor.java:148)
	at com.kms.katalon.core.main.TestSuiteExecutor.execute(TestSuiteExecutor.java:106)
	at com.kms.katalon.core.main.TestCaseMain.startTestSuite(TestCaseMain.java:180)
	at TempTestSuite1712221363141.run(TempTestSuite1712221363141.groovy:35)
	at java.base/jdk.internal.reflect.NativeMethodAccessorImpl.invoke0(Native Method)
	at java.base/jdk.internal.reflect.NativeMethodAccessorImpl.invoke(NativeMethodAccessorImpl.java:77)
	at java.base/jdk.internal.reflect.DelegatingMethodAccessorImpl.invoke(DelegatingMethodAccessorImpl.java:43)
)
[[ATTACHMENT|C:\\Users\\sushil.gaikwad\\git\\EguruSmart1\\Reports\\20240404_143243\\TataMotors\\20240404_143243\\1712222323141.png]]

04-04-2024T14:48:45 - [MESSAGE][FAILED] - Failed to tap on element 'Object Repository/android.widget.ImageView' (Root cause: com.kms.katalon.core.exception.StepFailedException: Failed to tap on element 'Object Repository/android.widget.ImageView'
	at com.kms.katalon.core.mobile.keyword.internal.MobileKeywordMain.stepFailed(MobileKeywordMain.groovy:38)
	at com.kms.katalon.core.mobile.keyword.internal.MobileKeywordMain.runKeyword(MobileKeywordMain.groovy:21)
	at com.kms.katalon.core.mobile.keyword.builtin.TapKeyword.tap(TapKeyword.groovy:51)
	at com.kms.katalon.core.mobile.keyword.builtin.TapKeyword.execute(TapKeyword.groovy:35)
	at com.kms.katalon.core.keyword.internal.KeywordExecutor.executeKeywordForPlatform(KeywordExecutor.groovy:74)
	at com.kms.katalon.core.mobile.keyword.MobileBuiltInKeywords.tap(MobileBuiltInKeywords.groovy:1476)
	at TC_07 - Filter Fuctionality.run(TC_07 - Filter Fuctionality:89)
	at com.kms.katalon.core.main.ScriptEngine.run(ScriptEngine.java:194)
	at com.kms.katalon.core.main.ScriptEngine.runScriptAsRawText(ScriptEngine.java:119)
	at com.kms.katalon.core.main.TestCaseExecutor.runScript(TestCaseExecutor.java:448)
	at com.kms.katalon.core.main.TestCaseExecutor.doExecute(TestCaseExecutor.java:439)
	at com.kms.katalon.core.main.TestCaseExecutor.processExecutionPhase(TestCaseExecutor.java:418)
	at com.kms.katalon.core.main.TestCaseExecutor.accessMainPhase(TestCaseExecutor.java:410)
	at com.kms.katalon.core.main.TestCaseExecutor.execute(TestCaseExecutor.java:285)
	at com.kms.katalon.core.common.CommonExecutor.accessTestCaseMainPhase(CommonExecutor.java:65)
	at com.kms.katalon.core.main.TestSuiteExecutor.accessTestSuiteMainPhase(TestSuiteExecutor.java:148)
	at com.kms.katalon.core.main.TestSuiteExecutor.execute(TestSuiteExecutor.java:106)
	at com.kms.katalon.core.main.TestCaseMain.startTestSuite(TestCaseMain.java:180)
	at TempTestSuite1712221363141.run(TempTestSuite1712221363141.groovy:35)
	at java.base/jdk.internal.reflect.NativeMethodAccessorImpl.invoke0(Native Method)
	at java.base/jdk.internal.reflect.NativeMethodAccessorImpl.invoke(NativeMethodAccessorImpl.java:77)
	at java.base/jdk.internal.reflect.DelegatingMethodAccessorImpl.invoke(DelegatingMethodAccessorImpl.java:43)
Caused by: com.kms.katalon.core.exception.StepFailedException: Object Object Repository/android.widget.ImageView not found
	at com.kms.katalon.core.mobile.keyword.internal.MobileKeywordMain.stepFailed(MobileKeywordMain.groovy:38)
	at com.kms.katalon.core.mobile.keyword.builtin.TapKeyword$_tap_closure1.doCall(TapKeyword.groovy:46)
	at com.kms.katalon.core.mobile.keyword.builtin.TapKeyword$_tap_closure1.call(TapKeyword.groovy)
	at com.kms.katalon.core.mobile.keyword.internal.MobileKeywordMain.runKeyword(MobileKeywordMain.groovy:19)
	... 20 more
)
[[ATTACHMENT|C:\\Users\\sushil.gaikwad\\git\\EguruSmart1\\Reports\\20240404_143243\\TataMotors\\20240404_143243\\1712222324079.png]]]]></system-out>
         <system-err><![CDATA[04-04-2024T14:46:53 - [TEST_CASE][FAILED] - Test Cases/TC/TC_07 - Filter Fuctionality: Test Cases/TC/TC_07 - Filter Fuctionality FAILED.
Reason:
com.kms.katalon.core.exception.StepFailedException: Failed to tap on element 'Object Repository/android.widget.ImageView'
	at com.kms.katalon.core.mobile.keyword.internal.MobileKeywordMain.stepFailed(MobileKeywordMain.groovy:38)
	at com.kms.katalon.core.mobile.keyword.internal.MobileKeywordMain.runKeyword(MobileKeywordMain.groovy:21)
	at com.kms.katalon.core.mobile.keyword.builtin.TapKeyword.tap(TapKeyword.groovy:51)
	at com.kms.katalon.core.mobile.keyword.builtin.TapKeyword.execute(TapKeyword.groovy:35)
	at com.kms.katalon.core.keyword.internal.KeywordExecutor.executeKeywordForPlatform(KeywordExecutor.groovy:74)
	at com.kms.katalon.core.mobile.keyword.MobileBuiltInKeywords.tap(MobileBuiltInKeywords.groovy:1476)
	at TC_07 - Filter Fuctionality.run(TC_07 - Filter Fuctionality:89)
	at com.kms.katalon.core.main.ScriptEngine.run(ScriptEngine.java:194)
	at com.kms.katalon.core.main.ScriptEngine.runScriptAsRawText(ScriptEngine.java:119)
	at com.kms.katalon.core.main.TestCaseExecutor.runScript(TestCaseExecutor.java:448)
	at com.kms.katalon.core.main.TestCaseExecutor.doExecute(TestCaseExecutor.java:439)
	at com.kms.katalon.core.main.TestCaseExecutor.processExecutionPhase(TestCaseExecutor.java:418)
	at com.kms.katalon.core.main.TestCaseExecutor.accessMainPhase(TestCaseExecutor.java:410)
	at com.kms.katalon.core.main.TestCaseExecutor.execute(TestCaseExecutor.java:285)
	at com.kms.katalon.core.common.CommonExecutor.accessTestCaseMainPhase(CommonExecutor.java:65)
	at com.kms.katalon.core.main.TestSuiteExecutor.accessTestSuiteMainPhase(TestSuiteExecutor.java:148)
	at com.kms.katalon.core.main.TestSuiteExecutor.execute(TestSuiteExecutor.java:106)
	at com.kms.katalon.core.main.TestCaseMain.startTestSuite(TestCaseMain.java:180)
	at TempTestSuite1712221363141.run(TempTestSuite1712221363141.groovy:35)
	at java.base/jdk.internal.reflect.NativeMethodAccessorImpl.invoke0(Native Method)
	at java.base/jdk.internal.reflect.NativeMethodAccessorImpl.invoke(NativeMethodAccessorImpl.java:77)
	at java.base/jdk.internal.reflect.DelegatingMethodAccessorImpl.invoke(DelegatingMethodAccessorImpl.java:43)
Caused by: com.kms.katalon.core.exception.StepFailedException: Object Object Repository/android.widget.ImageView not found
	at com.kms.katalon.core.mobile.keyword.internal.MobileKeywordMain.stepFailed(MobileKeywordMain.groovy:38)
	at com.kms.katalon.core.mobile.keyword.builtin.TapKeyword$_tap_closure1.doCall(TapKeyword.groovy:46)
	at com.kms.katalon.core.mobile.keyword.builtin.TapKeyword$_tap_closure1.call(TapKeyword.groovy)
	at com.kms.katalon.core.mobile.keyword.internal.MobileKeywordMain.runKeyword(MobileKeywordMain.groovy:19)
	... 20 more]]></system-err>
      </testcase>
      <testcase name="Test Cases/TC/TC_08 - Lost Functionality" time="80.813" classname="Test Cases/TC/TC_08 - Lost Functionality" status="FAILED">
         <failure type="FAILED" message="Test Cases/TC/TC_08 - Lost Functionality FAILED.&#xa;Reason:&#xa;com.kms.katalon.core.exception.StepFailedException: Failed to tap on element 'Object Repository/Lost and Non Lost Functionality/C0 Three Dots'&#xa;	at com.kms.katalon.core.mobile.keyword.internal.MobileKeywordMain.stepFailed(MobileKeywordMain.groovy:38)&#xa;	at com.kms.katalon.core.mobile.keyword.internal.MobileKeywordMain.runKeyword(MobileKeywordMain.groovy:21)&#xa;	at com.kms.katalon.core.mobile.keyword.builtin.TapKeyword.tap(TapKeyword.groovy:51)&#xa;	at com.kms.katalon.core.mobile.keyword.builtin.TapKeyword.execute(TapKeyword.groovy:35)&#xa;	at com.kms.katalon.core.keyword.internal.KeywordExecutor.executeKeywordForPlatform(KeywordExecutor.groovy:74)&#xa;	at com.kms.katalon.core.mobile.keyword.MobileBuiltInKeywords.tap(MobileBuiltInKeywords.groovy:1490)&#xa;	at TC_08 - Lost Functionality.run(TC_08 - Lost Functionality:51)&#xa;	at com.kms.katalon.core.main.ScriptEngine.run(ScriptEngine.java:194)&#xa;	at com.kms.katalon.core.main.ScriptEngine.runScriptAsRawText(ScriptEngine.java:119)&#xa;	at com.kms.katalon.core.main.TestCaseExecutor.runScript(TestCaseExecutor.java:448)&#xa;	at com.kms.katalon.core.main.TestCaseExecutor.doExecute(TestCaseExecutor.java:439)&#xa;	at com.kms.katalon.core.main.TestCaseExecutor.processExecutionPhase(TestCaseExecutor.java:418)&#xa;	at com.kms.katalon.core.main.TestCaseExecutor.accessMainPhase(TestCaseExecutor.java:410)&#xa;	at com.kms.katalon.core.main.TestCaseExecutor.execute(TestCaseExecutor.java:285)&#xa;	at com.kms.katalon.core.common.CommonExecutor.accessTestCaseMainPhase(CommonExecutor.java:65)&#xa;	at com.kms.katalon.core.main.TestSuiteExecutor.accessTestSuiteMainPhase(TestSuiteExecutor.java:148)&#xa;	at com.kms.katalon.core.main.TestSuiteExecutor.execute(TestSuiteExecutor.java:106)&#xa;	at com.kms.katalon.core.main.TestCaseMain.startTestSuite(TestCaseMain.java:180)&#xa;	at TempTestSuite1712221363141.run(TempTestSuite1712221363141.groovy:35)&#xa;	at java.base/jdk.internal.reflect.NativeMethodAccessorImpl.invoke0(Native Method)&#xa;	at java.base/jdk.internal.reflect.NativeMethodAccessorImpl.invoke(NativeMethodAccessorImpl.java:77)&#xa;	at java.base/jdk.internal.reflect.DelegatingMethodAccessorImpl.invoke(DelegatingMethodAccessorImpl.java:43)&#xa;Caused by: com.kms.katalon.core.exception.StepFailedException: Object Object Repository/Lost and Non Lost Functionality/C0 Three Dots not found&#xa;	at com.kms.katalon.core.mobile.keyword.internal.MobileKeywordMain.stepFailed(MobileKeywordMain.groovy:38)&#xa;	at com.kms.katalon.core.mobile.keyword.builtin.TapKeyword$_tap_closure1.doCall(TapKeyword.groovy:46)&#xa;	at com.kms.katalon.core.mobile.keyword.builtin.TapKeyword$_tap_closure1.call(TapKeyword.groovy)&#xa;	at com.kms.katalon.core.mobile.keyword.internal.MobileKeywordMain.runKeyword(MobileKeywordMain.groovy:19)&#xa;	... 20 more&#xa;"/>
         <system-out><![CDATA[04-04-2024T14:48:45 - [TEST_CASE][FAILED] - Test Cases/TC/TC_08 - Lost Functionality: Test Cases/TC/TC_08 - Lost Functionality FAILED.
Reason:
com.kms.katalon.core.exception.StepFailedException: Failed to tap on element 'Object Repository/Lost and Non Lost Functionality/C0 Three Dots'
	at com.kms.katalon.core.mobile.keyword.internal.MobileKeywordMain.stepFailed(MobileKeywordMain.groovy:38)
	at com.kms.katalon.core.mobile.keyword.internal.MobileKeywordMain.runKeyword(MobileKeywordMain.groovy:21)
	at com.kms.katalon.core.mobile.keyword.builtin.TapKeyword.tap(TapKeyword.groovy:51)
	at com.kms.katalon.core.mobile.keyword.builtin.TapKeyword.execute(TapKeyword.groovy:35)
	at com.kms.katalon.core.keyword.internal.KeywordExecutor.executeKeywordForPlatform(KeywordExecutor.groovy:74)
	at com.kms.katalon.core.mobile.keyword.MobileBuiltInKeywords.tap(MobileBuiltInKeywords.groovy:1490)
	at TC_08 - Lost Functionality.run(TC_08 - Lost Functionality:51)
	at com.kms.katalon.core.main.ScriptEngine.run(ScriptEngine.java:194)
	at com.kms.katalon.core.main.ScriptEngine.runScriptAsRawText(ScriptEngine.java:119)
	at com.kms.katalon.core.main.TestCaseExecutor.runScript(TestCaseExecutor.java:448)
	at com.kms.katalon.core.main.TestCaseExecutor.doExecute(TestCaseExecutor.java:439)
	at com.kms.katalon.core.main.TestCaseExecutor.processExecutionPhase(TestCaseExecutor.java:418)
	at com.kms.katalon.core.main.TestCaseExecutor.accessMainPhase(TestCaseExecutor.java:410)
	at com.kms.katalon.core.main.TestCaseExecutor.execute(TestCaseExecutor.java:285)
	at com.kms.katalon.core.common.CommonExecutor.accessTestCaseMainPhase(CommonExecutor.java:65)
	at com.kms.katalon.core.main.TestSuiteExecutor.accessTestSuiteMainPhase(TestSuiteExecutor.java:148)
	at com.kms.katalon.core.main.TestSuiteExecutor.execute(TestSuiteExecutor.java:106)
	at com.kms.katalon.core.main.TestCaseMain.startTestSuite(TestCaseMain.java:180)
	at TempTestSuite1712221363141.run(TempTestSuite1712221363141.groovy:35)
	at java.base/jdk.internal.reflect.NativeMethodAccessorImpl.invoke0(Native Method)
	at java.base/jdk.internal.reflect.NativeMethodAccessorImpl.invoke(NativeMethodAccessorImpl.java:77)
	at java.base/jdk.internal.reflect.DelegatingMethodAccessorImpl.invoke(DelegatingMethodAccessorImpl.java:43)
Caused by: com.kms.katalon.core.exception.StepFailedException: Object Object Repository/Lost and Non Lost Functionality/C0 Three Dots not found
	at com.kms.katalon.core.mobile.keyword.internal.MobileKeywordMain.stepFailed(MobileKeywordMain.groovy:38)
	at com.kms.katalon.core.mobile.keyword.builtin.TapKeyword$_tap_closure1.doCall(TapKeyword.groovy:46)
	at com.kms.katalon.core.mobile.keyword.builtin.TapKeyword$_tap_closure1.call(TapKeyword.groovy)
	at com.kms.katalon.core.mobile.keyword.internal.MobileKeywordMain.runKeyword(MobileKeywordMain.groovy:19)
	... 20 more


04-04-2024T14:48:45 - [TEST_STEP][PASSED] - callTestCase(findTestCase("CommenWorkflows/Login"), ["Str_URL":"C:\Users\sushil.gaikwad\git\EguruSmart1\Application\app-release (4).apk", "Str_Username":"DUSER145", "Str_Password":"Soct#2023", ... ], STOP_ON_FAILURE): Call Test Case 'Test Cases/CommenWorkflows/Login' successfully

04-04-2024T14:48:45 - [TEST_CASE][PASSED] - Test Cases/CommenWorkflows/Login: Test Cases/CommenWorkflows/Login

04-04-2024T14:48:45 - [TEST_STEP][PASSED] - startApplication(Str_URL, false): Started app at: 'C:\Users\sushil.gaikwad\git\EguruSmart1\Application\app-release (4).apk'

04-04-2024T14:48:45 - [MESSAGE][INFO] - User set preference: ['deviceId', 'R9ZT10H9Y2L']

04-04-2024T14:48:56 - [MESSAGE][PASSED] - Started app at: 'C:\Users\sushil.gaikwad\git\EguruSmart1\Application\app-release (4).apk'

04-04-2024T14:48:56 - [TEST_STEP][PASSED] - Bool_Username = waitForElementPresent(findTestObject("LockScreen/UsernaneText"), 10): Object Object Repository/LockScreen/UsernaneText not found

04-04-2024T14:49:06 - [MESSAGE][WARNING] - Object Object Repository/LockScreen/UsernaneText not found

04-04-2024T14:49:06 - [TEST_STEP][PASSED] - if (Bool_Username == true): null

04-04-2024T14:49:06 - [TEST_STEP][PASSED] - else: Tapped on element 'Object Repository/LockScreen/LoginButton'

04-04-2024T14:49:06 - [TEST_STEP][PASSED] - tap(findTestObject("LockScreen/Tap1"), 0): Tapped on element 'Object Repository/LockScreen/Tap1'

04-04-2024T14:49:06 - [MESSAGE][WARNING] - Timeout '0' is invalid. Using default page load timeout: '30'

04-04-2024T14:49:10 - [MESSAGE][PASSED] - Tapped on element 'Object Repository/LockScreen/Tap1'

04-04-2024T14:49:10 - [TEST_STEP][PASSED] - setText(findTestObject("LockScreen/Text1"), "1", 0): Text '1' has been set to element 'Object Repository/LockScreen/Text1'

04-04-2024T14:49:11 - [MESSAGE][WARNING] - Timeout '0' is invalid. Using default page load timeout: '30'

04-04-2024T14:49:12 - [MESSAGE][PASSED] - Text '1' has been set to element 'Object Repository/LockScreen/Text1'

04-04-2024T14:49:12 - [TEST_STEP][PASSED] - setText(findTestObject("LockScreen/Text2"), "2", 0): Text '2' has been set to element 'Object Repository/LockScreen/Text2'

04-04-2024T14:49:12 - [MESSAGE][WARNING] - Timeout '0' is invalid. Using default page load timeout: '30'

04-04-2024T14:49:13 - [MESSAGE][PASSED] - Text '2' has been set to element 'Object Repository/LockScreen/Text2'

04-04-2024T14:49:13 - [TEST_STEP][PASSED] - setText(findTestObject("LockScreen/Text3"), "3", 0): Text '3' has been set to element 'Object Repository/LockScreen/Text3'

04-04-2024T14:49:13 - [MESSAGE][WARNING] - Timeout '0' is invalid. Using default page load timeout: '30'

04-04-2024T14:49:15 - [MESSAGE][PASSED] - Text '3' has been set to element 'Object Repository/LockScreen/Text3'

04-04-2024T14:49:15 - [TEST_STEP][PASSED] - setText(findTestObject("LockScreen/Text4"), "4", 0): Text '4' has been set to element 'Object Repository/LockScreen/Text4'

04-04-2024T14:49:15 - [MESSAGE][WARNING] - Timeout '0' is invalid. Using default page load timeout: '30'

04-04-2024T14:49:16 - [MESSAGE][PASSED] - Text '4' has been set to element 'Object Repository/LockScreen/Text4'

04-04-2024T14:49:16 - [TEST_STEP][PASSED] - tap(findTestObject("LockScreen/LoginButton"), 0): Tapped on element 'Object Repository/LockScreen/LoginButton'

04-04-2024T14:49:16 - [MESSAGE][WARNING] - Timeout '0' is invalid. Using default page load timeout: '30'

04-04-2024T14:49:19 - [MESSAGE][PASSED] - Tapped on element 'Object Repository/LockScreen/LoginButton'

04-04-2024T14:49:19 - [MESSAGE][PASSED] - Call Test Case 'Test Cases/CommenWorkflows/Login' successfully

04-04-2024T14:49:19 - [TEST_STEP][PASSED] - verifyElementExist(findTestObject("TataMotars/HomeButton"), 10): Element 'Object Repository/TataMotars/HomeButton' is exist

04-04-2024T14:49:20 - [MESSAGE][PASSED] - Element 'Object Repository/TataMotars/HomeButton' is exist

04-04-2024T14:49:20 - [TEST_STEP][PASSED] - tap(findTestObject("Home/Opportunities"), 0): Tapped on element 'Object Repository/Home/Opportunities'

04-04-2024T14:49:20 - [MESSAGE][WARNING] - Timeout '0' is invalid. Using default page load timeout: '30'

04-04-2024T14:49:20 - [MESSAGE][PASSED] - Tapped on element 'Object Repository/Home/Opportunities'

04-04-2024T14:49:20 - [TEST_STEP][PASSED] - tap(findTestObject("Lost and Non Lost Functionality/C0"), 0): Tapped on element 'Object Repository/Lost and Non Lost Functionality/C0'

04-04-2024T14:49:21 - [MESSAGE][WARNING] - Timeout '0' is invalid. Using default page load timeout: '30'

04-04-2024T14:49:22 - [MESSAGE][PASSED] - Tapped on element 'Object Repository/Lost and Non Lost Functionality/C0'

04-04-2024T14:49:22 - [TEST_STEP][PASSED] - bool_Summary = verifyElementExist(findTestObject("Lost and Non Lost Functionality/C0 Summary Text"), 30): Element 'Object Repository/Lost and Non Lost Functionality/C0 Summary Text' is exist

04-04-2024T14:49:24 - [MESSAGE][PASSED] - Element 'Object Repository/Lost and Non Lost Functionality/C0 Summary Text' is exist

04-04-2024T14:49:24 - [TEST_STEP][PASSED] - bool_Target = verifyElementExist(findTestObject("Lost and Non Lost Functionality/Target text"), 30): Element 'Object Repository/Lost and Non Lost Functionality/Target text' is exist

04-04-2024T14:49:25 - [MESSAGE][PASSED] - Element 'Object Repository/Lost and Non Lost Functionality/Target text' is exist

04-04-2024T14:49:25 - [TEST_STEP][PASSED] - bool_MTD = verifyElementExist(findTestObject("Lost and Non Lost Functionality/MTD text"), 0): Element 'Object Repository/Lost and Non Lost Functionality/MTD text' is exist

04-04-2024T14:49:25 - [MESSAGE][WARNING] - Timeout '0' is invalid. Using default page load timeout: '30'

04-04-2024T14:49:25 - [MESSAGE][PASSED] - Element 'Object Repository/Lost and Non Lost Functionality/MTD text' is exist

04-04-2024T14:49:25 - [TEST_STEP][PASSED] - bool_ThisWeek = verifyElementExist(findTestObject("Lost and Non Lost Functionality/This Week text"), 0): Element 'Object Repository/Lost and Non Lost Functionality/This Week text' is exist

04-04-2024T14:49:25 - [MESSAGE][WARNING] - Timeout '0' is invalid. Using default page load timeout: '30'

04-04-2024T14:49:26 - [MESSAGE][PASSED] - Element 'Object Repository/Lost and Non Lost Functionality/This Week text' is exist

04-04-2024T14:49:26 - [TEST_STEP][PASSED] - bool_Yesterday = verifyElementExist(findTestObject("Lost and Non Lost Functionality/Yesterday text"), 0): Element 'Object Repository/Lost and Non Lost Functionality/Yesterday text' is exist

04-04-2024T14:49:26 - [MESSAGE][WARNING] - Timeout '0' is invalid. Using default page load timeout: '30'

04-04-2024T14:49:26 - [MESSAGE][PASSED] - Element 'Object Repository/Lost and Non Lost Functionality/Yesterday text' is exist

04-04-2024T14:49:26 - [TEST_STEP][PASSED] - bool_Yesterday && bool_ThisWeek && bool_MTD && bool_Target && bool_Summary == true: null

04-04-2024T14:49:26 - [TEST_STEP][PASSED] - takeScreenshot(): Screenshot is taken

04-04-2024T14:49:28 - [MESSAGE][PASSED] - Screenshot is taken
[[ATTACHMENT|C:\\Users\\sushil.gaikwad\\git\\EguruSmart1\\Reports\\20240404_143243\\TataMotors\\20240404_143243\\1712222366412.png]]

04-04-2024T14:49:28 - [TEST_STEP][PASSED] - Bool_Offline = waitForElementPresent(findTestObject("LockScreen/NewPin/Offline Master Sync"), 5): Object Object Repository/LockScreen/NewPin/Offline Master Sync not found

04-04-2024T14:49:33 - [MESSAGE][WARNING] - Object Object Repository/LockScreen/NewPin/Offline Master Sync not found

04-04-2024T14:49:33 - [TEST_STEP][PASSED] - if (Bool_Offline == true): null

04-04-2024T14:49:33 - [TEST_STEP][FAILED] - tap(findTestObject("Lost and Non Lost Functionality/C0 Three Dots"), 0): Failed to tap on element 'Object Repository/Lost and Non Lost Functionality/C0 Three Dots' (Root cause: com.kms.katalon.core.exception.StepFailedException: Failed to tap on element 'Object Repository/Lost and Non Lost Functionality/C0 Three Dots'
	at com.kms.katalon.core.mobile.keyword.internal.MobileKeywordMain.stepFailed(MobileKeywordMain.groovy:38)
	at com.kms.katalon.core.mobile.keyword.internal.MobileKeywordMain.runKeyword(MobileKeywordMain.groovy:21)
	at com.kms.katalon.core.mobile.keyword.builtin.TapKeyword.tap(TapKeyword.groovy:51)
	at com.kms.katalon.core.mobile.keyword.builtin.TapKeyword.execute(TapKeyword.groovy:35)
	at com.kms.katalon.core.keyword.internal.KeywordExecutor.executeKeywordForPlatform(KeywordExecutor.groovy:74)
	at com.kms.katalon.core.mobile.keyword.MobileBuiltInKeywords.tap(MobileBuiltInKeywords.groovy:1490)
	at TC_08 - Lost Functionality.run(TC_08 - Lost Functionality:51)
	at com.kms.katalon.core.main.ScriptEngine.run(ScriptEngine.java:194)
	at com.kms.katalon.core.main.ScriptEngine.runScriptAsRawText(ScriptEngine.java:119)
	at com.kms.katalon.core.main.TestCaseExecutor.runScript(TestCaseExecutor.java:448)
	at com.kms.katalon.core.main.TestCaseExecutor.doExecute(TestCaseExecutor.java:439)
	at com.kms.katalon.core.main.TestCaseExecutor.processExecutionPhase(TestCaseExecutor.java:418)
	at com.kms.katalon.core.main.TestCaseExecutor.accessMainPhase(TestCaseExecutor.java:410)
	at com.kms.katalon.core.main.TestCaseExecutor.execute(TestCaseExecutor.java:285)
	at com.kms.katalon.core.common.CommonExecutor.accessTestCaseMainPhase(CommonExecutor.java:65)
	at com.kms.katalon.core.main.TestSuiteExecutor.accessTestSuiteMainPhase(TestSuiteExecutor.java:148)
	at com.kms.katalon.core.main.TestSuiteExecutor.execute(TestSuiteExecutor.java:106)
	at com.kms.katalon.core.main.TestCaseMain.startTestSuite(TestCaseMain.java:180)
	at TempTestSuite1712221363141.run(TempTestSuite1712221363141.groovy:35)
	at java.base/jdk.internal.reflect.NativeMethodAccessorImpl.invoke0(Native Method)
	at java.base/jdk.internal.reflect.NativeMethodAccessorImpl.invoke(NativeMethodAccessorImpl.java:77)
	at java.base/jdk.internal.reflect.DelegatingMethodAccessorImpl.invoke(DelegatingMethodAccessorImpl.java:43)
Caused by: com.kms.katalon.core.exception.StepFailedException: Object Object Repository/Lost and Non Lost Functionality/C0 Three Dots not found
	at com.kms.katalon.core.mobile.keyword.internal.MobileKeywordMain.stepFailed(MobileKeywordMain.groovy:38)
	at com.kms.katalon.core.mobile.keyword.builtin.TapKeyword$_tap_closure1.doCall(TapKeyword.groovy:46)
	at com.kms.katalon.core.mobile.keyword.builtin.TapKeyword$_tap_closure1.call(TapKeyword.groovy)
	at com.kms.katalon.core.mobile.keyword.internal.MobileKeywordMain.runKeyword(MobileKeywordMain.groovy:19)
	... 20 more
)

04-04-2024T14:49:33 - [MESSAGE][WARNING] - Timeout '0' is invalid. Using default page load timeout: '30'

04-04-2024T14:50:04 - [MESSAGE][FAILED] - Object Object Repository/Lost and Non Lost Functionality/C0 Three Dots not found (Root cause: com.kms.katalon.core.exception.StepFailedException: Object Object Repository/Lost and Non Lost Functionality/C0 Three Dots not found
	at com.kms.katalon.core.mobile.keyword.internal.MobileKeywordMain.stepFailed(MobileKeywordMain.groovy:38)
	at com.kms.katalon.core.mobile.keyword.builtin.TapKeyword$_tap_closure1.doCall(TapKeyword.groovy:46)
	at com.kms.katalon.core.mobile.keyword.builtin.TapKeyword$_tap_closure1.call(TapKeyword.groovy)
	at com.kms.katalon.core.mobile.keyword.internal.MobileKeywordMain.runKeyword(MobileKeywordMain.groovy:19)
	at com.kms.katalon.core.mobile.keyword.builtin.TapKeyword.tap(TapKeyword.groovy:51)
	at com.kms.katalon.core.mobile.keyword.builtin.TapKeyword.execute(TapKeyword.groovy:35)
	at com.kms.katalon.core.keyword.internal.KeywordExecutor.executeKeywordForPlatform(KeywordExecutor.groovy:74)
	at com.kms.katalon.core.mobile.keyword.MobileBuiltInKeywords.tap(MobileBuiltInKeywords.groovy:1490)
	at TC_08 - Lost Functionality.run(TC_08 - Lost Functionality:51)
	at com.kms.katalon.core.main.ScriptEngine.run(ScriptEngine.java:194)
	at com.kms.katalon.core.main.ScriptEngine.runScriptAsRawText(ScriptEngine.java:119)
	at com.kms.katalon.core.main.TestCaseExecutor.runScript(TestCaseExecutor.java:448)
	at com.kms.katalon.core.main.TestCaseExecutor.doExecute(TestCaseExecutor.java:439)
	at com.kms.katalon.core.main.TestCaseExecutor.processExecutionPhase(TestCaseExecutor.java:418)
	at com.kms.katalon.core.main.TestCaseExecutor.accessMainPhase(TestCaseExecutor.java:410)
	at com.kms.katalon.core.main.TestCaseExecutor.execute(TestCaseExecutor.java:285)
	at com.kms.katalon.core.common.CommonExecutor.accessTestCaseMainPhase(CommonExecutor.java:65)
	at com.kms.katalon.core.main.TestSuiteExecutor.accessTestSuiteMainPhase(TestSuiteExecutor.java:148)
	at com.kms.katalon.core.main.TestSuiteExecutor.execute(TestSuiteExecutor.java:106)
	at com.kms.katalon.core.main.TestCaseMain.startTestSuite(TestCaseMain.java:180)
	at TempTestSuite1712221363141.run(TempTestSuite1712221363141.groovy:35)
	at java.base/jdk.internal.reflect.NativeMethodAccessorImpl.invoke0(Native Method)
	at java.base/jdk.internal.reflect.NativeMethodAccessorImpl.invoke(NativeMethodAccessorImpl.java:77)
	at java.base/jdk.internal.reflect.DelegatingMethodAccessorImpl.invoke(DelegatingMethodAccessorImpl.java:43)
)
[[ATTACHMENT|C:\\Users\\sushil.gaikwad\\git\\EguruSmart1\\Reports\\20240404_143243\\TataMotors\\20240404_143243\\1712222403616.png]]

04-04-2024T14:50:05 - [MESSAGE][FAILED] - Failed to tap on element 'Object Repository/Lost and Non Lost Functionality/C0 Three Dots' (Root cause: com.kms.katalon.core.exception.StepFailedException: Failed to tap on element 'Object Repository/Lost and Non Lost Functionality/C0 Three Dots'
	at com.kms.katalon.core.mobile.keyword.internal.MobileKeywordMain.stepFailed(MobileKeywordMain.groovy:38)
	at com.kms.katalon.core.mobile.keyword.internal.MobileKeywordMain.runKeyword(MobileKeywordMain.groovy:21)
	at com.kms.katalon.core.mobile.keyword.builtin.TapKeyword.tap(TapKeyword.groovy:51)
	at com.kms.katalon.core.mobile.keyword.builtin.TapKeyword.execute(TapKeyword.groovy:35)
	at com.kms.katalon.core.keyword.internal.KeywordExecutor.executeKeywordForPlatform(KeywordExecutor.groovy:74)
	at com.kms.katalon.core.mobile.keyword.MobileBuiltInKeywords.tap(MobileBuiltInKeywords.groovy:1490)
	at TC_08 - Lost Functionality.run(TC_08 - Lost Functionality:51)
	at com.kms.katalon.core.main.ScriptEngine.run(ScriptEngine.java:194)
	at com.kms.katalon.core.main.ScriptEngine.runScriptAsRawText(ScriptEngine.java:119)
	at com.kms.katalon.core.main.TestCaseExecutor.runScript(TestCaseExecutor.java:448)
	at com.kms.katalon.core.main.TestCaseExecutor.doExecute(TestCaseExecutor.java:439)
	at com.kms.katalon.core.main.TestCaseExecutor.processExecutionPhase(TestCaseExecutor.java:418)
	at com.kms.katalon.core.main.TestCaseExecutor.accessMainPhase(TestCaseExecutor.java:410)
	at com.kms.katalon.core.main.TestCaseExecutor.execute(TestCaseExecutor.java:285)
	at com.kms.katalon.core.common.CommonExecutor.accessTestCaseMainPhase(CommonExecutor.java:65)
	at com.kms.katalon.core.main.TestSuiteExecutor.accessTestSuiteMainPhase(TestSuiteExecutor.java:148)
	at com.kms.katalon.core.main.TestSuiteExecutor.execute(TestSuiteExecutor.java:106)
	at com.kms.katalon.core.main.TestCaseMain.startTestSuite(TestCaseMain.java:180)
	at TempTestSuite1712221363141.run(TempTestSuite1712221363141.groovy:35)
	at java.base/jdk.internal.reflect.NativeMethodAccessorImpl.invoke0(Native Method)
	at java.base/jdk.internal.reflect.NativeMethodAccessorImpl.invoke(NativeMethodAccessorImpl.java:77)
	at java.base/jdk.internal.reflect.DelegatingMethodAccessorImpl.invoke(DelegatingMethodAccessorImpl.java:43)
Caused by: com.kms.katalon.core.exception.StepFailedException: Object Object Repository/Lost and Non Lost Functionality/C0 Three Dots not found
	at com.kms.katalon.core.mobile.keyword.internal.MobileKeywordMain.stepFailed(MobileKeywordMain.groovy:38)
	at com.kms.katalon.core.mobile.keyword.builtin.TapKeyword$_tap_closure1.doCall(TapKeyword.groovy:46)
	at com.kms.katalon.core.mobile.keyword.builtin.TapKeyword$_tap_closure1.call(TapKeyword.groovy)
	at com.kms.katalon.core.mobile.keyword.internal.MobileKeywordMain.runKeyword(MobileKeywordMain.groovy:19)
	... 20 more
)
[[ATTACHMENT|C:\\Users\\sushil.gaikwad\\git\\EguruSmart1\\Reports\\20240404_143243\\TataMotors\\20240404_143243\\1712222404855.png]]]]></system-out>
         <system-err><![CDATA[04-04-2024T14:48:45 - [TEST_CASE][FAILED] - Test Cases/TC/TC_08 - Lost Functionality: Test Cases/TC/TC_08 - Lost Functionality FAILED.
Reason:
com.kms.katalon.core.exception.StepFailedException: Failed to tap on element 'Object Repository/Lost and Non Lost Functionality/C0 Three Dots'
	at com.kms.katalon.core.mobile.keyword.internal.MobileKeywordMain.stepFailed(MobileKeywordMain.groovy:38)
	at com.kms.katalon.core.mobile.keyword.internal.MobileKeywordMain.runKeyword(MobileKeywordMain.groovy:21)
	at com.kms.katalon.core.mobile.keyword.builtin.TapKeyword.tap(TapKeyword.groovy:51)
	at com.kms.katalon.core.mobile.keyword.builtin.TapKeyword.execute(TapKeyword.groovy:35)
	at com.kms.katalon.core.keyword.internal.KeywordExecutor.executeKeywordForPlatform(KeywordExecutor.groovy:74)
	at com.kms.katalon.core.mobile.keyword.MobileBuiltInKeywords.tap(MobileBuiltInKeywords.groovy:1490)
	at TC_08 - Lost Functionality.run(TC_08 - Lost Functionality:51)
	at com.kms.katalon.core.main.ScriptEngine.run(ScriptEngine.java:194)
	at com.kms.katalon.core.main.ScriptEngine.runScriptAsRawText(ScriptEngine.java:119)
	at com.kms.katalon.core.main.TestCaseExecutor.runScript(TestCaseExecutor.java:448)
	at com.kms.katalon.core.main.TestCaseExecutor.doExecute(TestCaseExecutor.java:439)
	at com.kms.katalon.core.main.TestCaseExecutor.processExecutionPhase(TestCaseExecutor.java:418)
	at com.kms.katalon.core.main.TestCaseExecutor.accessMainPhase(TestCaseExecutor.java:410)
	at com.kms.katalon.core.main.TestCaseExecutor.execute(TestCaseExecutor.java:285)
	at com.kms.katalon.core.common.CommonExecutor.accessTestCaseMainPhase(CommonExecutor.java:65)
	at com.kms.katalon.core.main.TestSuiteExecutor.accessTestSuiteMainPhase(TestSuiteExecutor.java:148)
	at com.kms.katalon.core.main.TestSuiteExecutor.execute(TestSuiteExecutor.java:106)
	at com.kms.katalon.core.main.TestCaseMain.startTestSuite(TestCaseMain.java:180)
	at TempTestSuite1712221363141.run(TempTestSuite1712221363141.groovy:35)
	at java.base/jdk.internal.reflect.NativeMethodAccessorImpl.invoke0(Native Method)
	at java.base/jdk.internal.reflect.NativeMethodAccessorImpl.invoke(NativeMethodAccessorImpl.java:77)
	at java.base/jdk.internal.reflect.DelegatingMethodAccessorImpl.invoke(DelegatingMethodAccessorImpl.java:43)
Caused by: com.kms.katalon.core.exception.StepFailedException: Object Object Repository/Lost and Non Lost Functionality/C0 Three Dots not found
	at com.kms.katalon.core.mobile.keyword.internal.MobileKeywordMain.stepFailed(MobileKeywordMain.groovy:38)
	at com.kms.katalon.core.mobile.keyword.builtin.TapKeyword$_tap_closure1.doCall(TapKeyword.groovy:46)
	at com.kms.katalon.core.mobile.keyword.builtin.TapKeyword$_tap_closure1.call(TapKeyword.groovy)
	at com.kms.katalon.core.mobile.keyword.internal.MobileKeywordMain.runKeyword(MobileKeywordMain.groovy:19)
	... 20 more]]></system-err>
      </testcase>
      <testcase name="Test Cases/TC/TC_09 - Non Lost Functionality" time="62.962" classname="Test Cases/TC/TC_09 - Non Lost Functionality" status="FAILED">
         <failure type="FAILED" message="Test Cases/TC/TC_09 - Non Lost Functionality FAILED.&#xa;Reason:&#xa;com.kms.katalon.core.exception.StepFailedException: Failed to tap on element 'Object Repository/Lost and Non Lost Functionality/C0 Three Dots'&#xa;	at com.kms.katalon.core.mobile.keyword.internal.MobileKeywordMain.stepFailed(MobileKeywordMain.groovy:38)&#xa;	at com.kms.katalon.core.mobile.keyword.internal.MobileKeywordMain.runKeyword(MobileKeywordMain.groovy:21)&#xa;	at com.kms.katalon.core.mobile.keyword.builtin.TapKeyword.tap(TapKeyword.groovy:51)&#xa;	at com.kms.katalon.core.mobile.keyword.builtin.TapKeyword.execute(TapKeyword.groovy:35)&#xa;	at com.kms.katalon.core.keyword.internal.KeywordExecutor.executeKeywordForPlatform(KeywordExecutor.groovy:74)&#xa;	at com.kms.katalon.core.mobile.keyword.MobileBuiltInKeywords.tap(MobileBuiltInKeywords.groovy:1490)&#xa;	at TC_09 - Non Lost Functionality.run(TC_09 - Non Lost Functionality:52)&#xa;	at com.kms.katalon.core.main.ScriptEngine.run(ScriptEngine.java:194)&#xa;	at com.kms.katalon.core.main.ScriptEngine.runScriptAsRawText(ScriptEngine.java:119)&#xa;	at com.kms.katalon.core.main.TestCaseExecutor.runScript(TestCaseExecutor.java:448)&#xa;	at com.kms.katalon.core.main.TestCaseExecutor.doExecute(TestCaseExecutor.java:439)&#xa;	at com.kms.katalon.core.main.TestCaseExecutor.processExecutionPhase(TestCaseExecutor.java:418)&#xa;	at com.kms.katalon.core.main.TestCaseExecutor.accessMainPhase(TestCaseExecutor.java:410)&#xa;	at com.kms.katalon.core.main.TestCaseExecutor.execute(TestCaseExecutor.java:285)&#xa;	at com.kms.katalon.core.common.CommonExecutor.accessTestCaseMainPhase(CommonExecutor.java:65)&#xa;	at com.kms.katalon.core.main.TestSuiteExecutor.accessTestSuiteMainPhase(TestSuiteExecutor.java:148)&#xa;	at com.kms.katalon.core.main.TestSuiteExecutor.execute(TestSuiteExecutor.java:106)&#xa;	at com.kms.katalon.core.main.TestCaseMain.startTestSuite(TestCaseMain.java:180)&#xa;	at TempTestSuite1712221363141.run(TempTestSuite1712221363141.groovy:35)&#xa;	at java.base/jdk.internal.reflect.NativeMethodAccessorImpl.invoke0(Native Method)&#xa;	at java.base/jdk.internal.reflect.NativeMethodAccessorImpl.invoke(NativeMethodAccessorImpl.java:77)&#xa;	at java.base/jdk.internal.reflect.DelegatingMethodAccessorImpl.invoke(DelegatingMethodAccessorImpl.java:43)&#xa;Caused by: com.kms.katalon.core.exception.StepFailedException: Object Object Repository/Lost and Non Lost Functionality/C0 Three Dots not found&#xa;	at com.kms.katalon.core.mobile.keyword.internal.MobileKeywordMain.stepFailed(MobileKeywordMain.groovy:38)&#xa;	at com.kms.katalon.core.mobile.keyword.builtin.TapKeyword$_tap_closure1.doCall(TapKeyword.groovy:46)&#xa;	at com.kms.katalon.core.mobile.keyword.builtin.TapKeyword$_tap_closure1.call(TapKeyword.groovy)&#xa;	at com.kms.katalon.core.mobile.keyword.internal.MobileKeywordMain.runKeyword(MobileKeywordMain.groovy:19)&#xa;	... 20 more&#xa;"/>
         <system-out><![CDATA[04-04-2024T14:50:05 - [TEST_CASE][FAILED] - Test Cases/TC/TC_09 - Non Lost Functionality: Test Cases/TC/TC_09 - Non Lost Functionality FAILED.
Reason:
com.kms.katalon.core.exception.StepFailedException: Failed to tap on element 'Object Repository/Lost and Non Lost Functionality/C0 Three Dots'
	at com.kms.katalon.core.mobile.keyword.internal.MobileKeywordMain.stepFailed(MobileKeywordMain.groovy:38)
	at com.kms.katalon.core.mobile.keyword.internal.MobileKeywordMain.runKeyword(MobileKeywordMain.groovy:21)
	at com.kms.katalon.core.mobile.keyword.builtin.TapKeyword.tap(TapKeyword.groovy:51)
	at com.kms.katalon.core.mobile.keyword.builtin.TapKeyword.execute(TapKeyword.groovy:35)
	at com.kms.katalon.core.keyword.internal.KeywordExecutor.executeKeywordForPlatform(KeywordExecutor.groovy:74)
	at com.kms.katalon.core.mobile.keyword.MobileBuiltInKeywords.tap(MobileBuiltInKeywords.groovy:1490)
	at TC_09 - Non Lost Functionality.run(TC_09 - Non Lost Functionality:52)
	at com.kms.katalon.core.main.ScriptEngine.run(ScriptEngine.java:194)
	at com.kms.katalon.core.main.ScriptEngine.runScriptAsRawText(ScriptEngine.java:119)
	at com.kms.katalon.core.main.TestCaseExecutor.runScript(TestCaseExecutor.java:448)
	at com.kms.katalon.core.main.TestCaseExecutor.doExecute(TestCaseExecutor.java:439)
	at com.kms.katalon.core.main.TestCaseExecutor.processExecutionPhase(TestCaseExecutor.java:418)
	at com.kms.katalon.core.main.TestCaseExecutor.accessMainPhase(TestCaseExecutor.java:410)
	at com.kms.katalon.core.main.TestCaseExecutor.execute(TestCaseExecutor.java:285)
	at com.kms.katalon.core.common.CommonExecutor.accessTestCaseMainPhase(CommonExecutor.java:65)
	at com.kms.katalon.core.main.TestSuiteExecutor.accessTestSuiteMainPhase(TestSuiteExecutor.java:148)
	at com.kms.katalon.core.main.TestSuiteExecutor.execute(TestSuiteExecutor.java:106)
	at com.kms.katalon.core.main.TestCaseMain.startTestSuite(TestCaseMain.java:180)
	at TempTestSuite1712221363141.run(TempTestSuite1712221363141.groovy:35)
	at java.base/jdk.internal.reflect.NativeMethodAccessorImpl.invoke0(Native Method)
	at java.base/jdk.internal.reflect.NativeMethodAccessorImpl.invoke(NativeMethodAccessorImpl.java:77)
	at java.base/jdk.internal.reflect.DelegatingMethodAccessorImpl.invoke(DelegatingMethodAccessorImpl.java:43)
Caused by: com.kms.katalon.core.exception.StepFailedException: Object Object Repository/Lost and Non Lost Functionality/C0 Three Dots not found
	at com.kms.katalon.core.mobile.keyword.internal.MobileKeywordMain.stepFailed(MobileKeywordMain.groovy:38)
	at com.kms.katalon.core.mobile.keyword.builtin.TapKeyword$_tap_closure1.doCall(TapKeyword.groovy:46)
	at com.kms.katalon.core.mobile.keyword.builtin.TapKeyword$_tap_closure1.call(TapKeyword.groovy)
	at com.kms.katalon.core.mobile.keyword.internal.MobileKeywordMain.runKeyword(MobileKeywordMain.groovy:19)
	... 20 more


04-04-2024T14:50:06 - [TEST_STEP][PASSED] - callTestCase(findTestCase("CommenWorkflows/Login"), ["Str_URL":"C:\Users\sushil.gaikwad\git\EguruSmart1\Application\app-release (4).apk", "Str_Username":"DUSER145", "Str_Password":"Soct#2023", ... ], STOP_ON_FAILURE): Call Test Case 'Test Cases/CommenWorkflows/Login' successfully

04-04-2024T14:50:06 - [TEST_CASE][PASSED] - Test Cases/CommenWorkflows/Login: Test Cases/CommenWorkflows/Login

04-04-2024T14:50:06 - [TEST_STEP][PASSED] - startApplication(Str_URL, false): Started app at: 'C:\Users\sushil.gaikwad\git\EguruSmart1\Application\app-release (4).apk'

04-04-2024T14:50:06 - [MESSAGE][INFO] - User set preference: ['deviceId', 'R9ZT10H9Y2L']

04-04-2024T14:50:18 - [MESSAGE][PASSED] - Started app at: 'C:\Users\sushil.gaikwad\git\EguruSmart1\Application\app-release (4).apk'

04-04-2024T14:50:18 - [TEST_STEP][PASSED] - Bool_Username = waitForElementPresent(findTestObject("LockScreen/UsernaneText"), 10): Object Object Repository/LockScreen/UsernaneText not found

04-04-2024T14:50:28 - [MESSAGE][WARNING] - Object Object Repository/LockScreen/UsernaneText not found

04-04-2024T14:50:28 - [TEST_STEP][PASSED] - if (Bool_Username == true): null

04-04-2024T14:50:28 - [TEST_STEP][PASSED] - else: Tapped on element 'Object Repository/LockScreen/LoginButton'

04-04-2024T14:50:28 - [TEST_STEP][PASSED] - tap(findTestObject("LockScreen/Tap1"), 0): Tapped on element 'Object Repository/LockScreen/Tap1'

04-04-2024T14:50:28 - [MESSAGE][WARNING] - Timeout '0' is invalid. Using default page load timeout: '30'

04-04-2024T14:50:32 - [MESSAGE][PASSED] - Tapped on element 'Object Repository/LockScreen/Tap1'

04-04-2024T14:50:32 - [TEST_STEP][PASSED] - setText(findTestObject("LockScreen/Text1"), "1", 0): Text '1' has been set to element 'Object Repository/LockScreen/Text1'

04-04-2024T14:50:32 - [MESSAGE][WARNING] - Timeout '0' is invalid. Using default page load timeout: '30'

04-04-2024T14:50:34 - [MESSAGE][PASSED] - Text '1' has been set to element 'Object Repository/LockScreen/Text1'

04-04-2024T14:50:34 - [TEST_STEP][PASSED] - setText(findTestObject("LockScreen/Text2"), "2", 0): Text '2' has been set to element 'Object Repository/LockScreen/Text2'

04-04-2024T14:50:34 - [MESSAGE][WARNING] - Timeout '0' is invalid. Using default page load timeout: '30'

04-04-2024T14:50:35 - [MESSAGE][PASSED] - Text '2' has been set to element 'Object Repository/LockScreen/Text2'

04-04-2024T14:50:35 - [TEST_STEP][PASSED] - setText(findTestObject("LockScreen/Text3"), "3", 0): Text '3' has been set to element 'Object Repository/LockScreen/Text3'

04-04-2024T14:50:35 - [MESSAGE][WARNING] - Timeout '0' is invalid. Using default page load timeout: '30'

04-04-2024T14:50:37 - [MESSAGE][PASSED] - Text '3' has been set to element 'Object Repository/LockScreen/Text3'

04-04-2024T14:50:37 - [TEST_STEP][PASSED] - setText(findTestObject("LockScreen/Text4"), "4", 0): Text '4' has been set to element 'Object Repository/LockScreen/Text4'

04-04-2024T14:50:37 - [MESSAGE][WARNING] - Timeout '0' is invalid. Using default page load timeout: '30'

04-04-2024T14:50:38 - [MESSAGE][PASSED] - Text '4' has been set to element 'Object Repository/LockScreen/Text4'

04-04-2024T14:50:38 - [TEST_STEP][PASSED] - tap(findTestObject("LockScreen/LoginButton"), 0): Tapped on element 'Object Repository/LockScreen/LoginButton'

04-04-2024T14:50:38 - [MESSAGE][WARNING] - Timeout '0' is invalid. Using default page load timeout: '30'

04-04-2024T14:50:41 - [MESSAGE][PASSED] - Tapped on element 'Object Repository/LockScreen/LoginButton'

04-04-2024T14:50:41 - [MESSAGE][PASSED] - Call Test Case 'Test Cases/CommenWorkflows/Login' successfully

04-04-2024T14:50:41 - [TEST_STEP][PASSED] - verifyElementExist(findTestObject("TataMotars/HomeButton"), 30): Element 'Object Repository/TataMotars/HomeButton' is exist

04-04-2024T14:50:41 - [MESSAGE][PASSED] - Element 'Object Repository/TataMotars/HomeButton' is exist

04-04-2024T14:50:41 - [TEST_STEP][PASSED] - tap(findTestObject("Home/Opportunities"), 0): Tapped on element 'Object Repository/Home/Opportunities'

04-04-2024T14:50:41 - [MESSAGE][WARNING] - Timeout '0' is invalid. Using default page load timeout: '30'

04-04-2024T14:50:42 - [MESSAGE][PASSED] - Tapped on element 'Object Repository/Home/Opportunities'

04-04-2024T14:50:42 - [TEST_STEP][PASSED] - tap(findTestObject("Lost and Non Lost Functionality/C0"), 0): Tapped on element 'Object Repository/Lost and Non Lost Functionality/C0'

04-04-2024T14:50:42 - [MESSAGE][WARNING] - Timeout '0' is invalid. Using default page load timeout: '30'

04-04-2024T14:50:44 - [MESSAGE][PASSED] - Tapped on element 'Object Repository/Lost and Non Lost Functionality/C0'

04-04-2024T14:50:44 - [TEST_STEP][PASSED] - bool_Summary = verifyElementExist(findTestObject("Lost and Non Lost Functionality/C0 Summary Text"), 0): Element 'Object Repository/Lost and Non Lost Functionality/C0 Summary Text' is exist

04-04-2024T14:50:44 - [MESSAGE][WARNING] - Timeout '0' is invalid. Using default page load timeout: '30'

04-04-2024T14:50:46 - [MESSAGE][PASSED] - Element 'Object Repository/Lost and Non Lost Functionality/C0 Summary Text' is exist

04-04-2024T14:50:46 - [TEST_STEP][PASSED] - bool_Target = verifyElementExist(findTestObject("Lost and Non Lost Functionality/Target text"), 0): Element 'Object Repository/Lost and Non Lost Functionality/Target text' is exist

04-04-2024T14:50:46 - [MESSAGE][WARNING] - Timeout '0' is invalid. Using default page load timeout: '30'

04-04-2024T14:50:47 - [MESSAGE][PASSED] - Element 'Object Repository/Lost and Non Lost Functionality/Target text' is exist

04-04-2024T14:50:47 - [TEST_STEP][PASSED] - bool_MTD = verifyElementExist(findTestObject("Lost and Non Lost Functionality/MTD text"), 0): Element 'Object Repository/Lost and Non Lost Functionality/MTD text' is exist

04-04-2024T14:50:47 - [MESSAGE][WARNING] - Timeout '0' is invalid. Using default page load timeout: '30'

04-04-2024T14:50:47 - [MESSAGE][PASSED] - Element 'Object Repository/Lost and Non Lost Functionality/MTD text' is exist

04-04-2024T14:50:47 - [TEST_STEP][PASSED] - bool_ThisWeek = verifyElementExist(findTestObject("Lost and Non Lost Functionality/This Week text"), 0): Element 'Object Repository/Lost and Non Lost Functionality/This Week text' is exist

04-04-2024T14:50:47 - [MESSAGE][WARNING] - Timeout '0' is invalid. Using default page load timeout: '30'

04-04-2024T14:50:47 - [MESSAGE][PASSED] - Element 'Object Repository/Lost and Non Lost Functionality/This Week text' is exist

04-04-2024T14:50:47 - [TEST_STEP][PASSED] - bool_Yesterday = verifyElementExist(findTestObject("Lost and Non Lost Functionality/Yesterday text"), 0): Element 'Object Repository/Lost and Non Lost Functionality/Yesterday text' is exist

04-04-2024T14:50:47 - [MESSAGE][WARNING] - Timeout '0' is invalid. Using default page load timeout: '30'

04-04-2024T14:50:48 - [MESSAGE][PASSED] - Element 'Object Repository/Lost and Non Lost Functionality/Yesterday text' is exist

04-04-2024T14:50:48 - [TEST_STEP][PASSED] - bool_Yesterday && bool_ThisWeek && bool_MTD && bool_Target && bool_Summary == true: null

04-04-2024T14:50:48 - [TEST_STEP][PASSED] - takeScreenshot(): Screenshot is taken

04-04-2024T14:50:49 - [MESSAGE][PASSED] - Screenshot is taken
[[ATTACHMENT|C:\\Users\\sushil.gaikwad\\git\\EguruSmart1\\Reports\\20240404_143243\\TataMotors\\20240404_143243\\1712222448027.png]]

04-04-2024T14:50:49 - [TEST_STEP][PASSED] - Bool_Offline = waitForElementPresent(findTestObject("LockScreen/NewPin/Offline Master Sync"), 10): Object Object Repository/LockScreen/NewPin/Offline Master Sync not found

04-04-2024T14:50:59 - [MESSAGE][WARNING] - Object Object Repository/LockScreen/NewPin/Offline Master Sync not found

04-04-2024T14:50:59 - [TEST_STEP][PASSED] - if (Bool_Offline == true): null

04-04-2024T14:50:59 - [TEST_STEP][FAILED] - tap(findTestObject("Lost and Non Lost Functionality/C0 Three Dots"), 5): Failed to tap on element 'Object Repository/Lost and Non Lost Functionality/C0 Three Dots' (Root cause: com.kms.katalon.core.exception.StepFailedException: Failed to tap on element 'Object Repository/Lost and Non Lost Functionality/C0 Three Dots'
	at com.kms.katalon.core.mobile.keyword.internal.MobileKeywordMain.stepFailed(MobileKeywordMain.groovy:38)
	at com.kms.katalon.core.mobile.keyword.internal.MobileKeywordMain.runKeyword(MobileKeywordMain.groovy:21)
	at com.kms.katalon.core.mobile.keyword.builtin.TapKeyword.tap(TapKeyword.groovy:51)
	at com.kms.katalon.core.mobile.keyword.builtin.TapKeyword.execute(TapKeyword.groovy:35)
	at com.kms.katalon.core.keyword.internal.KeywordExecutor.executeKeywordForPlatform(KeywordExecutor.groovy:74)
	at com.kms.katalon.core.mobile.keyword.MobileBuiltInKeywords.tap(MobileBuiltInKeywords.groovy:1490)
	at TC_09 - Non Lost Functionality.run(TC_09 - Non Lost Functionality:52)
	at com.kms.katalon.core.main.ScriptEngine.run(ScriptEngine.java:194)
	at com.kms.katalon.core.main.ScriptEngine.runScriptAsRawText(ScriptEngine.java:119)
	at com.kms.katalon.core.main.TestCaseExecutor.runScript(TestCaseExecutor.java:448)
	at com.kms.katalon.core.main.TestCaseExecutor.doExecute(TestCaseExecutor.java:439)
	at com.kms.katalon.core.main.TestCaseExecutor.processExecutionPhase(TestCaseExecutor.java:418)
	at com.kms.katalon.core.main.TestCaseExecutor.accessMainPhase(TestCaseExecutor.java:410)
	at com.kms.katalon.core.main.TestCaseExecutor.execute(TestCaseExecutor.java:285)
	at com.kms.katalon.core.common.CommonExecutor.accessTestCaseMainPhase(CommonExecutor.java:65)
	at com.kms.katalon.core.main.TestSuiteExecutor.accessTestSuiteMainPhase(TestSuiteExecutor.java:148)
	at com.kms.katalon.core.main.TestSuiteExecutor.execute(TestSuiteExecutor.java:106)
	at com.kms.katalon.core.main.TestCaseMain.startTestSuite(TestCaseMain.java:180)
	at TempTestSuite1712221363141.run(TempTestSuite1712221363141.groovy:35)
	at java.base/jdk.internal.reflect.NativeMethodAccessorImpl.invoke0(Native Method)
	at java.base/jdk.internal.reflect.NativeMethodAccessorImpl.invoke(NativeMethodAccessorImpl.java:77)
	at java.base/jdk.internal.reflect.DelegatingMethodAccessorImpl.invoke(DelegatingMethodAccessorImpl.java:43)
Caused by: com.kms.katalon.core.exception.StepFailedException: Object Object Repository/Lost and Non Lost Functionality/C0 Three Dots not found
	at com.kms.katalon.core.mobile.keyword.internal.MobileKeywordMain.stepFailed(MobileKeywordMain.groovy:38)
	at com.kms.katalon.core.mobile.keyword.builtin.TapKeyword$_tap_closure1.doCall(TapKeyword.groovy:46)
	at com.kms.katalon.core.mobile.keyword.builtin.TapKeyword$_tap_closure1.call(TapKeyword.groovy)
	at com.kms.katalon.core.mobile.keyword.internal.MobileKeywordMain.runKeyword(MobileKeywordMain.groovy:19)
	... 20 more
)

04-04-2024T14:51:07 - [MESSAGE][FAILED] - Object Object Repository/Lost and Non Lost Functionality/C0 Three Dots not found (Root cause: com.kms.katalon.core.exception.StepFailedException: Object Object Repository/Lost and Non Lost Functionality/C0 Three Dots not found
	at com.kms.katalon.core.mobile.keyword.internal.MobileKeywordMain.stepFailed(MobileKeywordMain.groovy:38)
	at com.kms.katalon.core.mobile.keyword.builtin.TapKeyword$_tap_closure1.doCall(TapKeyword.groovy:46)
	at com.kms.katalon.core.mobile.keyword.builtin.TapKeyword$_tap_closure1.call(TapKeyword.groovy)
	at com.kms.katalon.core.mobile.keyword.internal.MobileKeywordMain.runKeyword(MobileKeywordMain.groovy:19)
	at com.kms.katalon.core.mobile.keyword.builtin.TapKeyword.tap(TapKeyword.groovy:51)
	at com.kms.katalon.core.mobile.keyword.builtin.TapKeyword.execute(TapKeyword.groovy:35)
	at com.kms.katalon.core.keyword.internal.KeywordExecutor.executeKeywordForPlatform(KeywordExecutor.groovy:74)
	at com.kms.katalon.core.mobile.keyword.MobileBuiltInKeywords.tap(MobileBuiltInKeywords.groovy:1490)
	at TC_09 - Non Lost Functionality.run(TC_09 - Non Lost Functionality:52)
	at com.kms.katalon.core.main.ScriptEngine.run(ScriptEngine.java:194)
	at com.kms.katalon.core.main.ScriptEngine.runScriptAsRawText(ScriptEngine.java:119)
	at com.kms.katalon.core.main.TestCaseExecutor.runScript(TestCaseExecutor.java:448)
	at com.kms.katalon.core.main.TestCaseExecutor.doExecute(TestCaseExecutor.java:439)
	at com.kms.katalon.core.main.TestCaseExecutor.processExecutionPhase(TestCaseExecutor.java:418)
	at com.kms.katalon.core.main.TestCaseExecutor.accessMainPhase(TestCaseExecutor.java:410)
	at com.kms.katalon.core.main.TestCaseExecutor.execute(TestCaseExecutor.java:285)
	at com.kms.katalon.core.common.CommonExecutor.accessTestCaseMainPhase(CommonExecutor.java:65)
	at com.kms.katalon.core.main.TestSuiteExecutor.accessTestSuiteMainPhase(TestSuiteExecutor.java:148)
	at com.kms.katalon.core.main.TestSuiteExecutor.execute(TestSuiteExecutor.java:106)
	at com.kms.katalon.core.main.TestCaseMain.startTestSuite(TestCaseMain.java:180)
	at TempTestSuite1712221363141.run(TempTestSuite1712221363141.groovy:35)
	at java.base/jdk.internal.reflect.NativeMethodAccessorImpl.invoke0(Native Method)
	at java.base/jdk.internal.reflect.NativeMethodAccessorImpl.invoke(NativeMethodAccessorImpl.java:77)
	at java.base/jdk.internal.reflect.DelegatingMethodAccessorImpl.invoke(DelegatingMethodAccessorImpl.java:43)
)
[[ATTACHMENT|C:\\Users\\sushil.gaikwad\\git\\EguruSmart1\\Reports\\20240404_143243\\TataMotors\\20240404_143243\\1712222466573.png]]

04-04-2024T14:51:08 - [MESSAGE][FAILED] - Failed to tap on element 'Object Repository/Lost and Non Lost Functionality/C0 Three Dots' (Root cause: com.kms.katalon.core.exception.StepFailedException: Failed to tap on element 'Object Repository/Lost and Non Lost Functionality/C0 Three Dots'
	at com.kms.katalon.core.mobile.keyword.internal.MobileKeywordMain.stepFailed(MobileKeywordMain.groovy:38)
	at com.kms.katalon.core.mobile.keyword.internal.MobileKeywordMain.runKeyword(MobileKeywordMain.groovy:21)
	at com.kms.katalon.core.mobile.keyword.builtin.TapKeyword.tap(TapKeyword.groovy:51)
	at com.kms.katalon.core.mobile.keyword.builtin.TapKeyword.execute(TapKeyword.groovy:35)
	at com.kms.katalon.core.keyword.internal.KeywordExecutor.executeKeywordForPlatform(KeywordExecutor.groovy:74)
	at com.kms.katalon.core.mobile.keyword.MobileBuiltInKeywords.tap(MobileBuiltInKeywords.groovy:1490)
	at TC_09 - Non Lost Functionality.run(TC_09 - Non Lost Functionality:52)
	at com.kms.katalon.core.main.ScriptEngine.run(ScriptEngine.java:194)
	at com.kms.katalon.core.main.ScriptEngine.runScriptAsRawText(ScriptEngine.java:119)
	at com.kms.katalon.core.main.TestCaseExecutor.runScript(TestCaseExecutor.java:448)
	at com.kms.katalon.core.main.TestCaseExecutor.doExecute(TestCaseExecutor.java:439)
	at com.kms.katalon.core.main.TestCaseExecutor.processExecutionPhase(TestCaseExecutor.java:418)
	at com.kms.katalon.core.main.TestCaseExecutor.accessMainPhase(TestCaseExecutor.java:410)
	at com.kms.katalon.core.main.TestCaseExecutor.execute(TestCaseExecutor.java:285)
	at com.kms.katalon.core.common.CommonExecutor.accessTestCaseMainPhase(CommonExecutor.java:65)
	at com.kms.katalon.core.main.TestSuiteExecutor.accessTestSuiteMainPhase(TestSuiteExecutor.java:148)
	at com.kms.katalon.core.main.TestSuiteExecutor.execute(TestSuiteExecutor.java:106)
	at com.kms.katalon.core.main.TestCaseMain.startTestSuite(TestCaseMain.java:180)
	at TempTestSuite1712221363141.run(TempTestSuite1712221363141.groovy:35)
	at java.base/jdk.internal.reflect.NativeMethodAccessorImpl.invoke0(Native Method)
	at java.base/jdk.internal.reflect.NativeMethodAccessorImpl.invoke(NativeMethodAccessorImpl.java:77)
	at java.base/jdk.internal.reflect.DelegatingMethodAccessorImpl.invoke(DelegatingMethodAccessorImpl.java:43)
Caused by: com.kms.katalon.core.exception.StepFailedException: Object Object Repository/Lost and Non Lost Functionality/C0 Three Dots not found
	at com.kms.katalon.core.mobile.keyword.internal.MobileKeywordMain.stepFailed(MobileKeywordMain.groovy:38)
	at com.kms.katalon.core.mobile.keyword.builtin.TapKeyword$_tap_closure1.doCall(TapKeyword.groovy:46)
	at com.kms.katalon.core.mobile.keyword.builtin.TapKeyword$_tap_closure1.call(TapKeyword.groovy)
	at com.kms.katalon.core.mobile.keyword.internal.MobileKeywordMain.runKeyword(MobileKeywordMain.groovy:19)
	... 20 more
)
[[ATTACHMENT|C:\\Users\\sushil.gaikwad\\git\\EguruSmart1\\Reports\\20240404_143243\\TataMotors\\20240404_143243\\1712222467817.png]]]]></system-out>
         <system-err><![CDATA[04-04-2024T14:50:05 - [TEST_CASE][FAILED] - Test Cases/TC/TC_09 - Non Lost Functionality: Test Cases/TC/TC_09 - Non Lost Functionality FAILED.
Reason:
com.kms.katalon.core.exception.StepFailedException: Failed to tap on element 'Object Repository/Lost and Non Lost Functionality/C0 Three Dots'
	at com.kms.katalon.core.mobile.keyword.internal.MobileKeywordMain.stepFailed(MobileKeywordMain.groovy:38)
	at com.kms.katalon.core.mobile.keyword.internal.MobileKeywordMain.runKeyword(MobileKeywordMain.groovy:21)
	at com.kms.katalon.core.mobile.keyword.builtin.TapKeyword.tap(TapKeyword.groovy:51)
	at com.kms.katalon.core.mobile.keyword.builtin.TapKeyword.execute(TapKeyword.groovy:35)
	at com.kms.katalon.core.keyword.internal.KeywordExecutor.executeKeywordForPlatform(KeywordExecutor.groovy:74)
	at com.kms.katalon.core.mobile.keyword.MobileBuiltInKeywords.tap(MobileBuiltInKeywords.groovy:1490)
	at TC_09 - Non Lost Functionality.run(TC_09 - Non Lost Functionality:52)
	at com.kms.katalon.core.main.ScriptEngine.run(ScriptEngine.java:194)
	at com.kms.katalon.core.main.ScriptEngine.runScriptAsRawText(ScriptEngine.java:119)
	at com.kms.katalon.core.main.TestCaseExecutor.runScript(TestCaseExecutor.java:448)
	at com.kms.katalon.core.main.TestCaseExecutor.doExecute(TestCaseExecutor.java:439)
	at com.kms.katalon.core.main.TestCaseExecutor.processExecutionPhase(TestCaseExecutor.java:418)
	at com.kms.katalon.core.main.TestCaseExecutor.accessMainPhase(TestCaseExecutor.java:410)
	at com.kms.katalon.core.main.TestCaseExecutor.execute(TestCaseExecutor.java:285)
	at com.kms.katalon.core.common.CommonExecutor.accessTestCaseMainPhase(CommonExecutor.java:65)
	at com.kms.katalon.core.main.TestSuiteExecutor.accessTestSuiteMainPhase(TestSuiteExecutor.java:148)
	at com.kms.katalon.core.main.TestSuiteExecutor.execute(TestSuiteExecutor.java:106)
	at com.kms.katalon.core.main.TestCaseMain.startTestSuite(TestCaseMain.java:180)
	at TempTestSuite1712221363141.run(TempTestSuite1712221363141.groovy:35)
	at java.base/jdk.internal.reflect.NativeMethodAccessorImpl.invoke0(Native Method)
	at java.base/jdk.internal.reflect.NativeMethodAccessorImpl.invoke(NativeMethodAccessorImpl.java:77)
	at java.base/jdk.internal.reflect.DelegatingMethodAccessorImpl.invoke(DelegatingMethodAccessorImpl.java:43)
Caused by: com.kms.katalon.core.exception.StepFailedException: Object Object Repository/Lost and Non Lost Functionality/C0 Three Dots not found
	at com.kms.katalon.core.mobile.keyword.internal.MobileKeywordMain.stepFailed(MobileKeywordMain.groovy:38)
	at com.kms.katalon.core.mobile.keyword.builtin.TapKeyword$_tap_closure1.doCall(TapKeyword.groovy:46)
	at com.kms.katalon.core.mobile.keyword.builtin.TapKeyword$_tap_closure1.call(TapKeyword.groovy)
	at com.kms.katalon.core.mobile.keyword.internal.MobileKeywordMain.runKeyword(MobileKeywordMain.groovy:19)
	... 20 more]]></system-err>
      </testcase>
      <testcase name="Test Cases/TC/TC_10 - Follow up Update schedule" time="74.049" classname="Test Cases/TC/TC_10 - Follow up Update schedule" status="FAILED">
         <failure type="FAILED" message="Test Cases/TC/TC_10 - Follow up Update schedule FAILED.&#xa;Reason:&#xa;com.kms.katalon.core.exception.StepFailedException: Failed to check for element 'Object Repository/ScheduleFollowUp/UpdateButton' exist&#xa;	at com.kms.katalon.core.mobile.keyword.internal.MobileKeywordMain.stepFailed(MobileKeywordMain.groovy:38)&#xa;	at com.kms.katalon.core.mobile.keyword.internal.MobileKeywordMain.runKeyword(MobileKeywordMain.groovy:21)&#xa;	at com.kms.katalon.core.mobile.keyword.builtin.VerifyElementExistKeyword.verifyElementExist(VerifyElementExistKeyword.groovy:51)&#xa;	at com.kms.katalon.core.mobile.keyword.builtin.VerifyElementExistKeyword.execute(VerifyElementExistKeyword.groovy:35)&#xa;	at com.kms.katalon.core.keyword.internal.KeywordExecutor.executeKeywordForPlatform(KeywordExecutor.groovy:74)&#xa;	at com.kms.katalon.core.mobile.keyword.MobileBuiltInKeywords.verifyElementExist(MobileBuiltInKeywords.groovy:1755)&#xa;	at TC_10 - Follow up Update schedule.run(TC_10 - Follow up Update schedule:34)&#xa;	at com.kms.katalon.core.main.ScriptEngine.run(ScriptEngine.java:194)&#xa;	at com.kms.katalon.core.main.ScriptEngine.runScriptAsRawText(ScriptEngine.java:119)&#xa;	at com.kms.katalon.core.main.TestCaseExecutor.runScript(TestCaseExecutor.java:448)&#xa;	at com.kms.katalon.core.main.TestCaseExecutor.doExecute(TestCaseExecutor.java:439)&#xa;	at com.kms.katalon.core.main.TestCaseExecutor.processExecutionPhase(TestCaseExecutor.java:418)&#xa;	at com.kms.katalon.core.main.TestCaseExecutor.accessMainPhase(TestCaseExecutor.java:410)&#xa;	at com.kms.katalon.core.main.TestCaseExecutor.execute(TestCaseExecutor.java:285)&#xa;	at com.kms.katalon.core.common.CommonExecutor.accessTestCaseMainPhase(CommonExecutor.java:65)&#xa;	at com.kms.katalon.core.main.TestSuiteExecutor.accessTestSuiteMainPhase(TestSuiteExecutor.java:148)&#xa;	at com.kms.katalon.core.main.TestSuiteExecutor.execute(TestSuiteExecutor.java:106)&#xa;	at com.kms.katalon.core.main.TestCaseMain.startTestSuite(TestCaseMain.java:180)&#xa;	at TempTestSuite1712221363141.run(TempTestSuite1712221363141.groovy:35)&#xa;	at java.base/jdk.internal.reflect.NativeMethodAccessorImpl.invoke0(Native Method)&#xa;	at java.base/jdk.internal.reflect.NativeMethodAccessorImpl.invoke(NativeMethodAccessorImpl.java:77)&#xa;	at java.base/jdk.internal.reflect.DelegatingMethodAccessorImpl.invoke(DelegatingMethodAccessorImpl.java:43)&#xa;Caused by: com.kms.katalon.core.exception.StepFailedException: Element 'Object Repository/ScheduleFollowUp/UpdateButton' not found&#xa;	at com.kms.katalon.core.mobile.keyword.internal.MobileKeywordMain.stepFailed(MobileKeywordMain.groovy:38)&#xa;	at com.kms.katalon.core.mobile.keyword.builtin.VerifyElementExistKeyword$_verifyElementExist_closure1.doCall(VerifyElementExistKeyword.groovy:48)&#xa;	at com.kms.katalon.core.mobile.keyword.builtin.VerifyElementExistKeyword$_verifyElementExist_closure1.call(VerifyElementExistKeyword.groovy)&#xa;	at com.kms.katalon.core.mobile.keyword.internal.MobileKeywordMain.runKeyword(MobileKeywordMain.groovy:19)&#xa;	... 20 more&#xa;"/>
         <system-out><![CDATA[04-04-2024T14:51:08 - [TEST_CASE][FAILED] - Test Cases/TC/TC_10 - Follow up Update schedule: Test Cases/TC/TC_10 - Follow up Update schedule FAILED.
Reason:
com.kms.katalon.core.exception.StepFailedException: Failed to check for element 'Object Repository/ScheduleFollowUp/UpdateButton' exist
	at com.kms.katalon.core.mobile.keyword.internal.MobileKeywordMain.stepFailed(MobileKeywordMain.groovy:38)
	at com.kms.katalon.core.mobile.keyword.internal.MobileKeywordMain.runKeyword(MobileKeywordMain.groovy:21)
	at com.kms.katalon.core.mobile.keyword.builtin.VerifyElementExistKeyword.verifyElementExist(VerifyElementExistKeyword.groovy:51)
	at com.kms.katalon.core.mobile.keyword.builtin.VerifyElementExistKeyword.execute(VerifyElementExistKeyword.groovy:35)
	at com.kms.katalon.core.keyword.internal.KeywordExecutor.executeKeywordForPlatform(KeywordExecutor.groovy:74)
	at com.kms.katalon.core.mobile.keyword.MobileBuiltInKeywords.verifyElementExist(MobileBuiltInKeywords.groovy:1755)
	at TC_10 - Follow up Update schedule.run(TC_10 - Follow up Update schedule:34)
	at com.kms.katalon.core.main.ScriptEngine.run(ScriptEngine.java:194)
	at com.kms.katalon.core.main.ScriptEngine.runScriptAsRawText(ScriptEngine.java:119)
	at com.kms.katalon.core.main.TestCaseExecutor.runScript(TestCaseExecutor.java:448)
	at com.kms.katalon.core.main.TestCaseExecutor.doExecute(TestCaseExecutor.java:439)
	at com.kms.katalon.core.main.TestCaseExecutor.processExecutionPhase(TestCaseExecutor.java:418)
	at com.kms.katalon.core.main.TestCaseExecutor.accessMainPhase(TestCaseExecutor.java:410)
	at com.kms.katalon.core.main.TestCaseExecutor.execute(TestCaseExecutor.java:285)
	at com.kms.katalon.core.common.CommonExecutor.accessTestCaseMainPhase(CommonExecutor.java:65)
	at com.kms.katalon.core.main.TestSuiteExecutor.accessTestSuiteMainPhase(TestSuiteExecutor.java:148)
	at com.kms.katalon.core.main.TestSuiteExecutor.execute(TestSuiteExecutor.java:106)
	at com.kms.katalon.core.main.TestCaseMain.startTestSuite(TestCaseMain.java:180)
	at TempTestSuite1712221363141.run(TempTestSuite1712221363141.groovy:35)
	at java.base/jdk.internal.reflect.NativeMethodAccessorImpl.invoke0(Native Method)
	at java.base/jdk.internal.reflect.NativeMethodAccessorImpl.invoke(NativeMethodAccessorImpl.java:77)
	at java.base/jdk.internal.reflect.DelegatingMethodAccessorImpl.invoke(DelegatingMethodAccessorImpl.java:43)
Caused by: com.kms.katalon.core.exception.StepFailedException: Element 'Object Repository/ScheduleFollowUp/UpdateButton' not found
	at com.kms.katalon.core.mobile.keyword.internal.MobileKeywordMain.stepFailed(MobileKeywordMain.groovy:38)
	at com.kms.katalon.core.mobile.keyword.builtin.VerifyElementExistKeyword$_verifyElementExist_closure1.doCall(VerifyElementExistKeyword.groovy:48)
	at com.kms.katalon.core.mobile.keyword.builtin.VerifyElementExistKeyword$_verifyElementExist_closure1.call(VerifyElementExistKeyword.groovy)
	at com.kms.katalon.core.mobile.keyword.internal.MobileKeywordMain.runKeyword(MobileKeywordMain.groovy:19)
	... 20 more


04-04-2024T14:51:09 - [TEST_STEP][PASSED] - callTestCase(findTestCase("CommenWorkflows/Login"), ["Str_URL":"C:\Users\sushil.gaikwad\git\EguruSmart1\Application\app-release (4).apk", "Str_Username":"DUSER145", "Str_Password":"Soct#2023", ... ], STOP_ON_FAILURE): Call Test Case 'Test Cases/CommenWorkflows/Login' successfully

04-04-2024T14:51:09 - [TEST_CASE][PASSED] - Test Cases/CommenWorkflows/Login: Test Cases/CommenWorkflows/Login

04-04-2024T14:51:09 - [TEST_STEP][PASSED] - startApplication(Str_URL, false): Started app at: 'C:\Users\sushil.gaikwad\git\EguruSmart1\Application\app-release (4).apk'

04-04-2024T14:51:09 - [MESSAGE][INFO] - User set preference: ['deviceId', 'R9ZT10H9Y2L']

04-04-2024T14:51:21 - [MESSAGE][PASSED] - Started app at: 'C:\Users\sushil.gaikwad\git\EguruSmart1\Application\app-release (4).apk'

04-04-2024T14:51:21 - [TEST_STEP][PASSED] - Bool_Username = waitForElementPresent(findTestObject("LockScreen/UsernaneText"), 10): Object Object Repository/LockScreen/UsernaneText not found

04-04-2024T14:51:31 - [MESSAGE][WARNING] - Object Object Repository/LockScreen/UsernaneText not found

04-04-2024T14:51:31 - [TEST_STEP][PASSED] - if (Bool_Username == true): null

04-04-2024T14:51:31 - [TEST_STEP][PASSED] - else: Tapped on element 'Object Repository/LockScreen/LoginButton'

04-04-2024T14:51:31 - [TEST_STEP][PASSED] - tap(findTestObject("LockScreen/Tap1"), 0): Tapped on element 'Object Repository/LockScreen/Tap1'

04-04-2024T14:51:31 - [MESSAGE][WARNING] - Timeout '0' is invalid. Using default page load timeout: '30'

04-04-2024T14:51:35 - [MESSAGE][PASSED] - Tapped on element 'Object Repository/LockScreen/Tap1'

04-04-2024T14:51:35 - [TEST_STEP][PASSED] - setText(findTestObject("LockScreen/Text1"), "1", 0): Text '1' has been set to element 'Object Repository/LockScreen/Text1'

04-04-2024T14:51:35 - [MESSAGE][WARNING] - Timeout '0' is invalid. Using default page load timeout: '30'

04-04-2024T14:51:37 - [MESSAGE][PASSED] - Text '1' has been set to element 'Object Repository/LockScreen/Text1'

04-04-2024T14:51:37 - [TEST_STEP][PASSED] - setText(findTestObject("LockScreen/Text2"), "2", 0): Text '2' has been set to element 'Object Repository/LockScreen/Text2'

04-04-2024T14:51:37 - [MESSAGE][WARNING] - Timeout '0' is invalid. Using default page load timeout: '30'

04-04-2024T14:51:38 - [MESSAGE][PASSED] - Text '2' has been set to element 'Object Repository/LockScreen/Text2'

04-04-2024T14:51:38 - [TEST_STEP][PASSED] - setText(findTestObject("LockScreen/Text3"), "3", 0): Text '3' has been set to element 'Object Repository/LockScreen/Text3'

04-04-2024T14:51:38 - [MESSAGE][WARNING] - Timeout '0' is invalid. Using default page load timeout: '30'

04-04-2024T14:51:40 - [MESSAGE][PASSED] - Text '3' has been set to element 'Object Repository/LockScreen/Text3'

04-04-2024T14:51:40 - [TEST_STEP][PASSED] - setText(findTestObject("LockScreen/Text4"), "4", 0): Text '4' has been set to element 'Object Repository/LockScreen/Text4'

04-04-2024T14:51:40 - [MESSAGE][WARNING] - Timeout '0' is invalid. Using default page load timeout: '30'

04-04-2024T14:51:41 - [MESSAGE][PASSED] - Text '4' has been set to element 'Object Repository/LockScreen/Text4'

04-04-2024T14:51:41 - [TEST_STEP][PASSED] - tap(findTestObject("LockScreen/LoginButton"), 0): Tapped on element 'Object Repository/LockScreen/LoginButton'

04-04-2024T14:51:41 - [MESSAGE][WARNING] - Timeout '0' is invalid. Using default page load timeout: '30'

04-04-2024T14:51:43 - [MESSAGE][PASSED] - Tapped on element 'Object Repository/LockScreen/LoginButton'

04-04-2024T14:51:43 - [MESSAGE][PASSED] - Call Test Case 'Test Cases/CommenWorkflows/Login' successfully

04-04-2024T14:51:43 - [TEST_STEP][PASSED] - verifyElementExist(findTestObject("TataMotars/HomeButton"), 10): Element 'Object Repository/TataMotars/HomeButton' is exist

04-04-2024T14:51:44 - [MESSAGE][PASSED] - Element 'Object Repository/TataMotars/HomeButton' is exist

04-04-2024T14:51:44 - [TEST_STEP][PASSED] - Bool_Offline = waitForElementPresent(findTestObject("LockScreen/NewPin/Offline Master Sync"), 5): Object Object Repository/LockScreen/NewPin/Offline Master Sync not found

04-04-2024T14:51:49 - [MESSAGE][WARNING] - Object Object Repository/LockScreen/NewPin/Offline Master Sync not found

04-04-2024T14:51:49 - [TEST_STEP][PASSED] - if (Bool_Offline == true): null

04-04-2024T14:51:49 - [TEST_STEP][PASSED] - tap(findTestObject("Home/Calendar"), 0): Tapped on element 'Object Repository/Home/Calendar'

04-04-2024T14:51:49 - [MESSAGE][WARNING] - Timeout '0' is invalid. Using default page load timeout: '30'

04-04-2024T14:51:50 - [MESSAGE][PASSED] - Tapped on element 'Object Repository/Home/Calendar'

04-04-2024T14:51:50 - [TEST_STEP][FAILED] - bool_UpdateBtn = verifyElementExist(findTestObject("ScheduleFollowUp/UpdateButton"), 0): Failed to check for element 'Object Repository/ScheduleFollowUp/UpdateButton' exist (Root cause: com.kms.katalon.core.exception.StepFailedException: Failed to check for element 'Object Repository/ScheduleFollowUp/UpdateButton' exist
	at com.kms.katalon.core.mobile.keyword.internal.MobileKeywordMain.stepFailed(MobileKeywordMain.groovy:38)
	at com.kms.katalon.core.mobile.keyword.internal.MobileKeywordMain.runKeyword(MobileKeywordMain.groovy:21)
	at com.kms.katalon.core.mobile.keyword.builtin.VerifyElementExistKeyword.verifyElementExist(VerifyElementExistKeyword.groovy:51)
	at com.kms.katalon.core.mobile.keyword.builtin.VerifyElementExistKeyword.execute(VerifyElementExistKeyword.groovy:35)
	at com.kms.katalon.core.keyword.internal.KeywordExecutor.executeKeywordForPlatform(KeywordExecutor.groovy:74)
	at com.kms.katalon.core.mobile.keyword.MobileBuiltInKeywords.verifyElementExist(MobileBuiltInKeywords.groovy:1755)
	at TC_10 - Follow up Update schedule.run(TC_10 - Follow up Update schedule:34)
	at com.kms.katalon.core.main.ScriptEngine.run(ScriptEngine.java:194)
	at com.kms.katalon.core.main.ScriptEngine.runScriptAsRawText(ScriptEngine.java:119)
	at com.kms.katalon.core.main.TestCaseExecutor.runScript(TestCaseExecutor.java:448)
	at com.kms.katalon.core.main.TestCaseExecutor.doExecute(TestCaseExecutor.java:439)
	at com.kms.katalon.core.main.TestCaseExecutor.processExecutionPhase(TestCaseExecutor.java:418)
	at com.kms.katalon.core.main.TestCaseExecutor.accessMainPhase(TestCaseExecutor.java:410)
	at com.kms.katalon.core.main.TestCaseExecutor.execute(TestCaseExecutor.java:285)
	at com.kms.katalon.core.common.CommonExecutor.accessTestCaseMainPhase(CommonExecutor.java:65)
	at com.kms.katalon.core.main.TestSuiteExecutor.accessTestSuiteMainPhase(TestSuiteExecutor.java:148)
	at com.kms.katalon.core.main.TestSuiteExecutor.execute(TestSuiteExecutor.java:106)
	at com.kms.katalon.core.main.TestCaseMain.startTestSuite(TestCaseMain.java:180)
	at TempTestSuite1712221363141.run(TempTestSuite1712221363141.groovy:35)
	at java.base/jdk.internal.reflect.NativeMethodAccessorImpl.invoke0(Native Method)
	at java.base/jdk.internal.reflect.NativeMethodAccessorImpl.invoke(NativeMethodAccessorImpl.java:77)
	at java.base/jdk.internal.reflect.DelegatingMethodAccessorImpl.invoke(DelegatingMethodAccessorImpl.java:43)
Caused by: com.kms.katalon.core.exception.StepFailedException: Element 'Object Repository/ScheduleFollowUp/UpdateButton' not found
	at com.kms.katalon.core.mobile.keyword.internal.MobileKeywordMain.stepFailed(MobileKeywordMain.groovy:38)
	at com.kms.katalon.core.mobile.keyword.builtin.VerifyElementExistKeyword$_verifyElementExist_closure1.doCall(VerifyElementExistKeyword.groovy:48)
	at com.kms.katalon.core.mobile.keyword.builtin.VerifyElementExistKeyword$_verifyElementExist_closure1.call(VerifyElementExistKeyword.groovy)
	at com.kms.katalon.core.mobile.keyword.internal.MobileKeywordMain.runKeyword(MobileKeywordMain.groovy:19)
	... 20 more
)

04-04-2024T14:51:50 - [MESSAGE][WARNING] - Timeout '0' is invalid. Using default page load timeout: '30'

04-04-2024T14:52:21 - [MESSAGE][FAILED] - Element 'Object Repository/ScheduleFollowUp/UpdateButton' not found (Root cause: com.kms.katalon.core.exception.StepFailedException: Element 'Object Repository/ScheduleFollowUp/UpdateButton' not found
	at com.kms.katalon.core.mobile.keyword.internal.MobileKeywordMain.stepFailed(MobileKeywordMain.groovy:38)
	at com.kms.katalon.core.mobile.keyword.builtin.VerifyElementExistKeyword$_verifyElementExist_closure1.doCall(VerifyElementExistKeyword.groovy:48)
	at com.kms.katalon.core.mobile.keyword.builtin.VerifyElementExistKeyword$_verifyElementExist_closure1.call(VerifyElementExistKeyword.groovy)
	at com.kms.katalon.core.mobile.keyword.internal.MobileKeywordMain.runKeyword(MobileKeywordMain.groovy:19)
	at com.kms.katalon.core.mobile.keyword.builtin.VerifyElementExistKeyword.verifyElementExist(VerifyElementExistKeyword.groovy:51)
	at com.kms.katalon.core.mobile.keyword.builtin.VerifyElementExistKeyword.execute(VerifyElementExistKeyword.groovy:35)
	at com.kms.katalon.core.keyword.internal.KeywordExecutor.executeKeywordForPlatform(KeywordExecutor.groovy:74)
	at com.kms.katalon.core.mobile.keyword.MobileBuiltInKeywords.verifyElementExist(MobileBuiltInKeywords.groovy:1755)
	at TC_10 - Follow up Update schedule.run(TC_10 - Follow up Update schedule:34)
	at com.kms.katalon.core.main.ScriptEngine.run(ScriptEngine.java:194)
	at com.kms.katalon.core.main.ScriptEngine.runScriptAsRawText(ScriptEngine.java:119)
	at com.kms.katalon.core.main.TestCaseExecutor.runScript(TestCaseExecutor.java:448)
	at com.kms.katalon.core.main.TestCaseExecutor.doExecute(TestCaseExecutor.java:439)
	at com.kms.katalon.core.main.TestCaseExecutor.processExecutionPhase(TestCaseExecutor.java:418)
	at com.kms.katalon.core.main.TestCaseExecutor.accessMainPhase(TestCaseExecutor.java:410)
	at com.kms.katalon.core.main.TestCaseExecutor.execute(TestCaseExecutor.java:285)
	at com.kms.katalon.core.common.CommonExecutor.accessTestCaseMainPhase(CommonExecutor.java:65)
	at com.kms.katalon.core.main.TestSuiteExecutor.accessTestSuiteMainPhase(TestSuiteExecutor.java:148)
	at com.kms.katalon.core.main.TestSuiteExecutor.execute(TestSuiteExecutor.java:106)
	at com.kms.katalon.core.main.TestCaseMain.startTestSuite(TestCaseMain.java:180)
	at TempTestSuite1712221363141.run(TempTestSuite1712221363141.groovy:35)
	at java.base/jdk.internal.reflect.NativeMethodAccessorImpl.invoke0(Native Method)
	at java.base/jdk.internal.reflect.NativeMethodAccessorImpl.invoke(NativeMethodAccessorImpl.java:77)
	at java.base/jdk.internal.reflect.DelegatingMethodAccessorImpl.invoke(DelegatingMethodAccessorImpl.java:43)
)
[[ATTACHMENT|C:\\Users\\sushil.gaikwad\\git\\EguruSmart1\\Reports\\20240404_143243\\TataMotors\\20240404_143243\\1712222540304.png]]

04-04-2024T14:52:22 - [MESSAGE][FAILED] - Failed to check for element 'Object Repository/ScheduleFollowUp/UpdateButton' exist (Root cause: com.kms.katalon.core.exception.StepFailedException: Failed to check for element 'Object Repository/ScheduleFollowUp/UpdateButton' exist
	at com.kms.katalon.core.mobile.keyword.internal.MobileKeywordMain.stepFailed(MobileKeywordMain.groovy:38)
	at com.kms.katalon.core.mobile.keyword.internal.MobileKeywordMain.runKeyword(MobileKeywordMain.groovy:21)
	at com.kms.katalon.core.mobile.keyword.builtin.VerifyElementExistKeyword.verifyElementExist(VerifyElementExistKeyword.groovy:51)
	at com.kms.katalon.core.mobile.keyword.builtin.VerifyElementExistKeyword.execute(VerifyElementExistKeyword.groovy:35)
	at com.kms.katalon.core.keyword.internal.KeywordExecutor.executeKeywordForPlatform(KeywordExecutor.groovy:74)
	at com.kms.katalon.core.mobile.keyword.MobileBuiltInKeywords.verifyElementExist(MobileBuiltInKeywords.groovy:1755)
	at TC_10 - Follow up Update schedule.run(TC_10 - Follow up Update schedule:34)
	at com.kms.katalon.core.main.ScriptEngine.run(ScriptEngine.java:194)
	at com.kms.katalon.core.main.ScriptEngine.runScriptAsRawText(ScriptEngine.java:119)
	at com.kms.katalon.core.main.TestCaseExecutor.runScript(TestCaseExecutor.java:448)
	at com.kms.katalon.core.main.TestCaseExecutor.doExecute(TestCaseExecutor.java:439)
	at com.kms.katalon.core.main.TestCaseExecutor.processExecutionPhase(TestCaseExecutor.java:418)
	at com.kms.katalon.core.main.TestCaseExecutor.accessMainPhase(TestCaseExecutor.java:410)
	at com.kms.katalon.core.main.TestCaseExecutor.execute(TestCaseExecutor.java:285)
	at com.kms.katalon.core.common.CommonExecutor.accessTestCaseMainPhase(CommonExecutor.java:65)
	at com.kms.katalon.core.main.TestSuiteExecutor.accessTestSuiteMainPhase(TestSuiteExecutor.java:148)
	at com.kms.katalon.core.main.TestSuiteExecutor.execute(TestSuiteExecutor.java:106)
	at com.kms.katalon.core.main.TestCaseMain.startTestSuite(TestCaseMain.java:180)
	at TempTestSuite1712221363141.run(TempTestSuite1712221363141.groovy:35)
	at java.base/jdk.internal.reflect.NativeMethodAccessorImpl.invoke0(Native Method)
	at java.base/jdk.internal.reflect.NativeMethodAccessorImpl.invoke(NativeMethodAccessorImpl.java:77)
	at java.base/jdk.internal.reflect.DelegatingMethodAccessorImpl.invoke(DelegatingMethodAccessorImpl.java:43)
Caused by: com.kms.katalon.core.exception.StepFailedException: Element 'Object Repository/ScheduleFollowUp/UpdateButton' not found
	at com.kms.katalon.core.mobile.keyword.internal.MobileKeywordMain.stepFailed(MobileKeywordMain.groovy:38)
	at com.kms.katalon.core.mobile.keyword.builtin.VerifyElementExistKeyword$_verifyElementExist_closure1.doCall(VerifyElementExistKeyword.groovy:48)
	at com.kms.katalon.core.mobile.keyword.builtin.VerifyElementExistKeyword$_verifyElementExist_closure1.call(VerifyElementExistKeyword.groovy)
	at com.kms.katalon.core.mobile.keyword.internal.MobileKeywordMain.runKeyword(MobileKeywordMain.groovy:19)
	... 20 more
)
[[ATTACHMENT|C:\\Users\\sushil.gaikwad\\git\\EguruSmart1\\Reports\\20240404_143243\\TataMotors\\20240404_143243\\1712222541723.png]]]]></system-out>
         <system-err><![CDATA[04-04-2024T14:51:08 - [TEST_CASE][FAILED] - Test Cases/TC/TC_10 - Follow up Update schedule: Test Cases/TC/TC_10 - Follow up Update schedule FAILED.
Reason:
com.kms.katalon.core.exception.StepFailedException: Failed to check for element 'Object Repository/ScheduleFollowUp/UpdateButton' exist
	at com.kms.katalon.core.mobile.keyword.internal.MobileKeywordMain.stepFailed(MobileKeywordMain.groovy:38)
	at com.kms.katalon.core.mobile.keyword.internal.MobileKeywordMain.runKeyword(MobileKeywordMain.groovy:21)
	at com.kms.katalon.core.mobile.keyword.builtin.VerifyElementExistKeyword.verifyElementExist(VerifyElementExistKeyword.groovy:51)
	at com.kms.katalon.core.mobile.keyword.builtin.VerifyElementExistKeyword.execute(VerifyElementExistKeyword.groovy:35)
	at com.kms.katalon.core.keyword.internal.KeywordExecutor.executeKeywordForPlatform(KeywordExecutor.groovy:74)
	at com.kms.katalon.core.mobile.keyword.MobileBuiltInKeywords.verifyElementExist(MobileBuiltInKeywords.groovy:1755)
	at TC_10 - Follow up Update schedule.run(TC_10 - Follow up Update schedule:34)
	at com.kms.katalon.core.main.ScriptEngine.run(ScriptEngine.java:194)
	at com.kms.katalon.core.main.ScriptEngine.runScriptAsRawText(ScriptEngine.java:119)
	at com.kms.katalon.core.main.TestCaseExecutor.runScript(TestCaseExecutor.java:448)
	at com.kms.katalon.core.main.TestCaseExecutor.doExecute(TestCaseExecutor.java:439)
	at com.kms.katalon.core.main.TestCaseExecutor.processExecutionPhase(TestCaseExecutor.java:418)
	at com.kms.katalon.core.main.TestCaseExecutor.accessMainPhase(TestCaseExecutor.java:410)
	at com.kms.katalon.core.main.TestCaseExecutor.execute(TestCaseExecutor.java:285)
	at com.kms.katalon.core.common.CommonExecutor.accessTestCaseMainPhase(CommonExecutor.java:65)
	at com.kms.katalon.core.main.TestSuiteExecutor.accessTestSuiteMainPhase(TestSuiteExecutor.java:148)
	at com.kms.katalon.core.main.TestSuiteExecutor.execute(TestSuiteExecutor.java:106)
	at com.kms.katalon.core.main.TestCaseMain.startTestSuite(TestCaseMain.java:180)
	at TempTestSuite1712221363141.run(TempTestSuite1712221363141.groovy:35)
	at java.base/jdk.internal.reflect.NativeMethodAccessorImpl.invoke0(Native Method)
	at java.base/jdk.internal.reflect.NativeMethodAccessorImpl.invoke(NativeMethodAccessorImpl.java:77)
	at java.base/jdk.internal.reflect.DelegatingMethodAccessorImpl.invoke(DelegatingMethodAccessorImpl.java:43)
Caused by: com.kms.katalon.core.exception.StepFailedException: Element 'Object Repository/ScheduleFollowUp/UpdateButton' not found
	at com.kms.katalon.core.mobile.keyword.internal.MobileKeywordMain.stepFailed(MobileKeywordMain.groovy:38)
	at com.kms.katalon.core.mobile.keyword.builtin.VerifyElementExistKeyword$_verifyElementExist_closure1.doCall(VerifyElementExistKeyword.groovy:48)
	at com.kms.katalon.core.mobile.keyword.builtin.VerifyElementExistKeyword$_verifyElementExist_closure1.call(VerifyElementExistKeyword.groovy)
	at com.kms.katalon.core.mobile.keyword.internal.MobileKeywordMain.runKeyword(MobileKeywordMain.groovy:19)
	... 20 more]]></system-err>
      </testcase>
      <system-out><![CDATA[04-04-2024T14:32:56 - [TEST_SUITE][FAILED] - TataMotors: Test Cases/TC/TC_01 - New Opty FAILED.
Reason:
com.kms.katalon.core.exception.StepFailedException: Failed to tap on element 'Object Repository/NewObject/DropDownSearchedDistrict'
	at com.kms.katalon.core.mobile.keyword.internal.MobileKeywordMain.stepFailed(MobileKeywordMain.groovy:38)
	at com.kms.katalon.core.mobile.keyword.internal.MobileKeywordMain.runKeyword(MobileKeywordMain.groovy:21)
	at com.kms.katalon.core.mobile.keyword.builtin.TapKeyword.tap(TapKeyword.groovy:51)
	at com.kms.katalon.core.mobile.keyword.builtin.TapKeyword.execute(TapKeyword.groovy:35)
	at com.kms.katalon.core.keyword.internal.KeywordExecutor.executeKeywordForPlatform(KeywordExecutor.groovy:74)
	at com.kms.katalon.core.mobile.keyword.MobileBuiltInKeywords.tap(MobileBuiltInKeywords.groovy:1476)
	at TC_01 - New Opty.run(TC_01 - New Opty:174)
	at com.kms.katalon.core.main.ScriptEngine.run(ScriptEngine.java:194)
	at com.kms.katalon.core.main.ScriptEngine.runScriptAsRawText(ScriptEngine.java:119)
	at com.kms.katalon.core.main.TestCaseExecutor.runScript(TestCaseExecutor.java:448)
	at com.kms.katalon.core.main.TestCaseExecutor.doExecute(TestCaseExecutor.java:439)
	at com.kms.katalon.core.main.TestCaseExecutor.processExecutionPhase(TestCaseExecutor.java:418)
	at com.kms.katalon.core.main.TestCaseExecutor.accessMainPhase(TestCaseExecutor.java:410)
	at com.kms.katalon.core.main.TestCaseExecutor.execute(TestCaseExecutor.java:285)
	at com.kms.katalon.core.common.CommonExecutor.accessTestCaseMainPhase(CommonExecutor.java:65)
	at com.kms.katalon.core.main.TestSuiteExecutor.accessTestSuiteMainPhase(TestSuiteExecutor.java:148)
	at com.kms.katalon.core.main.TestSuiteExecutor.execute(TestSuiteExecutor.java:106)
	at com.kms.katalon.core.main.TestCaseMain.startTestSuite(TestCaseMain.java:180)
	at TempTestSuite1712221363141.run(TempTestSuite1712221363141.groovy:35)
	at java.base/jdk.internal.reflect.NativeMethodAccessorImpl.invoke0(Native Method)
	at java.base/jdk.internal.reflect.NativeMethodAccessorImpl.invoke(NativeMethodAccessorImpl.java:77)
	at java.base/jdk.internal.reflect.DelegatingMethodAccessorImpl.invoke(DelegatingMethodAccessorImpl.java:43)
Caused by: com.kms.katalon.core.exception.StepFailedException: Object Object Repository/NewObject/DropDownSearchedDistrict not found
	at com.kms.katalon.core.mobile.keyword.internal.MobileKeywordMain.stepFailed(MobileKeywordMain.groovy:38)
	at com.kms.katalon.core.mobile.keyword.builtin.TapKeyword$_tap_closure1.doCall(TapKeyword.groovy:46)
	at com.kms.katalon.core.mobile.keyword.builtin.TapKeyword$_tap_closure1.call(TapKeyword.groovy)
	at com.kms.katalon.core.mobile.keyword.internal.MobileKeywordMain.runKeyword(MobileKeywordMain.groovy:19)
	... 20 more]]></system-out>
      <system-err><![CDATA[04-04-2024T14:32:56 - [TEST_SUITE][FAILED] - TataMotors: Test Cases/TC/TC_01 - New Opty FAILED.
Reason:
com.kms.katalon.core.exception.StepFailedException: Failed to tap on element 'Object Repository/NewObject/DropDownSearchedDistrict'
	at com.kms.katalon.core.mobile.keyword.internal.MobileKeywordMain.stepFailed(MobileKeywordMain.groovy:38)
	at com.kms.katalon.core.mobile.keyword.internal.MobileKeywordMain.runKeyword(MobileKeywordMain.groovy:21)
	at com.kms.katalon.core.mobile.keyword.builtin.TapKeyword.tap(TapKeyword.groovy:51)
	at com.kms.katalon.core.mobile.keyword.builtin.TapKeyword.execute(TapKeyword.groovy:35)
	at com.kms.katalon.core.keyword.internal.KeywordExecutor.executeKeywordForPlatform(KeywordExecutor.groovy:74)
	at com.kms.katalon.core.mobile.keyword.MobileBuiltInKeywords.tap(MobileBuiltInKeywords.groovy:1476)
	at TC_01 - New Opty.run(TC_01 - New Opty:174)
	at com.kms.katalon.core.main.ScriptEngine.run(ScriptEngine.java:194)
	at com.kms.katalon.core.main.ScriptEngine.runScriptAsRawText(ScriptEngine.java:119)
	at com.kms.katalon.core.main.TestCaseExecutor.runScript(TestCaseExecutor.java:448)
	at com.kms.katalon.core.main.TestCaseExecutor.doExecute(TestCaseExecutor.java:439)
	at com.kms.katalon.core.main.TestCaseExecutor.processExecutionPhase(TestCaseExecutor.java:418)
	at com.kms.katalon.core.main.TestCaseExecutor.accessMainPhase(TestCaseExecutor.java:410)
	at com.kms.katalon.core.main.TestCaseExecutor.execute(TestCaseExecutor.java:285)
	at com.kms.katalon.core.common.CommonExecutor.accessTestCaseMainPhase(CommonExecutor.java:65)
	at com.kms.katalon.core.main.TestSuiteExecutor.accessTestSuiteMainPhase(TestSuiteExecutor.java:148)
	at com.kms.katalon.core.main.TestSuiteExecutor.execute(TestSuiteExecutor.java:106)
	at com.kms.katalon.core.main.TestCaseMain.startTestSuite(TestCaseMain.java:180)
	at TempTestSuite1712221363141.run(TempTestSuite1712221363141.groovy:35)
	at java.base/jdk.internal.reflect.NativeMethodAccessorImpl.invoke0(Native Method)
	at java.base/jdk.internal.reflect.NativeMethodAccessorImpl.invoke(NativeMethodAccessorImpl.java:77)
	at java.base/jdk.internal.reflect.DelegatingMethodAccessorImpl.invoke(DelegatingMethodAccessorImpl.java:43)
Caused by: com.kms.katalon.core.exception.StepFailedException: Object Object Repository/NewObject/DropDownSearchedDistrict not found
	at com.kms.katalon.core.mobile.keyword.internal.MobileKeywordMain.stepFailed(MobileKeywordMain.groovy:38)
	at com.kms.katalon.core.mobile.keyword.builtin.TapKeyword$_tap_closure1.doCall(TapKeyword.groovy:46)
	at com.kms.katalon.core.mobile.keyword.builtin.TapKeyword$_tap_closure1.call(TapKeyword.groovy)
	at com.kms.katalon.core.mobile.keyword.internal.MobileKeywordMain.runKeyword(MobileKeywordMain.groovy:19)
	... 20 more]]></system-err>
   </testsuite>
</testsuites>
