<?xml version="1.0" encoding="UTF-8"?>
<testsuites name="TataMotors" time="1099.941" tests="10" failures="6" errors="0">
   <testsuite name="TataMotors" tests="10" failures="6" errors="0" time="1099.941" skipped="0" timestamp="04-04-2024T17:39:30" hostname="Sushil.Gaikwad - DS025.step.com" id="Test Suites/TataMotors">
      <properties>
         <property name="deviceName" value="samsung SM-A032F (Android 13)"/>
         <property name="devicePlatform" value=""/>
         <property name="logFolder" value="C:\\Users\\sushil.gaikwad\\git\\EguruSmart1\\Reports\\20240404_173920\\TataMotors\\20240404_173920"/>
         <property name="logFiles" value="C:\\Users\\sushil.gaikwad\\git\\EguruSmart1\\Reports\\20240404_173920\\TataMotors\\20240404_173920\\appium.log, C:\\Users\\sushil.gaikwad\\git\\EguruSmart1\\Reports\\20240404_173920\\TataMotors\\20240404_173920\\appium_error.log, C:\\Users\\sushil.gaikwad\\git\\EguruSmart1\\Reports\\20240404_173920\\TataMotors\\20240404_173920\\execution0.log"/>
         <property name="attachments" value="C:\\Users\\sushil.gaikwad\\git\\EguruSmart1\\Reports\\20240404_173920\\TataMotors\\20240404_173920\\1712232632311.png, C:\\Users\\sushil.gaikwad\\git\\EguruSmart1\\Reports\\20240404_173920\\TataMotors\\20240404_173920\\1712232635592.png, C:\\Users\\sushil.gaikwad\\git\\EguruSmart1\\Reports\\20240404_173920\\TataMotors\\20240404_173920\\1712232642571.png, C:\\Users\\sushil.gaikwad\\git\\EguruSmart1\\Reports\\20240404_173920\\TataMotors\\20240404_173920\\1712232658319.png, C:\\Users\\sushil.gaikwad\\git\\EguruSmart1\\Reports\\20240404_173920\\TataMotors\\20240404_173920\\1712232717814.png, C:\\Users\\sushil.gaikwad\\git\\EguruSmart1\\Reports\\20240404_173920\\TataMotors\\20240404_173920\\1712232718743.png, C:\\Users\\sushil.gaikwad\\git\\EguruSmart1\\Reports\\20240404_173920\\TataMotors\\20240404_173920\\1712232769573.png, C:\\Users\\sushil.gaikwad\\git\\EguruSmart1\\Reports\\20240404_173920\\TataMotors\\20240404_173920\\1712232774999.png, C:\\Users\\sushil.gaikwad\\git\\EguruSmart1\\Reports\\20240404_173920\\TataMotors\\20240404_173920\\1712232786823.png, C:\\Users\\sushil.gaikwad\\git\\EguruSmart1\\Reports\\20240404_173920\\TataMotors\\20240404_173920\\1712232823258.png, C:\\Users\\sushil.gaikwad\\git\\EguruSmart1\\Reports\\20240404_173920\\TataMotors\\20240404_173920\\1712232878665.png, C:\\Users\\sushil.gaikwad\\git\\EguruSmart1\\Reports\\20240404_173920\\TataMotors\\20240404_173920\\1712232910786.png, C:\\Users\\sushil.gaikwad\\git\\EguruSmart1\\Reports\\20240404_173920\\TataMotors\\20240404_173920\\1712232911672.png, C:\\Users\\sushil.gaikwad\\git\\EguruSmart1\\Reports\\20240404_173920\\TataMotors\\20240404_173920\\1712232969759.png, C:\\Users\\sushil.gaikwad\\git\\EguruSmart1\\Reports\\20240404_173920\\TataMotors\\20240404_173920\\1712232974204.png, C:\\Users\\sushil.gaikwad\\git\\EguruSmart1\\Reports\\20240404_173920\\TataMotors\\20240404_173920\\1712232981489.png, C:\\Users\\sushil.gaikwad\\git\\EguruSmart1\\Reports\\20240404_173920\\TataMotors\\20240404_173920\\1712233003527.png, C:\\Users\\sushil.gaikwad\\git\\EguruSmart1\\Reports\\20240404_173920\\TataMotors\\20240404_173920\\1712233016637.png, C:\\Users\\sushil.gaikwad\\git\\EguruSmart1\\Reports\\20240404_173920\\TataMotors\\20240404_173920\\1712233069344.png, C:\\Users\\sushil.gaikwad\\git\\EguruSmart1\\Reports\\20240404_173920\\TataMotors\\20240404_173920\\1712233080878.png, C:\\Users\\sushil.gaikwad\\git\\EguruSmart1\\Reports\\20240404_173920\\TataMotors\\20240404_173920\\1712233092089.png, C:\\Users\\sushil.gaikwad\\git\\EguruSmart1\\Reports\\20240404_173920\\TataMotors\\20240404_173920\\1712233125837.png, C:\\Users\\sushil.gaikwad\\git\\EguruSmart1\\Reports\\20240404_173920\\TataMotors\\20240404_173920\\1712233179573.png, C:\\Users\\sushil.gaikwad\\git\\EguruSmart1\\Reports\\20240404_173920\\TataMotors\\20240404_173920\\1712233195972.png, C:\\Users\\sushil.gaikwad\\git\\EguruSmart1\\Reports\\20240404_173920\\TataMotors\\20240404_173920\\1712233210956.png, C:\\Users\\sushil.gaikwad\\git\\EguruSmart1\\Reports\\20240404_173920\\TataMotors\\20240404_173920\\1712233248189.png, C:\\Users\\sushil.gaikwad\\git\\EguruSmart1\\Reports\\20240404_173920\\TataMotors\\20240404_173920\\1712233332643.png, C:\\Users\\sushil.gaikwad\\git\\EguruSmart1\\Reports\\20240404_173920\\TataMotors\\20240404_173920\\1712233334081.png, C:\\Users\\sushil.gaikwad\\git\\EguruSmart1\\Reports\\20240404_173920\\TataMotors\\20240404_173920\\1712233383566.png, C:\\Users\\sushil.gaikwad\\git\\EguruSmart1\\Reports\\20240404_173920\\TataMotors\\20240404_173920\\1712233386008.png, C:\\Users\\sushil.gaikwad\\git\\EguruSmart1\\Reports\\20240404_173920\\TataMotors\\20240404_173920\\1712233414422.png, C:\\Users\\sushil.gaikwad\\git\\EguruSmart1\\Reports\\20240404_173920\\TataMotors\\20240404_173920\\1712233453726.png, C:\\Users\\sushil.gaikwad\\git\\EguruSmart1\\Reports\\20240404_173920\\TataMotors\\20240404_173920\\1712233454634.png, C:\\Users\\sushil.gaikwad\\git\\EguruSmart1\\Reports\\20240404_173920\\TataMotors\\20240404_173920\\1712233494023.png, C:\\Users\\sushil.gaikwad\\git\\EguruSmart1\\Reports\\20240404_173920\\TataMotors\\20240404_173920\\1712233498167.png, C:\\Users\\sushil.gaikwad\\git\\EguruSmart1\\Reports\\20240404_173920\\TataMotors\\20240404_173920\\1712233519029.png, C:\\Users\\sushil.gaikwad\\git\\EguruSmart1\\Reports\\20240404_173920\\TataMotors\\20240404_173920\\1712233556908.png, C:\\Users\\sushil.gaikwad\\git\\EguruSmart1\\Reports\\20240404_173920\\TataMotors\\20240404_173920\\1712233557828.png, C:\\Users\\sushil.gaikwad\\git\\EguruSmart1\\Reports\\20240404_173920\\TataMotors\\20240404_173920\\1712233597488.png, C:\\Users\\sushil.gaikwad\\git\\EguruSmart1\\Reports\\20240404_173920\\TataMotors\\20240404_173920\\1712233599814.png, C:\\Users\\sushil.gaikwad\\git\\EguruSmart1\\Reports\\20240404_173920\\TataMotors\\20240404_173920\\1712233616745.png, C:\\Users\\sushil.gaikwad\\git\\EguruSmart1\\Reports\\20240404_173920\\TataMotors\\20240404_173920\\1712233618440.png, C:\\Users\\sushil.gaikwad\\git\\EguruSmart1\\Reports\\20240404_173920\\TataMotors\\20240404_173920\\1712233623855.png, C:\\Users\\sushil.gaikwad\\git\\EguruSmart1\\Reports\\20240404_173920\\TataMotors\\20240404_173920\\1712233626430.png, C:\\Users\\sushil.gaikwad\\git\\EguruSmart1\\Reports\\20240404_173920\\TataMotors\\20240404_173920\\1712233668672.png, C:\\Users\\sushil.gaikwad\\git\\EguruSmart1\\Reports\\20240404_173920\\TataMotors\\20240404_173920\\1712233669586.png"/>
         <property name="hostName" value="Sushil.Gaikwad - DS025.step.com"/>
         <property name="os" value="Windows 10 64bit"/>
         <property name="appiumServerStatus" value="{&quot;value&quot;:{&quot;build&quot;:{&quot;version&quot;:&quot;1.22.3&quot;}},&quot;sessionId&quot;:null,&quot;status&quot;:0}"/>
         <property name="katalonVersion" value="9.3.2.212"/>
         <property name="deviceOS" value="Android"/>
         <property name="appiumVersion" value="1.22.3"/>
         <property name="deviceModel" value="SM-A032F"/>
         <property name="hostAddress" value="192.168.187.127"/>
         <property name="deviceManufacturer" value="samsung"/>
         <property name="deviceId" value="R9ZT10H9Y2L"/>
         <property name="deviceName" value="samsung SM-A032F (Android 13)"/>
         <property name="deviceOSVersion" value="13"/>
      </properties>
      <testcase name="Test Cases/TC/TC_01 - To verify that opty creation for the new customer" time="148.776" classname="Test Cases/TC/TC_01 - To verify that opty creation for the new customer" status="FAILED">
         <failure type="FAILED" message="Test Cases/TC/TC_01 - To verify that opty creation for the new customer FAILED.&#xa;Reason:&#xa;com.kms.katalon.core.exception.StepFailedException: Failed to tap on element 'Object Repository/NewObject/DropDownSearchedDistrict'&#xa;	at com.kms.katalon.core.mobile.keyword.internal.MobileKeywordMain.stepFailed(MobileKeywordMain.groovy:38)&#xa;	at com.kms.katalon.core.mobile.keyword.internal.MobileKeywordMain.runKeyword(MobileKeywordMain.groovy:21)&#xa;	at com.kms.katalon.core.mobile.keyword.builtin.TapKeyword.tap(TapKeyword.groovy:51)&#xa;	at com.kms.katalon.core.mobile.keyword.builtin.TapKeyword.execute(TapKeyword.groovy:35)&#xa;	at com.kms.katalon.core.keyword.internal.KeywordExecutor.executeKeywordForPlatform(KeywordExecutor.groovy:74)&#xa;	at com.kms.katalon.core.mobile.keyword.MobileBuiltInKeywords.tap(MobileBuiltInKeywords.groovy:1476)&#xa;	at TC_01 - To verify that opty creation for the new customer.run(TC_01 - To verify that opty creation for the new customer:174)&#xa;	at com.kms.katalon.core.main.ScriptEngine.run(ScriptEngine.java:194)&#xa;	at com.kms.katalon.core.main.ScriptEngine.runScriptAsRawText(ScriptEngine.java:119)&#xa;	at com.kms.katalon.core.main.TestCaseExecutor.runScript(TestCaseExecutor.java:448)&#xa;	at com.kms.katalon.core.main.TestCaseExecutor.doExecute(TestCaseExecutor.java:439)&#xa;	at com.kms.katalon.core.main.TestCaseExecutor.processExecutionPhase(TestCaseExecutor.java:418)&#xa;	at com.kms.katalon.core.main.TestCaseExecutor.accessMainPhase(TestCaseExecutor.java:410)&#xa;	at com.kms.katalon.core.main.TestCaseExecutor.execute(TestCaseExecutor.java:285)&#xa;	at com.kms.katalon.core.common.CommonExecutor.accessTestCaseMainPhase(CommonExecutor.java:65)&#xa;	at com.kms.katalon.core.main.TestSuiteExecutor.accessTestSuiteMainPhase(TestSuiteExecutor.java:148)&#xa;	at com.kms.katalon.core.main.TestSuiteExecutor.execute(TestSuiteExecutor.java:106)&#xa;	at com.kms.katalon.core.main.TestCaseMain.startTestSuite(TestCaseMain.java:180)&#xa;	at TempTestSuite1712232560197.run(TempTestSuite1712232560197.groovy:35)&#xa;	at java.base/jdk.internal.reflect.NativeMethodAccessorImpl.invoke0(Native Method)&#xa;	at java.base/jdk.internal.reflect.NativeMethodAccessorImpl.invoke(NativeMethodAccessorImpl.java:77)&#xa;	at java.base/jdk.internal.reflect.DelegatingMethodAccessorImpl.invoke(DelegatingMethodAccessorImpl.java:43)&#xa;Caused by: com.kms.katalon.core.exception.StepFailedException: Object Object Repository/NewObject/DropDownSearchedDistrict not found&#xa;	at com.kms.katalon.core.mobile.keyword.internal.MobileKeywordMain.stepFailed(MobileKeywordMain.groovy:38)&#xa;	at com.kms.katalon.core.mobile.keyword.builtin.TapKeyword$_tap_closure1.doCall(TapKeyword.groovy:46)&#xa;	at com.kms.katalon.core.mobile.keyword.builtin.TapKeyword$_tap_closure1.call(TapKeyword.groovy)&#xa;	at com.kms.katalon.core.mobile.keyword.internal.MobileKeywordMain.runKeyword(MobileKeywordMain.groovy:19)&#xa;	... 20 more&#xa;"/>
         <system-out><![CDATA[04-04-2024T17:39:30 - [TEST_CASE][FAILED] - Test Cases/TC/TC_01 - To verify that opty creation for the new customer: Test Cases/TC/TC_01 - To verify that opty creation for the new customer FAILED.
Reason:
com.kms.katalon.core.exception.StepFailedException: Failed to tap on element 'Object Repository/NewObject/DropDownSearchedDistrict'
	at com.kms.katalon.core.mobile.keyword.internal.MobileKeywordMain.stepFailed(MobileKeywordMain.groovy:38)
	at com.kms.katalon.core.mobile.keyword.internal.MobileKeywordMain.runKeyword(MobileKeywordMain.groovy:21)
	at com.kms.katalon.core.mobile.keyword.builtin.TapKeyword.tap(TapKeyword.groovy:51)
	at com.kms.katalon.core.mobile.keyword.builtin.TapKeyword.execute(TapKeyword.groovy:35)
	at com.kms.katalon.core.keyword.internal.KeywordExecutor.executeKeywordForPlatform(KeywordExecutor.groovy:74)
	at com.kms.katalon.core.mobile.keyword.MobileBuiltInKeywords.tap(MobileBuiltInKeywords.groovy:1476)
	at TC_01 - To verify that opty creation for the new customer.run(TC_01 - To verify that opty creation for the new customer:174)
	at com.kms.katalon.core.main.ScriptEngine.run(ScriptEngine.java:194)
	at com.kms.katalon.core.main.ScriptEngine.runScriptAsRawText(ScriptEngine.java:119)
	at com.kms.katalon.core.main.TestCaseExecutor.runScript(TestCaseExecutor.java:448)
	at com.kms.katalon.core.main.TestCaseExecutor.doExecute(TestCaseExecutor.java:439)
	at com.kms.katalon.core.main.TestCaseExecutor.processExecutionPhase(TestCaseExecutor.java:418)
	at com.kms.katalon.core.main.TestCaseExecutor.accessMainPhase(TestCaseExecutor.java:410)
	at com.kms.katalon.core.main.TestCaseExecutor.execute(TestCaseExecutor.java:285)
	at com.kms.katalon.core.common.CommonExecutor.accessTestCaseMainPhase(CommonExecutor.java:65)
	at com.kms.katalon.core.main.TestSuiteExecutor.accessTestSuiteMainPhase(TestSuiteExecutor.java:148)
	at com.kms.katalon.core.main.TestSuiteExecutor.execute(TestSuiteExecutor.java:106)
	at com.kms.katalon.core.main.TestCaseMain.startTestSuite(TestCaseMain.java:180)
	at TempTestSuite1712232560197.run(TempTestSuite1712232560197.groovy:35)
	at java.base/jdk.internal.reflect.NativeMethodAccessorImpl.invoke0(Native Method)
	at java.base/jdk.internal.reflect.NativeMethodAccessorImpl.invoke(NativeMethodAccessorImpl.java:77)
	at java.base/jdk.internal.reflect.DelegatingMethodAccessorImpl.invoke(DelegatingMethodAccessorImpl.java:43)
Caused by: com.kms.katalon.core.exception.StepFailedException: Object Object Repository/NewObject/DropDownSearchedDistrict not found
	at com.kms.katalon.core.mobile.keyword.internal.MobileKeywordMain.stepFailed(MobileKeywordMain.groovy:38)
	at com.kms.katalon.core.mobile.keyword.builtin.TapKeyword$_tap_closure1.doCall(TapKeyword.groovy:46)
	at com.kms.katalon.core.mobile.keyword.builtin.TapKeyword$_tap_closure1.call(TapKeyword.groovy)
	at com.kms.katalon.core.mobile.keyword.internal.MobileKeywordMain.runKeyword(MobileKeywordMain.groovy:19)
	... 20 more


04-04-2024T17:39:33 - [TEST_STEP][PASSED] - callTestCase(findTestCase("CommenWorkflows/Login"), ["Str_URL":"C:\Users\sushil.gaikwad\git\EguruSmart1\Application\app-release (4).apk", "Str_Username":"DUSER145", "Str_Password":"Soct#2023", ... ], STOP_ON_FAILURE): Call Test Case 'Test Cases/CommenWorkflows/Login' successfully

04-04-2024T17:39:33 - [TEST_CASE][PASSED] - Test Cases/CommenWorkflows/Login: Test Cases/CommenWorkflows/Login

04-04-2024T17:39:33 - [TEST_STEP][PASSED] - startApplication(Str_URL, false): Started app at: 'C:\Users\sushil.gaikwad\git\EguruSmart1\Application\app-release (4).apk'

04-04-2024T17:39:34 - [MESSAGE][INFO] - User set preference: ['deviceId', 'R9ZT10H9Y2L']

04-04-2024T17:39:34 - [MESSAGE][INFO] - Detected NodeJS location: "C:\Program Files\nodejs\node.exe"

04-04-2024T17:39:39 - [MESSAGE][INFO] - PATH: C:\Program Files\nodejs;

04-04-2024T17:39:39 - [MESSAGE][INFO] - APPIUM_HOME: C:\Users\sushil.gaikwad\AppData\Roaming\npm\node_modules\appium\build\lib\main.js

04-04-2024T17:39:39 - [MESSAGE][INFO] - appium outlog: C:\Users\sushil.gaikwad\git\EguruSmart1\Reports\20240404_173920\TataMotors\20240404_173920\appium.log

04-04-2024T17:39:39 - [MESSAGE][INFO] - appium errlog: C:\Users\sushil.gaikwad\git\EguruSmart1\Reports\20240404_173920\TataMotors\20240404_173920\appium_error.log

04-04-2024T17:39:41 - [MESSAGE][INFO] - Appium server started on port 62,696

04-04-2024T17:39:59 - [MESSAGE][PASSED] - Started app at: 'C:\Users\sushil.gaikwad\git\EguruSmart1\Application\app-release (4).apk'

04-04-2024T17:39:59 - [TEST_STEP][PASSED] - Bool_Username = waitForElementPresent(findTestObject("LockScreen/UsernaneText"), 10): Object Object Repository/LockScreen/UsernaneText not found

04-04-2024T17:40:09 - [MESSAGE][WARNING] - Object Object Repository/LockScreen/UsernaneText not found

04-04-2024T17:40:09 - [TEST_STEP][PASSED] - if (Bool_Username == true): null

04-04-2024T17:40:09 - [TEST_STEP][PASSED] - else: Tapped on element 'Object Repository/LockScreen/LoginButton'

04-04-2024T17:40:09 - [TEST_STEP][PASSED] - tap(findTestObject("LockScreen/Tap1"), 0): Tapped on element 'Object Repository/LockScreen/Tap1'

04-04-2024T17:40:09 - [MESSAGE][WARNING] - Timeout '0' is invalid. Using default page load timeout: '30'

04-04-2024T17:40:13 - [MESSAGE][PASSED] - Tapped on element 'Object Repository/LockScreen/Tap1'

04-04-2024T17:40:13 - [TEST_STEP][PASSED] - setText(findTestObject("LockScreen/Text1"), "1", 0): Text '1' has been set to element 'Object Repository/LockScreen/Text1'

04-04-2024T17:40:13 - [MESSAGE][WARNING] - Timeout '0' is invalid. Using default page load timeout: '30'

04-04-2024T17:40:15 - [MESSAGE][PASSED] - Text '1' has been set to element 'Object Repository/LockScreen/Text1'

04-04-2024T17:40:15 - [TEST_STEP][PASSED] - setText(findTestObject("LockScreen/Text2"), "2", 0): Text '2' has been set to element 'Object Repository/LockScreen/Text2'

04-04-2024T17:40:15 - [MESSAGE][WARNING] - Timeout '0' is invalid. Using default page load timeout: '30'

04-04-2024T17:40:16 - [MESSAGE][PASSED] - Text '2' has been set to element 'Object Repository/LockScreen/Text2'

04-04-2024T17:40:16 - [TEST_STEP][PASSED] - setText(findTestObject("LockScreen/Text3"), "3", 0): Text '3' has been set to element 'Object Repository/LockScreen/Text3'

04-04-2024T17:40:16 - [MESSAGE][WARNING] - Timeout '0' is invalid. Using default page load timeout: '30'

04-04-2024T17:40:17 - [MESSAGE][PASSED] - Text '3' has been set to element 'Object Repository/LockScreen/Text3'

04-04-2024T17:40:17 - [TEST_STEP][PASSED] - setText(findTestObject("LockScreen/Text4"), "4", 0): Text '4' has been set to element 'Object Repository/LockScreen/Text4'

04-04-2024T17:40:17 - [MESSAGE][WARNING] - Timeout '0' is invalid. Using default page load timeout: '30'

04-04-2024T17:40:19 - [MESSAGE][PASSED] - Text '4' has been set to element 'Object Repository/LockScreen/Text4'

04-04-2024T17:40:19 - [TEST_STEP][PASSED] - tap(findTestObject("LockScreen/LoginButton"), 0): Tapped on element 'Object Repository/LockScreen/LoginButton'

04-04-2024T17:40:19 - [MESSAGE][WARNING] - Timeout '0' is invalid. Using default page load timeout: '30'

04-04-2024T17:40:21 - [MESSAGE][PASSED] - Tapped on element 'Object Repository/LockScreen/LoginButton'

04-04-2024T17:40:22 - [MESSAGE][PASSED] - Call Test Case 'Test Cases/CommenWorkflows/Login' successfully

04-04-2024T17:40:22 - [TEST_STEP][PASSED] - Bool_Offline = waitForElementPresent(findTestObject("LockScreen/NewPin/Offline Master Sync"), 5): Object Object Repository/LockScreen/NewPin/Offline Master Sync not found

04-04-2024T17:40:27 - [MESSAGE][WARNING] - Object Object Repository/LockScreen/NewPin/Offline Master Sync not found

04-04-2024T17:40:27 - [TEST_STEP][PASSED] - if (Bool_Offline == true): null

04-04-2024T17:40:27 - [TEST_STEP][PASSED] - delay(2, STOP_ON_FAILURE): Delayed 2 second(s)

04-04-2024T17:40:29 - [MESSAGE][PASSED] - Delayed 2 second(s)

04-04-2024T17:40:29 - [TEST_STEP][PASSED] - verifyElementExist(findTestObject("TataMotars/HomeButton"), 10): Element 'Object Repository/TataMotars/HomeButton' is exist

04-04-2024T17:40:29 - [MESSAGE][PASSED] - Element 'Object Repository/TataMotars/HomeButton' is exist

04-04-2024T17:40:29 - [TEST_STEP][PASSED] - tap(findTestObject("TataMotars/PluseButton"), 0): Tapped on element 'Object Repository/TataMotars/PluseButton'

04-04-2024T17:40:29 - [MESSAGE][WARNING] - Timeout '0' is invalid. Using default page load timeout: '30'

04-04-2024T17:40:31 - [MESSAGE][PASSED] - Tapped on element 'Object Repository/TataMotars/PluseButton'

04-04-2024T17:40:31 - [TEST_STEP][PASSED] - bool_Opportunity = verifyElementExist(findTestObject("TataMotars/Pluse Button/OpportunityButton"), 0): Element 'Object Repository/TataMotars/Pluse Button/OpportunityButton' is exist

04-04-2024T17:40:31 - [MESSAGE][WARNING] - Timeout '0' is invalid. Using default page load timeout: '30'

04-04-2024T17:40:31 - [MESSAGE][PASSED] - Element 'Object Repository/TataMotars/Pluse Button/OpportunityButton' is exist

04-04-2024T17:40:31 - [TEST_STEP][PASSED] - bool_Account = verifyElementExist(findTestObject("TataMotars/Pluse Button/Account"), 0): Element 'Object Repository/TataMotars/Pluse Button/Account' is exist

04-04-2024T17:40:31 - [MESSAGE][WARNING] - Timeout '0' is invalid. Using default page load timeout: '30'

04-04-2024T17:40:31 - [MESSAGE][PASSED] - Element 'Object Repository/TataMotars/Pluse Button/Account' is exist

04-04-2024T17:40:31 - [TEST_STEP][PASSED] - bool_Customer = verifyElementExist(findTestObject("TataMotars/Pluse Button/Customer"), 0): Element 'Object Repository/TataMotars/Pluse Button/Customer' is exist

04-04-2024T17:40:31 - [MESSAGE][WARNING] - Timeout '0' is invalid. Using default page load timeout: '30'

04-04-2024T17:40:31 - [MESSAGE][PASSED] - Element 'Object Repository/TataMotars/Pluse Button/Customer' is exist

04-04-2024T17:40:31 - [TEST_STEP][PASSED] - bool_Influencer = verifyElementExist(findTestObject("TataMotars/Pluse Button/Influencer"), 0): Element 'Object Repository/TataMotars/Pluse Button/Influencer' is exist

04-04-2024T17:40:31 - [MESSAGE][WARNING] - Timeout '0' is invalid. Using default page load timeout: '30'

04-04-2024T17:40:32 - [MESSAGE][PASSED] - Element 'Object Repository/TataMotars/Pluse Button/Influencer' is exist

04-04-2024T17:40:32 - [TEST_STEP][PASSED] - bool_FollowUp = verifyElementExist(findTestObject("TataMotars/Pluse Button/Follow Up"), 0): Element 'Object Repository/TataMotars/Pluse Button/Follow Up' is exist

04-04-2024T17:40:32 - [MESSAGE][WARNING] - Timeout '0' is invalid. Using default page load timeout: '30'

04-04-2024T17:40:32 - [MESSAGE][PASSED] - Element 'Object Repository/TataMotars/Pluse Button/Follow Up' is exist

04-04-2024T17:40:32 - [TEST_STEP][PASSED] - bool_Opportunity && bool_Account && bool_Customer && bool_Influencer && bool_FollowUp == false: null

04-04-2024T17:40:32 - [TEST_STEP][PASSED] - takeScreenshot(): Screenshot is taken

04-04-2024T17:40:33 - [MESSAGE][PASSED] - Screenshot is taken
[[ATTACHMENT|C:\\Users\\sushil.gaikwad\\git\\EguruSmart1\\Reports\\20240404_173920\\TataMotors\\20240404_173920\\1712232632311.png]]

04-04-2024T17:40:33 - [TEST_STEP][PASSED] - tap(findTestObject("TataMotars/Pluse Button/OpportunityButton"), 3): Tapped on element 'Object Repository/TataMotars/Pluse Button/OpportunityButton'

04-04-2024T17:40:34 - [MESSAGE][PASSED] - Tapped on element 'Object Repository/TataMotars/Pluse Button/OpportunityButton'

04-04-2024T17:40:34 - [TEST_STEP][PASSED] - bool_AddContact = verifyElementExist(findTestObject("Add Contact/AddContact"), 30): Element 'Object Repository/Add Contact/AddContact' is exist

04-04-2024T17:40:34 - [MESSAGE][PASSED] - Element 'Object Repository/Add Contact/AddContact' is exist

04-04-2024T17:40:34 - [TEST_STEP][PASSED] - bool_SearchAddContact = verifyElementExist(findTestObject("Add Contact/Search - Add Contact"), 30): Element 'Object Repository/Add Contact/Search - Add Contact' is exist

04-04-2024T17:40:35 - [MESSAGE][PASSED] - Element 'Object Repository/Add Contact/Search - Add Contact' is exist

04-04-2024T17:40:35 - [TEST_STEP][PASSED] - bool_AddContact && bool_SearchAddContact == true: null

04-04-2024T17:40:35 - [TEST_STEP][PASSED] - takeScreenshot(): Screenshot is taken

04-04-2024T17:40:36 - [MESSAGE][PASSED] - Screenshot is taken
[[ATTACHMENT|C:\\Users\\sushil.gaikwad\\git\\EguruSmart1\\Reports\\20240404_173920\\TataMotors\\20240404_173920\\1712232635592.png]]

04-04-2024T17:40:36 - [TEST_STEP][PASSED] - randomName = generateRandomName(): null

04-04-2024T17:40:36 - [TEST_STEP][PASSED] - chars = (A..Z) + (a..z): null

04-04-2024T17:40:36 - [TEST_STEP][PASSED] - name =  }).join(): null

04-04-2024T17:40:37 - [TEST_STEP][PASSED] - return name: null

04-04-2024T17:40:37 - [TEST_STEP][PASSED] - println(Random 5-character name: $randomName): null

04-04-2024T17:40:37 - [TEST_STEP][PASSED] - minRange = 1: null

04-04-2024T17:40:37 - [TEST_STEP][PASSED] - maxRange = 1000: null

04-04-2024T17:40:37 - [TEST_STEP][PASSED] - randomInt = current().nextInt(minRange, maxRange + 1): null

04-04-2024T17:40:37 - [TEST_STEP][PASSED] - Result = $randomName $randomInt: null

04-04-2024T17:40:37 - [TEST_STEP][PASSED] - tap(findTestObject("Add Contact/Search - Add Contact"), 0, STOP_ON_FAILURE): Tapped on element 'Object Repository/Add Contact/Search - Add Contact'

04-04-2024T17:40:37 - [MESSAGE][WARNING] - Timeout '0' is invalid. Using default page load timeout: '30'

04-04-2024T17:40:37 - [MESSAGE][PASSED] - Tapped on element 'Object Repository/Add Contact/Search - Add Contact'

04-04-2024T17:40:37 - [TEST_STEP][PASSED] - setText(findTestObject("TataMotars/SearchBox"), Result, 0): Text 'znBdo 120' has been set to element 'Object Repository/TataMotars/SearchBox'

04-04-2024T17:40:38 - [MESSAGE][WARNING] - Timeout '0' is invalid. Using default page load timeout: '30'

04-04-2024T17:40:39 - [MESSAGE][PASSED] - Text 'znBdo 120' has been set to element 'Object Repository/TataMotars/SearchBox'

04-04-2024T17:40:39 - [TEST_STEP][PASSED] - hideKeyboard(): Keyboard is hidden

04-04-2024T17:40:41 - [MESSAGE][PASSED] - Keyboard is hidden

04-04-2024T17:40:41 - [TEST_STEP][PASSED] - str_getNewContact = getAttribute(findTestObject("TataMotars/SearchBox"), "name", 0): Element 'Object Repository/TataMotars/SearchBox' has attribute 'name' is ''

04-04-2024T17:40:41 - [MESSAGE][WARNING] - Timeout '0' is invalid. Using default page load timeout: '30'

04-04-2024T17:40:42 - [MESSAGE][PASSED] - Element 'Object Repository/TataMotars/SearchBox' has attribute 'name' is ''

04-04-2024T17:40:42 - [TEST_STEP][PASSED] - Result == str_getNewContact: null

04-04-2024T17:40:42 - [TEST_STEP][PASSED] - takeScreenshot(): Screenshot is taken

04-04-2024T17:40:43 - [MESSAGE][PASSED] - Screenshot is taken
[[ATTACHMENT|C:\\Users\\sushil.gaikwad\\git\\EguruSmart1\\Reports\\20240404_173920\\TataMotors\\20240404_173920\\1712232642571.png]]

04-04-2024T17:40:43 - [TEST_STEP][PASSED] - tap(findTestObject("Add Contact/AddNewContactButton"), 0): Tapped on element 'Object Repository/Add Contact/AddNewContactButton'

04-04-2024T17:40:43 - [MESSAGE][WARNING] - Timeout '0' is invalid. Using default page load timeout: '30'

04-04-2024T17:40:44 - [MESSAGE][PASSED] - Tapped on element 'Object Repository/Add Contact/AddNewContactButton'

04-04-2024T17:40:44 - [TEST_STEP][PASSED] - setText(findTestObject("Primery Details/FirstName"), str_FirstName, 0): Text 'Test' has been set to element 'Object Repository/Primery Details/FirstName'

04-04-2024T17:40:44 - [MESSAGE][WARNING] - Timeout '0' is invalid. Using default page load timeout: '30'

04-04-2024T17:40:46 - [MESSAGE][PASSED] - Text 'Test' has been set to element 'Object Repository/Primery Details/FirstName'

04-04-2024T17:40:46 - [TEST_STEP][PASSED] - hideKeyboard(): Keyboard is hidden

04-04-2024T17:40:48 - [MESSAGE][PASSED] - Keyboard is hidden

04-04-2024T17:40:48 - [TEST_STEP][PASSED] - setText(findTestObject("Primery Details/LastName"), str_LastName, 0): Text 'step' has been set to element 'Object Repository/Primery Details/LastName'

04-04-2024T17:40:48 - [MESSAGE][WARNING] - Timeout '0' is invalid. Using default page load timeout: '30'

04-04-2024T17:40:50 - [MESSAGE][PASSED] - Text 'step' has been set to element 'Object Repository/Primery Details/LastName'

04-04-2024T17:40:50 - [TEST_STEP][PASSED] - hideKeyboard(): Keyboard is hidden

04-04-2024T17:40:52 - [MESSAGE][PASSED] - Keyboard is hidden

04-04-2024T17:40:52 - [TEST_STEP][PASSED] - tap(findTestObject("Primery Details/MobileNumber"), 0): Tapped on element 'Object Repository/Primery Details/MobileNumber'

04-04-2024T17:40:52 - [MESSAGE][WARNING] - Timeout '0' is invalid. Using default page load timeout: '30'

04-04-2024T17:40:52 - [MESSAGE][PASSED] - Tapped on element 'Object Repository/Primery Details/MobileNumber'

04-04-2024T17:40:52 - [TEST_STEP][PASSED] - setText(findTestObject("Primery Details/MobileNumber"), str_MobileNumber + randomInt, 0): Text '9988667120' has been set to element 'Object Repository/Primery Details/MobileNumber'

04-04-2024T17:40:52 - [MESSAGE][WARNING] - Timeout '0' is invalid. Using default page load timeout: '30'

04-04-2024T17:40:54 - [MESSAGE][PASSED] - Text '9988667120' has been set to element 'Object Repository/Primery Details/MobileNumber'

04-04-2024T17:40:54 - [TEST_STEP][PASSED] - hideKeyboard(): Keyboard is hidden

04-04-2024T17:40:58 - [MESSAGE][PASSED] - Keyboard is hidden

04-04-2024T17:40:58 - [TEST_STEP][PASSED] - takeScreenshot(): Screenshot is taken

04-04-2024T17:40:59 - [MESSAGE][PASSED] - Screenshot is taken
[[ATTACHMENT|C:\\Users\\sushil.gaikwad\\git\\EguruSmart1\\Reports\\20240404_173920\\TataMotors\\20240404_173920\\1712232658319.png]]

04-04-2024T17:40:59 - [TEST_STEP][PASSED] - tap(findTestObject("Create New Opportunity/Customer Type"), 0): Tapped on element 'Object Repository/Create New Opportunity/Customer Type'

04-04-2024T17:40:59 - [MESSAGE][WARNING] - Timeout '0' is invalid. Using default page load timeout: '30'

04-04-2024T17:41:00 - [MESSAGE][PASSED] - Tapped on element 'Object Repository/Create New Opportunity/Customer Type'

04-04-2024T17:41:00 - [TEST_STEP][PASSED] - sendKeys(findTestObject("Create New Opportunity/Type_CustomerType"), str_CustomerType, STOP_ON_FAILURE): Send keys 'C4T Customer' on test object 'Object Repository/Create New Opportunity/Type_CustomerType' successfully.

04-04-2024T17:41:01 - [MESSAGE][PASSED] - Send keys 'C4T Customer' on test object 'Object Repository/Create New Opportunity/Type_CustomerType' successfully.

04-04-2024T17:41:01 - [TEST_STEP][PASSED] - hideKeyboard(): Keyboard is hidden

04-04-2024T17:41:03 - [MESSAGE][PASSED] - Keyboard is hidden

04-04-2024T17:41:03 - [TEST_STEP][PASSED] - Bool_Customer = waitForElementPresent(findTestObject("Create New Opportunity/Click_Customer"), 5): Element 'Object Repository/Create New Opportunity/Click_Customer' is present

04-04-2024T17:41:03 - [MESSAGE][PASSED] - Element 'Object Repository/Create New Opportunity/Click_Customer' is present

04-04-2024T17:41:03 - [TEST_STEP][PASSED] - if (Bool_Customer == true): Tapped on element 'Object Repository/Create New Opportunity/Click_Customer'

04-04-2024T17:41:03 - [TEST_STEP][PASSED] - tap(findTestObject("Create New Opportunity/Click_Customer"), 0): Tapped on element 'Object Repository/Create New Opportunity/Click_Customer'

04-04-2024T17:41:04 - [MESSAGE][WARNING] - Timeout '0' is invalid. Using default page load timeout: '30'

04-04-2024T17:41:04 - [MESSAGE][PASSED] - Tapped on element 'Object Repository/Create New Opportunity/Click_Customer'

04-04-2024T17:41:04 - [TEST_STEP][PASSED] - checkElement(findTestObject("Primery Details/Influencer Checkbox"), 0): Element 'Object Repository/Primery Details/Influencer Checkbox' is checked

04-04-2024T17:41:04 - [MESSAGE][WARNING] - Timeout '0' is invalid. Using default page load timeout: '30'

04-04-2024T17:41:06 - [MESSAGE][PASSED] - Element 'Object Repository/Primery Details/Influencer Checkbox' is checked

04-04-2024T17:41:06 - [TEST_STEP][PASSED] - hideKeyboard(): Keyboard is hidden

04-04-2024T17:41:07 - [MESSAGE][PASSED] - Keyboard is hidden

04-04-2024T17:41:07 - [TEST_STEP][PASSED] - tap(findTestObject("Create New Opportunity/Additional information"), 0): Tapped on element 'Object Repository/Create New Opportunity/Additional information'

04-04-2024T17:41:07 - [MESSAGE][WARNING] - Timeout '0' is invalid. Using default page load timeout: '30'

04-04-2024T17:41:08 - [MESSAGE][PASSED] - Tapped on element 'Object Repository/Create New Opportunity/Additional information'

04-04-2024T17:41:08 - [TEST_STEP][PASSED] - delay(3, STOP_ON_FAILURE): Delayed 3 second(s)

04-04-2024T17:41:11 - [MESSAGE][PASSED] - Delayed 3 second(s)

04-04-2024T17:41:11 - [TEST_STEP][PASSED] - tap(findTestObject("Primery Details/Enter InfluencerType"), 0): Tapped on element 'Object Repository/Primery Details/Enter InfluencerType'

04-04-2024T17:41:11 - [MESSAGE][WARNING] - Timeout '0' is invalid. Using default page load timeout: '30'

04-04-2024T17:41:12 - [MESSAGE][PASSED] - Tapped on element 'Object Repository/Primery Details/Enter InfluencerType'

04-04-2024T17:41:12 - [TEST_STEP][PASSED] - setText(findTestObject("Create New Opportunity/Type Influencer"), str_InfluencerType, 0): Text 'Advertisement' has been set to element 'Object Repository/Create New Opportunity/Type Influencer'

04-04-2024T17:41:12 - [MESSAGE][WARNING] - Timeout '0' is invalid. Using default page load timeout: '30'

04-04-2024T17:41:14 - [MESSAGE][PASSED] - Text 'Advertisement' has been set to element 'Object Repository/Create New Opportunity/Type Influencer'

04-04-2024T17:41:14 - [TEST_STEP][PASSED] - hideKeyboard(): Keyboard is hidden

04-04-2024T17:41:16 - [MESSAGE][PASSED] - Keyboard is hidden

04-04-2024T17:41:16 - [TEST_STEP][PASSED] - tap(findTestObject("Primery Details/Address Details/NextButton"), 0): Tapped on element 'Object Repository/Primery Details/Address Details/NextButton'

04-04-2024T17:41:16 - [MESSAGE][WARNING] - Timeout '0' is invalid. Using default page load timeout: '30'

04-04-2024T17:41:17 - [MESSAGE][PASSED] - Tapped on element 'Object Repository/Primery Details/Address Details/NextButton'

04-04-2024T17:41:17 - [TEST_STEP][PASSED] - bool_Pincode = waitForElementPresent(findTestObject("Primery Details/Address Details/Pincode"), 5): Element 'Object Repository/Primery Details/Address Details/Pincode' is present

04-04-2024T17:41:20 - [MESSAGE][PASSED] - Element 'Object Repository/Primery Details/Address Details/Pincode' is present

04-04-2024T17:41:20 - [TEST_STEP][FAILED] - if (bool_Pincode == true): Failed to tap on element 'Object Repository/NewObject/DropDownSearchedDistrict' (Root cause: com.kms.katalon.core.exception.StepFailedException: Failed to tap on element 'Object Repository/NewObject/DropDownSearchedDistrict'
	at com.kms.katalon.core.mobile.keyword.internal.MobileKeywordMain.stepFailed(MobileKeywordMain.groovy:38)
	at com.kms.katalon.core.mobile.keyword.internal.MobileKeywordMain.runKeyword(MobileKeywordMain.groovy:21)
	at com.kms.katalon.core.mobile.keyword.builtin.TapKeyword.tap(TapKeyword.groovy:51)
	at com.kms.katalon.core.mobile.keyword.builtin.TapKeyword.execute(TapKeyword.groovy:35)
	at com.kms.katalon.core.keyword.internal.KeywordExecutor.executeKeywordForPlatform(KeywordExecutor.groovy:74)
	at com.kms.katalon.core.mobile.keyword.MobileBuiltInKeywords.tap(MobileBuiltInKeywords.groovy:1476)
	at TC_01 - To verify that opty creation for the new customer.run(TC_01 - To verify that opty creation for the new customer:174)
	at com.kms.katalon.core.main.ScriptEngine.run(ScriptEngine.java:194)
	at com.kms.katalon.core.main.ScriptEngine.runScriptAsRawText(ScriptEngine.java:119)
	at com.kms.katalon.core.main.TestCaseExecutor.runScript(TestCaseExecutor.java:448)
	at com.kms.katalon.core.main.TestCaseExecutor.doExecute(TestCaseExecutor.java:439)
	at com.kms.katalon.core.main.TestCaseExecutor.processExecutionPhase(TestCaseExecutor.java:418)
	at com.kms.katalon.core.main.TestCaseExecutor.accessMainPhase(TestCaseExecutor.java:410)
	at com.kms.katalon.core.main.TestCaseExecutor.execute(TestCaseExecutor.java:285)
	at com.kms.katalon.core.common.CommonExecutor.accessTestCaseMainPhase(CommonExecutor.java:65)
	at com.kms.katalon.core.main.TestSuiteExecutor.accessTestSuiteMainPhase(TestSuiteExecutor.java:148)
	at com.kms.katalon.core.main.TestSuiteExecutor.execute(TestSuiteExecutor.java:106)
	at com.kms.katalon.core.main.TestCaseMain.startTestSuite(TestCaseMain.java:180)
	at TempTestSuite1712232560197.run(TempTestSuite1712232560197.groovy:35)
	at java.base/jdk.internal.reflect.NativeMethodAccessorImpl.invoke0(Native Method)
	at java.base/jdk.internal.reflect.NativeMethodAccessorImpl.invoke(NativeMethodAccessorImpl.java:77)
	at java.base/jdk.internal.reflect.DelegatingMethodAccessorImpl.invoke(DelegatingMethodAccessorImpl.java:43)
Caused by: com.kms.katalon.core.exception.StepFailedException: Object Object Repository/NewObject/DropDownSearchedDistrict not found
	at com.kms.katalon.core.mobile.keyword.internal.MobileKeywordMain.stepFailed(MobileKeywordMain.groovy:38)
	at com.kms.katalon.core.mobile.keyword.builtin.TapKeyword$_tap_closure1.doCall(TapKeyword.groovy:46)
	at com.kms.katalon.core.mobile.keyword.builtin.TapKeyword$_tap_closure1.call(TapKeyword.groovy)
	at com.kms.katalon.core.mobile.keyword.internal.MobileKeywordMain.runKeyword(MobileKeywordMain.groovy:19)
	... 20 more
)

04-04-2024T17:41:20 - [TEST_STEP][PASSED] - tap(findTestObject("Primery Details/Address Details/Pincode"), 0): Tapped on element 'Object Repository/Primery Details/Address Details/Pincode'

04-04-2024T17:41:20 - [MESSAGE][WARNING] - Timeout '0' is invalid. Using default page load timeout: '30'

04-04-2024T17:41:20 - [MESSAGE][PASSED] - Tapped on element 'Object Repository/Primery Details/Address Details/Pincode'

04-04-2024T17:41:20 - [TEST_STEP][PASSED] - setText(findTestObject("Primery Details/Address Details/Pincode"), str_Pincode, 0): Text '410210' has been set to element 'Object Repository/Primery Details/Address Details/Pincode'

04-04-2024T17:41:20 - [MESSAGE][WARNING] - Timeout '0' is invalid. Using default page load timeout: '30'

04-04-2024T17:41:22 - [MESSAGE][PASSED] - Text '410210' has been set to element 'Object Repository/Primery Details/Address Details/Pincode'

04-04-2024T17:41:22 - [TEST_STEP][PASSED] - hideKeyboard(): Keyboard is hidden

04-04-2024T17:41:24 - [MESSAGE][PASSED] - Keyboard is hidden

04-04-2024T17:41:24 - [TEST_STEP][PASSED] - Bool_Pin = waitForElementPresent(findTestObject("NewObject/Searched PinCodeTC3"), 2): Object Object Repository/NewObject/Searched PinCodeTC3 not found

04-04-2024T17:41:26 - [MESSAGE][WARNING] - Object Object Repository/NewObject/Searched PinCodeTC3 not found

04-04-2024T17:41:26 - [TEST_STEP][PASSED] - if (Bool_Pin == true): null

04-04-2024T17:41:26 - [TEST_STEP][PASSED] - tap(findTestObject("NewObject/DropDownDistrict"), 0, STOP_ON_FAILURE): Tapped on element 'Object Repository/NewObject/DropDownDistrict'

04-04-2024T17:41:26 - [MESSAGE][WARNING] - Timeout '0' is invalid. Using default page load timeout: '30'

04-04-2024T17:41:27 - [MESSAGE][PASSED] - Tapped on element 'Object Repository/NewObject/DropDownDistrict'

04-04-2024T17:41:27 - [TEST_STEP][FAILED] - tap(findTestObject("NewObject/DropDownSearchedDistrict"), 0, STOP_ON_FAILURE): Failed to tap on element 'Object Repository/NewObject/DropDownSearchedDistrict' (Root cause: com.kms.katalon.core.exception.StepFailedException: Failed to tap on element 'Object Repository/NewObject/DropDownSearchedDistrict'
	at com.kms.katalon.core.mobile.keyword.internal.MobileKeywordMain.stepFailed(MobileKeywordMain.groovy:38)
	at com.kms.katalon.core.mobile.keyword.internal.MobileKeywordMain.runKeyword(MobileKeywordMain.groovy:21)
	at com.kms.katalon.core.mobile.keyword.builtin.TapKeyword.tap(TapKeyword.groovy:51)
	at com.kms.katalon.core.mobile.keyword.builtin.TapKeyword.execute(TapKeyword.groovy:35)
	at com.kms.katalon.core.keyword.internal.KeywordExecutor.executeKeywordForPlatform(KeywordExecutor.groovy:74)
	at com.kms.katalon.core.mobile.keyword.MobileBuiltInKeywords.tap(MobileBuiltInKeywords.groovy:1476)
	at TC_01 - To verify that opty creation for the new customer.run(TC_01 - To verify that opty creation for the new customer:174)
	at com.kms.katalon.core.main.ScriptEngine.run(ScriptEngine.java:194)
	at com.kms.katalon.core.main.ScriptEngine.runScriptAsRawText(ScriptEngine.java:119)
	at com.kms.katalon.core.main.TestCaseExecutor.runScript(TestCaseExecutor.java:448)
	at com.kms.katalon.core.main.TestCaseExecutor.doExecute(TestCaseExecutor.java:439)
	at com.kms.katalon.core.main.TestCaseExecutor.processExecutionPhase(TestCaseExecutor.java:418)
	at com.kms.katalon.core.main.TestCaseExecutor.accessMainPhase(TestCaseExecutor.java:410)
	at com.kms.katalon.core.main.TestCaseExecutor.execute(TestCaseExecutor.java:285)
	at com.kms.katalon.core.common.CommonExecutor.accessTestCaseMainPhase(CommonExecutor.java:65)
	at com.kms.katalon.core.main.TestSuiteExecutor.accessTestSuiteMainPhase(TestSuiteExecutor.java:148)
	at com.kms.katalon.core.main.TestSuiteExecutor.execute(TestSuiteExecutor.java:106)
	at com.kms.katalon.core.main.TestCaseMain.startTestSuite(TestCaseMain.java:180)
	at TempTestSuite1712232560197.run(TempTestSuite1712232560197.groovy:35)
	at java.base/jdk.internal.reflect.NativeMethodAccessorImpl.invoke0(Native Method)
	at java.base/jdk.internal.reflect.NativeMethodAccessorImpl.invoke(NativeMethodAccessorImpl.java:77)
	at java.base/jdk.internal.reflect.DelegatingMethodAccessorImpl.invoke(DelegatingMethodAccessorImpl.java:43)
Caused by: com.kms.katalon.core.exception.StepFailedException: Object Object Repository/NewObject/DropDownSearchedDistrict not found
	at com.kms.katalon.core.mobile.keyword.internal.MobileKeywordMain.stepFailed(MobileKeywordMain.groovy:38)
	at com.kms.katalon.core.mobile.keyword.builtin.TapKeyword$_tap_closure1.doCall(TapKeyword.groovy:46)
	at com.kms.katalon.core.mobile.keyword.builtin.TapKeyword$_tap_closure1.call(TapKeyword.groovy)
	at com.kms.katalon.core.mobile.keyword.internal.MobileKeywordMain.runKeyword(MobileKeywordMain.groovy:19)
	... 20 more
)

04-04-2024T17:41:27 - [MESSAGE][WARNING] - Timeout '0' is invalid. Using default page load timeout: '30'

04-04-2024T17:41:58 - [MESSAGE][FAILED] - Object Object Repository/NewObject/DropDownSearchedDistrict not found (Root cause: com.kms.katalon.core.exception.StepFailedException: Object Object Repository/NewObject/DropDownSearchedDistrict not found
	at com.kms.katalon.core.mobile.keyword.internal.MobileKeywordMain.stepFailed(MobileKeywordMain.groovy:38)
	at com.kms.katalon.core.mobile.keyword.builtin.TapKeyword$_tap_closure1.doCall(TapKeyword.groovy:46)
	at com.kms.katalon.core.mobile.keyword.builtin.TapKeyword$_tap_closure1.call(TapKeyword.groovy)
	at com.kms.katalon.core.mobile.keyword.internal.MobileKeywordMain.runKeyword(MobileKeywordMain.groovy:19)
	at com.kms.katalon.core.mobile.keyword.builtin.TapKeyword.tap(TapKeyword.groovy:51)
	at com.kms.katalon.core.mobile.keyword.builtin.TapKeyword.execute(TapKeyword.groovy:35)
	at com.kms.katalon.core.keyword.internal.KeywordExecutor.executeKeywordForPlatform(KeywordExecutor.groovy:74)
	at com.kms.katalon.core.mobile.keyword.MobileBuiltInKeywords.tap(MobileBuiltInKeywords.groovy:1476)
	at TC_01 - To verify that opty creation for the new customer.run(TC_01 - To verify that opty creation for the new customer:174)
	at com.kms.katalon.core.main.ScriptEngine.run(ScriptEngine.java:194)
	at com.kms.katalon.core.main.ScriptEngine.runScriptAsRawText(ScriptEngine.java:119)
	at com.kms.katalon.core.main.TestCaseExecutor.runScript(TestCaseExecutor.java:448)
	at com.kms.katalon.core.main.TestCaseExecutor.doExecute(TestCaseExecutor.java:439)
	at com.kms.katalon.core.main.TestCaseExecutor.processExecutionPhase(TestCaseExecutor.java:418)
	at com.kms.katalon.core.main.TestCaseExecutor.accessMainPhase(TestCaseExecutor.java:410)
	at com.kms.katalon.core.main.TestCaseExecutor.execute(TestCaseExecutor.java:285)
	at com.kms.katalon.core.common.CommonExecutor.accessTestCaseMainPhase(CommonExecutor.java:65)
	at com.kms.katalon.core.main.TestSuiteExecutor.accessTestSuiteMainPhase(TestSuiteExecutor.java:148)
	at com.kms.katalon.core.main.TestSuiteExecutor.execute(TestSuiteExecutor.java:106)
	at com.kms.katalon.core.main.TestCaseMain.startTestSuite(TestCaseMain.java:180)
	at TempTestSuite1712232560197.run(TempTestSuite1712232560197.groovy:35)
	at java.base/jdk.internal.reflect.NativeMethodAccessorImpl.invoke0(Native Method)
	at java.base/jdk.internal.reflect.NativeMethodAccessorImpl.invoke(NativeMethodAccessorImpl.java:77)
	at java.base/jdk.internal.reflect.DelegatingMethodAccessorImpl.invoke(DelegatingMethodAccessorImpl.java:43)
)
[[ATTACHMENT|C:\\Users\\sushil.gaikwad\\git\\EguruSmart1\\Reports\\20240404_173920\\TataMotors\\20240404_173920\\1712232717814.png]]

04-04-2024T17:41:59 - [MESSAGE][FAILED] - Failed to tap on element 'Object Repository/NewObject/DropDownSearchedDistrict' (Root cause: com.kms.katalon.core.exception.StepFailedException: Failed to tap on element 'Object Repository/NewObject/DropDownSearchedDistrict'
	at com.kms.katalon.core.mobile.keyword.internal.MobileKeywordMain.stepFailed(MobileKeywordMain.groovy:38)
	at com.kms.katalon.core.mobile.keyword.internal.MobileKeywordMain.runKeyword(MobileKeywordMain.groovy:21)
	at com.kms.katalon.core.mobile.keyword.builtin.TapKeyword.tap(TapKeyword.groovy:51)
	at com.kms.katalon.core.mobile.keyword.builtin.TapKeyword.execute(TapKeyword.groovy:35)
	at com.kms.katalon.core.keyword.internal.KeywordExecutor.executeKeywordForPlatform(KeywordExecutor.groovy:74)
	at com.kms.katalon.core.mobile.keyword.MobileBuiltInKeywords.tap(MobileBuiltInKeywords.groovy:1476)
	at TC_01 - To verify that opty creation for the new customer.run(TC_01 - To verify that opty creation for the new customer:174)
	at com.kms.katalon.core.main.ScriptEngine.run(ScriptEngine.java:194)
	at com.kms.katalon.core.main.ScriptEngine.runScriptAsRawText(ScriptEngine.java:119)
	at com.kms.katalon.core.main.TestCaseExecutor.runScript(TestCaseExecutor.java:448)
	at com.kms.katalon.core.main.TestCaseExecutor.doExecute(TestCaseExecutor.java:439)
	at com.kms.katalon.core.main.TestCaseExecutor.processExecutionPhase(TestCaseExecutor.java:418)
	at com.kms.katalon.core.main.TestCaseExecutor.accessMainPhase(TestCaseExecutor.java:410)
	at com.kms.katalon.core.main.TestCaseExecutor.execute(TestCaseExecutor.java:285)
	at com.kms.katalon.core.common.CommonExecutor.accessTestCaseMainPhase(CommonExecutor.java:65)
	at com.kms.katalon.core.main.TestSuiteExecutor.accessTestSuiteMainPhase(TestSuiteExecutor.java:148)
	at com.kms.katalon.core.main.TestSuiteExecutor.execute(TestSuiteExecutor.java:106)
	at com.kms.katalon.core.main.TestCaseMain.startTestSuite(TestCaseMain.java:180)
	at TempTestSuite1712232560197.run(TempTestSuite1712232560197.groovy:35)
	at java.base/jdk.internal.reflect.NativeMethodAccessorImpl.invoke0(Native Method)
	at java.base/jdk.internal.reflect.NativeMethodAccessorImpl.invoke(NativeMethodAccessorImpl.java:77)
	at java.base/jdk.internal.reflect.DelegatingMethodAccessorImpl.invoke(DelegatingMethodAccessorImpl.java:43)
Caused by: com.kms.katalon.core.exception.StepFailedException: Object Object Repository/NewObject/DropDownSearchedDistrict not found
	at com.kms.katalon.core.mobile.keyword.internal.MobileKeywordMain.stepFailed(MobileKeywordMain.groovy:38)
	at com.kms.katalon.core.mobile.keyword.builtin.TapKeyword$_tap_closure1.doCall(TapKeyword.groovy:46)
	at com.kms.katalon.core.mobile.keyword.builtin.TapKeyword$_tap_closure1.call(TapKeyword.groovy)
	at com.kms.katalon.core.mobile.keyword.internal.MobileKeywordMain.runKeyword(MobileKeywordMain.groovy:19)
	... 20 more
)
[[ATTACHMENT|C:\\Users\\sushil.gaikwad\\git\\EguruSmart1\\Reports\\20240404_173920\\TataMotors\\20240404_173920\\1712232718743.png]]]]></system-out>
         <system-err><![CDATA[04-04-2024T17:39:30 - [TEST_CASE][FAILED] - Test Cases/TC/TC_01 - To verify that opty creation for the new customer: Test Cases/TC/TC_01 - To verify that opty creation for the new customer FAILED.
Reason:
com.kms.katalon.core.exception.StepFailedException: Failed to tap on element 'Object Repository/NewObject/DropDownSearchedDistrict'
	at com.kms.katalon.core.mobile.keyword.internal.MobileKeywordMain.stepFailed(MobileKeywordMain.groovy:38)
	at com.kms.katalon.core.mobile.keyword.internal.MobileKeywordMain.runKeyword(MobileKeywordMain.groovy:21)
	at com.kms.katalon.core.mobile.keyword.builtin.TapKeyword.tap(TapKeyword.groovy:51)
	at com.kms.katalon.core.mobile.keyword.builtin.TapKeyword.execute(TapKeyword.groovy:35)
	at com.kms.katalon.core.keyword.internal.KeywordExecutor.executeKeywordForPlatform(KeywordExecutor.groovy:74)
	at com.kms.katalon.core.mobile.keyword.MobileBuiltInKeywords.tap(MobileBuiltInKeywords.groovy:1476)
	at TC_01 - To verify that opty creation for the new customer.run(TC_01 - To verify that opty creation for the new customer:174)
	at com.kms.katalon.core.main.ScriptEngine.run(ScriptEngine.java:194)
	at com.kms.katalon.core.main.ScriptEngine.runScriptAsRawText(ScriptEngine.java:119)
	at com.kms.katalon.core.main.TestCaseExecutor.runScript(TestCaseExecutor.java:448)
	at com.kms.katalon.core.main.TestCaseExecutor.doExecute(TestCaseExecutor.java:439)
	at com.kms.katalon.core.main.TestCaseExecutor.processExecutionPhase(TestCaseExecutor.java:418)
	at com.kms.katalon.core.main.TestCaseExecutor.accessMainPhase(TestCaseExecutor.java:410)
	at com.kms.katalon.core.main.TestCaseExecutor.execute(TestCaseExecutor.java:285)
	at com.kms.katalon.core.common.CommonExecutor.accessTestCaseMainPhase(CommonExecutor.java:65)
	at com.kms.katalon.core.main.TestSuiteExecutor.accessTestSuiteMainPhase(TestSuiteExecutor.java:148)
	at com.kms.katalon.core.main.TestSuiteExecutor.execute(TestSuiteExecutor.java:106)
	at com.kms.katalon.core.main.TestCaseMain.startTestSuite(TestCaseMain.java:180)
	at TempTestSuite1712232560197.run(TempTestSuite1712232560197.groovy:35)
	at java.base/jdk.internal.reflect.NativeMethodAccessorImpl.invoke0(Native Method)
	at java.base/jdk.internal.reflect.NativeMethodAccessorImpl.invoke(NativeMethodAccessorImpl.java:77)
	at java.base/jdk.internal.reflect.DelegatingMethodAccessorImpl.invoke(DelegatingMethodAccessorImpl.java:43)
Caused by: com.kms.katalon.core.exception.StepFailedException: Object Object Repository/NewObject/DropDownSearchedDistrict not found
	at com.kms.katalon.core.mobile.keyword.internal.MobileKeywordMain.stepFailed(MobileKeywordMain.groovy:38)
	at com.kms.katalon.core.mobile.keyword.builtin.TapKeyword$_tap_closure1.doCall(TapKeyword.groovy:46)
	at com.kms.katalon.core.mobile.keyword.builtin.TapKeyword$_tap_closure1.call(TapKeyword.groovy)
	at com.kms.katalon.core.mobile.keyword.internal.MobileKeywordMain.runKeyword(MobileKeywordMain.groovy:19)
	... 20 more]]></system-err>
      </testcase>
      <testcase name="Test Cases/TC/TC_02 - To verify that the user is able to add PDOR or not" time="106.05" classname="Test Cases/TC/TC_02 - To verify that the user is able to add PDOR or not" status="PASSED">
         <system-out><![CDATA[04-04-2024T17:41:59 - [TEST_CASE][PASSED] - Test Cases/TC/TC_02 - To verify that the user is able to add PDOR or not: Test Cases/TC/TC_02 - To verify that the user is able to add PDOR or not

04-04-2024T17:42:00 - [TEST_STEP][PASSED] - callTestCase(findTestCase("CommenWorkflows/Login"), ["Str_URL":"C:\Users\sushil.gaikwad\git\EguruSmart1\Application\app-release (4).apk", "Str_Username":"DUSER145", "Str_Password":"Soct#2023", ... ], STOP_ON_FAILURE): Call Test Case 'Test Cases/CommenWorkflows/Login' successfully

04-04-2024T17:42:00 - [TEST_CASE][PASSED] - Test Cases/CommenWorkflows/Login: Test Cases/CommenWorkflows/Login

04-04-2024T17:42:00 - [TEST_STEP][PASSED] - startApplication(Str_URL, false): Started app at: 'C:\Users\sushil.gaikwad\git\EguruSmart1\Application\app-release (4).apk'

04-04-2024T17:42:00 - [MESSAGE][INFO] - User set preference: ['deviceId', 'R9ZT10H9Y2L']

04-04-2024T17:42:12 - [MESSAGE][PASSED] - Started app at: 'C:\Users\sushil.gaikwad\git\EguruSmart1\Application\app-release (4).apk'

04-04-2024T17:42:12 - [TEST_STEP][PASSED] - Bool_Username = waitForElementPresent(findTestObject("LockScreen/UsernaneText"), 10): Object Object Repository/LockScreen/UsernaneText not found

04-04-2024T17:42:22 - [MESSAGE][WARNING] - Object Object Repository/LockScreen/UsernaneText not found

04-04-2024T17:42:22 - [TEST_STEP][PASSED] - if (Bool_Username == true): null

04-04-2024T17:42:22 - [TEST_STEP][PASSED] - else: Tapped on element 'Object Repository/LockScreen/LoginButton'

04-04-2024T17:42:22 - [TEST_STEP][PASSED] - tap(findTestObject("LockScreen/Tap1"), 0): Tapped on element 'Object Repository/LockScreen/Tap1'

04-04-2024T17:42:22 - [MESSAGE][WARNING] - Timeout '0' is invalid. Using default page load timeout: '30'

04-04-2024T17:42:26 - [MESSAGE][PASSED] - Tapped on element 'Object Repository/LockScreen/Tap1'

04-04-2024T17:42:26 - [TEST_STEP][PASSED] - setText(findTestObject("LockScreen/Text1"), "1", 0): Text '1' has been set to element 'Object Repository/LockScreen/Text1'

04-04-2024T17:42:26 - [MESSAGE][WARNING] - Timeout '0' is invalid. Using default page load timeout: '30'

04-04-2024T17:42:28 - [MESSAGE][PASSED] - Text '1' has been set to element 'Object Repository/LockScreen/Text1'

04-04-2024T17:42:28 - [TEST_STEP][PASSED] - setText(findTestObject("LockScreen/Text2"), "2", 0): Text '2' has been set to element 'Object Repository/LockScreen/Text2'

04-04-2024T17:42:28 - [MESSAGE][WARNING] - Timeout '0' is invalid. Using default page load timeout: '30'

04-04-2024T17:42:29 - [MESSAGE][PASSED] - Text '2' has been set to element 'Object Repository/LockScreen/Text2'

04-04-2024T17:42:29 - [TEST_STEP][PASSED] - setText(findTestObject("LockScreen/Text3"), "3", 0): Text '3' has been set to element 'Object Repository/LockScreen/Text3'

04-04-2024T17:42:29 - [MESSAGE][WARNING] - Timeout '0' is invalid. Using default page load timeout: '30'

04-04-2024T17:42:30 - [MESSAGE][PASSED] - Text '3' has been set to element 'Object Repository/LockScreen/Text3'

04-04-2024T17:42:30 - [TEST_STEP][PASSED] - setText(findTestObject("LockScreen/Text4"), "4", 0): Text '4' has been set to element 'Object Repository/LockScreen/Text4'

04-04-2024T17:42:30 - [MESSAGE][WARNING] - Timeout '0' is invalid. Using default page load timeout: '30'

04-04-2024T17:42:32 - [MESSAGE][PASSED] - Text '4' has been set to element 'Object Repository/LockScreen/Text4'

04-04-2024T17:42:32 - [TEST_STEP][PASSED] - tap(findTestObject("LockScreen/LoginButton"), 0): Tapped on element 'Object Repository/LockScreen/LoginButton'

04-04-2024T17:42:32 - [MESSAGE][WARNING] - Timeout '0' is invalid. Using default page load timeout: '30'

04-04-2024T17:42:34 - [MESSAGE][PASSED] - Tapped on element 'Object Repository/LockScreen/LoginButton'

04-04-2024T17:42:34 - [MESSAGE][PASSED] - Call Test Case 'Test Cases/CommenWorkflows/Login' successfully

04-04-2024T17:42:34 - [TEST_STEP][PASSED] - Bool_Offline = waitForElementPresent(findTestObject("LockScreen/NewPin/Offline Master Sync"), 10): Object Object Repository/LockScreen/NewPin/Offline Master Sync not found

04-04-2024T17:42:44 - [MESSAGE][WARNING] - Object Object Repository/LockScreen/NewPin/Offline Master Sync not found

04-04-2024T17:42:44 - [TEST_STEP][PASSED] - if (Bool_Offline == true): null

04-04-2024T17:42:44 - [TEST_STEP][PASSED] - verifyElementExist(findTestObject("TataMotars/HomeButton"), 10): Element 'Object Repository/TataMotars/HomeButton' is exist

04-04-2024T17:42:44 - [MESSAGE][PASSED] - Element 'Object Repository/TataMotars/HomeButton' is exist

04-04-2024T17:42:44 - [TEST_STEP][PASSED] - tap(findTestObject("Home/Opportunities"), 0): Tapped on element 'Object Repository/Home/Opportunities'

04-04-2024T17:42:44 - [MESSAGE][WARNING] - Timeout '0' is invalid. Using default page load timeout: '30'

04-04-2024T17:42:45 - [MESSAGE][PASSED] - Tapped on element 'Object Repository/Home/Opportunities'

04-04-2024T17:42:45 - [TEST_STEP][PASSED] - tap(findTestObject("NewObject/CliKC1"), 30): Tapped on element 'Object Repository/NewObject/CliKC1'

04-04-2024T17:42:48 - [MESSAGE][PASSED] - Tapped on element 'Object Repository/NewObject/CliKC1'

04-04-2024T17:42:48 - [TEST_STEP][PASSED] - verifyElementExist(findTestObject("NewObject/C1 Summary"), 30): Element 'Object Repository/NewObject/C1 Summary' is exist

04-04-2024T17:42:49 - [MESSAGE][PASSED] - Element 'Object Repository/NewObject/C1 Summary' is exist

04-04-2024T17:42:49 - [TEST_STEP][PASSED] - takeScreenshot(): Screenshot is taken

04-04-2024T17:42:51 - [MESSAGE][PASSED] - Screenshot is taken
[[ATTACHMENT|C:\\Users\\sushil.gaikwad\\git\\EguruSmart1\\Reports\\20240404_173920\\TataMotors\\20240404_173920\\1712232769573.png]]

04-04-2024T17:42:51 - [TEST_STEP][PASSED] - tap(findTestObject("NewObject/CREATE C1A"), 0): Tapped on element 'Object Repository/NewObject/CREATE C1A'

04-04-2024T17:42:51 - [MESSAGE][WARNING] - Timeout '0' is invalid. Using default page load timeout: '30'

04-04-2024T17:42:52 - [MESSAGE][PASSED] - Tapped on element 'Object Repository/NewObject/CREATE C1A'

04-04-2024T17:42:52 - [TEST_STEP][PASSED] - tap(findTestObject("NewObject/PDORClick"), 0): Tapped on element 'Object Repository/NewObject/PDORClick'

04-04-2024T17:42:52 - [MESSAGE][WARNING] - Timeout '0' is invalid. Using default page load timeout: '30'

04-04-2024T17:42:54 - [MESSAGE][PASSED] - Tapped on element 'Object Repository/NewObject/PDORClick'

04-04-2024T17:42:54 - [TEST_STEP][PASSED] - verifyElementExist(findTestObject("NewObject/ADD PDOR"), 30): Element 'Object Repository/NewObject/ADD PDOR' is exist

04-04-2024T17:42:54 - [MESSAGE][PASSED] - Element 'Object Repository/NewObject/ADD PDOR' is exist

04-04-2024T17:42:54 - [TEST_STEP][PASSED] - takeScreenshot(): Screenshot is taken

04-04-2024T17:42:56 - [MESSAGE][PASSED] - Screenshot is taken
[[ATTACHMENT|C:\\Users\\sushil.gaikwad\\git\\EguruSmart1\\Reports\\20240404_173920\\TataMotors\\20240404_173920\\1712232774999.png]]

04-04-2024T17:42:56 - [TEST_STEP][PASSED] - tap(findTestObject("NewObject/ADD PDOR"), 0): Tapped on element 'Object Repository/NewObject/ADD PDOR'

04-04-2024T17:42:56 - [MESSAGE][WARNING] - Timeout '0' is invalid. Using default page load timeout: '30'

04-04-2024T17:42:57 - [MESSAGE][PASSED] - Tapped on element 'Object Repository/NewObject/ADD PDOR'

04-04-2024T17:42:57 - [TEST_STEP][PASSED] - tap(findTestObject("C1 Functionality/Most Likely to buy tata"), 0): Tapped on element 'Object Repository/C1 Functionality/Most Likely to buy tata'

04-04-2024T17:42:57 - [MESSAGE][WARNING] - Timeout '0' is invalid. Using default page load timeout: '30'

04-04-2024T17:42:57 - [MESSAGE][PASSED] - Tapped on element 'Object Repository/C1 Functionality/Most Likely to buy tata'

04-04-2024T17:42:57 - [TEST_STEP][PASSED] - tap(findTestObject("C1 Functionality/LikelyPurchaseDate"), 0): Tapped on element 'Object Repository/C1 Functionality/LikelyPurchaseDate'

04-04-2024T17:42:58 - [MESSAGE][WARNING] - Timeout '0' is invalid. Using default page load timeout: '30'

04-04-2024T17:42:59 - [MESSAGE][PASSED] - Tapped on element 'Object Repository/C1 Functionality/LikelyPurchaseDate'

04-04-2024T17:42:59 - [TEST_STEP][PASSED] - tap(findTestObject("C1 Functionality/OK"), 0): Tapped on element 'Object Repository/C1 Functionality/OK'

04-04-2024T17:42:59 - [MESSAGE][WARNING] - Timeout '0' is invalid. Using default page load timeout: '30'

04-04-2024T17:43:00 - [MESSAGE][PASSED] - Tapped on element 'Object Repository/C1 Functionality/OK'

04-04-2024T17:43:00 - [TEST_STEP][PASSED] - tap(findTestObject("C1 Functionality/PotentialDropOffReason"), 0): Tapped on element 'Object Repository/C1 Functionality/PotentialDropOffReason'

04-04-2024T17:43:00 - [MESSAGE][WARNING] - Timeout '0' is invalid. Using default page load timeout: '30'

04-04-2024T17:43:02 - [MESSAGE][PASSED] - Tapped on element 'Object Repository/C1 Functionality/PotentialDropOffReason'

04-04-2024T17:43:02 - [TEST_STEP][PASSED] - setText(findTestObject("C1 Functionality/PotentialDropOffReason"), str_PotentialDropOffReason, 0): Text 'Not eligible for Finance' has been set to element 'Object Repository/C1 Functionality/PotentialDropOffReason'

04-04-2024T17:43:02 - [MESSAGE][WARNING] - Timeout '0' is invalid. Using default page load timeout: '30'

04-04-2024T17:43:04 - [MESSAGE][PASSED] - Text 'Not eligible for Finance' has been set to element 'Object Repository/C1 Functionality/PotentialDropOffReason'

04-04-2024T17:43:04 - [TEST_STEP][PASSED] - tap(findTestObject("C1 Functionality/NotEligibleForFinance"), 0): Tapped on element 'Object Repository/C1 Functionality/NotEligibleForFinance'

04-04-2024T17:43:04 - [MESSAGE][WARNING] - Timeout '0' is invalid. Using default page load timeout: '30'

04-04-2024T17:43:05 - [MESSAGE][PASSED] - Tapped on element 'Object Repository/C1 Functionality/NotEligibleForFinance'

04-04-2024T17:43:05 - [TEST_STEP][PASSED] - tap(findTestObject("Vehicle information/NextButton"), 0): Tapped on element 'Object Repository/Vehicle information/NextButton'

04-04-2024T17:43:05 - [MESSAGE][WARNING] - Timeout '0' is invalid. Using default page load timeout: '30'

04-04-2024T17:43:05 - [MESSAGE][PASSED] - Tapped on element 'Object Repository/Vehicle information/NextButton'

04-04-2024T17:43:05 - [TEST_STEP][PASSED] - verifyElementExist(findTestObject("NewObject/Potential drop off reason"), 30): Element 'Object Repository/NewObject/Potential drop off reason' is exist

04-04-2024T17:43:06 - [MESSAGE][PASSED] - Element 'Object Repository/NewObject/Potential drop off reason' is exist

04-04-2024T17:43:06 - [TEST_STEP][PASSED] - takeScreenshot(): Screenshot is taken

04-04-2024T17:43:07 - [MESSAGE][PASSED] - Screenshot is taken
[[ATTACHMENT|C:\\Users\\sushil.gaikwad\\git\\EguruSmart1\\Reports\\20240404_173920\\TataMotors\\20240404_173920\\1712232786823.png]]

04-04-2024T17:43:07 - [TEST_STEP][PASSED] - tap(findTestObject("C1 Functionality/PotentialDropOffReason"), 0): Tapped on element 'Object Repository/C1 Functionality/PotentialDropOffReason'

04-04-2024T17:43:07 - [MESSAGE][WARNING] - Timeout '0' is invalid. Using default page load timeout: '30'

04-04-2024T17:43:08 - [MESSAGE][PASSED] - Tapped on element 'Object Repository/C1 Functionality/PotentialDropOffReason'

04-04-2024T17:43:08 - [TEST_STEP][PASSED] - setText(findTestObject("C1 Functionality/PotentialDropOffReason"), "CIBIL", 0): Text 'CIBIL' has been set to element 'Object Repository/C1 Functionality/PotentialDropOffReason'

04-04-2024T17:43:08 - [MESSAGE][WARNING] - Timeout '0' is invalid. Using default page load timeout: '30'

04-04-2024T17:43:10 - [MESSAGE][PASSED] - Text 'CIBIL' has been set to element 'Object Repository/C1 Functionality/PotentialDropOffReason'

04-04-2024T17:43:10 - [TEST_STEP][PASSED] - tap(findTestObject("C1 Functionality/CIBIL"), 0): Tapped on element 'Object Repository/C1 Functionality/CIBIL'

04-04-2024T17:43:10 - [MESSAGE][WARNING] - Timeout '0' is invalid. Using default page load timeout: '30'

04-04-2024T17:43:12 - [MESSAGE][PASSED] - Tapped on element 'Object Repository/C1 Functionality/CIBIL'

04-04-2024T17:43:12 - [TEST_STEP][PASSED] - tap(findTestObject("C1 Functionality/FinancierSelected"), 0): Tapped on element 'Object Repository/C1 Functionality/FinancierSelected'

04-04-2024T17:43:12 - [MESSAGE][WARNING] - Timeout '0' is invalid. Using default page load timeout: '30'

04-04-2024T17:43:13 - [MESSAGE][PASSED] - Tapped on element 'Object Repository/C1 Functionality/FinancierSelected'

04-04-2024T17:43:13 - [TEST_STEP][PASSED] - setText(findTestObject("C1 Functionality/FinancierSelected"), str_FinancierSelect, 0): Text 'No' has been set to element 'Object Repository/C1 Functionality/FinancierSelected'

04-04-2024T17:43:13 - [MESSAGE][WARNING] - Timeout '0' is invalid. Using default page load timeout: '30'

04-04-2024T17:43:14 - [MESSAGE][PASSED] - Text 'No' has been set to element 'Object Repository/C1 Functionality/FinancierSelected'

04-04-2024T17:43:14 - [TEST_STEP][PASSED] - tap(findTestObject("C1 Functionality/No"), 0): Tapped on element 'Object Repository/C1 Functionality/No'

04-04-2024T17:43:14 - [MESSAGE][WARNING] - Timeout '0' is invalid. Using default page load timeout: '30'

04-04-2024T17:43:15 - [MESSAGE][PASSED] - Tapped on element 'Object Repository/C1 Functionality/No'

04-04-2024T17:43:15 - [TEST_STEP][PASSED] - hideKeyboard(): Keyboard is hidden

04-04-2024T17:43:17 - [MESSAGE][PASSED] - Keyboard is hidden

04-04-2024T17:43:17 - [TEST_STEP][PASSED] - tap(findTestObject("Add Account/SubmitButton"), 10): Tapped on element 'Object Repository/Add Account/SubmitButton'

04-04-2024T17:43:26 - [MESSAGE][PASSED] - Tapped on element 'Object Repository/Add Account/SubmitButton'

04-04-2024T17:43:26 - [TEST_STEP][PASSED] - verifyElementExist(findTestObject("NewObject/Potential Drop Off activity created successfully"), 30): Element 'Object Repository/NewObject/Potential Drop Off activity created successfully' is exist

04-04-2024T17:43:43 - [MESSAGE][PASSED] - Element 'Object Repository/NewObject/Potential Drop Off activity created successfully' is exist

04-04-2024T17:43:43 - [TEST_STEP][PASSED] - takeScreenshot(): Screenshot is taken

04-04-2024T17:43:44 - [MESSAGE][PASSED] - Screenshot is taken
[[ATTACHMENT|C:\\Users\\sushil.gaikwad\\git\\EguruSmart1\\Reports\\20240404_173920\\TataMotors\\20240404_173920\\1712232823258.png]]

04-04-2024T17:43:44 - [TEST_STEP][PASSED] - closeApplication(): Close app successfully

04-04-2024T17:43:45 - [MESSAGE][PASSED] - Close app successfully]]></system-out>
         <system-err><![CDATA[]]></system-err>
      </testcase>
      <testcase name="Test Cases/TC/TC_03 - To verift that the user is able to create the C1 account or not" time="86.784" classname="Test Cases/TC/TC_03 - To verift that the user is able to create the C1 account or not" status="FAILED">
         <failure type="FAILED" message="Test Cases/TC/TC_03 - To verift that the user is able to create the C1 account or not FAILED.&#xa;Reason:&#xa;com.kms.katalon.core.exception.StepFailedException: Failed to check for element 'Object Repository/C1 Functionality/Lead classification and PDOR' exist&#xa;	at com.kms.katalon.core.mobile.keyword.internal.MobileKeywordMain.stepFailed(MobileKeywordMain.groovy:38)&#xa;	at com.kms.katalon.core.mobile.keyword.internal.MobileKeywordMain.runKeyword(MobileKeywordMain.groovy:21)&#xa;	at com.kms.katalon.core.mobile.keyword.builtin.VerifyElementExistKeyword.verifyElementExist(VerifyElementExistKeyword.groovy:51)&#xa;	at com.kms.katalon.core.mobile.keyword.builtin.VerifyElementExistKeyword.execute(VerifyElementExistKeyword.groovy:35)&#xa;	at com.kms.katalon.core.keyword.internal.KeywordExecutor.executeKeywordForPlatform(KeywordExecutor.groovy:74)&#xa;	at com.kms.katalon.core.mobile.keyword.MobileBuiltInKeywords.verifyElementExist(MobileBuiltInKeywords.groovy:1755)&#xa;	at TC_03 - To verift that the user is able to create the C1 account or not.run(TC_03 - To verift that the user is able to create the C1 account or not:47)&#xa;	at com.kms.katalon.core.main.ScriptEngine.run(ScriptEngine.java:194)&#xa;	at com.kms.katalon.core.main.ScriptEngine.runScriptAsRawText(ScriptEngine.java:119)&#xa;	at com.kms.katalon.core.main.TestCaseExecutor.runScript(TestCaseExecutor.java:448)&#xa;	at com.kms.katalon.core.main.TestCaseExecutor.doExecute(TestCaseExecutor.java:439)&#xa;	at com.kms.katalon.core.main.TestCaseExecutor.processExecutionPhase(TestCaseExecutor.java:418)&#xa;	at com.kms.katalon.core.main.TestCaseExecutor.accessMainPhase(TestCaseExecutor.java:410)&#xa;	at com.kms.katalon.core.main.TestCaseExecutor.execute(TestCaseExecutor.java:285)&#xa;	at com.kms.katalon.core.common.CommonExecutor.accessTestCaseMainPhase(CommonExecutor.java:65)&#xa;	at com.kms.katalon.core.main.TestSuiteExecutor.accessTestSuiteMainPhase(TestSuiteExecutor.java:148)&#xa;	at com.kms.katalon.core.main.TestSuiteExecutor.execute(TestSuiteExecutor.java:106)&#xa;	at com.kms.katalon.core.main.TestCaseMain.startTestSuite(TestCaseMain.java:180)&#xa;	at TempTestSuite1712232560197.run(TempTestSuite1712232560197.groovy:35)&#xa;	at java.base/jdk.internal.reflect.NativeMethodAccessorImpl.invoke0(Native Method)&#xa;	at java.base/jdk.internal.reflect.NativeMethodAccessorImpl.invoke(NativeMethodAccessorImpl.java:77)&#xa;	at java.base/jdk.internal.reflect.DelegatingMethodAccessorImpl.invoke(DelegatingMethodAccessorImpl.java:43)&#xa;Caused by: com.kms.katalon.core.exception.StepFailedException: Element 'Object Repository/C1 Functionality/Lead classification and PDOR' not found&#xa;	at com.kms.katalon.core.mobile.keyword.internal.MobileKeywordMain.stepFailed(MobileKeywordMain.groovy:38)&#xa;	at com.kms.katalon.core.mobile.keyword.builtin.VerifyElementExistKeyword$_verifyElementExist_closure1.doCall(VerifyElementExistKeyword.groovy:48)&#xa;	at com.kms.katalon.core.mobile.keyword.builtin.VerifyElementExistKeyword$_verifyElementExist_closure1.call(VerifyElementExistKeyword.groovy)&#xa;	at com.kms.katalon.core.mobile.keyword.internal.MobileKeywordMain.runKeyword(MobileKeywordMain.groovy:19)&#xa;	... 20 more&#xa;"/>
         <system-out><![CDATA[04-04-2024T17:43:45 - [TEST_CASE][FAILED] - Test Cases/TC/TC_03 - To verift that the user is able to create the C1 account or not: Test Cases/TC/TC_03 - To verift that the user is able to create the C1 account or not FAILED.
Reason:
com.kms.katalon.core.exception.StepFailedException: Failed to check for element 'Object Repository/C1 Functionality/Lead classification and PDOR' exist
	at com.kms.katalon.core.mobile.keyword.internal.MobileKeywordMain.stepFailed(MobileKeywordMain.groovy:38)
	at com.kms.katalon.core.mobile.keyword.internal.MobileKeywordMain.runKeyword(MobileKeywordMain.groovy:21)
	at com.kms.katalon.core.mobile.keyword.builtin.VerifyElementExistKeyword.verifyElementExist(VerifyElementExistKeyword.groovy:51)
	at com.kms.katalon.core.mobile.keyword.builtin.VerifyElementExistKeyword.execute(VerifyElementExistKeyword.groovy:35)
	at com.kms.katalon.core.keyword.internal.KeywordExecutor.executeKeywordForPlatform(KeywordExecutor.groovy:74)
	at com.kms.katalon.core.mobile.keyword.MobileBuiltInKeywords.verifyElementExist(MobileBuiltInKeywords.groovy:1755)
	at TC_03 - To verift that the user is able to create the C1 account or not.run(TC_03 - To verift that the user is able to create the C1 account or not:47)
	at com.kms.katalon.core.main.ScriptEngine.run(ScriptEngine.java:194)
	at com.kms.katalon.core.main.ScriptEngine.runScriptAsRawText(ScriptEngine.java:119)
	at com.kms.katalon.core.main.TestCaseExecutor.runScript(TestCaseExecutor.java:448)
	at com.kms.katalon.core.main.TestCaseExecutor.doExecute(TestCaseExecutor.java:439)
	at com.kms.katalon.core.main.TestCaseExecutor.processExecutionPhase(TestCaseExecutor.java:418)
	at com.kms.katalon.core.main.TestCaseExecutor.accessMainPhase(TestCaseExecutor.java:410)
	at com.kms.katalon.core.main.TestCaseExecutor.execute(TestCaseExecutor.java:285)
	at com.kms.katalon.core.common.CommonExecutor.accessTestCaseMainPhase(CommonExecutor.java:65)
	at com.kms.katalon.core.main.TestSuiteExecutor.accessTestSuiteMainPhase(TestSuiteExecutor.java:148)
	at com.kms.katalon.core.main.TestSuiteExecutor.execute(TestSuiteExecutor.java:106)
	at com.kms.katalon.core.main.TestCaseMain.startTestSuite(TestCaseMain.java:180)
	at TempTestSuite1712232560197.run(TempTestSuite1712232560197.groovy:35)
	at java.base/jdk.internal.reflect.NativeMethodAccessorImpl.invoke0(Native Method)
	at java.base/jdk.internal.reflect.NativeMethodAccessorImpl.invoke(NativeMethodAccessorImpl.java:77)
	at java.base/jdk.internal.reflect.DelegatingMethodAccessorImpl.invoke(DelegatingMethodAccessorImpl.java:43)
Caused by: com.kms.katalon.core.exception.StepFailedException: Element 'Object Repository/C1 Functionality/Lead classification and PDOR' not found
	at com.kms.katalon.core.mobile.keyword.internal.MobileKeywordMain.stepFailed(MobileKeywordMain.groovy:38)
	at com.kms.katalon.core.mobile.keyword.builtin.VerifyElementExistKeyword$_verifyElementExist_closure1.doCall(VerifyElementExistKeyword.groovy:48)
	at com.kms.katalon.core.mobile.keyword.builtin.VerifyElementExistKeyword$_verifyElementExist_closure1.call(VerifyElementExistKeyword.groovy)
	at com.kms.katalon.core.mobile.keyword.internal.MobileKeywordMain.runKeyword(MobileKeywordMain.groovy:19)
	... 20 more


04-04-2024T17:43:47 - [TEST_STEP][PASSED] - callTestCase(findTestCase("CommenWorkflows/Login"), ["Str_URL":"C:\Users\sushil.gaikwad\git\EguruSmart1\Application\app-release (4).apk", "Str_Username":"DUSER145", "Str_Password":"Soct#2023", ... ], STOP_ON_FAILURE): Call Test Case 'Test Cases/CommenWorkflows/Login' successfully

04-04-2024T17:43:47 - [TEST_CASE][PASSED] - Test Cases/CommenWorkflows/Login: Test Cases/CommenWorkflows/Login

04-04-2024T17:43:47 - [TEST_STEP][PASSED] - startApplication(Str_URL, false): Started app at: 'C:\Users\sushil.gaikwad\git\EguruSmart1\Application\app-release (4).apk'

04-04-2024T17:43:47 - [MESSAGE][INFO] - User set preference: ['deviceId', 'R9ZT10H9Y2L']

04-04-2024T17:43:47 - [MESSAGE][INFO] - Detected NodeJS location: "C:\Program Files\nodejs\node.exe"

04-04-2024T17:43:52 - [MESSAGE][INFO] - PATH: C:\Program Files\nodejs;

04-04-2024T17:43:52 - [MESSAGE][INFO] - APPIUM_HOME: C:\Users\sushil.gaikwad\AppData\Roaming\npm\node_modules\appium\build\lib\main.js

04-04-2024T17:43:52 - [MESSAGE][INFO] - appium outlog: C:\Users\sushil.gaikwad\git\EguruSmart1\Reports\20240404_173920\TataMotors\20240404_173920\appium.log

04-04-2024T17:43:52 - [MESSAGE][INFO] - appium errlog: C:\Users\sushil.gaikwad\git\EguruSmart1\Reports\20240404_173920\TataMotors\20240404_173920\appium_error.log

04-04-2024T17:43:54 - [MESSAGE][INFO] - Appium server started on port 63,379

04-04-2024T17:44:09 - [MESSAGE][PASSED] - Started app at: 'C:\Users\sushil.gaikwad\git\EguruSmart1\Application\app-release (4).apk'

04-04-2024T17:44:09 - [TEST_STEP][PASSED] - Bool_Username = waitForElementPresent(findTestObject("LockScreen/UsernaneText"), 10): Object Object Repository/LockScreen/UsernaneText not found

04-04-2024T17:44:19 - [MESSAGE][WARNING] - Object Object Repository/LockScreen/UsernaneText not found

04-04-2024T17:44:19 - [TEST_STEP][PASSED] - if (Bool_Username == true): null

04-04-2024T17:44:19 - [TEST_STEP][PASSED] - else: Tapped on element 'Object Repository/LockScreen/LoginButton'

04-04-2024T17:44:19 - [TEST_STEP][PASSED] - tap(findTestObject("LockScreen/Tap1"), 0): Tapped on element 'Object Repository/LockScreen/Tap1'

04-04-2024T17:44:19 - [MESSAGE][WARNING] - Timeout '0' is invalid. Using default page load timeout: '30'

04-04-2024T17:44:23 - [MESSAGE][PASSED] - Tapped on element 'Object Repository/LockScreen/Tap1'

04-04-2024T17:44:23 - [TEST_STEP][PASSED] - setText(findTestObject("LockScreen/Text1"), "1", 0): Text '1' has been set to element 'Object Repository/LockScreen/Text1'

04-04-2024T17:44:23 - [MESSAGE][WARNING] - Timeout '0' is invalid. Using default page load timeout: '30'

04-04-2024T17:44:24 - [MESSAGE][PASSED] - Text '1' has been set to element 'Object Repository/LockScreen/Text1'

04-04-2024T17:44:24 - [TEST_STEP][PASSED] - setText(findTestObject("LockScreen/Text2"), "2", 0): Text '2' has been set to element 'Object Repository/LockScreen/Text2'

04-04-2024T17:44:25 - [MESSAGE][WARNING] - Timeout '0' is invalid. Using default page load timeout: '30'

04-04-2024T17:44:26 - [MESSAGE][PASSED] - Text '2' has been set to element 'Object Repository/LockScreen/Text2'

04-04-2024T17:44:26 - [TEST_STEP][PASSED] - setText(findTestObject("LockScreen/Text3"), "3", 0): Text '3' has been set to element 'Object Repository/LockScreen/Text3'

04-04-2024T17:44:26 - [MESSAGE][WARNING] - Timeout '0' is invalid. Using default page load timeout: '30'

04-04-2024T17:44:27 - [MESSAGE][PASSED] - Text '3' has been set to element 'Object Repository/LockScreen/Text3'

04-04-2024T17:44:27 - [TEST_STEP][PASSED] - setText(findTestObject("LockScreen/Text4"), "4", 0): Text '4' has been set to element 'Object Repository/LockScreen/Text4'

04-04-2024T17:44:27 - [MESSAGE][WARNING] - Timeout '0' is invalid. Using default page load timeout: '30'

04-04-2024T17:44:29 - [MESSAGE][PASSED] - Text '4' has been set to element 'Object Repository/LockScreen/Text4'

04-04-2024T17:44:29 - [TEST_STEP][PASSED] - tap(findTestObject("LockScreen/LoginButton"), 0): Tapped on element 'Object Repository/LockScreen/LoginButton'

04-04-2024T17:44:29 - [MESSAGE][WARNING] - Timeout '0' is invalid. Using default page load timeout: '30'

04-04-2024T17:44:31 - [MESSAGE][PASSED] - Tapped on element 'Object Repository/LockScreen/LoginButton'

04-04-2024T17:44:31 - [MESSAGE][PASSED] - Call Test Case 'Test Cases/CommenWorkflows/Login' successfully

04-04-2024T17:44:31 - [TEST_STEP][PASSED] - verifyElementExist(findTestObject("TataMotars/HomeButton"), 10): Element 'Object Repository/TataMotars/HomeButton' is exist

04-04-2024T17:44:31 - [MESSAGE][PASSED] - Element 'Object Repository/TataMotars/HomeButton' is exist

04-04-2024T17:44:31 - [TEST_STEP][PASSED] - tap(findTestObject("Home/Opportunities"), 0): Tapped on element 'Object Repository/Home/Opportunities'

04-04-2024T17:44:31 - [MESSAGE][WARNING] - Timeout '0' is invalid. Using default page load timeout: '30'

04-04-2024T17:44:32 - [MESSAGE][PASSED] - Tapped on element 'Object Repository/Home/Opportunities'

04-04-2024T17:44:32 - [TEST_STEP][PASSED] - tap(findTestObject("Lost and Non Lost Functionality/C0"), 30): Tapped on element 'Object Repository/Lost and Non Lost Functionality/C0'

04-04-2024T17:44:35 - [MESSAGE][PASSED] - Tapped on element 'Object Repository/Lost and Non Lost Functionality/C0'

04-04-2024T17:44:35 - [TEST_STEP][PASSED] - bool_Summary = verifyElementExist(findTestObject("Lost and Non Lost Functionality/C0 Summary Text"), 0): Element 'Object Repository/Lost and Non Lost Functionality/C0 Summary Text' is exist

04-04-2024T17:44:35 - [MESSAGE][WARNING] - Timeout '0' is invalid. Using default page load timeout: '30'

04-04-2024T17:44:37 - [MESSAGE][PASSED] - Element 'Object Repository/Lost and Non Lost Functionality/C0 Summary Text' is exist

04-04-2024T17:44:37 - [TEST_STEP][PASSED] - bool_Target = verifyElementExist(findTestObject("Lost and Non Lost Functionality/Target text"), 0): Element 'Object Repository/Lost and Non Lost Functionality/Target text' is exist

04-04-2024T17:44:37 - [MESSAGE][WARNING] - Timeout '0' is invalid. Using default page load timeout: '30'

04-04-2024T17:44:37 - [MESSAGE][PASSED] - Element 'Object Repository/Lost and Non Lost Functionality/Target text' is exist

04-04-2024T17:44:37 - [TEST_STEP][PASSED] - bool_MTD = verifyElementExist(findTestObject("Lost and Non Lost Functionality/MTD text"), 0): Element 'Object Repository/Lost and Non Lost Functionality/MTD text' is exist

04-04-2024T17:44:37 - [MESSAGE][WARNING] - Timeout '0' is invalid. Using default page load timeout: '30'

04-04-2024T17:44:38 - [MESSAGE][PASSED] - Element 'Object Repository/Lost and Non Lost Functionality/MTD text' is exist

04-04-2024T17:44:38 - [TEST_STEP][PASSED] - bool_ThisWeek = verifyElementExist(findTestObject("Lost and Non Lost Functionality/This Week text"), 0): Element 'Object Repository/Lost and Non Lost Functionality/This Week text' is exist

04-04-2024T17:44:38 - [MESSAGE][WARNING] - Timeout '0' is invalid. Using default page load timeout: '30'

04-04-2024T17:44:38 - [MESSAGE][PASSED] - Element 'Object Repository/Lost and Non Lost Functionality/This Week text' is exist

04-04-2024T17:44:38 - [TEST_STEP][PASSED] - bool_Yesterday = verifyElementExist(findTestObject("Lost and Non Lost Functionality/Yesterday text"), 0): Element 'Object Repository/Lost and Non Lost Functionality/Yesterday text' is exist

04-04-2024T17:44:38 - [MESSAGE][WARNING] - Timeout '0' is invalid. Using default page load timeout: '30'

04-04-2024T17:44:38 - [MESSAGE][PASSED] - Element 'Object Repository/Lost and Non Lost Functionality/Yesterday text' is exist

04-04-2024T17:44:38 - [TEST_STEP][PASSED] - bool_Yesterday && bool_ThisWeek && bool_MTD && bool_Target && bool_Summary == true: null

04-04-2024T17:44:38 - [TEST_STEP][PASSED] - takeScreenshot(): Screenshot is taken

04-04-2024T17:44:40 - [MESSAGE][PASSED] - Screenshot is taken
[[ATTACHMENT|C:\\Users\\sushil.gaikwad\\git\\EguruSmart1\\Reports\\20240404_173920\\TataMotors\\20240404_173920\\1712232878665.png]]

04-04-2024T17:44:40 - [TEST_STEP][PASSED] - tap(findTestObject("C1 Functionality/CREATE C1"), 0): Tapped on element 'Object Repository/C1 Functionality/CREATE C1'

04-04-2024T17:44:40 - [MESSAGE][WARNING] - Timeout '0' is invalid. Using default page load timeout: '30'

04-04-2024T17:44:40 - [MESSAGE][PASSED] - Tapped on element 'Object Repository/C1 Functionality/CREATE C1'

04-04-2024T17:44:40 - [TEST_STEP][FAILED] - bool_LeadClassification = verifyElementExist(findTestObject("C1 Functionality/Lead classification and PDOR"), 0): Failed to check for element 'Object Repository/C1 Functionality/Lead classification and PDOR' exist (Root cause: com.kms.katalon.core.exception.StepFailedException: Failed to check for element 'Object Repository/C1 Functionality/Lead classification and PDOR' exist
	at com.kms.katalon.core.mobile.keyword.internal.MobileKeywordMain.stepFailed(MobileKeywordMain.groovy:38)
	at com.kms.katalon.core.mobile.keyword.internal.MobileKeywordMain.runKeyword(MobileKeywordMain.groovy:21)
	at com.kms.katalon.core.mobile.keyword.builtin.VerifyElementExistKeyword.verifyElementExist(VerifyElementExistKeyword.groovy:51)
	at com.kms.katalon.core.mobile.keyword.builtin.VerifyElementExistKeyword.execute(VerifyElementExistKeyword.groovy:35)
	at com.kms.katalon.core.keyword.internal.KeywordExecutor.executeKeywordForPlatform(KeywordExecutor.groovy:74)
	at com.kms.katalon.core.mobile.keyword.MobileBuiltInKeywords.verifyElementExist(MobileBuiltInKeywords.groovy:1755)
	at TC_03 - To verift that the user is able to create the C1 account or not.run(TC_03 - To verift that the user is able to create the C1 account or not:47)
	at com.kms.katalon.core.main.ScriptEngine.run(ScriptEngine.java:194)
	at com.kms.katalon.core.main.ScriptEngine.runScriptAsRawText(ScriptEngine.java:119)
	at com.kms.katalon.core.main.TestCaseExecutor.runScript(TestCaseExecutor.java:448)
	at com.kms.katalon.core.main.TestCaseExecutor.doExecute(TestCaseExecutor.java:439)
	at com.kms.katalon.core.main.TestCaseExecutor.processExecutionPhase(TestCaseExecutor.java:418)
	at com.kms.katalon.core.main.TestCaseExecutor.accessMainPhase(TestCaseExecutor.java:410)
	at com.kms.katalon.core.main.TestCaseExecutor.execute(TestCaseExecutor.java:285)
	at com.kms.katalon.core.common.CommonExecutor.accessTestCaseMainPhase(CommonExecutor.java:65)
	at com.kms.katalon.core.main.TestSuiteExecutor.accessTestSuiteMainPhase(TestSuiteExecutor.java:148)
	at com.kms.katalon.core.main.TestSuiteExecutor.execute(TestSuiteExecutor.java:106)
	at com.kms.katalon.core.main.TestCaseMain.startTestSuite(TestCaseMain.java:180)
	at TempTestSuite1712232560197.run(TempTestSuite1712232560197.groovy:35)
	at java.base/jdk.internal.reflect.NativeMethodAccessorImpl.invoke0(Native Method)
	at java.base/jdk.internal.reflect.NativeMethodAccessorImpl.invoke(NativeMethodAccessorImpl.java:77)
	at java.base/jdk.internal.reflect.DelegatingMethodAccessorImpl.invoke(DelegatingMethodAccessorImpl.java:43)
Caused by: com.kms.katalon.core.exception.StepFailedException: Element 'Object Repository/C1 Functionality/Lead classification and PDOR' not found
	at com.kms.katalon.core.mobile.keyword.internal.MobileKeywordMain.stepFailed(MobileKeywordMain.groovy:38)
	at com.kms.katalon.core.mobile.keyword.builtin.VerifyElementExistKeyword$_verifyElementExist_closure1.doCall(VerifyElementExistKeyword.groovy:48)
	at com.kms.katalon.core.mobile.keyword.builtin.VerifyElementExistKeyword$_verifyElementExist_closure1.call(VerifyElementExistKeyword.groovy)
	at com.kms.katalon.core.mobile.keyword.internal.MobileKeywordMain.runKeyword(MobileKeywordMain.groovy:19)
	... 20 more
)

04-04-2024T17:44:40 - [MESSAGE][WARNING] - Timeout '0' is invalid. Using default page load timeout: '30'

04-04-2024T17:45:11 - [MESSAGE][FAILED] - Element 'Object Repository/C1 Functionality/Lead classification and PDOR' not found (Root cause: com.kms.katalon.core.exception.StepFailedException: Element 'Object Repository/C1 Functionality/Lead classification and PDOR' not found
	at com.kms.katalon.core.mobile.keyword.internal.MobileKeywordMain.stepFailed(MobileKeywordMain.groovy:38)
	at com.kms.katalon.core.mobile.keyword.builtin.VerifyElementExistKeyword$_verifyElementExist_closure1.doCall(VerifyElementExistKeyword.groovy:48)
	at com.kms.katalon.core.mobile.keyword.builtin.VerifyElementExistKeyword$_verifyElementExist_closure1.call(VerifyElementExistKeyword.groovy)
	at com.kms.katalon.core.mobile.keyword.internal.MobileKeywordMain.runKeyword(MobileKeywordMain.groovy:19)
	at com.kms.katalon.core.mobile.keyword.builtin.VerifyElementExistKeyword.verifyElementExist(VerifyElementExistKeyword.groovy:51)
	at com.kms.katalon.core.mobile.keyword.builtin.VerifyElementExistKeyword.execute(VerifyElementExistKeyword.groovy:35)
	at com.kms.katalon.core.keyword.internal.KeywordExecutor.executeKeywordForPlatform(KeywordExecutor.groovy:74)
	at com.kms.katalon.core.mobile.keyword.MobileBuiltInKeywords.verifyElementExist(MobileBuiltInKeywords.groovy:1755)
	at TC_03 - To verift that the user is able to create the C1 account or not.run(TC_03 - To verift that the user is able to create the C1 account or not:47)
	at com.kms.katalon.core.main.ScriptEngine.run(ScriptEngine.java:194)
	at com.kms.katalon.core.main.ScriptEngine.runScriptAsRawText(ScriptEngine.java:119)
	at com.kms.katalon.core.main.TestCaseExecutor.runScript(TestCaseExecutor.java:448)
	at com.kms.katalon.core.main.TestCaseExecutor.doExecute(TestCaseExecutor.java:439)
	at com.kms.katalon.core.main.TestCaseExecutor.processExecutionPhase(TestCaseExecutor.java:418)
	at com.kms.katalon.core.main.TestCaseExecutor.accessMainPhase(TestCaseExecutor.java:410)
	at com.kms.katalon.core.main.TestCaseExecutor.execute(TestCaseExecutor.java:285)
	at com.kms.katalon.core.common.CommonExecutor.accessTestCaseMainPhase(CommonExecutor.java:65)
	at com.kms.katalon.core.main.TestSuiteExecutor.accessTestSuiteMainPhase(TestSuiteExecutor.java:148)
	at com.kms.katalon.core.main.TestSuiteExecutor.execute(TestSuiteExecutor.java:106)
	at com.kms.katalon.core.main.TestCaseMain.startTestSuite(TestCaseMain.java:180)
	at TempTestSuite1712232560197.run(TempTestSuite1712232560197.groovy:35)
	at java.base/jdk.internal.reflect.NativeMethodAccessorImpl.invoke0(Native Method)
	at java.base/jdk.internal.reflect.NativeMethodAccessorImpl.invoke(NativeMethodAccessorImpl.java:77)
	at java.base/jdk.internal.reflect.DelegatingMethodAccessorImpl.invoke(DelegatingMethodAccessorImpl.java:43)
)
[[ATTACHMENT|C:\\Users\\sushil.gaikwad\\git\\EguruSmart1\\Reports\\20240404_173920\\TataMotors\\20240404_173920\\1712232910786.png]]

04-04-2024T17:45:12 - [MESSAGE][FAILED] - Failed to check for element 'Object Repository/C1 Functionality/Lead classification and PDOR' exist (Root cause: com.kms.katalon.core.exception.StepFailedException: Failed to check for element 'Object Repository/C1 Functionality/Lead classification and PDOR' exist
	at com.kms.katalon.core.mobile.keyword.internal.MobileKeywordMain.stepFailed(MobileKeywordMain.groovy:38)
	at com.kms.katalon.core.mobile.keyword.internal.MobileKeywordMain.runKeyword(MobileKeywordMain.groovy:21)
	at com.kms.katalon.core.mobile.keyword.builtin.VerifyElementExistKeyword.verifyElementExist(VerifyElementExistKeyword.groovy:51)
	at com.kms.katalon.core.mobile.keyword.builtin.VerifyElementExistKeyword.execute(VerifyElementExistKeyword.groovy:35)
	at com.kms.katalon.core.keyword.internal.KeywordExecutor.executeKeywordForPlatform(KeywordExecutor.groovy:74)
	at com.kms.katalon.core.mobile.keyword.MobileBuiltInKeywords.verifyElementExist(MobileBuiltInKeywords.groovy:1755)
	at TC_03 - To verift that the user is able to create the C1 account or not.run(TC_03 - To verift that the user is able to create the C1 account or not:47)
	at com.kms.katalon.core.main.ScriptEngine.run(ScriptEngine.java:194)
	at com.kms.katalon.core.main.ScriptEngine.runScriptAsRawText(ScriptEngine.java:119)
	at com.kms.katalon.core.main.TestCaseExecutor.runScript(TestCaseExecutor.java:448)
	at com.kms.katalon.core.main.TestCaseExecutor.doExecute(TestCaseExecutor.java:439)
	at com.kms.katalon.core.main.TestCaseExecutor.processExecutionPhase(TestCaseExecutor.java:418)
	at com.kms.katalon.core.main.TestCaseExecutor.accessMainPhase(TestCaseExecutor.java:410)
	at com.kms.katalon.core.main.TestCaseExecutor.execute(TestCaseExecutor.java:285)
	at com.kms.katalon.core.common.CommonExecutor.accessTestCaseMainPhase(CommonExecutor.java:65)
	at com.kms.katalon.core.main.TestSuiteExecutor.accessTestSuiteMainPhase(TestSuiteExecutor.java:148)
	at com.kms.katalon.core.main.TestSuiteExecutor.execute(TestSuiteExecutor.java:106)
	at com.kms.katalon.core.main.TestCaseMain.startTestSuite(TestCaseMain.java:180)
	at TempTestSuite1712232560197.run(TempTestSuite1712232560197.groovy:35)
	at java.base/jdk.internal.reflect.NativeMethodAccessorImpl.invoke0(Native Method)
	at java.base/jdk.internal.reflect.NativeMethodAccessorImpl.invoke(NativeMethodAccessorImpl.java:77)
	at java.base/jdk.internal.reflect.DelegatingMethodAccessorImpl.invoke(DelegatingMethodAccessorImpl.java:43)
Caused by: com.kms.katalon.core.exception.StepFailedException: Element 'Object Repository/C1 Functionality/Lead classification and PDOR' not found
	at com.kms.katalon.core.mobile.keyword.internal.MobileKeywordMain.stepFailed(MobileKeywordMain.groovy:38)
	at com.kms.katalon.core.mobile.keyword.builtin.VerifyElementExistKeyword$_verifyElementExist_closure1.doCall(VerifyElementExistKeyword.groovy:48)
	at com.kms.katalon.core.mobile.keyword.builtin.VerifyElementExistKeyword$_verifyElementExist_closure1.call(VerifyElementExistKeyword.groovy)
	at com.kms.katalon.core.mobile.keyword.internal.MobileKeywordMain.runKeyword(MobileKeywordMain.groovy:19)
	... 20 more
)
[[ATTACHMENT|C:\\Users\\sushil.gaikwad\\git\\EguruSmart1\\Reports\\20240404_173920\\TataMotors\\20240404_173920\\1712232911672.png]]]]></system-out>
         <system-err><![CDATA[04-04-2024T17:43:45 - [TEST_CASE][FAILED] - Test Cases/TC/TC_03 - To verift that the user is able to create the C1 account or not: Test Cases/TC/TC_03 - To verift that the user is able to create the C1 account or not FAILED.
Reason:
com.kms.katalon.core.exception.StepFailedException: Failed to check for element 'Object Repository/C1 Functionality/Lead classification and PDOR' exist
	at com.kms.katalon.core.mobile.keyword.internal.MobileKeywordMain.stepFailed(MobileKeywordMain.groovy:38)
	at com.kms.katalon.core.mobile.keyword.internal.MobileKeywordMain.runKeyword(MobileKeywordMain.groovy:21)
	at com.kms.katalon.core.mobile.keyword.builtin.VerifyElementExistKeyword.verifyElementExist(VerifyElementExistKeyword.groovy:51)
	at com.kms.katalon.core.mobile.keyword.builtin.VerifyElementExistKeyword.execute(VerifyElementExistKeyword.groovy:35)
	at com.kms.katalon.core.keyword.internal.KeywordExecutor.executeKeywordForPlatform(KeywordExecutor.groovy:74)
	at com.kms.katalon.core.mobile.keyword.MobileBuiltInKeywords.verifyElementExist(MobileBuiltInKeywords.groovy:1755)
	at TC_03 - To verift that the user is able to create the C1 account or not.run(TC_03 - To verift that the user is able to create the C1 account or not:47)
	at com.kms.katalon.core.main.ScriptEngine.run(ScriptEngine.java:194)
	at com.kms.katalon.core.main.ScriptEngine.runScriptAsRawText(ScriptEngine.java:119)
	at com.kms.katalon.core.main.TestCaseExecutor.runScript(TestCaseExecutor.java:448)
	at com.kms.katalon.core.main.TestCaseExecutor.doExecute(TestCaseExecutor.java:439)
	at com.kms.katalon.core.main.TestCaseExecutor.processExecutionPhase(TestCaseExecutor.java:418)
	at com.kms.katalon.core.main.TestCaseExecutor.accessMainPhase(TestCaseExecutor.java:410)
	at com.kms.katalon.core.main.TestCaseExecutor.execute(TestCaseExecutor.java:285)
	at com.kms.katalon.core.common.CommonExecutor.accessTestCaseMainPhase(CommonExecutor.java:65)
	at com.kms.katalon.core.main.TestSuiteExecutor.accessTestSuiteMainPhase(TestSuiteExecutor.java:148)
	at com.kms.katalon.core.main.TestSuiteExecutor.execute(TestSuiteExecutor.java:106)
	at com.kms.katalon.core.main.TestCaseMain.startTestSuite(TestCaseMain.java:180)
	at TempTestSuite1712232560197.run(TempTestSuite1712232560197.groovy:35)
	at java.base/jdk.internal.reflect.NativeMethodAccessorImpl.invoke0(Native Method)
	at java.base/jdk.internal.reflect.NativeMethodAccessorImpl.invoke(NativeMethodAccessorImpl.java:77)
	at java.base/jdk.internal.reflect.DelegatingMethodAccessorImpl.invoke(DelegatingMethodAccessorImpl.java:43)
Caused by: com.kms.katalon.core.exception.StepFailedException: Element 'Object Repository/C1 Functionality/Lead classification and PDOR' not found
	at com.kms.katalon.core.mobile.keyword.internal.MobileKeywordMain.stepFailed(MobileKeywordMain.groovy:38)
	at com.kms.katalon.core.mobile.keyword.builtin.VerifyElementExistKeyword$_verifyElementExist_closure1.doCall(VerifyElementExistKeyword.groovy:48)
	at com.kms.katalon.core.mobile.keyword.builtin.VerifyElementExistKeyword$_verifyElementExist_closure1.call(VerifyElementExistKeyword.groovy)
	at com.kms.katalon.core.mobile.keyword.internal.MobileKeywordMain.runKeyword(MobileKeywordMain.groovy:19)
	... 20 more]]></system-err>
      </testcase>
      <testcase name="Test Cases/TC/TC_04 - To verify whether the user can view the opty as per the verfication status" time="106.577" classname="Test Cases/TC/TC_04 - To verify whether the user can view the opty as per the verfication status" status="PASSED">
         <system-out><![CDATA[04-04-2024T17:45:12 - [TEST_CASE][PASSED] - Test Cases/TC/TC_04 - To verify whether the user can view the opty as per the verfication status: Test Cases/TC/TC_04 - To verify whether the user can view the opty as per the verfication status

04-04-2024T17:45:13 - [TEST_STEP][PASSED] - callTestCase(findTestCase("CommenWorkflows/Login"), ["Str_URL":"C:\Users\sushil.gaikwad\git\EguruSmart1\Application\app-release (4).apk", "Str_Username":"DUSER145", "Str_Password":"Soct#2023", ... ], STOP_ON_FAILURE): Call Test Case 'Test Cases/CommenWorkflows/Login' successfully

04-04-2024T17:45:13 - [TEST_CASE][PASSED] - Test Cases/CommenWorkflows/Login: Test Cases/CommenWorkflows/Login

04-04-2024T17:45:13 - [TEST_STEP][PASSED] - startApplication(Str_URL, false): Started app at: 'C:\Users\sushil.gaikwad\git\EguruSmart1\Application\app-release (4).apk'

04-04-2024T17:45:13 - [MESSAGE][INFO] - User set preference: ['deviceId', 'R9ZT10H9Y2L']

04-04-2024T17:45:25 - [MESSAGE][PASSED] - Started app at: 'C:\Users\sushil.gaikwad\git\EguruSmart1\Application\app-release (4).apk'

04-04-2024T17:45:25 - [TEST_STEP][PASSED] - Bool_Username = waitForElementPresent(findTestObject("LockScreen/UsernaneText"), 10): Element 'Object Repository/LockScreen/UsernaneText' is present

04-04-2024T17:45:26 - [MESSAGE][PASSED] - Element 'Object Repository/LockScreen/UsernaneText' is present

04-04-2024T17:45:26 - [TEST_STEP][PASSED] - if (Bool_Username == true): Tapped on element 'Object Repository/LockScreen/NewPin/OkButton'

04-04-2024T17:45:26 - [TEST_STEP][PASSED] - tap(findTestObject("LockScreen/Username"), 0): Tapped on element 'Object Repository/LockScreen/Username'

04-04-2024T17:45:26 - [MESSAGE][WARNING] - Timeout '0' is invalid. Using default page load timeout: '30'

04-04-2024T17:45:30 - [MESSAGE][PASSED] - Tapped on element 'Object Repository/LockScreen/Username'

04-04-2024T17:45:30 - [TEST_STEP][PASSED] - setText(findTestObject("LockScreen/Username"), Str_Username, 0): Text 'DUSER145' has been set to element 'Object Repository/LockScreen/Username'

04-04-2024T17:45:30 - [MESSAGE][WARNING] - Timeout '0' is invalid. Using default page load timeout: '30'

04-04-2024T17:45:32 - [MESSAGE][PASSED] - Text 'DUSER145' has been set to element 'Object Repository/LockScreen/Username'

04-04-2024T17:45:32 - [TEST_STEP][PASSED] - hideKeyboard(): Keyboard is hidden

04-04-2024T17:45:34 - [MESSAGE][PASSED] - Keyboard is hidden

04-04-2024T17:45:34 - [TEST_STEP][PASSED] - tap(findTestObject("LockScreen/Password"), 0): Tapped on element 'Object Repository/LockScreen/Password'

04-04-2024T17:45:34 - [MESSAGE][WARNING] - Timeout '0' is invalid. Using default page load timeout: '30'

04-04-2024T17:45:35 - [MESSAGE][PASSED] - Tapped on element 'Object Repository/LockScreen/Password'

04-04-2024T17:45:35 - [TEST_STEP][PASSED] - setText(findTestObject("LockScreen/Password"), Str_Password, 0): Text 'Soct#2023' has been set to element 'Object Repository/LockScreen/Password'

04-04-2024T17:45:35 - [MESSAGE][WARNING] - Timeout '0' is invalid. Using default page load timeout: '30'

04-04-2024T17:45:37 - [MESSAGE][PASSED] - Text 'Soct#2023' has been set to element 'Object Repository/LockScreen/Password'

04-04-2024T17:45:37 - [TEST_STEP][PASSED] - hideKeyboard(): Keyboard is hidden

04-04-2024T17:45:40 - [MESSAGE][PASSED] - Keyboard is hidden

04-04-2024T17:45:40 - [TEST_STEP][PASSED] - tap(findTestObject("LockScreen/LoginButton"), 0): Tapped on element 'Object Repository/LockScreen/LoginButton'

04-04-2024T17:45:41 - [MESSAGE][WARNING] - Timeout '0' is invalid. Using default page load timeout: '30'

04-04-2024T17:45:42 - [MESSAGE][PASSED] - Tapped on element 'Object Repository/LockScreen/LoginButton'

04-04-2024T17:45:42 - [TEST_STEP][PASSED] - tap(findTestObject("LockScreen/NewPin/NewPin1"), 0): Tapped on element 'Object Repository/LockScreen/NewPin/NewPin1'

04-04-2024T17:45:42 - [MESSAGE][WARNING] - Timeout '0' is invalid. Using default page load timeout: '30'

04-04-2024T17:45:44 - [MESSAGE][PASSED] - Tapped on element 'Object Repository/LockScreen/NewPin/NewPin1'

04-04-2024T17:45:44 - [TEST_STEP][PASSED] - sendKeys(findTestObject("LockScreen/NewPin/NewPin1"), "1", STOP_ON_FAILURE): Send keys '1' on test object 'Object Repository/LockScreen/NewPin/NewPin1' successfully.

04-04-2024T17:45:46 - [MESSAGE][PASSED] - Send keys '1' on test object 'Object Repository/LockScreen/NewPin/NewPin1' successfully.

04-04-2024T17:45:46 - [TEST_STEP][PASSED] - setText(findTestObject("LockScreen/NewPin/NewPin2"), "2", 0): Text '2' has been set to element 'Object Repository/LockScreen/NewPin/NewPin2'

04-04-2024T17:45:46 - [MESSAGE][WARNING] - Timeout '0' is invalid. Using default page load timeout: '30'

04-04-2024T17:45:47 - [MESSAGE][PASSED] - Text '2' has been set to element 'Object Repository/LockScreen/NewPin/NewPin2'

04-04-2024T17:45:47 - [TEST_STEP][PASSED] - setText(findTestObject("LockScreen/NewPin/NewPin3"), "3", 0): Text '3' has been set to element 'Object Repository/LockScreen/NewPin/NewPin3'

04-04-2024T17:45:47 - [MESSAGE][WARNING] - Timeout '0' is invalid. Using default page load timeout: '30'

04-04-2024T17:45:48 - [MESSAGE][PASSED] - Text '3' has been set to element 'Object Repository/LockScreen/NewPin/NewPin3'

04-04-2024T17:45:48 - [TEST_STEP][PASSED] - setText(findTestObject("LockScreen/NewPin/NewPin4"), "4", 0): Text '4' has been set to element 'Object Repository/LockScreen/NewPin/NewPin4'

04-04-2024T17:45:48 - [MESSAGE][WARNING] - Timeout '0' is invalid. Using default page load timeout: '30'

04-04-2024T17:45:50 - [MESSAGE][PASSED] - Text '4' has been set to element 'Object Repository/LockScreen/NewPin/NewPin4'

04-04-2024T17:45:50 - [TEST_STEP][PASSED] - tap(findTestObject("LockScreen/NewPin/ConfirmPin1"), 0): Tapped on element 'Object Repository/LockScreen/NewPin/ConfirmPin1'

04-04-2024T17:45:50 - [MESSAGE][WARNING] - Timeout '0' is invalid. Using default page load timeout: '30'

04-04-2024T17:45:51 - [MESSAGE][PASSED] - Tapped on element 'Object Repository/LockScreen/NewPin/ConfirmPin1'

04-04-2024T17:45:51 - [TEST_STEP][PASSED] - setText(findTestObject("LockScreen/NewPin/ConfirmPin1"), "1", 0): Text '1' has been set to element 'Object Repository/LockScreen/NewPin/ConfirmPin1'

04-04-2024T17:45:51 - [MESSAGE][WARNING] - Timeout '0' is invalid. Using default page load timeout: '30'

04-04-2024T17:45:52 - [MESSAGE][PASSED] - Text '1' has been set to element 'Object Repository/LockScreen/NewPin/ConfirmPin1'

04-04-2024T17:45:52 - [TEST_STEP][PASSED] - setText(findTestObject("LockScreen/NewPin/ConfirmPin2"), "2", 0): Text '2' has been set to element 'Object Repository/LockScreen/NewPin/ConfirmPin2'

04-04-2024T17:45:52 - [MESSAGE][WARNING] - Timeout '0' is invalid. Using default page load timeout: '30'

04-04-2024T17:45:54 - [MESSAGE][PASSED] - Text '2' has been set to element 'Object Repository/LockScreen/NewPin/ConfirmPin2'

04-04-2024T17:45:54 - [TEST_STEP][PASSED] - setText(findTestObject("LockScreen/NewPin/ConfirmPin3"), "3", 0): Text '3' has been set to element 'Object Repository/LockScreen/NewPin/ConfirmPin3'

04-04-2024T17:45:54 - [MESSAGE][WARNING] - Timeout '0' is invalid. Using default page load timeout: '30'

04-04-2024T17:45:55 - [MESSAGE][PASSED] - Text '3' has been set to element 'Object Repository/LockScreen/NewPin/ConfirmPin3'

04-04-2024T17:45:55 - [TEST_STEP][PASSED] - setText(findTestObject("LockScreen/NewPin/ConfirmPin4"), "4", 0): Text '4' has been set to element 'Object Repository/LockScreen/NewPin/ConfirmPin4'

04-04-2024T17:45:55 - [MESSAGE][WARNING] - Timeout '0' is invalid. Using default page load timeout: '30'

04-04-2024T17:45:57 - [MESSAGE][PASSED] - Text '4' has been set to element 'Object Repository/LockScreen/NewPin/ConfirmPin4'

04-04-2024T17:45:57 - [TEST_STEP][PASSED] - Bool_Offline = waitForElementPresent(findTestObject("LockScreen/NewPin/Offline Master Sync"), 10): Element 'Object Repository/LockScreen/NewPin/Offline Master Sync' is present

04-04-2024T17:45:58 - [MESSAGE][PASSED] - Element 'Object Repository/LockScreen/NewPin/Offline Master Sync' is present

04-04-2024T17:45:58 - [TEST_STEP][PASSED] - if (Bool_Offline == true): Tapped on element 'Object Repository/LockScreen/NewPin/OkButton'

04-04-2024T17:45:58 - [TEST_STEP][PASSED] - tap(findTestObject("LockScreen/NewPin/OkButton"), 0): Tapped on element 'Object Repository/LockScreen/NewPin/OkButton'

04-04-2024T17:45:58 - [MESSAGE][WARNING] - Timeout '0' is invalid. Using default page load timeout: '30'

04-04-2024T17:45:59 - [MESSAGE][PASSED] - Tapped on element 'Object Repository/LockScreen/NewPin/OkButton'

04-04-2024T17:45:59 - [TEST_STEP][PASSED] - Bool_Offline = waitForElementPresent(findTestObject("LockScreen/NewPin/Offline Master Sync"), 30): Element 'Object Repository/LockScreen/NewPin/Offline Master Sync' is present

04-04-2024T17:46:00 - [MESSAGE][PASSED] - Element 'Object Repository/LockScreen/NewPin/Offline Master Sync' is present

04-04-2024T17:46:00 - [TEST_STEP][PASSED] - if (Bool_Offline == true): Tapped on element 'Object Repository/LockScreen/NewPin/OkButton'

04-04-2024T17:46:00 - [TEST_STEP][PASSED] - tap(findTestObject("LockScreen/NewPin/OkButton"), 0): Tapped on element 'Object Repository/LockScreen/NewPin/OkButton'

04-04-2024T17:46:00 - [MESSAGE][WARNING] - Timeout '0' is invalid. Using default page load timeout: '30'

04-04-2024T17:46:01 - [MESSAGE][PASSED] - Tapped on element 'Object Repository/LockScreen/NewPin/OkButton'

04-04-2024T17:46:01 - [MESSAGE][PASSED] - Call Test Case 'Test Cases/CommenWorkflows/Login' successfully

04-04-2024T17:46:01 - [TEST_STEP][PASSED] - verifyElementExist(findTestObject("TataMotars/HomeButton"), 10): Element 'Object Repository/TataMotars/HomeButton' is exist

04-04-2024T17:46:02 - [MESSAGE][PASSED] - Element 'Object Repository/TataMotars/HomeButton' is exist

04-04-2024T17:46:02 - [TEST_STEP][PASSED] - tap(findTestObject("Menu/Menu"), 0): Tapped on element 'Object Repository/Menu/Menu'

04-04-2024T17:46:02 - [MESSAGE][WARNING] - Timeout '0' is invalid. Using default page load timeout: '30'

04-04-2024T17:46:02 - [MESSAGE][PASSED] - Tapped on element 'Object Repository/Menu/Menu'

04-04-2024T17:46:02 - [TEST_STEP][PASSED] - bool_Opportunities = verifyElementExist(findTestObject("Menu/Opportunities"), 0): Element 'Object Repository/Menu/Opportunities' is exist

04-04-2024T17:46:02 - [MESSAGE][WARNING] - Timeout '0' is invalid. Using default page load timeout: '30'

04-04-2024T17:46:03 - [MESSAGE][PASSED] - Element 'Object Repository/Menu/Opportunities' is exist

04-04-2024T17:46:03 - [TEST_STEP][PASSED] - bool_Contacts = verifyElementExist(findTestObject("Menu/Contacts"), 0): Element 'Object Repository/Menu/Contacts' is exist

04-04-2024T17:46:03 - [MESSAGE][WARNING] - Timeout '0' is invalid. Using default page load timeout: '30'

04-04-2024T17:46:03 - [MESSAGE][PASSED] - Element 'Object Repository/Menu/Contacts' is exist

04-04-2024T17:46:03 - [TEST_STEP][PASSED] - bool_Calendar = verifyElementExist(findTestObject("Menu/Calendar"), 0): Element 'Object Repository/Menu/Calendar' is exist

04-04-2024T17:46:03 - [MESSAGE][WARNING] - Timeout '0' is invalid. Using default page load timeout: '30'

04-04-2024T17:46:04 - [MESSAGE][PASSED] - Element 'Object Repository/Menu/Calendar' is exist

04-04-2024T17:46:04 - [TEST_STEP][PASSED] - bool_StockInfo = verifyElementExist(findTestObject("Menu/Stock Information"), 0): Element 'Object Repository/Menu/Stock Information' is exist

04-04-2024T17:46:04 - [MESSAGE][WARNING] - Timeout '0' is invalid. Using default page load timeout: '30'

04-04-2024T17:46:04 - [MESSAGE][PASSED] - Element 'Object Repository/Menu/Stock Information' is exist

04-04-2024T17:46:04 - [TEST_STEP][PASSED] - bool_Activities = verifyElementExist(findTestObject("Menu/Activities"), 0): Element 'Object Repository/Menu/Activities' is exist

04-04-2024T17:46:04 - [MESSAGE][WARNING] - Timeout '0' is invalid. Using default page load timeout: '30'

04-04-2024T17:46:04 - [MESSAGE][PASSED] - Element 'Object Repository/Menu/Activities' is exist

04-04-2024T17:46:04 - [TEST_STEP][PASSED] - bool_LostCases = verifyElementExist(findTestObject("Menu/Lost Cases"), 0): Element 'Object Repository/Menu/Lost Cases' is exist

04-04-2024T17:46:04 - [MESSAGE][WARNING] - Timeout '0' is invalid. Using default page load timeout: '30'

04-04-2024T17:46:04 - [MESSAGE][PASSED] - Element 'Object Repository/Menu/Lost Cases' is exist

04-04-2024T17:46:04 - [TEST_STEP][PASSED] - bool_PDOR = verifyElementExist(findTestObject("Menu/PDOR"), 0): Element 'Object Repository/Menu/PDOR' is exist

04-04-2024T17:46:04 - [MESSAGE][WARNING] - Timeout '0' is invalid. Using default page load timeout: '30'

04-04-2024T17:46:05 - [MESSAGE][PASSED] - Element 'Object Repository/Menu/PDOR' is exist

04-04-2024T17:46:05 - [TEST_STEP][PASSED] - bool_SyncMaster = verifyElementExist(findTestObject("Menu/Sync Master"), 0): Element 'Object Repository/Menu/Sync Master' is exist

04-04-2024T17:46:05 - [MESSAGE][WARNING] - Timeout '0' is invalid. Using default page load timeout: '30'

04-04-2024T17:46:05 - [MESSAGE][PASSED] - Element 'Object Repository/Menu/Sync Master' is exist

04-04-2024T17:46:05 - [TEST_STEP][PASSED] - bool_AboutUs = verifyElementExist(findTestObject("Menu/About Us"), 0): Element 'Object Repository/Menu/About Us' is exist

04-04-2024T17:46:05 - [MESSAGE][WARNING] - Timeout '0' is invalid. Using default page load timeout: '30'

04-04-2024T17:46:05 - [MESSAGE][PASSED] - Element 'Object Repository/Menu/About Us' is exist

04-04-2024T17:46:05 - [TEST_STEP][PASSED] - bool_LogOut = verifyElementExist(findTestObject("Menu/Log Out"), 0): Element 'Object Repository/Menu/Log Out' is exist

04-04-2024T17:46:05 - [MESSAGE][WARNING] - Timeout '0' is invalid. Using default page load timeout: '30'

04-04-2024T17:46:09 - [MESSAGE][PASSED] - Element 'Object Repository/Menu/Log Out' is exist

04-04-2024T17:46:09 - [TEST_STEP][PASSED] - bool_LogOut && bool_AboutUs && bool_SyncMaster && bool_PDOR && bool_LostCases && bool_Activities && bool_StockInfo && bool_Calendar && bool_Contacts && bool_Opportunities == true: null

04-04-2024T17:46:09 - [TEST_STEP][PASSED] - takeScreenshot(): Screenshot is taken

04-04-2024T17:46:11 - [MESSAGE][PASSED] - Screenshot is taken
[[ATTACHMENT|C:\\Users\\sushil.gaikwad\\git\\EguruSmart1\\Reports\\20240404_173920\\TataMotors\\20240404_173920\\1712232969759.png]]

04-04-2024T17:46:11 - [TEST_STEP][PASSED] - tap(findTestObject("Menu/Opportunities"), 0, STOP_ON_FAILURE): Tapped on element 'Object Repository/Menu/Opportunities'

04-04-2024T17:46:11 - [MESSAGE][WARNING] - Timeout '0' is invalid. Using default page load timeout: '30'

04-04-2024T17:46:11 - [MESSAGE][PASSED] - Tapped on element 'Object Repository/Menu/Opportunities'

04-04-2024T17:46:11 - [TEST_STEP][PASSED] - waitForElementPresent(findTestObject("Lost and Non Lost Functionality/C0 Summary Text"), 30): Element 'Object Repository/Lost and Non Lost Functionality/C0 Summary Text' is present

04-04-2024T17:46:13 - [MESSAGE][PASSED] - Element 'Object Repository/Lost and Non Lost Functionality/C0 Summary Text' is present

04-04-2024T17:46:13 - [TEST_STEP][PASSED] - bool_AllOpportunity = verifyElementExist(findTestObject("Menu/All Opportunities"), 0): Element 'Object Repository/Menu/All Opportunities' is exist

04-04-2024T17:46:13 - [MESSAGE][WARNING] - Timeout '0' is invalid. Using default page load timeout: '30'

04-04-2024T17:46:14 - [MESSAGE][PASSED] - Element 'Object Repository/Menu/All Opportunities' is exist

04-04-2024T17:46:14 - [TEST_STEP][PASSED] - bool_AllOpportunity == true: null

04-04-2024T17:46:14 - [TEST_STEP][PASSED] - takeScreenshot(): Screenshot is taken

04-04-2024T17:46:15 - [MESSAGE][PASSED] - Screenshot is taken
[[ATTACHMENT|C:\\Users\\sushil.gaikwad\\git\\EguruSmart1\\Reports\\20240404_173920\\TataMotors\\20240404_173920\\1712232974204.png]]

04-04-2024T17:46:15 - [TEST_STEP][PASSED] - tap(findTestObject("Menu/FilterButton"), 0, STOP_ON_FAILURE): Tapped on element 'Object Repository/Menu/FilterButton'

04-04-2024T17:46:15 - [MESSAGE][WARNING] - Timeout '0' is invalid. Using default page load timeout: '30'

04-04-2024T17:46:16 - [MESSAGE][PASSED] - Tapped on element 'Object Repository/Menu/FilterButton'

04-04-2024T17:46:16 - [TEST_STEP][PASSED] - tap(findTestObject("Menu/Verification Status"), 0, STOP_ON_FAILURE): Tapped on element 'Object Repository/Menu/Verification Status'

04-04-2024T17:46:16 - [MESSAGE][WARNING] - Timeout '0' is invalid. Using default page load timeout: '30'

04-04-2024T17:46:19 - [MESSAGE][PASSED] - Tapped on element 'Object Repository/Menu/Verification Status'

04-04-2024T17:46:19 - [TEST_STEP][PASSED] - bool_Verified = verifyElementExist(findTestObject("Filter/VerifiedFilter"), 0): Element 'Object Repository/Filter/VerifiedFilter' is exist

04-04-2024T17:46:19 - [MESSAGE][WARNING] - Timeout '0' is invalid. Using default page load timeout: '30'

04-04-2024T17:46:19 - [MESSAGE][PASSED] - Element 'Object Repository/Filter/VerifiedFilter' is exist

04-04-2024T17:46:19 - [TEST_STEP][PASSED] - bool_NonVerified = verifyElementExist(findTestObject("Filter/NonVerifiedFilter"), 0): Element 'Object Repository/Filter/NonVerifiedFilter' is exist

04-04-2024T17:46:19 - [MESSAGE][WARNING] - Timeout '0' is invalid. Using default page load timeout: '30'

04-04-2024T17:46:20 - [MESSAGE][PASSED] - Element 'Object Repository/Filter/NonVerifiedFilter' is exist

04-04-2024T17:46:20 - [TEST_STEP][PASSED] - bool_ClearAll = verifyElementExist(findTestObject("Menu/CLEAR ALL"), 0): Element 'Object Repository/Menu/CLEAR ALL' is exist

04-04-2024T17:46:20 - [MESSAGE][WARNING] - Timeout '0' is invalid. Using default page load timeout: '30'

04-04-2024T17:46:20 - [MESSAGE][PASSED] - Element 'Object Repository/Menu/CLEAR ALL' is exist

04-04-2024T17:46:20 - [TEST_STEP][PASSED] - bool_Cancel = verifyElementExist(findTestObject("Menu/Cancel"), 0): Element 'Object Repository/Menu/Cancel' is exist

04-04-2024T17:46:20 - [MESSAGE][WARNING] - Timeout '0' is invalid. Using default page load timeout: '30'

04-04-2024T17:46:21 - [MESSAGE][PASSED] - Element 'Object Repository/Menu/Cancel' is exist

04-04-2024T17:46:21 - [TEST_STEP][PASSED] - bool_Apply = verifyElementExist(findTestObject("Menu/Apply"), 0): Element 'Object Repository/Menu/Apply' is exist

04-04-2024T17:46:21 - [MESSAGE][WARNING] - Timeout '0' is invalid. Using default page load timeout: '30'

04-04-2024T17:46:21 - [MESSAGE][PASSED] - Element 'Object Repository/Menu/Apply' is exist

04-04-2024T17:46:21 - [TEST_STEP][PASSED] - bool_Verified && bool_NonVerified && bool_ClearAll && bool_Cancel && bool_Apply == true: null

04-04-2024T17:46:21 - [TEST_STEP][PASSED] - takeScreenshot(): Screenshot is taken

04-04-2024T17:46:22 - [MESSAGE][PASSED] - Screenshot is taken
[[ATTACHMENT|C:\\Users\\sushil.gaikwad\\git\\EguruSmart1\\Reports\\20240404_173920\\TataMotors\\20240404_173920\\1712232981489.png]]

04-04-2024T17:46:22 - [TEST_STEP][PASSED] - Bool_Offline = waitForElementPresent(findTestObject("LockScreen/NewPin/Offline Master Sync"), 10): Object Object Repository/LockScreen/NewPin/Offline Master Sync not found

04-04-2024T17:46:32 - [MESSAGE][WARNING] - Object Object Repository/LockScreen/NewPin/Offline Master Sync not found

04-04-2024T17:46:32 - [TEST_STEP][PASSED] - if (Bool_Offline == true): null

04-04-2024T17:46:32 - [TEST_STEP][PASSED] - tap(findTestObject("android.widget.ImageView"), 0, STOP_ON_FAILURE): Tapped on element 'Object Repository/android.widget.ImageView'

04-04-2024T17:46:32 - [MESSAGE][WARNING] - Timeout '0' is invalid. Using default page load timeout: '30'

04-04-2024T17:46:32 - [MESSAGE][PASSED] - Tapped on element 'Object Repository/android.widget.ImageView'

04-04-2024T17:46:32 - [TEST_STEP][PASSED] - tap(findTestObject("Filter/VerifiedFilter"), 0, STOP_ON_FAILURE): Tapped on element 'Object Repository/Filter/VerifiedFilter'

04-04-2024T17:46:32 - [MESSAGE][WARNING] - Timeout '0' is invalid. Using default page load timeout: '30'

04-04-2024T17:46:33 - [MESSAGE][PASSED] - Tapped on element 'Object Repository/Filter/VerifiedFilter'

04-04-2024T17:46:33 - [TEST_STEP][PASSED] - delay(5, STOP_ON_FAILURE): Delayed 5 second(s)

04-04-2024T17:46:38 - [MESSAGE][PASSED] - Delayed 5 second(s)

04-04-2024T17:46:38 - [TEST_STEP][PASSED] - tap(findTestObject("Menu/Apply"), 0, STOP_ON_FAILURE): Tapped on element 'Object Repository/Menu/Apply'

04-04-2024T17:46:38 - [MESSAGE][WARNING] - Timeout '0' is invalid. Using default page load timeout: '30'

04-04-2024T17:46:39 - [MESSAGE][PASSED] - Tapped on element 'Object Repository/Menu/Apply'

04-04-2024T17:46:39 - [TEST_STEP][PASSED] - waitForElementPresent(findTestObject("Lost and Non Lost Functionality/C0 Summary Text"), 30): Element 'Object Repository/Lost and Non Lost Functionality/C0 Summary Text' is present

04-04-2024T17:46:43 - [MESSAGE][PASSED] - Element 'Object Repository/Lost and Non Lost Functionality/C0 Summary Text' is present

04-04-2024T17:46:43 - [TEST_STEP][PASSED] - bool_AllOpportunity = verifyElementExist(findTestObject("Menu/All Opportunities"), 30): Element 'Object Repository/Menu/All Opportunities' is exist

04-04-2024T17:46:43 - [MESSAGE][PASSED] - Element 'Object Repository/Menu/All Opportunities' is exist

04-04-2024T17:46:43 - [TEST_STEP][PASSED] - bool_AllOpportunity == true: null

04-04-2024T17:46:43 - [TEST_STEP][PASSED] - takeScreenshot(): Screenshot is taken

04-04-2024T17:46:44 - [MESSAGE][PASSED] - Screenshot is taken
[[ATTACHMENT|C:\\Users\\sushil.gaikwad\\git\\EguruSmart1\\Reports\\20240404_173920\\TataMotors\\20240404_173920\\1712233003527.png]]

04-04-2024T17:46:44 - [TEST_STEP][PASSED] - tap(findTestObject("Menu/FilterButton"), 0, STOP_ON_FAILURE): Tapped on element 'Object Repository/Menu/FilterButton'

04-04-2024T17:46:44 - [MESSAGE][WARNING] - Timeout '0' is invalid. Using default page load timeout: '30'

04-04-2024T17:46:46 - [MESSAGE][PASSED] - Tapped on element 'Object Repository/Menu/FilterButton'

04-04-2024T17:46:46 - [TEST_STEP][PASSED] - tap(findTestObject("Menu/Verification Status"), 0, STOP_ON_FAILURE): Tapped on element 'Object Repository/Menu/Verification Status'

04-04-2024T17:46:46 - [MESSAGE][WARNING] - Timeout '0' is invalid. Using default page load timeout: '30'

04-04-2024T17:46:47 - [MESSAGE][PASSED] - Tapped on element 'Object Repository/Menu/Verification Status'

04-04-2024T17:46:47 - [TEST_STEP][PASSED] - tap(findTestObject("Menu/CLEAR ALL"), 0, STOP_ON_FAILURE): Tapped on element 'Object Repository/Menu/CLEAR ALL'

04-04-2024T17:46:47 - [MESSAGE][WARNING] - Timeout '0' is invalid. Using default page load timeout: '30'

04-04-2024T17:46:48 - [MESSAGE][PASSED] - Tapped on element 'Object Repository/Menu/CLEAR ALL'

04-04-2024T17:46:48 - [TEST_STEP][PASSED] - tap(findTestObject("Filter/NonVerifiedFilter"), 0, STOP_ON_FAILURE): Tapped on element 'Object Repository/Filter/NonVerifiedFilter'

04-04-2024T17:46:48 - [MESSAGE][WARNING] - Timeout '0' is invalid. Using default page load timeout: '30'

04-04-2024T17:46:48 - [MESSAGE][PASSED] - Tapped on element 'Object Repository/Filter/NonVerifiedFilter'

04-04-2024T17:46:48 - [TEST_STEP][PASSED] - delay(5, STOP_ON_FAILURE): Delayed 5 second(s)

04-04-2024T17:46:53 - [MESSAGE][PASSED] - Delayed 5 second(s)

04-04-2024T17:46:53 - [TEST_STEP][PASSED] - tap(findTestObject("Menu/Apply"), 0, STOP_ON_FAILURE): Tapped on element 'Object Repository/Menu/Apply'

04-04-2024T17:46:53 - [MESSAGE][WARNING] - Timeout '0' is invalid. Using default page load timeout: '30'

04-04-2024T17:46:54 - [MESSAGE][PASSED] - Tapped on element 'Object Repository/Menu/Apply'

04-04-2024T17:46:54 - [TEST_STEP][PASSED] - bool_AllOpportunity = verifyElementExist(findTestObject("Menu/All Opportunities"), 0): Element 'Object Repository/Menu/All Opportunities' is exist

04-04-2024T17:46:54 - [MESSAGE][WARNING] - Timeout '0' is invalid. Using default page load timeout: '30'

04-04-2024T17:46:56 - [MESSAGE][PASSED] - Element 'Object Repository/Menu/All Opportunities' is exist

04-04-2024T17:46:56 - [TEST_STEP][PASSED] - bool_AllOpportunity == true: null

04-04-2024T17:46:56 - [TEST_STEP][PASSED] - takeScreenshot(): Screenshot is taken

04-04-2024T17:46:57 - [MESSAGE][PASSED] - Screenshot is taken
[[ATTACHMENT|C:\\Users\\sushil.gaikwad\\git\\EguruSmart1\\Reports\\20240404_173920\\TataMotors\\20240404_173920\\1712233016637.png]]

04-04-2024T17:46:57 - [TEST_STEP][PASSED] - closeApplication(): Close app successfully

04-04-2024T17:46:59 - [MESSAGE][PASSED] - Close app successfully]]></system-out>
         <system-err><![CDATA[]]></system-err>
      </testcase>
      <testcase name="Test Cases/TC/TC_05 - To verify that user can mark as Lost or not" time="109.255" classname="Test Cases/TC/TC_05 - To verify that user can mark as Lost or not" status="PASSED">
         <system-out><![CDATA[04-04-2024T17:46:59 - [TEST_CASE][PASSED] - Test Cases/TC/TC_05 - To verify that user can mark as Lost or not: Test Cases/TC/TC_05 - To verify that user can mark as Lost or not

04-04-2024T17:46:59 - [TEST_STEP][PASSED] - callTestCase(findTestCase("CommenWorkflows/Login"), ["Str_URL":"C:\Users\sushil.gaikwad\git\EguruSmart1\Application\app-release (4).apk", "Str_Username":"DUSER145", "Str_Password":"Soct#2023", ... ], STOP_ON_FAILURE): Call Test Case 'Test Cases/CommenWorkflows/Login' successfully

04-04-2024T17:46:59 - [TEST_CASE][PASSED] - Test Cases/CommenWorkflows/Login: Test Cases/CommenWorkflows/Login

04-04-2024T17:46:59 - [TEST_STEP][PASSED] - startApplication(Str_URL, false): Started app at: 'C:\Users\sushil.gaikwad\git\EguruSmart1\Application\app-release (4).apk'

04-04-2024T17:46:59 - [MESSAGE][INFO] - User set preference: ['deviceId', 'R9ZT10H9Y2L']

04-04-2024T17:47:00 - [MESSAGE][INFO] - Detected NodeJS location: "C:\Program Files\nodejs\node.exe"

04-04-2024T17:47:04 - [MESSAGE][INFO] - PATH: C:\Program Files\nodejs;

04-04-2024T17:47:04 - [MESSAGE][INFO] - APPIUM_HOME: C:\Users\sushil.gaikwad\AppData\Roaming\npm\node_modules\appium\build\lib\main.js

04-04-2024T17:47:04 - [MESSAGE][INFO] - appium outlog: C:\Users\sushil.gaikwad\git\EguruSmart1\Reports\20240404_173920\TataMotors\20240404_173920\appium.log

04-04-2024T17:47:04 - [MESSAGE][INFO] - appium errlog: C:\Users\sushil.gaikwad\git\EguruSmart1\Reports\20240404_173920\TataMotors\20240404_173920\appium_error.log

04-04-2024T17:47:06 - [MESSAGE][INFO] - Appium server started on port 63,900

04-04-2024T17:47:21 - [MESSAGE][PASSED] - Started app at: 'C:\Users\sushil.gaikwad\git\EguruSmart1\Application\app-release (4).apk'

04-04-2024T17:47:21 - [TEST_STEP][PASSED] - Bool_Username = waitForElementPresent(findTestObject("LockScreen/UsernaneText"), 10): Object Object Repository/LockScreen/UsernaneText not found

04-04-2024T17:47:31 - [MESSAGE][WARNING] - Object Object Repository/LockScreen/UsernaneText not found

04-04-2024T17:47:31 - [TEST_STEP][PASSED] - if (Bool_Username == true): null

04-04-2024T17:47:31 - [TEST_STEP][PASSED] - else: Tapped on element 'Object Repository/LockScreen/LoginButton'

04-04-2024T17:47:31 - [TEST_STEP][PASSED] - tap(findTestObject("LockScreen/Tap1"), 0): Tapped on element 'Object Repository/LockScreen/Tap1'

04-04-2024T17:47:31 - [MESSAGE][WARNING] - Timeout '0' is invalid. Using default page load timeout: '30'

04-04-2024T17:47:35 - [MESSAGE][PASSED] - Tapped on element 'Object Repository/LockScreen/Tap1'

04-04-2024T17:47:35 - [TEST_STEP][PASSED] - setText(findTestObject("LockScreen/Text1"), "1", 0): Text '1' has been set to element 'Object Repository/LockScreen/Text1'

04-04-2024T17:47:35 - [MESSAGE][WARNING] - Timeout '0' is invalid. Using default page load timeout: '30'

04-04-2024T17:47:36 - [MESSAGE][PASSED] - Text '1' has been set to element 'Object Repository/LockScreen/Text1'

04-04-2024T17:47:36 - [TEST_STEP][PASSED] - setText(findTestObject("LockScreen/Text2"), "2", 0): Text '2' has been set to element 'Object Repository/LockScreen/Text2'

04-04-2024T17:47:36 - [MESSAGE][WARNING] - Timeout '0' is invalid. Using default page load timeout: '30'

04-04-2024T17:47:38 - [MESSAGE][PASSED] - Text '2' has been set to element 'Object Repository/LockScreen/Text2'

04-04-2024T17:47:38 - [TEST_STEP][PASSED] - setText(findTestObject("LockScreen/Text3"), "3", 0): Text '3' has been set to element 'Object Repository/LockScreen/Text3'

04-04-2024T17:47:38 - [MESSAGE][WARNING] - Timeout '0' is invalid. Using default page load timeout: '30'

04-04-2024T17:47:39 - [MESSAGE][PASSED] - Text '3' has been set to element 'Object Repository/LockScreen/Text3'

04-04-2024T17:47:39 - [TEST_STEP][PASSED] - setText(findTestObject("LockScreen/Text4"), "4", 0): Text '4' has been set to element 'Object Repository/LockScreen/Text4'

04-04-2024T17:47:39 - [MESSAGE][WARNING] - Timeout '0' is invalid. Using default page load timeout: '30'

04-04-2024T17:47:41 - [MESSAGE][PASSED] - Text '4' has been set to element 'Object Repository/LockScreen/Text4'

04-04-2024T17:47:41 - [TEST_STEP][PASSED] - tap(findTestObject("LockScreen/LoginButton"), 0): Tapped on element 'Object Repository/LockScreen/LoginButton'

04-04-2024T17:47:41 - [MESSAGE][WARNING] - Timeout '0' is invalid. Using default page load timeout: '30'

04-04-2024T17:47:43 - [MESSAGE][PASSED] - Tapped on element 'Object Repository/LockScreen/LoginButton'

04-04-2024T17:47:43 - [MESSAGE][PASSED] - Call Test Case 'Test Cases/CommenWorkflows/Login' successfully

04-04-2024T17:47:43 - [TEST_STEP][PASSED] - verifyElementExist(findTestObject("TataMotars/HomeButton"), 10): Element 'Object Repository/TataMotars/HomeButton' is exist

04-04-2024T17:47:43 - [MESSAGE][PASSED] - Element 'Object Repository/TataMotars/HomeButton' is exist

04-04-2024T17:47:43 - [TEST_STEP][PASSED] - tap(findTestObject("Home/Opportunities"), 0): Tapped on element 'Object Repository/Home/Opportunities'

04-04-2024T17:47:43 - [MESSAGE][WARNING] - Timeout '0' is invalid. Using default page load timeout: '30'

04-04-2024T17:47:44 - [MESSAGE][PASSED] - Tapped on element 'Object Repository/Home/Opportunities'

04-04-2024T17:47:44 - [TEST_STEP][PASSED] - tap(findTestObject("Lost and Non Lost Functionality/C0"), 0): Tapped on element 'Object Repository/Lost and Non Lost Functionality/C0'

04-04-2024T17:47:44 - [MESSAGE][WARNING] - Timeout '0' is invalid. Using default page load timeout: '30'

04-04-2024T17:47:46 - [MESSAGE][PASSED] - Tapped on element 'Object Repository/Lost and Non Lost Functionality/C0'

04-04-2024T17:47:46 - [TEST_STEP][PASSED] - bool_Summary = verifyElementExist(findTestObject("Lost and Non Lost Functionality/C0 Summary Text"), 30): Element 'Object Repository/Lost and Non Lost Functionality/C0 Summary Text' is exist

04-04-2024T17:47:48 - [MESSAGE][PASSED] - Element 'Object Repository/Lost and Non Lost Functionality/C0 Summary Text' is exist

04-04-2024T17:47:48 - [TEST_STEP][PASSED] - bool_Target = verifyElementExist(findTestObject("Lost and Non Lost Functionality/Target text"), 30): Element 'Object Repository/Lost and Non Lost Functionality/Target text' is exist

04-04-2024T17:47:48 - [MESSAGE][PASSED] - Element 'Object Repository/Lost and Non Lost Functionality/Target text' is exist

04-04-2024T17:47:48 - [TEST_STEP][PASSED] - bool_MTD = verifyElementExist(findTestObject("Lost and Non Lost Functionality/MTD text"), 0): Element 'Object Repository/Lost and Non Lost Functionality/MTD text' is exist

04-04-2024T17:47:48 - [MESSAGE][WARNING] - Timeout '0' is invalid. Using default page load timeout: '30'

04-04-2024T17:47:48 - [MESSAGE][PASSED] - Element 'Object Repository/Lost and Non Lost Functionality/MTD text' is exist

04-04-2024T17:47:48 - [TEST_STEP][PASSED] - bool_ThisWeek = verifyElementExist(findTestObject("Lost and Non Lost Functionality/This Week text"), 0): Element 'Object Repository/Lost and Non Lost Functionality/This Week text' is exist

04-04-2024T17:47:48 - [MESSAGE][WARNING] - Timeout '0' is invalid. Using default page load timeout: '30'

04-04-2024T17:47:48 - [MESSAGE][PASSED] - Element 'Object Repository/Lost and Non Lost Functionality/This Week text' is exist

04-04-2024T17:47:48 - [TEST_STEP][PASSED] - bool_Yesterday = verifyElementExist(findTestObject("Lost and Non Lost Functionality/Yesterday text"), 0): Element 'Object Repository/Lost and Non Lost Functionality/Yesterday text' is exist

04-04-2024T17:47:49 - [MESSAGE][WARNING] - Timeout '0' is invalid. Using default page load timeout: '30'

04-04-2024T17:47:49 - [MESSAGE][PASSED] - Element 'Object Repository/Lost and Non Lost Functionality/Yesterday text' is exist

04-04-2024T17:47:49 - [TEST_STEP][PASSED] - bool_Yesterday && bool_ThisWeek && bool_MTD && bool_Target && bool_Summary == true: null

04-04-2024T17:47:49 - [TEST_STEP][PASSED] - takeScreenshot(): Screenshot is taken

04-04-2024T17:47:50 - [MESSAGE][PASSED] - Screenshot is taken
[[ATTACHMENT|C:\\Users\\sushil.gaikwad\\git\\EguruSmart1\\Reports\\20240404_173920\\TataMotors\\20240404_173920\\1712233069344.png]]

04-04-2024T17:47:50 - [TEST_STEP][PASSED] - Bool_Offline = waitForElementPresent(findTestObject("LockScreen/NewPin/Offline Master Sync"), 5): Object Object Repository/LockScreen/NewPin/Offline Master Sync not found

04-04-2024T17:47:56 - [MESSAGE][WARNING] - Object Object Repository/LockScreen/NewPin/Offline Master Sync not found

04-04-2024T17:47:56 - [TEST_STEP][PASSED] - if (Bool_Offline == true): null

04-04-2024T17:47:56 - [TEST_STEP][PASSED] - tap(findTestObject("Additional Info/C0 Three Dots2"), 0): Tapped on element 'Object Repository/Additional Info/C0 Three Dots2'

04-04-2024T17:47:56 - [MESSAGE][WARNING] - Timeout '0' is invalid. Using default page load timeout: '30'

04-04-2024T17:47:57 - [MESSAGE][PASSED] - Tapped on element 'Object Repository/Additional Info/C0 Three Dots2'

04-04-2024T17:47:57 - [TEST_STEP][PASSED] - Bool_Offline = waitForElementPresent(findTestObject("Lost and Non Lost Functionality/Opportunity Details"), 10): Element 'Object Repository/Lost and Non Lost Functionality/Opportunity Details' is present

04-04-2024T17:47:58 - [MESSAGE][PASSED] - Element 'Object Repository/Lost and Non Lost Functionality/Opportunity Details' is present

04-04-2024T17:47:58 - [TEST_STEP][PASSED] - tap(findTestObject("Lost and Non Lost Functionality/Opportunity Details"), 0): Tapped on element 'Object Repository/Lost and Non Lost Functionality/Opportunity Details'

04-04-2024T17:47:58 - [MESSAGE][WARNING] - Timeout '0' is invalid. Using default page load timeout: '30'

04-04-2024T17:47:58 - [MESSAGE][PASSED] - Tapped on element 'Object Repository/Lost and Non Lost Functionality/Opportunity Details'

04-04-2024T17:47:58 - [TEST_STEP][PASSED] - waitForElementPresent(findTestObject("Lost and Non Lost Functionality/Schedule a follow up"), 5): Element 'Object Repository/Lost and Non Lost Functionality/Schedule a follow up' is present

04-04-2024T17:48:00 - [MESSAGE][PASSED] - Element 'Object Repository/Lost and Non Lost Functionality/Schedule a follow up' is present

04-04-2024T17:48:00 - [TEST_STEP][PASSED] - bool_CreateC1 = verifyElementExist(findTestObject("Lost and Non Lost Functionality/CREATE C1"), 0): Element 'Object Repository/Lost and Non Lost Functionality/CREATE C1' is exist

04-04-2024T17:48:00 - [MESSAGE][WARNING] - Timeout '0' is invalid. Using default page load timeout: '30'

04-04-2024T17:48:00 - [MESSAGE][PASSED] - Element 'Object Repository/Lost and Non Lost Functionality/CREATE C1' is exist

04-04-2024T17:48:00 - [TEST_STEP][PASSED] - bool_Details = verifyElementExist(findTestObject("Lost and Non Lost Functionality/DETAILS"), 0): Element 'Object Repository/Lost and Non Lost Functionality/DETAILS' is exist

04-04-2024T17:48:00 - [MESSAGE][WARNING] - Timeout '0' is invalid. Using default page load timeout: '30'

04-04-2024T17:48:00 - [MESSAGE][PASSED] - Element 'Object Repository/Lost and Non Lost Functionality/DETAILS' is exist

04-04-2024T17:48:00 - [TEST_STEP][PASSED] - bool_Details && bool_CreateC1 == true: null

04-04-2024T17:48:00 - [TEST_STEP][PASSED] - takeScreenshot(): Screenshot is taken

04-04-2024T17:48:02 - [MESSAGE][PASSED] - Screenshot is taken
[[ATTACHMENT|C:\\Users\\sushil.gaikwad\\git\\EguruSmart1\\Reports\\20240404_173920\\TataMotors\\20240404_173920\\1712233080878.png]]

04-04-2024T17:48:02 - [TEST_STEP][PASSED] - delay(5, STOP_ON_FAILURE): Delayed 5 second(s)

04-04-2024T17:48:07 - [MESSAGE][PASSED] - Delayed 5 second(s)

04-04-2024T17:48:07 - [TEST_STEP][PASSED] - tap(findTestObject("Lost and Non Lost Functionality/Mark as Lost"), 0): Tapped on element 'Object Repository/Lost and Non Lost Functionality/Mark as Lost'

04-04-2024T17:48:07 - [MESSAGE][WARNING] - Timeout '0' is invalid. Using default page load timeout: '30'

04-04-2024T17:48:08 - [MESSAGE][PASSED] - Tapped on element 'Object Repository/Lost and Non Lost Functionality/Mark as Lost'

04-04-2024T17:48:08 - [TEST_STEP][PASSED] - bool_LTC = verifyElementExist(findTestObject("Lost and Non Lost Functionality/LTC RadioButton"), 0): Element 'Object Repository/Lost and Non Lost Functionality/LTC RadioButton' is exist

04-04-2024T17:48:08 - [MESSAGE][WARNING] - Timeout '0' is invalid. Using default page load timeout: '30'

04-04-2024T17:48:08 - [MESSAGE][PASSED] - Element 'Object Repository/Lost and Non Lost Functionality/LTC RadioButton' is exist

04-04-2024T17:48:08 - [TEST_STEP][PASSED] - bool_NotLTC = verifyElementExist(findTestObject("Lost and Non Lost Functionality/Non LTC RadioButton"), 0): Element 'Object Repository/Lost and Non Lost Functionality/Non LTC RadioButton' is exist

04-04-2024T17:48:08 - [MESSAGE][WARNING] - Timeout '0' is invalid. Using default page load timeout: '30'

04-04-2024T17:48:08 - [MESSAGE][PASSED] - Element 'Object Repository/Lost and Non Lost Functionality/Non LTC RadioButton' is exist

04-04-2024T17:48:08 - [TEST_STEP][PASSED] - bool_ReasonForLoss = verifyElementExist(findTestObject("Lost and Non Lost Functionality/Reason for loss Field"), 0): Element 'Object Repository/Lost and Non Lost Functionality/Reason for loss Field' is exist

04-04-2024T17:48:08 - [MESSAGE][WARNING] - Timeout '0' is invalid. Using default page load timeout: '30'

04-04-2024T17:48:09 - [MESSAGE][PASSED] - Element 'Object Repository/Lost and Non Lost Functionality/Reason for loss Field' is exist

04-04-2024T17:48:09 - [TEST_STEP][PASSED] - bool_MakeLostTo = verifyElementExist(findTestObject("Lost and Non Lost Functionality/Make lost to field"), 0): Element 'Object Repository/Lost and Non Lost Functionality/Make lost to field' is exist

04-04-2024T17:48:09 - [MESSAGE][WARNING] - Timeout '0' is invalid. Using default page load timeout: '30'

04-04-2024T17:48:10 - [MESSAGE][PASSED] - Element 'Object Repository/Lost and Non Lost Functionality/Make lost to field' is exist

04-04-2024T17:48:10 - [TEST_STEP][PASSED] - bool_ModelToLostTo = verifyElementExist(findTestObject("Lost and Non Lost Functionality/ModelLostTo"), 0): Element 'Object Repository/Lost and Non Lost Functionality/ModelLostTo' is exist

04-04-2024T17:48:10 - [MESSAGE][WARNING] - Timeout '0' is invalid. Using default page load timeout: '30'

04-04-2024T17:48:10 - [MESSAGE][PASSED] - Element 'Object Repository/Lost and Non Lost Functionality/ModelLostTo' is exist

04-04-2024T17:48:10 - [TEST_STEP][PASSED] - bool_Comment = verifyElementExist(findTestObject("Lost and Non Lost Functionality/Comment"), 0): Element 'Object Repository/Lost and Non Lost Functionality/Comment' is exist

04-04-2024T17:48:11 - [MESSAGE][WARNING] - Timeout '0' is invalid. Using default page load timeout: '30'

04-04-2024T17:48:12 - [MESSAGE][PASSED] - Element 'Object Repository/Lost and Non Lost Functionality/Comment' is exist

04-04-2024T17:48:12 - [TEST_STEP][PASSED] - bool_LTC && bool_NotLTC && bool_ReasonForLoss && bool_MakeLostTo && bool_ModelToLostTo && bool_Comment == true: null

04-04-2024T17:48:12 - [TEST_STEP][PASSED] - takeScreenshot(): Screenshot is taken

04-04-2024T17:48:12 - [MESSAGE][PASSED] - Screenshot is taken
[[ATTACHMENT|C:\\Users\\sushil.gaikwad\\git\\EguruSmart1\\Reports\\20240404_173920\\TataMotors\\20240404_173920\\1712233092089.png]]

04-04-2024T17:48:13 - [TEST_STEP][PASSED] - tap(findTestObject("Lost and Non Lost Functionality/LTC RadioButton"), 0): Tapped on element 'Object Repository/Lost and Non Lost Functionality/LTC RadioButton'

04-04-2024T17:48:13 - [MESSAGE][WARNING] - Timeout '0' is invalid. Using default page load timeout: '30'

04-04-2024T17:48:13 - [MESSAGE][PASSED] - Tapped on element 'Object Repository/Lost and Non Lost Functionality/LTC RadioButton'

04-04-2024T17:48:13 - [TEST_STEP][PASSED] - tap(findTestObject("Lost and Non Lost Functionality/Reason for loss Field"), 0): Tapped on element 'Object Repository/Lost and Non Lost Functionality/Reason for loss Field'

04-04-2024T17:48:13 - [MESSAGE][WARNING] - Timeout '0' is invalid. Using default page load timeout: '30'

04-04-2024T17:48:14 - [MESSAGE][PASSED] - Tapped on element 'Object Repository/Lost and Non Lost Functionality/Reason for loss Field'

04-04-2024T17:48:14 - [TEST_STEP][PASSED] - setText(findTestObject("Lost and Non Lost Functionality/Reason for loss Field"), str_ReasonForLoss, 0): Text 'LTC-Exchange' has been set to element 'Object Repository/Lost and Non Lost Functionality/Reason for loss Field'

04-04-2024T17:48:14 - [MESSAGE][WARNING] - Timeout '0' is invalid. Using default page load timeout: '30'

04-04-2024T17:48:16 - [MESSAGE][PASSED] - Text 'LTC-Exchange' has been set to element 'Object Repository/Lost and Non Lost Functionality/Reason for loss Field'

04-04-2024T17:48:16 - [TEST_STEP][PASSED] - tap(findTestObject("MarkAsLost/ResonForLossTextNew"), 0): Tapped on element 'Object Repository/MarkAsLost/ResonForLossTextNew'

04-04-2024T17:48:16 - [MESSAGE][WARNING] - Timeout '0' is invalid. Using default page load timeout: '30'

04-04-2024T17:48:18 - [MESSAGE][PASSED] - Tapped on element 'Object Repository/MarkAsLost/ResonForLossTextNew'

04-04-2024T17:48:18 - [TEST_STEP][PASSED] - tap(findTestObject("Lost and Non Lost Functionality/Make lost to field"), 0): Tapped on element 'Object Repository/Lost and Non Lost Functionality/Make lost to field'

04-04-2024T17:48:18 - [MESSAGE][WARNING] - Timeout '0' is invalid. Using default page load timeout: '30'

04-04-2024T17:48:19 - [MESSAGE][PASSED] - Tapped on element 'Object Repository/Lost and Non Lost Functionality/Make lost to field'

04-04-2024T17:48:19 - [TEST_STEP][PASSED] - setText(findTestObject("Lost and Non Lost Functionality/Make lost to field"), str_MakeLossTo, 0): Text 'AMW' has been set to element 'Object Repository/Lost and Non Lost Functionality/Make lost to field'

04-04-2024T17:48:19 - [MESSAGE][WARNING] - Timeout '0' is invalid. Using default page load timeout: '30'

04-04-2024T17:48:20 - [MESSAGE][PASSED] - Text 'AMW' has been set to element 'Object Repository/Lost and Non Lost Functionality/Make lost to field'

04-04-2024T17:48:20 - [TEST_STEP][PASSED] - tap(findTestObject("MarkAsLost/MakeLostToTextNew"), 0): Tapped on element 'Object Repository/MarkAsLost/MakeLostToTextNew'

04-04-2024T17:48:20 - [MESSAGE][WARNING] - Timeout '0' is invalid. Using default page load timeout: '30'

04-04-2024T17:48:21 - [MESSAGE][PASSED] - Tapped on element 'Object Repository/MarkAsLost/MakeLostToTextNew'

04-04-2024T17:48:21 - [TEST_STEP][PASSED] - hideKeyboard(): Keyboard is hidden

04-04-2024T17:48:23 - [MESSAGE][PASSED] - Keyboard is hidden

04-04-2024T17:48:23 - [TEST_STEP][PASSED] - tap(findTestObject("MarkAsLost/ModelLostToNew"), 0): Tapped on element 'Object Repository/MarkAsLost/ModelLostToNew'

04-04-2024T17:48:24 - [MESSAGE][WARNING] - Timeout '0' is invalid. Using default page load timeout: '30'

04-04-2024T17:48:24 - [MESSAGE][PASSED] - Tapped on element 'Object Repository/MarkAsLost/ModelLostToNew'

04-04-2024T17:48:24 - [TEST_STEP][PASSED] - setText(findTestObject("Home/ModelLostToText"), str_ModelLostTo, 0): Text 'I' has been set to element 'Object Repository/Home/ModelLostToText'

04-04-2024T17:48:24 - [MESSAGE][WARNING] - Timeout '0' is invalid. Using default page load timeout: '30'

04-04-2024T17:48:26 - [MESSAGE][PASSED] - Text 'I' has been set to element 'Object Repository/Home/ModelLostToText'

04-04-2024T17:48:26 - [TEST_STEP][PASSED] - hideKeyboard(): Keyboard is hidden

04-04-2024T17:48:28 - [MESSAGE][PASSED] - Keyboard is hidden

04-04-2024T17:48:28 - [TEST_STEP][PASSED] - tap(findTestObject("MarkAsLost/NewModelLostDropdown"), 0): Tapped on element 'Object Repository/MarkAsLost/NewModelLostDropdown'

04-04-2024T17:48:28 - [MESSAGE][WARNING] - Timeout '0' is invalid. Using default page load timeout: '30'

04-04-2024T17:48:29 - [MESSAGE][PASSED] - Tapped on element 'Object Repository/MarkAsLost/NewModelLostDropdown'

04-04-2024T17:48:29 - [TEST_STEP][PASSED] - tap(findTestObject("Home/NewComment"), 0): Tapped on element 'Object Repository/Home/NewComment'

04-04-2024T17:48:29 - [MESSAGE][WARNING] - Timeout '0' is invalid. Using default page load timeout: '30'

04-04-2024T17:48:30 - [MESSAGE][PASSED] - Tapped on element 'Object Repository/Home/NewComment'

04-04-2024T17:48:30 - [TEST_STEP][PASSED] - setText(findTestObject("Home/NewComment"), str_Comment, 0): Text 'Comment' has been set to element 'Object Repository/Home/NewComment'

04-04-2024T17:48:31 - [MESSAGE][WARNING] - Timeout '0' is invalid. Using default page load timeout: '30'

04-04-2024T17:48:32 - [MESSAGE][PASSED] - Text 'Comment' has been set to element 'Object Repository/Home/NewComment'

04-04-2024T17:48:32 - [TEST_STEP][PASSED] - hideKeyboard(): Keyboard is hidden

04-04-2024T17:48:34 - [MESSAGE][PASSED] - Keyboard is hidden

04-04-2024T17:48:34 - [TEST_STEP][PASSED] - tap(findTestObject("Lost and Non Lost Functionality/Mark as lost (1)"), 0): Tapped on element 'Object Repository/Lost and Non Lost Functionality/Mark as lost (1)'

04-04-2024T17:48:34 - [MESSAGE][WARNING] - Timeout '0' is invalid. Using default page load timeout: '30'

04-04-2024T17:48:35 - [MESSAGE][PASSED] - Tapped on element 'Object Repository/Lost and Non Lost Functionality/Mark as lost (1)'

04-04-2024T17:48:35 - [TEST_STEP][PASSED] - Bool_Offline = waitForElementPresent(findTestObject("LockScreen/NewPin/Offline Master Sync"), 10): Object Object Repository/LockScreen/NewPin/Offline Master Sync not found

04-04-2024T17:48:45 - [MESSAGE][WARNING] - Object Object Repository/LockScreen/NewPin/Offline Master Sync not found

04-04-2024T17:48:45 - [TEST_STEP][PASSED] - if (Bool_Offline == true): null

04-04-2024T17:48:45 - [TEST_STEP][PASSED] - verifyElementExist(findTestObject("Lost and Non Lost Functionality/LostCasesText"), 60): Element 'Object Repository/Lost and Non Lost Functionality/LostCasesText' is exist

04-04-2024T17:48:45 - [MESSAGE][PASSED] - Element 'Object Repository/Lost and Non Lost Functionality/LostCasesText' is exist

04-04-2024T17:48:45 - [TEST_STEP][PASSED] - takeScreenshot(): Screenshot is taken

04-04-2024T17:48:46 - [MESSAGE][PASSED] - Screenshot is taken
[[ATTACHMENT|C:\\Users\\sushil.gaikwad\\git\\EguruSmart1\\Reports\\20240404_173920\\TataMotors\\20240404_173920\\1712233125837.png]]

04-04-2024T17:48:46 - [TEST_STEP][PASSED] - closeApplication(): Close app successfully

04-04-2024T17:48:48 - [MESSAGE][PASSED] - Close app successfully]]></system-out>
         <system-err><![CDATA[]]></system-err>
      </testcase>
      <testcase name="Test Cases/TC/TC_06 - To verify that user can mark as Non Lost or not" time="122.133" classname="Test Cases/TC/TC_06 - To verify that user can mark as Non Lost or not" status="PASSED">
         <system-out><![CDATA[04-04-2024T17:48:48 - [TEST_CASE][PASSED] - Test Cases/TC/TC_06 - To verify that user can mark as Non Lost or not: Test Cases/TC/TC_06 - To verify that user can mark as Non Lost or not

04-04-2024T17:48:48 - [TEST_STEP][PASSED] - callTestCase(findTestCase("CommenWorkflows/Login"), ["Str_URL":"C:\Users\sushil.gaikwad\git\EguruSmart1\Application\app-release (4).apk", "Str_Username":"DUSER145", "Str_Password":"Soct#2023", ... ], STOP_ON_FAILURE): Call Test Case 'Test Cases/CommenWorkflows/Login' successfully

04-04-2024T17:48:49 - [TEST_CASE][PASSED] - Test Cases/CommenWorkflows/Login: Test Cases/CommenWorkflows/Login

04-04-2024T17:48:49 - [TEST_STEP][PASSED] - startApplication(Str_URL, false): Started app at: 'C:\Users\sushil.gaikwad\git\EguruSmart1\Application\app-release (4).apk'

04-04-2024T17:48:49 - [MESSAGE][INFO] - User set preference: ['deviceId', 'R9ZT10H9Y2L']

04-04-2024T17:48:49 - [MESSAGE][INFO] - Detected NodeJS location: "C:\Program Files\nodejs\node.exe"

04-04-2024T17:48:54 - [MESSAGE][INFO] - PATH: C:\Program Files\nodejs;

04-04-2024T17:48:54 - [MESSAGE][INFO] - APPIUM_HOME: C:\Users\sushil.gaikwad\AppData\Roaming\npm\node_modules\appium\build\lib\main.js

04-04-2024T17:48:54 - [MESSAGE][INFO] - appium outlog: C:\Users\sushil.gaikwad\git\EguruSmart1\Reports\20240404_173920\TataMotors\20240404_173920\appium.log

04-04-2024T17:48:54 - [MESSAGE][INFO] - appium errlog: C:\Users\sushil.gaikwad\git\EguruSmart1\Reports\20240404_173920\TataMotors\20240404_173920\appium_error.log

04-04-2024T17:48:56 - [MESSAGE][INFO] - Appium server started on port 64,207

04-04-2024T17:49:10 - [MESSAGE][PASSED] - Started app at: 'C:\Users\sushil.gaikwad\git\EguruSmart1\Application\app-release (4).apk'

04-04-2024T17:49:10 - [TEST_STEP][PASSED] - Bool_Username = waitForElementPresent(findTestObject("LockScreen/UsernaneText"), 10): Object Object Repository/LockScreen/UsernaneText not found

04-04-2024T17:49:20 - [MESSAGE][WARNING] - Object Object Repository/LockScreen/UsernaneText not found

04-04-2024T17:49:20 - [TEST_STEP][PASSED] - if (Bool_Username == true): null

04-04-2024T17:49:20 - [TEST_STEP][PASSED] - else: Tapped on element 'Object Repository/LockScreen/LoginButton'

04-04-2024T17:49:20 - [TEST_STEP][PASSED] - tap(findTestObject("LockScreen/Tap1"), 0): Tapped on element 'Object Repository/LockScreen/Tap1'

04-04-2024T17:49:20 - [MESSAGE][WARNING] - Timeout '0' is invalid. Using default page load timeout: '30'

04-04-2024T17:49:25 - [MESSAGE][PASSED] - Tapped on element 'Object Repository/LockScreen/Tap1'

04-04-2024T17:49:25 - [TEST_STEP][PASSED] - setText(findTestObject("LockScreen/Text1"), "1", 0): Text '1' has been set to element 'Object Repository/LockScreen/Text1'

04-04-2024T17:49:25 - [MESSAGE][WARNING] - Timeout '0' is invalid. Using default page load timeout: '30'

04-04-2024T17:49:26 - [MESSAGE][PASSED] - Text '1' has been set to element 'Object Repository/LockScreen/Text1'

04-04-2024T17:49:26 - [TEST_STEP][PASSED] - setText(findTestObject("LockScreen/Text2"), "2", 0): Text '2' has been set to element 'Object Repository/LockScreen/Text2'

04-04-2024T17:49:26 - [MESSAGE][WARNING] - Timeout '0' is invalid. Using default page load timeout: '30'

04-04-2024T17:49:28 - [MESSAGE][PASSED] - Text '2' has been set to element 'Object Repository/LockScreen/Text2'

04-04-2024T17:49:28 - [TEST_STEP][PASSED] - setText(findTestObject("LockScreen/Text3"), "3", 0): Text '3' has been set to element 'Object Repository/LockScreen/Text3'

04-04-2024T17:49:28 - [MESSAGE][WARNING] - Timeout '0' is invalid. Using default page load timeout: '30'

04-04-2024T17:49:29 - [MESSAGE][PASSED] - Text '3' has been set to element 'Object Repository/LockScreen/Text3'

04-04-2024T17:49:29 - [TEST_STEP][PASSED] - setText(findTestObject("LockScreen/Text4"), "4", 0): Text '4' has been set to element 'Object Repository/LockScreen/Text4'

04-04-2024T17:49:29 - [MESSAGE][WARNING] - Timeout '0' is invalid. Using default page load timeout: '30'

04-04-2024T17:49:30 - [MESSAGE][PASSED] - Text '4' has been set to element 'Object Repository/LockScreen/Text4'

04-04-2024T17:49:30 - [TEST_STEP][PASSED] - tap(findTestObject("LockScreen/LoginButton"), 0): Tapped on element 'Object Repository/LockScreen/LoginButton'

04-04-2024T17:49:30 - [MESSAGE][WARNING] - Timeout '0' is invalid. Using default page load timeout: '30'

04-04-2024T17:49:33 - [MESSAGE][PASSED] - Tapped on element 'Object Repository/LockScreen/LoginButton'

04-04-2024T17:49:33 - [MESSAGE][PASSED] - Call Test Case 'Test Cases/CommenWorkflows/Login' successfully

04-04-2024T17:49:33 - [TEST_STEP][PASSED] - verifyElementExist(findTestObject("TataMotars/HomeButton"), 30): Element 'Object Repository/TataMotars/HomeButton' is exist

04-04-2024T17:49:33 - [MESSAGE][PASSED] - Element 'Object Repository/TataMotars/HomeButton' is exist

04-04-2024T17:49:33 - [TEST_STEP][PASSED] - tap(findTestObject("Home/Opportunities"), 0): Tapped on element 'Object Repository/Home/Opportunities'

04-04-2024T17:49:33 - [MESSAGE][WARNING] - Timeout '0' is invalid. Using default page load timeout: '30'

04-04-2024T17:49:34 - [MESSAGE][PASSED] - Tapped on element 'Object Repository/Home/Opportunities'

04-04-2024T17:49:34 - [TEST_STEP][PASSED] - tap(findTestObject("Lost and Non Lost Functionality/C0"), 0): Tapped on element 'Object Repository/Lost and Non Lost Functionality/C0'

04-04-2024T17:49:34 - [MESSAGE][WARNING] - Timeout '0' is invalid. Using default page load timeout: '30'

04-04-2024T17:49:36 - [MESSAGE][PASSED] - Tapped on element 'Object Repository/Lost and Non Lost Functionality/C0'

04-04-2024T17:49:36 - [TEST_STEP][PASSED] - bool_Summary = verifyElementExist(findTestObject("Lost and Non Lost Functionality/C0 Summary Text"), 0): Element 'Object Repository/Lost and Non Lost Functionality/C0 Summary Text' is exist

04-04-2024T17:49:36 - [MESSAGE][WARNING] - Timeout '0' is invalid. Using default page load timeout: '30'

04-04-2024T17:49:38 - [MESSAGE][PASSED] - Element 'Object Repository/Lost and Non Lost Functionality/C0 Summary Text' is exist

04-04-2024T17:49:38 - [TEST_STEP][PASSED] - bool_Target = verifyElementExist(findTestObject("Lost and Non Lost Functionality/Target text"), 0): Element 'Object Repository/Lost and Non Lost Functionality/Target text' is exist

04-04-2024T17:49:38 - [MESSAGE][WARNING] - Timeout '0' is invalid. Using default page load timeout: '30'

04-04-2024T17:49:38 - [MESSAGE][PASSED] - Element 'Object Repository/Lost and Non Lost Functionality/Target text' is exist

04-04-2024T17:49:38 - [TEST_STEP][PASSED] - bool_MTD = verifyElementExist(findTestObject("Lost and Non Lost Functionality/MTD text"), 0): Element 'Object Repository/Lost and Non Lost Functionality/MTD text' is exist

04-04-2024T17:49:38 - [MESSAGE][WARNING] - Timeout '0' is invalid. Using default page load timeout: '30'

04-04-2024T17:49:38 - [MESSAGE][PASSED] - Element 'Object Repository/Lost and Non Lost Functionality/MTD text' is exist

04-04-2024T17:49:38 - [TEST_STEP][PASSED] - bool_ThisWeek = verifyElementExist(findTestObject("Lost and Non Lost Functionality/This Week text"), 0): Element 'Object Repository/Lost and Non Lost Functionality/This Week text' is exist

04-04-2024T17:49:38 - [MESSAGE][WARNING] - Timeout '0' is invalid. Using default page load timeout: '30'

04-04-2024T17:49:39 - [MESSAGE][PASSED] - Element 'Object Repository/Lost and Non Lost Functionality/This Week text' is exist

04-04-2024T17:49:39 - [TEST_STEP][PASSED] - bool_Yesterday = verifyElementExist(findTestObject("Lost and Non Lost Functionality/Yesterday text"), 0): Element 'Object Repository/Lost and Non Lost Functionality/Yesterday text' is exist

04-04-2024T17:49:39 - [MESSAGE][WARNING] - Timeout '0' is invalid. Using default page load timeout: '30'

04-04-2024T17:49:39 - [MESSAGE][PASSED] - Element 'Object Repository/Lost and Non Lost Functionality/Yesterday text' is exist

04-04-2024T17:49:39 - [TEST_STEP][PASSED] - bool_Yesterday && bool_ThisWeek && bool_MTD && bool_Target && bool_Summary == true: null

04-04-2024T17:49:39 - [TEST_STEP][PASSED] - takeScreenshot(): Screenshot is taken

04-04-2024T17:49:41 - [MESSAGE][PASSED] - Screenshot is taken
[[ATTACHMENT|C:\\Users\\sushil.gaikwad\\git\\EguruSmart1\\Reports\\20240404_173920\\TataMotors\\20240404_173920\\1712233179573.png]]

04-04-2024T17:49:41 - [TEST_STEP][PASSED] - Bool_Offline = waitForElementPresent(findTestObject("LockScreen/NewPin/Offline Master Sync"), 10): Object Object Repository/LockScreen/NewPin/Offline Master Sync not found

04-04-2024T17:49:51 - [MESSAGE][WARNING] - Object Object Repository/LockScreen/NewPin/Offline Master Sync not found

04-04-2024T17:49:51 - [TEST_STEP][PASSED] - if (Bool_Offline == true): null

04-04-2024T17:49:51 - [TEST_STEP][PASSED] - tap(findTestObject("Additional Info/C0 Three Dots2"), 5): Tapped on element 'Object Repository/Additional Info/C0 Three Dots2'

04-04-2024T17:49:53 - [MESSAGE][PASSED] - Tapped on element 'Object Repository/Additional Info/C0 Three Dots2'

04-04-2024T17:49:53 - [TEST_STEP][PASSED] - Bool_Offline = waitForElementPresent(findTestObject("Lost and Non Lost Functionality/Opportunity Details"), 10): Element 'Object Repository/Lost and Non Lost Functionality/Opportunity Details' is present

04-04-2024T17:49:53 - [MESSAGE][PASSED] - Element 'Object Repository/Lost and Non Lost Functionality/Opportunity Details' is present

04-04-2024T17:49:53 - [TEST_STEP][PASSED] - tap(findTestObject("Lost and Non Lost Functionality/Opportunity Details"), 0): Tapped on element 'Object Repository/Lost and Non Lost Functionality/Opportunity Details'

04-04-2024T17:49:53 - [MESSAGE][WARNING] - Timeout '0' is invalid. Using default page load timeout: '30'

04-04-2024T17:49:53 - [MESSAGE][PASSED] - Tapped on element 'Object Repository/Lost and Non Lost Functionality/Opportunity Details'

04-04-2024T17:49:53 - [TEST_STEP][PASSED] - waitForElementPresent(findTestObject("Lost and Non Lost Functionality/Schedule a follow up"), 5): Element 'Object Repository/Lost and Non Lost Functionality/Schedule a follow up' is present

04-04-2024T17:49:55 - [MESSAGE][PASSED] - Element 'Object Repository/Lost and Non Lost Functionality/Schedule a follow up' is present

04-04-2024T17:49:55 - [TEST_STEP][PASSED] - bool_CreateC1 = verifyElementExist(findTestObject("Lost and Non Lost Functionality/CREATE C1"), 0): Element 'Object Repository/Lost and Non Lost Functionality/CREATE C1' is exist

04-04-2024T17:49:55 - [MESSAGE][WARNING] - Timeout '0' is invalid. Using default page load timeout: '30'

04-04-2024T17:49:55 - [MESSAGE][PASSED] - Element 'Object Repository/Lost and Non Lost Functionality/CREATE C1' is exist

04-04-2024T17:49:55 - [TEST_STEP][PASSED] - bool_Details = verifyElementExist(findTestObject("Lost and Non Lost Functionality/DETAILS"), 0): Element 'Object Repository/Lost and Non Lost Functionality/DETAILS' is exist

04-04-2024T17:49:55 - [MESSAGE][WARNING] - Timeout '0' is invalid. Using default page load timeout: '30'

04-04-2024T17:49:55 - [MESSAGE][PASSED] - Element 'Object Repository/Lost and Non Lost Functionality/DETAILS' is exist

04-04-2024T17:49:55 - [TEST_STEP][PASSED] - bool_Details && bool_CreateC1 == true: null

04-04-2024T17:49:55 - [TEST_STEP][PASSED] - takeScreenshot(): Screenshot is taken

04-04-2024T17:49:57 - [MESSAGE][PASSED] - Screenshot is taken
[[ATTACHMENT|C:\\Users\\sushil.gaikwad\\git\\EguruSmart1\\Reports\\20240404_173920\\TataMotors\\20240404_173920\\1712233195972.png]]

04-04-2024T17:49:57 - [TEST_STEP][PASSED] - delay(0, STOP_ON_FAILURE): Delayed 0 second(s)

04-04-2024T17:49:57 - [MESSAGE][PASSED] - Delayed 0 second(s)

04-04-2024T17:49:57 - [TEST_STEP][PASSED] - tap(findTestObject("Lost and Non Lost Functionality/Mark as Lost"), 0): Tapped on element 'Object Repository/Lost and Non Lost Functionality/Mark as Lost'

04-04-2024T17:49:57 - [MESSAGE][WARNING] - Timeout '0' is invalid. Using default page load timeout: '30'

04-04-2024T17:50:05 - [MESSAGE][PASSED] - Tapped on element 'Object Repository/Lost and Non Lost Functionality/Mark as Lost'

04-04-2024T17:50:05 - [TEST_STEP][PASSED] - bool_LTC = verifyElementExist(findTestObject("Lost and Non Lost Functionality/LTC RadioButton"), 0): Element 'Object Repository/Lost and Non Lost Functionality/LTC RadioButton' is exist

04-04-2024T17:50:05 - [MESSAGE][WARNING] - Timeout '0' is invalid. Using default page load timeout: '30'

04-04-2024T17:50:05 - [MESSAGE][PASSED] - Element 'Object Repository/Lost and Non Lost Functionality/LTC RadioButton' is exist

04-04-2024T17:50:05 - [TEST_STEP][PASSED] - bool_NotLTC = verifyElementExist(findTestObject("Lost and Non Lost Functionality/Non LTC RadioButton"), 0): Element 'Object Repository/Lost and Non Lost Functionality/Non LTC RadioButton' is exist

04-04-2024T17:50:05 - [MESSAGE][WARNING] - Timeout '0' is invalid. Using default page load timeout: '30'

04-04-2024T17:50:05 - [MESSAGE][PASSED] - Element 'Object Repository/Lost and Non Lost Functionality/Non LTC RadioButton' is exist

04-04-2024T17:50:05 - [TEST_STEP][PASSED] - bool_ReasonForLoss = verifyElementExist(findTestObject("Lost and Non Lost Functionality/Reason for loss Field"), 0): Element 'Object Repository/Lost and Non Lost Functionality/Reason for loss Field' is exist

04-04-2024T17:50:05 - [MESSAGE][WARNING] - Timeout '0' is invalid. Using default page load timeout: '30'

04-04-2024T17:50:06 - [MESSAGE][PASSED] - Element 'Object Repository/Lost and Non Lost Functionality/Reason for loss Field' is exist

04-04-2024T17:50:06 - [TEST_STEP][PASSED] - bool_MakeLostTo = verifyElementExist(findTestObject("Lost and Non Lost Functionality/Make lost to field"), 0): Element 'Object Repository/Lost and Non Lost Functionality/Make lost to field' is exist

04-04-2024T17:50:06 - [MESSAGE][WARNING] - Timeout '0' is invalid. Using default page load timeout: '30'

04-04-2024T17:50:07 - [MESSAGE][PASSED] - Element 'Object Repository/Lost and Non Lost Functionality/Make lost to field' is exist

04-04-2024T17:50:07 - [TEST_STEP][PASSED] - bool_ModelToLostTo = verifyElementExist(findTestObject("Lost and Non Lost Functionality/Model lost to"), 0): Element 'Object Repository/Lost and Non Lost Functionality/Model lost to' is exist

04-04-2024T17:50:07 - [MESSAGE][WARNING] - Timeout '0' is invalid. Using default page load timeout: '30'

04-04-2024T17:50:09 - [MESSAGE][PASSED] - Element 'Object Repository/Lost and Non Lost Functionality/Model lost to' is exist

04-04-2024T17:50:09 - [TEST_STEP][PASSED] - bool_Comment = verifyElementExist(findTestObject("Lost and Non Lost Functionality/Comment"), 0): Element 'Object Repository/Lost and Non Lost Functionality/Comment' is exist

04-04-2024T17:50:09 - [MESSAGE][WARNING] - Timeout '0' is invalid. Using default page load timeout: '30'

04-04-2024T17:50:10 - [MESSAGE][PASSED] - Element 'Object Repository/Lost and Non Lost Functionality/Comment' is exist

04-04-2024T17:50:10 - [TEST_STEP][PASSED] - bool_LTC && bool_NotLTC && bool_ReasonForLoss && bool_MakeLostTo && bool_ModelToLostTo && bool_Comment == true: null

04-04-2024T17:50:10 - [TEST_STEP][PASSED] - takeScreenshot(): Screenshot is taken

04-04-2024T17:50:11 - [MESSAGE][PASSED] - Screenshot is taken
[[ATTACHMENT|C:\\Users\\sushil.gaikwad\\git\\EguruSmart1\\Reports\\20240404_173920\\TataMotors\\20240404_173920\\1712233210956.png]]

04-04-2024T17:50:11 - [TEST_STEP][PASSED] - tap(findTestObject("Lost and Non Lost Functionality/Non LTC RadioButton"), 0): Tapped on element 'Object Repository/Lost and Non Lost Functionality/Non LTC RadioButton'

04-04-2024T17:50:11 - [MESSAGE][WARNING] - Timeout '0' is invalid. Using default page load timeout: '30'

04-04-2024T17:50:14 - [MESSAGE][PASSED] - Tapped on element 'Object Repository/Lost and Non Lost Functionality/Non LTC RadioButton'

04-04-2024T17:50:14 - [TEST_STEP][PASSED] - tap(findTestObject("Lost and Non Lost Functionality/Reason for loss Field"), 0): Tapped on element 'Object Repository/Lost and Non Lost Functionality/Reason for loss Field'

04-04-2024T17:50:14 - [MESSAGE][WARNING] - Timeout '0' is invalid. Using default page load timeout: '30'

04-04-2024T17:50:15 - [MESSAGE][PASSED] - Tapped on element 'Object Repository/Lost and Non Lost Functionality/Reason for loss Field'

04-04-2024T17:50:15 - [TEST_STEP][PASSED] - setText(findTestObject("Lost and Non Lost Functionality/Reason for loss Field"), str_NonLTCReasonForLoss, 0): Text 'NonLT C-Service/Spares Issues' has been set to element 'Object Repository/Lost and Non Lost Functionality/Reason for loss Field'

04-04-2024T17:50:15 - [MESSAGE][WARNING] - Timeout '0' is invalid. Using default page load timeout: '30'

04-04-2024T17:50:17 - [MESSAGE][PASSED] - Text 'NonLT C-Service/Spares Issues' has been set to element 'Object Repository/Lost and Non Lost Functionality/Reason for loss Field'

04-04-2024T17:50:17 - [TEST_STEP][PASSED] - tap(findTestObject("Lost and Non Lost Functionality/ReasonForLossDD"), 0): Tapped on element 'Object Repository/Lost and Non Lost Functionality/ReasonForLossDD'

04-04-2024T17:50:17 - [MESSAGE][WARNING] - Timeout '0' is invalid. Using default page load timeout: '30'

04-04-2024T17:50:19 - [MESSAGE][PASSED] - Tapped on element 'Object Repository/Lost and Non Lost Functionality/ReasonForLossDD'

04-04-2024T17:50:19 - [TEST_STEP][PASSED] - tap(findTestObject("Home/NewComment"), 0): Tapped on element 'Object Repository/Home/NewComment'

04-04-2024T17:50:19 - [MESSAGE][WARNING] - Timeout '0' is invalid. Using default page load timeout: '30'

04-04-2024T17:50:20 - [MESSAGE][PASSED] - Tapped on element 'Object Repository/Home/NewComment'

04-04-2024T17:50:20 - [TEST_STEP][PASSED] - setText(findTestObject("Home/NewComment"), str_Comment, 0): Text 'To Create lost view in lost case' has been set to element 'Object Repository/Home/NewComment'

04-04-2024T17:50:21 - [MESSAGE][WARNING] - Timeout '0' is invalid. Using default page load timeout: '30'

04-04-2024T17:50:22 - [MESSAGE][PASSED] - Text 'To Create lost view in lost case' has been set to element 'Object Repository/Home/NewComment'

04-04-2024T17:50:22 - [TEST_STEP][PASSED] - hideKeyboard(): Keyboard is hidden

04-04-2024T17:50:24 - [MESSAGE][PASSED] - Keyboard is hidden

04-04-2024T17:50:24 - [TEST_STEP][PASSED] - tap(findTestObject("Lost and Non Lost Functionality/Mark as lost (1)"), 0): Tapped on element 'Object Repository/Lost and Non Lost Functionality/Mark as lost (1)'

04-04-2024T17:50:24 - [MESSAGE][WARNING] - Timeout '0' is invalid. Using default page load timeout: '30'

04-04-2024T17:50:25 - [MESSAGE][PASSED] - Tapped on element 'Object Repository/Lost and Non Lost Functionality/Mark as lost (1)'

04-04-2024T17:50:25 - [TEST_STEP][PASSED] - Bool_Offline = waitForElementPresent(findTestObject("LockScreen/NewPin/Offline Master Sync"), 10): Object Object Repository/LockScreen/NewPin/Offline Master Sync not found

04-04-2024T17:50:35 - [MESSAGE][WARNING] - Object Object Repository/LockScreen/NewPin/Offline Master Sync not found

04-04-2024T17:50:35 - [TEST_STEP][PASSED] - if (Bool_Offline == true): null

04-04-2024T17:50:35 - [TEST_STEP][PASSED] - verifyElementExist(findTestObject("Lost and Non Lost Functionality/LostCasesText"), 0): Element 'Object Repository/Lost and Non Lost Functionality/LostCasesText' is exist

04-04-2024T17:50:35 - [MESSAGE][WARNING] - Timeout '0' is invalid. Using default page load timeout: '30'

04-04-2024T17:50:48 - [MESSAGE][PASSED] - Element 'Object Repository/Lost and Non Lost Functionality/LostCasesText' is exist

04-04-2024T17:50:48 - [TEST_STEP][PASSED] - takeScreenshot(): Screenshot is taken

04-04-2024T17:50:49 - [MESSAGE][PASSED] - Screenshot is taken
[[ATTACHMENT|C:\\Users\\sushil.gaikwad\\git\\EguruSmart1\\Reports\\20240404_173920\\TataMotors\\20240404_173920\\1712233248189.png]]

04-04-2024T17:50:49 - [TEST_STEP][PASSED] - closeApplication(): Close app successfully

04-04-2024T17:50:50 - [MESSAGE][PASSED] - Close app successfully]]></system-out>
         <system-err><![CDATA[]]></system-err>
      </testcase>
      <testcase name="Test Cases/TC/TC_07 - To verify that user is able to update the follow up details or not" time="84.878" classname="Test Cases/TC/TC_07 - To verify that user is able to update the follow up details or not" status="FAILED">
         <failure type="FAILED" message="Test Cases/TC/TC_07 - To verify that user is able to update the follow up details or not FAILED.&#xa;Reason:&#xa;com.kms.katalon.core.exception.StepFailedException: Failed to check for element 'Object Repository/ScheduleFollowUp/UpdateButton' exist&#xa;	at com.kms.katalon.core.mobile.keyword.internal.MobileKeywordMain.stepFailed(MobileKeywordMain.groovy:38)&#xa;	at com.kms.katalon.core.mobile.keyword.internal.MobileKeywordMain.runKeyword(MobileKeywordMain.groovy:21)&#xa;	at com.kms.katalon.core.mobile.keyword.builtin.VerifyElementExistKeyword.verifyElementExist(VerifyElementExistKeyword.groovy:51)&#xa;	at com.kms.katalon.core.mobile.keyword.builtin.VerifyElementExistKeyword.execute(VerifyElementExistKeyword.groovy:35)&#xa;	at com.kms.katalon.core.keyword.internal.KeywordExecutor.executeKeywordForPlatform(KeywordExecutor.groovy:74)&#xa;	at com.kms.katalon.core.mobile.keyword.MobileBuiltInKeywords.verifyElementExist(MobileBuiltInKeywords.groovy:1755)&#xa;	at TC_07 - To verify that user is able to update the follow up details or not.run(TC_07 - To verify that user is able to update the follow up details or not:34)&#xa;	at com.kms.katalon.core.main.ScriptEngine.run(ScriptEngine.java:194)&#xa;	at com.kms.katalon.core.main.ScriptEngine.runScriptAsRawText(ScriptEngine.java:119)&#xa;	at com.kms.katalon.core.main.TestCaseExecutor.runScript(TestCaseExecutor.java:448)&#xa;	at com.kms.katalon.core.main.TestCaseExecutor.doExecute(TestCaseExecutor.java:439)&#xa;	at com.kms.katalon.core.main.TestCaseExecutor.processExecutionPhase(TestCaseExecutor.java:418)&#xa;	at com.kms.katalon.core.main.TestCaseExecutor.accessMainPhase(TestCaseExecutor.java:410)&#xa;	at com.kms.katalon.core.main.TestCaseExecutor.execute(TestCaseExecutor.java:285)&#xa;	at com.kms.katalon.core.common.CommonExecutor.accessTestCaseMainPhase(CommonExecutor.java:65)&#xa;	at com.kms.katalon.core.main.TestSuiteExecutor.accessTestSuiteMainPhase(TestSuiteExecutor.java:148)&#xa;	at com.kms.katalon.core.main.TestSuiteExecutor.execute(TestSuiteExecutor.java:106)&#xa;	at com.kms.katalon.core.main.TestCaseMain.startTestSuite(TestCaseMain.java:180)&#xa;	at TempTestSuite1712232560197.run(TempTestSuite1712232560197.groovy:35)&#xa;	at java.base/jdk.internal.reflect.NativeMethodAccessorImpl.invoke0(Native Method)&#xa;	at java.base/jdk.internal.reflect.NativeMethodAccessorImpl.invoke(NativeMethodAccessorImpl.java:77)&#xa;	at java.base/jdk.internal.reflect.DelegatingMethodAccessorImpl.invoke(DelegatingMethodAccessorImpl.java:43)&#xa;Caused by: com.kms.katalon.core.exception.StepFailedException: Element 'Object Repository/ScheduleFollowUp/UpdateButton' not found&#xa;	at com.kms.katalon.core.mobile.keyword.internal.MobileKeywordMain.stepFailed(MobileKeywordMain.groovy:38)&#xa;	at com.kms.katalon.core.mobile.keyword.builtin.VerifyElementExistKeyword$_verifyElementExist_closure1.doCall(VerifyElementExistKeyword.groovy:48)&#xa;	at com.kms.katalon.core.mobile.keyword.builtin.VerifyElementExistKeyword$_verifyElementExist_closure1.call(VerifyElementExistKeyword.groovy)&#xa;	at com.kms.katalon.core.mobile.keyword.internal.MobileKeywordMain.runKeyword(MobileKeywordMain.groovy:19)&#xa;	... 20 more&#xa;"/>
         <system-out><![CDATA[04-04-2024T17:50:50 - [TEST_CASE][FAILED] - Test Cases/TC/TC_07 - To verify that user is able to update the follow up details or not: Test Cases/TC/TC_07 - To verify that user is able to update the follow up details or not FAILED.
Reason:
com.kms.katalon.core.exception.StepFailedException: Failed to check for element 'Object Repository/ScheduleFollowUp/UpdateButton' exist
	at com.kms.katalon.core.mobile.keyword.internal.MobileKeywordMain.stepFailed(MobileKeywordMain.groovy:38)
	at com.kms.katalon.core.mobile.keyword.internal.MobileKeywordMain.runKeyword(MobileKeywordMain.groovy:21)
	at com.kms.katalon.core.mobile.keyword.builtin.VerifyElementExistKeyword.verifyElementExist(VerifyElementExistKeyword.groovy:51)
	at com.kms.katalon.core.mobile.keyword.builtin.VerifyElementExistKeyword.execute(VerifyElementExistKeyword.groovy:35)
	at com.kms.katalon.core.keyword.internal.KeywordExecutor.executeKeywordForPlatform(KeywordExecutor.groovy:74)
	at com.kms.katalon.core.mobile.keyword.MobileBuiltInKeywords.verifyElementExist(MobileBuiltInKeywords.groovy:1755)
	at TC_07 - To verify that user is able to update the follow up details or not.run(TC_07 - To verify that user is able to update the follow up details or not:34)
	at com.kms.katalon.core.main.ScriptEngine.run(ScriptEngine.java:194)
	at com.kms.katalon.core.main.ScriptEngine.runScriptAsRawText(ScriptEngine.java:119)
	at com.kms.katalon.core.main.TestCaseExecutor.runScript(TestCaseExecutor.java:448)
	at com.kms.katalon.core.main.TestCaseExecutor.doExecute(TestCaseExecutor.java:439)
	at com.kms.katalon.core.main.TestCaseExecutor.processExecutionPhase(TestCaseExecutor.java:418)
	at com.kms.katalon.core.main.TestCaseExecutor.accessMainPhase(TestCaseExecutor.java:410)
	at com.kms.katalon.core.main.TestCaseExecutor.execute(TestCaseExecutor.java:285)
	at com.kms.katalon.core.common.CommonExecutor.accessTestCaseMainPhase(CommonExecutor.java:65)
	at com.kms.katalon.core.main.TestSuiteExecutor.accessTestSuiteMainPhase(TestSuiteExecutor.java:148)
	at com.kms.katalon.core.main.TestSuiteExecutor.execute(TestSuiteExecutor.java:106)
	at com.kms.katalon.core.main.TestCaseMain.startTestSuite(TestCaseMain.java:180)
	at TempTestSuite1712232560197.run(TempTestSuite1712232560197.groovy:35)
	at java.base/jdk.internal.reflect.NativeMethodAccessorImpl.invoke0(Native Method)
	at java.base/jdk.internal.reflect.NativeMethodAccessorImpl.invoke(NativeMethodAccessorImpl.java:77)
	at java.base/jdk.internal.reflect.DelegatingMethodAccessorImpl.invoke(DelegatingMethodAccessorImpl.java:43)
Caused by: com.kms.katalon.core.exception.StepFailedException: Element 'Object Repository/ScheduleFollowUp/UpdateButton' not found
	at com.kms.katalon.core.mobile.keyword.internal.MobileKeywordMain.stepFailed(MobileKeywordMain.groovy:38)
	at com.kms.katalon.core.mobile.keyword.builtin.VerifyElementExistKeyword$_verifyElementExist_closure1.doCall(VerifyElementExistKeyword.groovy:48)
	at com.kms.katalon.core.mobile.keyword.builtin.VerifyElementExistKeyword$_verifyElementExist_closure1.call(VerifyElementExistKeyword.groovy)
	at com.kms.katalon.core.mobile.keyword.internal.MobileKeywordMain.runKeyword(MobileKeywordMain.groovy:19)
	... 20 more


04-04-2024T17:50:51 - [TEST_STEP][PASSED] - callTestCase(findTestCase("CommenWorkflows/Login"), ["Str_URL":"C:\Users\sushil.gaikwad\git\EguruSmart1\Application\app-release (4).apk", "Str_Username":"DUSER145", "Str_Password":"Soct#2023", ... ], STOP_ON_FAILURE): Call Test Case 'Test Cases/CommenWorkflows/Login' successfully

04-04-2024T17:50:51 - [TEST_CASE][PASSED] - Test Cases/CommenWorkflows/Login: Test Cases/CommenWorkflows/Login

04-04-2024T17:50:51 - [TEST_STEP][PASSED] - startApplication(Str_URL, false): Started app at: 'C:\Users\sushil.gaikwad\git\EguruSmart1\Application\app-release (4).apk'

04-04-2024T17:50:51 - [MESSAGE][INFO] - User set preference: ['deviceId', 'R9ZT10H9Y2L']

04-04-2024T17:50:51 - [MESSAGE][INFO] - Detected NodeJS location: "C:\Program Files\nodejs\node.exe"

04-04-2024T17:50:56 - [MESSAGE][INFO] - PATH: C:\Program Files\nodejs;

04-04-2024T17:50:56 - [MESSAGE][INFO] - APPIUM_HOME: C:\Users\sushil.gaikwad\AppData\Roaming\npm\node_modules\appium\build\lib\main.js

04-04-2024T17:50:56 - [MESSAGE][INFO] - appium outlog: C:\Users\sushil.gaikwad\git\EguruSmart1\Reports\20240404_173920\TataMotors\20240404_173920\appium.log

04-04-2024T17:50:56 - [MESSAGE][INFO] - appium errlog: C:\Users\sushil.gaikwad\git\EguruSmart1\Reports\20240404_173920\TataMotors\20240404_173920\appium_error.log

04-04-2024T17:50:58 - [MESSAGE][INFO] - Appium server started on port 64,500

04-04-2024T17:51:12 - [MESSAGE][PASSED] - Started app at: 'C:\Users\sushil.gaikwad\git\EguruSmart1\Application\app-release (4).apk'

04-04-2024T17:51:12 - [TEST_STEP][PASSED] - Bool_Username = waitForElementPresent(findTestObject("LockScreen/UsernaneText"), 10): Object Object Repository/LockScreen/UsernaneText not found

04-04-2024T17:51:22 - [MESSAGE][WARNING] - Object Object Repository/LockScreen/UsernaneText not found

04-04-2024T17:51:22 - [TEST_STEP][PASSED] - if (Bool_Username == true): null

04-04-2024T17:51:22 - [TEST_STEP][PASSED] - else: Tapped on element 'Object Repository/LockScreen/LoginButton'

04-04-2024T17:51:22 - [TEST_STEP][PASSED] - tap(findTestObject("LockScreen/Tap1"), 0): Tapped on element 'Object Repository/LockScreen/Tap1'

04-04-2024T17:51:22 - [MESSAGE][WARNING] - Timeout '0' is invalid. Using default page load timeout: '30'

04-04-2024T17:51:26 - [MESSAGE][PASSED] - Tapped on element 'Object Repository/LockScreen/Tap1'

04-04-2024T17:51:26 - [TEST_STEP][PASSED] - setText(findTestObject("LockScreen/Text1"), "1", 0): Text '1' has been set to element 'Object Repository/LockScreen/Text1'

04-04-2024T17:51:26 - [MESSAGE][WARNING] - Timeout '0' is invalid. Using default page load timeout: '30'

04-04-2024T17:51:28 - [MESSAGE][PASSED] - Text '1' has been set to element 'Object Repository/LockScreen/Text1'

04-04-2024T17:51:28 - [TEST_STEP][PASSED] - setText(findTestObject("LockScreen/Text2"), "2", 0): Text '2' has been set to element 'Object Repository/LockScreen/Text2'

04-04-2024T17:51:28 - [MESSAGE][WARNING] - Timeout '0' is invalid. Using default page load timeout: '30'

04-04-2024T17:51:29 - [MESSAGE][PASSED] - Text '2' has been set to element 'Object Repository/LockScreen/Text2'

04-04-2024T17:51:29 - [TEST_STEP][PASSED] - setText(findTestObject("LockScreen/Text3"), "3", 0): Text '3' has been set to element 'Object Repository/LockScreen/Text3'

04-04-2024T17:51:29 - [MESSAGE][WARNING] - Timeout '0' is invalid. Using default page load timeout: '30'

04-04-2024T17:51:31 - [MESSAGE][PASSED] - Text '3' has been set to element 'Object Repository/LockScreen/Text3'

04-04-2024T17:51:31 - [TEST_STEP][PASSED] - setText(findTestObject("LockScreen/Text4"), "4", 0): Text '4' has been set to element 'Object Repository/LockScreen/Text4'

04-04-2024T17:51:31 - [MESSAGE][WARNING] - Timeout '0' is invalid. Using default page load timeout: '30'

04-04-2024T17:51:32 - [MESSAGE][PASSED] - Text '4' has been set to element 'Object Repository/LockScreen/Text4'

04-04-2024T17:51:32 - [TEST_STEP][PASSED] - tap(findTestObject("LockScreen/LoginButton"), 0): Tapped on element 'Object Repository/LockScreen/LoginButton'

04-04-2024T17:51:32 - [MESSAGE][WARNING] - Timeout '0' is invalid. Using default page load timeout: '30'

04-04-2024T17:51:34 - [MESSAGE][PASSED] - Tapped on element 'Object Repository/LockScreen/LoginButton'

04-04-2024T17:51:34 - [MESSAGE][PASSED] - Call Test Case 'Test Cases/CommenWorkflows/Login' successfully

04-04-2024T17:51:34 - [TEST_STEP][PASSED] - verifyElementExist(findTestObject("TataMotars/HomeButton"), 10): Element 'Object Repository/TataMotars/HomeButton' is exist

04-04-2024T17:51:35 - [MESSAGE][PASSED] - Element 'Object Repository/TataMotars/HomeButton' is exist

04-04-2024T17:51:35 - [TEST_STEP][PASSED] - Bool_Offline = waitForElementPresent(findTestObject("LockScreen/NewPin/Offline Master Sync"), 5): Object Object Repository/LockScreen/NewPin/Offline Master Sync not found

04-04-2024T17:51:40 - [MESSAGE][WARNING] - Object Object Repository/LockScreen/NewPin/Offline Master Sync not found

04-04-2024T17:51:40 - [TEST_STEP][PASSED] - if (Bool_Offline == true): null

04-04-2024T17:51:40 - [TEST_STEP][PASSED] - tap(findTestObject("Home/Calendar"), 0): Tapped on element 'Object Repository/Home/Calendar'

04-04-2024T17:51:40 - [MESSAGE][WARNING] - Timeout '0' is invalid. Using default page load timeout: '30'

04-04-2024T17:51:42 - [MESSAGE][PASSED] - Tapped on element 'Object Repository/Home/Calendar'

04-04-2024T17:51:42 - [TEST_STEP][FAILED] - bool_UpdateBtn = verifyElementExist(findTestObject("ScheduleFollowUp/UpdateButton"), 0): Failed to check for element 'Object Repository/ScheduleFollowUp/UpdateButton' exist (Root cause: com.kms.katalon.core.exception.StepFailedException: Failed to check for element 'Object Repository/ScheduleFollowUp/UpdateButton' exist
	at com.kms.katalon.core.mobile.keyword.internal.MobileKeywordMain.stepFailed(MobileKeywordMain.groovy:38)
	at com.kms.katalon.core.mobile.keyword.internal.MobileKeywordMain.runKeyword(MobileKeywordMain.groovy:21)
	at com.kms.katalon.core.mobile.keyword.builtin.VerifyElementExistKeyword.verifyElementExist(VerifyElementExistKeyword.groovy:51)
	at com.kms.katalon.core.mobile.keyword.builtin.VerifyElementExistKeyword.execute(VerifyElementExistKeyword.groovy:35)
	at com.kms.katalon.core.keyword.internal.KeywordExecutor.executeKeywordForPlatform(KeywordExecutor.groovy:74)
	at com.kms.katalon.core.mobile.keyword.MobileBuiltInKeywords.verifyElementExist(MobileBuiltInKeywords.groovy:1755)
	at TC_07 - To verify that user is able to update the follow up details or not.run(TC_07 - To verify that user is able to update the follow up details or not:34)
	at com.kms.katalon.core.main.ScriptEngine.run(ScriptEngine.java:194)
	at com.kms.katalon.core.main.ScriptEngine.runScriptAsRawText(ScriptEngine.java:119)
	at com.kms.katalon.core.main.TestCaseExecutor.runScript(TestCaseExecutor.java:448)
	at com.kms.katalon.core.main.TestCaseExecutor.doExecute(TestCaseExecutor.java:439)
	at com.kms.katalon.core.main.TestCaseExecutor.processExecutionPhase(TestCaseExecutor.java:418)
	at com.kms.katalon.core.main.TestCaseExecutor.accessMainPhase(TestCaseExecutor.java:410)
	at com.kms.katalon.core.main.TestCaseExecutor.execute(TestCaseExecutor.java:285)
	at com.kms.katalon.core.common.CommonExecutor.accessTestCaseMainPhase(CommonExecutor.java:65)
	at com.kms.katalon.core.main.TestSuiteExecutor.accessTestSuiteMainPhase(TestSuiteExecutor.java:148)
	at com.kms.katalon.core.main.TestSuiteExecutor.execute(TestSuiteExecutor.java:106)
	at com.kms.katalon.core.main.TestCaseMain.startTestSuite(TestCaseMain.java:180)
	at TempTestSuite1712232560197.run(TempTestSuite1712232560197.groovy:35)
	at java.base/jdk.internal.reflect.NativeMethodAccessorImpl.invoke0(Native Method)
	at java.base/jdk.internal.reflect.NativeMethodAccessorImpl.invoke(NativeMethodAccessorImpl.java:77)
	at java.base/jdk.internal.reflect.DelegatingMethodAccessorImpl.invoke(DelegatingMethodAccessorImpl.java:43)
Caused by: com.kms.katalon.core.exception.StepFailedException: Element 'Object Repository/ScheduleFollowUp/UpdateButton' not found
	at com.kms.katalon.core.mobile.keyword.internal.MobileKeywordMain.stepFailed(MobileKeywordMain.groovy:38)
	at com.kms.katalon.core.mobile.keyword.builtin.VerifyElementExistKeyword$_verifyElementExist_closure1.doCall(VerifyElementExistKeyword.groovy:48)
	at com.kms.katalon.core.mobile.keyword.builtin.VerifyElementExistKeyword$_verifyElementExist_closure1.call(VerifyElementExistKeyword.groovy)
	at com.kms.katalon.core.mobile.keyword.internal.MobileKeywordMain.runKeyword(MobileKeywordMain.groovy:19)
	... 20 more
)

04-04-2024T17:51:42 - [MESSAGE][WARNING] - Timeout '0' is invalid. Using default page load timeout: '30'

04-04-2024T17:52:14 - [MESSAGE][FAILED] - Element 'Object Repository/ScheduleFollowUp/UpdateButton' not found (Root cause: com.kms.katalon.core.exception.StepFailedException: Element 'Object Repository/ScheduleFollowUp/UpdateButton' not found
	at com.kms.katalon.core.mobile.keyword.internal.MobileKeywordMain.stepFailed(MobileKeywordMain.groovy:38)
	at com.kms.katalon.core.mobile.keyword.builtin.VerifyElementExistKeyword$_verifyElementExist_closure1.doCall(VerifyElementExistKeyword.groovy:48)
	at com.kms.katalon.core.mobile.keyword.builtin.VerifyElementExistKeyword$_verifyElementExist_closure1.call(VerifyElementExistKeyword.groovy)
	at com.kms.katalon.core.mobile.keyword.internal.MobileKeywordMain.runKeyword(MobileKeywordMain.groovy:19)
	at com.kms.katalon.core.mobile.keyword.builtin.VerifyElementExistKeyword.verifyElementExist(VerifyElementExistKeyword.groovy:51)
	at com.kms.katalon.core.mobile.keyword.builtin.VerifyElementExistKeyword.execute(VerifyElementExistKeyword.groovy:35)
	at com.kms.katalon.core.keyword.internal.KeywordExecutor.executeKeywordForPlatform(KeywordExecutor.groovy:74)
	at com.kms.katalon.core.mobile.keyword.MobileBuiltInKeywords.verifyElementExist(MobileBuiltInKeywords.groovy:1755)
	at TC_07 - To verify that user is able to update the follow up details or not.run(TC_07 - To verify that user is able to update the follow up details or not:34)
	at com.kms.katalon.core.main.ScriptEngine.run(ScriptEngine.java:194)
	at com.kms.katalon.core.main.ScriptEngine.runScriptAsRawText(ScriptEngine.java:119)
	at com.kms.katalon.core.main.TestCaseExecutor.runScript(TestCaseExecutor.java:448)
	at com.kms.katalon.core.main.TestCaseExecutor.doExecute(TestCaseExecutor.java:439)
	at com.kms.katalon.core.main.TestCaseExecutor.processExecutionPhase(TestCaseExecutor.java:418)
	at com.kms.katalon.core.main.TestCaseExecutor.accessMainPhase(TestCaseExecutor.java:410)
	at com.kms.katalon.core.main.TestCaseExecutor.execute(TestCaseExecutor.java:285)
	at com.kms.katalon.core.common.CommonExecutor.accessTestCaseMainPhase(CommonExecutor.java:65)
	at com.kms.katalon.core.main.TestSuiteExecutor.accessTestSuiteMainPhase(TestSuiteExecutor.java:148)
	at com.kms.katalon.core.main.TestSuiteExecutor.execute(TestSuiteExecutor.java:106)
	at com.kms.katalon.core.main.TestCaseMain.startTestSuite(TestCaseMain.java:180)
	at TempTestSuite1712232560197.run(TempTestSuite1712232560197.groovy:35)
	at java.base/jdk.internal.reflect.NativeMethodAccessorImpl.invoke0(Native Method)
	at java.base/jdk.internal.reflect.NativeMethodAccessorImpl.invoke(NativeMethodAccessorImpl.java:77)
	at java.base/jdk.internal.reflect.DelegatingMethodAccessorImpl.invoke(DelegatingMethodAccessorImpl.java:43)
)
[[ATTACHMENT|C:\\Users\\sushil.gaikwad\\git\\EguruSmart1\\Reports\\20240404_173920\\TataMotors\\20240404_173920\\1712233332643.png]]

04-04-2024T17:52:15 - [MESSAGE][FAILED] - Failed to check for element 'Object Repository/ScheduleFollowUp/UpdateButton' exist (Root cause: com.kms.katalon.core.exception.StepFailedException: Failed to check for element 'Object Repository/ScheduleFollowUp/UpdateButton' exist
	at com.kms.katalon.core.mobile.keyword.internal.MobileKeywordMain.stepFailed(MobileKeywordMain.groovy:38)
	at com.kms.katalon.core.mobile.keyword.internal.MobileKeywordMain.runKeyword(MobileKeywordMain.groovy:21)
	at com.kms.katalon.core.mobile.keyword.builtin.VerifyElementExistKeyword.verifyElementExist(VerifyElementExistKeyword.groovy:51)
	at com.kms.katalon.core.mobile.keyword.builtin.VerifyElementExistKeyword.execute(VerifyElementExistKeyword.groovy:35)
	at com.kms.katalon.core.keyword.internal.KeywordExecutor.executeKeywordForPlatform(KeywordExecutor.groovy:74)
	at com.kms.katalon.core.mobile.keyword.MobileBuiltInKeywords.verifyElementExist(MobileBuiltInKeywords.groovy:1755)
	at TC_07 - To verify that user is able to update the follow up details or not.run(TC_07 - To verify that user is able to update the follow up details or not:34)
	at com.kms.katalon.core.main.ScriptEngine.run(ScriptEngine.java:194)
	at com.kms.katalon.core.main.ScriptEngine.runScriptAsRawText(ScriptEngine.java:119)
	at com.kms.katalon.core.main.TestCaseExecutor.runScript(TestCaseExecutor.java:448)
	at com.kms.katalon.core.main.TestCaseExecutor.doExecute(TestCaseExecutor.java:439)
	at com.kms.katalon.core.main.TestCaseExecutor.processExecutionPhase(TestCaseExecutor.java:418)
	at com.kms.katalon.core.main.TestCaseExecutor.accessMainPhase(TestCaseExecutor.java:410)
	at com.kms.katalon.core.main.TestCaseExecutor.execute(TestCaseExecutor.java:285)
	at com.kms.katalon.core.common.CommonExecutor.accessTestCaseMainPhase(CommonExecutor.java:65)
	at com.kms.katalon.core.main.TestSuiteExecutor.accessTestSuiteMainPhase(TestSuiteExecutor.java:148)
	at com.kms.katalon.core.main.TestSuiteExecutor.execute(TestSuiteExecutor.java:106)
	at com.kms.katalon.core.main.TestCaseMain.startTestSuite(TestCaseMain.java:180)
	at TempTestSuite1712232560197.run(TempTestSuite1712232560197.groovy:35)
	at java.base/jdk.internal.reflect.NativeMethodAccessorImpl.invoke0(Native Method)
	at java.base/jdk.internal.reflect.NativeMethodAccessorImpl.invoke(NativeMethodAccessorImpl.java:77)
	at java.base/jdk.internal.reflect.DelegatingMethodAccessorImpl.invoke(DelegatingMethodAccessorImpl.java:43)
Caused by: com.kms.katalon.core.exception.StepFailedException: Element 'Object Repository/ScheduleFollowUp/UpdateButton' not found
	at com.kms.katalon.core.mobile.keyword.internal.MobileKeywordMain.stepFailed(MobileKeywordMain.groovy:38)
	at com.kms.katalon.core.mobile.keyword.builtin.VerifyElementExistKeyword$_verifyElementExist_closure1.doCall(VerifyElementExistKeyword.groovy:48)
	at com.kms.katalon.core.mobile.keyword.builtin.VerifyElementExistKeyword$_verifyElementExist_closure1.call(VerifyElementExistKeyword.groovy)
	at com.kms.katalon.core.mobile.keyword.internal.MobileKeywordMain.runKeyword(MobileKeywordMain.groovy:19)
	... 20 more
)
[[ATTACHMENT|C:\\Users\\sushil.gaikwad\\git\\EguruSmart1\\Reports\\20240404_173920\\TataMotors\\20240404_173920\\1712233334081.png]]]]></system-out>
         <system-err><![CDATA[04-04-2024T17:50:50 - [TEST_CASE][FAILED] - Test Cases/TC/TC_07 - To verify that user is able to update the follow up details or not: Test Cases/TC/TC_07 - To verify that user is able to update the follow up details or not FAILED.
Reason:
com.kms.katalon.core.exception.StepFailedException: Failed to check for element 'Object Repository/ScheduleFollowUp/UpdateButton' exist
	at com.kms.katalon.core.mobile.keyword.internal.MobileKeywordMain.stepFailed(MobileKeywordMain.groovy:38)
	at com.kms.katalon.core.mobile.keyword.internal.MobileKeywordMain.runKeyword(MobileKeywordMain.groovy:21)
	at com.kms.katalon.core.mobile.keyword.builtin.VerifyElementExistKeyword.verifyElementExist(VerifyElementExistKeyword.groovy:51)
	at com.kms.katalon.core.mobile.keyword.builtin.VerifyElementExistKeyword.execute(VerifyElementExistKeyword.groovy:35)
	at com.kms.katalon.core.keyword.internal.KeywordExecutor.executeKeywordForPlatform(KeywordExecutor.groovy:74)
	at com.kms.katalon.core.mobile.keyword.MobileBuiltInKeywords.verifyElementExist(MobileBuiltInKeywords.groovy:1755)
	at TC_07 - To verify that user is able to update the follow up details or not.run(TC_07 - To verify that user is able to update the follow up details or not:34)
	at com.kms.katalon.core.main.ScriptEngine.run(ScriptEngine.java:194)
	at com.kms.katalon.core.main.ScriptEngine.runScriptAsRawText(ScriptEngine.java:119)
	at com.kms.katalon.core.main.TestCaseExecutor.runScript(TestCaseExecutor.java:448)
	at com.kms.katalon.core.main.TestCaseExecutor.doExecute(TestCaseExecutor.java:439)
	at com.kms.katalon.core.main.TestCaseExecutor.processExecutionPhase(TestCaseExecutor.java:418)
	at com.kms.katalon.core.main.TestCaseExecutor.accessMainPhase(TestCaseExecutor.java:410)
	at com.kms.katalon.core.main.TestCaseExecutor.execute(TestCaseExecutor.java:285)
	at com.kms.katalon.core.common.CommonExecutor.accessTestCaseMainPhase(CommonExecutor.java:65)
	at com.kms.katalon.core.main.TestSuiteExecutor.accessTestSuiteMainPhase(TestSuiteExecutor.java:148)
	at com.kms.katalon.core.main.TestSuiteExecutor.execute(TestSuiteExecutor.java:106)
	at com.kms.katalon.core.main.TestCaseMain.startTestSuite(TestCaseMain.java:180)
	at TempTestSuite1712232560197.run(TempTestSuite1712232560197.groovy:35)
	at java.base/jdk.internal.reflect.NativeMethodAccessorImpl.invoke0(Native Method)
	at java.base/jdk.internal.reflect.NativeMethodAccessorImpl.invoke(NativeMethodAccessorImpl.java:77)
	at java.base/jdk.internal.reflect.DelegatingMethodAccessorImpl.invoke(DelegatingMethodAccessorImpl.java:43)
Caused by: com.kms.katalon.core.exception.StepFailedException: Element 'Object Repository/ScheduleFollowUp/UpdateButton' not found
	at com.kms.katalon.core.mobile.keyword.internal.MobileKeywordMain.stepFailed(MobileKeywordMain.groovy:38)
	at com.kms.katalon.core.mobile.keyword.builtin.VerifyElementExistKeyword$_verifyElementExist_closure1.doCall(VerifyElementExistKeyword.groovy:48)
	at com.kms.katalon.core.mobile.keyword.builtin.VerifyElementExistKeyword$_verifyElementExist_closure1.call(VerifyElementExistKeyword.groovy)
	at com.kms.katalon.core.mobile.keyword.internal.MobileKeywordMain.runKeyword(MobileKeywordMain.groovy:19)
	... 20 more]]></system-err>
      </testcase>
      <testcase name="Test Cases/TC/TC_08 - To verify that the user is able to add the customer or not" time="120.166" classname="Test Cases/TC/TC_08 - To verify that the user is able to add the customer or not" status="FAILED">
         <failure type="FAILED" message="Test Cases/TC/TC_08 - To verify that the user is able to add the customer or not FAILED.&#xa;Reason:&#xa;com.kms.katalon.core.exception.StepFailedException: Failed to tap on element 'Object Repository/NewObject/DropDownSearchedDistrict'&#xa;	at com.kms.katalon.core.mobile.keyword.internal.MobileKeywordMain.stepFailed(MobileKeywordMain.groovy:38)&#xa;	at com.kms.katalon.core.mobile.keyword.internal.MobileKeywordMain.runKeyword(MobileKeywordMain.groovy:21)&#xa;	at com.kms.katalon.core.mobile.keyword.builtin.TapKeyword.tap(TapKeyword.groovy:51)&#xa;	at com.kms.katalon.core.mobile.keyword.builtin.TapKeyword.execute(TapKeyword.groovy:35)&#xa;	at com.kms.katalon.core.keyword.internal.KeywordExecutor.executeKeywordForPlatform(KeywordExecutor.groovy:74)&#xa;	at com.kms.katalon.core.mobile.keyword.MobileBuiltInKeywords.tap(MobileBuiltInKeywords.groovy:1476)&#xa;	at TC_08 - To verify that the user is able to add the customer or not.run(TC_08 - To verify that the user is able to add the customer or not:114)&#xa;	at com.kms.katalon.core.main.ScriptEngine.run(ScriptEngine.java:194)&#xa;	at com.kms.katalon.core.main.ScriptEngine.runScriptAsRawText(ScriptEngine.java:119)&#xa;	at com.kms.katalon.core.main.TestCaseExecutor.runScript(TestCaseExecutor.java:448)&#xa;	at com.kms.katalon.core.main.TestCaseExecutor.doExecute(TestCaseExecutor.java:439)&#xa;	at com.kms.katalon.core.main.TestCaseExecutor.processExecutionPhase(TestCaseExecutor.java:418)&#xa;	at com.kms.katalon.core.main.TestCaseExecutor.accessMainPhase(TestCaseExecutor.java:410)&#xa;	at com.kms.katalon.core.main.TestCaseExecutor.execute(TestCaseExecutor.java:285)&#xa;	at com.kms.katalon.core.common.CommonExecutor.accessTestCaseMainPhase(CommonExecutor.java:65)&#xa;	at com.kms.katalon.core.main.TestSuiteExecutor.accessTestSuiteMainPhase(TestSuiteExecutor.java:148)&#xa;	at com.kms.katalon.core.main.TestSuiteExecutor.execute(TestSuiteExecutor.java:106)&#xa;	at com.kms.katalon.core.main.TestCaseMain.startTestSuite(TestCaseMain.java:180)&#xa;	at TempTestSuite1712232560197.run(TempTestSuite1712232560197.groovy:35)&#xa;	at java.base/jdk.internal.reflect.NativeMethodAccessorImpl.invoke0(Native Method)&#xa;	at java.base/jdk.internal.reflect.NativeMethodAccessorImpl.invoke(NativeMethodAccessorImpl.java:77)&#xa;	at java.base/jdk.internal.reflect.DelegatingMethodAccessorImpl.invoke(DelegatingMethodAccessorImpl.java:43)&#xa;Caused by: com.kms.katalon.core.exception.StepFailedException: Object Object Repository/NewObject/DropDownSearchedDistrict not found&#xa;	at com.kms.katalon.core.mobile.keyword.internal.MobileKeywordMain.stepFailed(MobileKeywordMain.groovy:38)&#xa;	at com.kms.katalon.core.mobile.keyword.builtin.TapKeyword$_tap_closure1.doCall(TapKeyword.groovy:46)&#xa;	at com.kms.katalon.core.mobile.keyword.builtin.TapKeyword$_tap_closure1.call(TapKeyword.groovy)&#xa;	at com.kms.katalon.core.mobile.keyword.internal.MobileKeywordMain.runKeyword(MobileKeywordMain.groovy:19)&#xa;	... 20 more&#xa;"/>
         <system-out><![CDATA[04-04-2024T17:52:15 - [TEST_CASE][FAILED] - Test Cases/TC/TC_08 - To verify that the user is able to add the customer or not: Test Cases/TC/TC_08 - To verify that the user is able to add the customer or not FAILED.
Reason:
com.kms.katalon.core.exception.StepFailedException: Failed to tap on element 'Object Repository/NewObject/DropDownSearchedDistrict'
	at com.kms.katalon.core.mobile.keyword.internal.MobileKeywordMain.stepFailed(MobileKeywordMain.groovy:38)
	at com.kms.katalon.core.mobile.keyword.internal.MobileKeywordMain.runKeyword(MobileKeywordMain.groovy:21)
	at com.kms.katalon.core.mobile.keyword.builtin.TapKeyword.tap(TapKeyword.groovy:51)
	at com.kms.katalon.core.mobile.keyword.builtin.TapKeyword.execute(TapKeyword.groovy:35)
	at com.kms.katalon.core.keyword.internal.KeywordExecutor.executeKeywordForPlatform(KeywordExecutor.groovy:74)
	at com.kms.katalon.core.mobile.keyword.MobileBuiltInKeywords.tap(MobileBuiltInKeywords.groovy:1476)
	at TC_08 - To verify that the user is able to add the customer or not.run(TC_08 - To verify that the user is able to add the customer or not:114)
	at com.kms.katalon.core.main.ScriptEngine.run(ScriptEngine.java:194)
	at com.kms.katalon.core.main.ScriptEngine.runScriptAsRawText(ScriptEngine.java:119)
	at com.kms.katalon.core.main.TestCaseExecutor.runScript(TestCaseExecutor.java:448)
	at com.kms.katalon.core.main.TestCaseExecutor.doExecute(TestCaseExecutor.java:439)
	at com.kms.katalon.core.main.TestCaseExecutor.processExecutionPhase(TestCaseExecutor.java:418)
	at com.kms.katalon.core.main.TestCaseExecutor.accessMainPhase(TestCaseExecutor.java:410)
	at com.kms.katalon.core.main.TestCaseExecutor.execute(TestCaseExecutor.java:285)
	at com.kms.katalon.core.common.CommonExecutor.accessTestCaseMainPhase(CommonExecutor.java:65)
	at com.kms.katalon.core.main.TestSuiteExecutor.accessTestSuiteMainPhase(TestSuiteExecutor.java:148)
	at com.kms.katalon.core.main.TestSuiteExecutor.execute(TestSuiteExecutor.java:106)
	at com.kms.katalon.core.main.TestCaseMain.startTestSuite(TestCaseMain.java:180)
	at TempTestSuite1712232560197.run(TempTestSuite1712232560197.groovy:35)
	at java.base/jdk.internal.reflect.NativeMethodAccessorImpl.invoke0(Native Method)
	at java.base/jdk.internal.reflect.NativeMethodAccessorImpl.invoke(NativeMethodAccessorImpl.java:77)
	at java.base/jdk.internal.reflect.DelegatingMethodAccessorImpl.invoke(DelegatingMethodAccessorImpl.java:43)
Caused by: com.kms.katalon.core.exception.StepFailedException: Object Object Repository/NewObject/DropDownSearchedDistrict not found
	at com.kms.katalon.core.mobile.keyword.internal.MobileKeywordMain.stepFailed(MobileKeywordMain.groovy:38)
	at com.kms.katalon.core.mobile.keyword.builtin.TapKeyword$_tap_closure1.doCall(TapKeyword.groovy:46)
	at com.kms.katalon.core.mobile.keyword.builtin.TapKeyword$_tap_closure1.call(TapKeyword.groovy)
	at com.kms.katalon.core.mobile.keyword.internal.MobileKeywordMain.runKeyword(MobileKeywordMain.groovy:19)
	... 20 more


04-04-2024T17:52:16 - [TEST_STEP][PASSED] - callTestCase(findTestCase("CommenWorkflows/Login"), ["Str_URL":"C:\Users\sushil.gaikwad\git\EguruSmart1\Application\app-release (4).apk", "Str_Username":"DUSER145", "Str_Password":"Soct#2023", ... ], STOP_ON_FAILURE): Call Test Case 'Test Cases/CommenWorkflows/Login' successfully

04-04-2024T17:52:16 - [TEST_CASE][PASSED] - Test Cases/CommenWorkflows/Login: Test Cases/CommenWorkflows/Login

04-04-2024T17:52:16 - [TEST_STEP][PASSED] - startApplication(Str_URL, false): Started app at: 'C:\Users\sushil.gaikwad\git\EguruSmart1\Application\app-release (4).apk'

04-04-2024T17:52:16 - [MESSAGE][INFO] - User set preference: ['deviceId', 'R9ZT10H9Y2L']

04-04-2024T17:52:28 - [MESSAGE][PASSED] - Started app at: 'C:\Users\sushil.gaikwad\git\EguruSmart1\Application\app-release (4).apk'

04-04-2024T17:52:28 - [TEST_STEP][PASSED] - Bool_Username = waitForElementPresent(findTestObject("LockScreen/UsernaneText"), 10): Object Object Repository/LockScreen/UsernaneText not found

04-04-2024T17:52:38 - [MESSAGE][WARNING] - Object Object Repository/LockScreen/UsernaneText not found

04-04-2024T17:52:38 - [TEST_STEP][PASSED] - if (Bool_Username == true): null

04-04-2024T17:52:38 - [TEST_STEP][PASSED] - else: Tapped on element 'Object Repository/LockScreen/LoginButton'

04-04-2024T17:52:38 - [TEST_STEP][PASSED] - tap(findTestObject("LockScreen/Tap1"), 0): Tapped on element 'Object Repository/LockScreen/Tap1'

04-04-2024T17:52:38 - [MESSAGE][WARNING] - Timeout '0' is invalid. Using default page load timeout: '30'

04-04-2024T17:52:42 - [MESSAGE][PASSED] - Tapped on element 'Object Repository/LockScreen/Tap1'

04-04-2024T17:52:42 - [TEST_STEP][PASSED] - setText(findTestObject("LockScreen/Text1"), "1", 0): Text '1' has been set to element 'Object Repository/LockScreen/Text1'

04-04-2024T17:52:42 - [MESSAGE][WARNING] - Timeout '0' is invalid. Using default page load timeout: '30'

04-04-2024T17:52:44 - [MESSAGE][PASSED] - Text '1' has been set to element 'Object Repository/LockScreen/Text1'

04-04-2024T17:52:44 - [TEST_STEP][PASSED] - setText(findTestObject("LockScreen/Text2"), "2", 0): Text '2' has been set to element 'Object Repository/LockScreen/Text2'

04-04-2024T17:52:44 - [MESSAGE][WARNING] - Timeout '0' is invalid. Using default page load timeout: '30'

04-04-2024T17:52:45 - [MESSAGE][PASSED] - Text '2' has been set to element 'Object Repository/LockScreen/Text2'

04-04-2024T17:52:45 - [TEST_STEP][PASSED] - setText(findTestObject("LockScreen/Text3"), "3", 0): Text '3' has been set to element 'Object Repository/LockScreen/Text3'

04-04-2024T17:52:45 - [MESSAGE][WARNING] - Timeout '0' is invalid. Using default page load timeout: '30'

04-04-2024T17:52:46 - [MESSAGE][PASSED] - Text '3' has been set to element 'Object Repository/LockScreen/Text3'

04-04-2024T17:52:46 - [TEST_STEP][PASSED] - setText(findTestObject("LockScreen/Text4"), "4", 0): Text '4' has been set to element 'Object Repository/LockScreen/Text4'

04-04-2024T17:52:46 - [MESSAGE][WARNING] - Timeout '0' is invalid. Using default page load timeout: '30'

04-04-2024T17:52:48 - [MESSAGE][PASSED] - Text '4' has been set to element 'Object Repository/LockScreen/Text4'

04-04-2024T17:52:48 - [TEST_STEP][PASSED] - tap(findTestObject("LockScreen/LoginButton"), 0): Tapped on element 'Object Repository/LockScreen/LoginButton'

04-04-2024T17:52:48 - [MESSAGE][WARNING] - Timeout '0' is invalid. Using default page load timeout: '30'

04-04-2024T17:52:50 - [MESSAGE][PASSED] - Tapped on element 'Object Repository/LockScreen/LoginButton'

04-04-2024T17:52:50 - [MESSAGE][PASSED] - Call Test Case 'Test Cases/CommenWorkflows/Login' successfully

04-04-2024T17:52:50 - [TEST_STEP][PASSED] - Bool_Offline = waitForElementPresent(findTestObject("LockScreen/NewPin/Offline Master Sync"), 10): Object Object Repository/LockScreen/NewPin/Offline Master Sync not found

04-04-2024T17:53:00 - [MESSAGE][WARNING] - Object Object Repository/LockScreen/NewPin/Offline Master Sync not found

04-04-2024T17:53:00 - [TEST_STEP][PASSED] - if (Bool_Offline == true): null

04-04-2024T17:53:00 - [TEST_STEP][PASSED] - verifyElementExist(findTestObject("TataMotars/HomeButton"), 10): Element 'Object Repository/TataMotars/HomeButton' is exist

04-04-2024T17:53:00 - [MESSAGE][PASSED] - Element 'Object Repository/TataMotars/HomeButton' is exist

04-04-2024T17:53:00 - [TEST_STEP][PASSED] - tap(findTestObject("TataMotars/PluseButton"), 0): Tapped on element 'Object Repository/TataMotars/PluseButton'

04-04-2024T17:53:00 - [MESSAGE][WARNING] - Timeout '0' is invalid. Using default page load timeout: '30'

04-04-2024T17:53:02 - [MESSAGE][PASSED] - Tapped on element 'Object Repository/TataMotars/PluseButton'

04-04-2024T17:53:02 - [TEST_STEP][PASSED] - bool_Opportunity = verifyElementExist(findTestObject("TataMotars/Pluse Button/OpportunityButton"), 0): Element 'Object Repository/TataMotars/Pluse Button/OpportunityButton' is exist

04-04-2024T17:53:02 - [MESSAGE][WARNING] - Timeout '0' is invalid. Using default page load timeout: '30'

04-04-2024T17:53:02 - [MESSAGE][PASSED] - Element 'Object Repository/TataMotars/Pluse Button/OpportunityButton' is exist

04-04-2024T17:53:02 - [TEST_STEP][PASSED] - bool_Account = verifyElementExist(findTestObject("TataMotars/Pluse Button/Account"), 0): Element 'Object Repository/TataMotars/Pluse Button/Account' is exist

04-04-2024T17:53:02 - [MESSAGE][WARNING] - Timeout '0' is invalid. Using default page load timeout: '30'

04-04-2024T17:53:02 - [MESSAGE][PASSED] - Element 'Object Repository/TataMotars/Pluse Button/Account' is exist

04-04-2024T17:53:02 - [TEST_STEP][PASSED] - bool_Customer = verifyElementExist(findTestObject("TataMotars/Pluse Button/Customer"), 0): Element 'Object Repository/TataMotars/Pluse Button/Customer' is exist

04-04-2024T17:53:02 - [MESSAGE][WARNING] - Timeout '0' is invalid. Using default page load timeout: '30'

04-04-2024T17:53:03 - [MESSAGE][PASSED] - Element 'Object Repository/TataMotars/Pluse Button/Customer' is exist

04-04-2024T17:53:03 - [TEST_STEP][PASSED] - bool_Influencer = verifyElementExist(findTestObject("TataMotars/Pluse Button/Influencer"), 0): Element 'Object Repository/TataMotars/Pluse Button/Influencer' is exist

04-04-2024T17:53:03 - [MESSAGE][WARNING] - Timeout '0' is invalid. Using default page load timeout: '30'

04-04-2024T17:53:03 - [MESSAGE][PASSED] - Element 'Object Repository/TataMotars/Pluse Button/Influencer' is exist

04-04-2024T17:53:03 - [TEST_STEP][PASSED] - bool_FollowUp = verifyElementExist(findTestObject("TataMotars/Pluse Button/Follow Up"), 0): Element 'Object Repository/TataMotars/Pluse Button/Follow Up' is exist

04-04-2024T17:53:03 - [MESSAGE][WARNING] - Timeout '0' is invalid. Using default page load timeout: '30'

04-04-2024T17:53:03 - [MESSAGE][PASSED] - Element 'Object Repository/TataMotars/Pluse Button/Follow Up' is exist

04-04-2024T17:53:03 - [TEST_STEP][PASSED] - bool_Opportunity && bool_Account && bool_Customer && bool_Influencer && bool_FollowUp == false: null

04-04-2024T17:53:03 - [TEST_STEP][PASSED] - takeScreenshot(): Screenshot is taken

04-04-2024T17:53:04 - [MESSAGE][PASSED] - Screenshot is taken
[[ATTACHMENT|C:\\Users\\sushil.gaikwad\\git\\EguruSmart1\\Reports\\20240404_173920\\TataMotors\\20240404_173920\\1712233383566.png]]

04-04-2024T17:53:04 - [TEST_STEP][PASSED] - tap(findTestObject("TataMotars/Pluse Button/Customer"), 3): Tapped on element 'Object Repository/TataMotars/Pluse Button/Customer'

04-04-2024T17:53:05 - [MESSAGE][PASSED] - Tapped on element 'Object Repository/TataMotars/Pluse Button/Customer'

04-04-2024T17:53:05 - [TEST_STEP][PASSED] - bool_PrimaryDetails = verifyElementExist(findTestObject("Primery Details/Primary Details"), 10): Element 'Object Repository/Primery Details/Primary Details' is exist

04-04-2024T17:53:06 - [MESSAGE][PASSED] - Element 'Object Repository/Primery Details/Primary Details' is exist

04-04-2024T17:53:06 - [TEST_STEP][PASSED] - bool_PrimaryDetails == true: null

04-04-2024T17:53:06 - [TEST_STEP][PASSED] - takeScreenshot(): Screenshot is taken

04-04-2024T17:53:07 - [MESSAGE][PASSED] - Screenshot is taken
[[ATTACHMENT|C:\\Users\\sushil.gaikwad\\git\\EguruSmart1\\Reports\\20240404_173920\\TataMotors\\20240404_173920\\1712233386008.png]]

04-04-2024T17:53:07 - [TEST_STEP][PASSED] - tap(findTestObject("Primery Details/FirstName"), 0): Tapped on element 'Object Repository/Primery Details/FirstName'

04-04-2024T17:53:07 - [MESSAGE][WARNING] - Timeout '0' is invalid. Using default page load timeout: '30'

04-04-2024T17:53:08 - [MESSAGE][PASSED] - Tapped on element 'Object Repository/Primery Details/FirstName'

04-04-2024T17:53:08 - [TEST_STEP][PASSED] - setText(findTestObject("Primery Details/FirstName"), str_FirstName, 0): Text 'test' has been set to element 'Object Repository/Primery Details/FirstName'

04-04-2024T17:53:08 - [MESSAGE][WARNING] - Timeout '0' is invalid. Using default page load timeout: '30'

04-04-2024T17:53:09 - [MESSAGE][PASSED] - Text 'test' has been set to element 'Object Repository/Primery Details/FirstName'

04-04-2024T17:53:09 - [TEST_STEP][PASSED] - hideKeyboard(): Keyboard is hidden

04-04-2024T17:53:11 - [MESSAGE][PASSED] - Keyboard is hidden

04-04-2024T17:53:11 - [TEST_STEP][PASSED] - tap(findTestObject("Primery Details/LastName"), 0): Tapped on element 'Object Repository/Primery Details/LastName'

04-04-2024T17:53:11 - [MESSAGE][WARNING] - Timeout '0' is invalid. Using default page load timeout: '30'

04-04-2024T17:53:12 - [MESSAGE][PASSED] - Tapped on element 'Object Repository/Primery Details/LastName'

04-04-2024T17:53:12 - [TEST_STEP][PASSED] - setText(findTestObject("Primery Details/LastName"), str_LastName, 0): Text 'step' has been set to element 'Object Repository/Primery Details/LastName'

04-04-2024T17:53:12 - [MESSAGE][WARNING] - Timeout '0' is invalid. Using default page load timeout: '30'

04-04-2024T17:53:14 - [MESSAGE][PASSED] - Text 'step' has been set to element 'Object Repository/Primery Details/LastName'

04-04-2024T17:53:14 - [TEST_STEP][PASSED] - hideKeyboard(): Keyboard is hidden

04-04-2024T17:53:16 - [MESSAGE][PASSED] - Keyboard is hidden

04-04-2024T17:53:16 - [TEST_STEP][PASSED] - Bool_Offline = waitForElementPresent(findTestObject("LockScreen/NewPin/Offline Master Sync"), 5): Object Object Repository/LockScreen/NewPin/Offline Master Sync not found

04-04-2024T17:53:21 - [MESSAGE][WARNING] - Object Object Repository/LockScreen/NewPin/Offline Master Sync not found

04-04-2024T17:53:21 - [TEST_STEP][PASSED] - if (Bool_Offline == true): null

04-04-2024T17:53:21 - [TEST_STEP][PASSED] - tap(findTestObject("Primery Details/MobileNumber"), 0): Tapped on element 'Object Repository/Primery Details/MobileNumber'

04-04-2024T17:53:21 - [MESSAGE][WARNING] - Timeout '0' is invalid. Using default page load timeout: '30'

04-04-2024T17:53:22 - [MESSAGE][PASSED] - Tapped on element 'Object Repository/Primery Details/MobileNumber'

04-04-2024T17:53:22 - [TEST_STEP][PASSED] - setText(findTestObject("Primery Details/MobileNumber"), str_MobileNumber, 0): Text '9976888963' has been set to element 'Object Repository/Primery Details/MobileNumber'

04-04-2024T17:53:22 - [MESSAGE][WARNING] - Timeout '0' is invalid. Using default page load timeout: '30'

04-04-2024T17:53:23 - [MESSAGE][PASSED] - Text '9976888963' has been set to element 'Object Repository/Primery Details/MobileNumber'

04-04-2024T17:53:23 - [TEST_STEP][PASSED] - hideKeyboard(): Keyboard is hidden

04-04-2024T17:53:27 - [MESSAGE][PASSED] - Keyboard is hidden

04-04-2024T17:53:27 - [TEST_STEP][PASSED] - tap(findTestObject("Create New Opportunity/Customer Type"), 0): Tapped on element 'Object Repository/Create New Opportunity/Customer Type'

04-04-2024T17:53:27 - [MESSAGE][WARNING] - Timeout '0' is invalid. Using default page load timeout: '30'

04-04-2024T17:53:28 - [MESSAGE][PASSED] - Tapped on element 'Object Repository/Create New Opportunity/Customer Type'

04-04-2024T17:53:28 - [TEST_STEP][PASSED] - sendKeys(findTestObject("Create New Opportunity/Type_CustomerType"), str_CustomerType, STOP_ON_FAILURE): Send keys 'C4T Customer' on test object 'Object Repository/Create New Opportunity/Type_CustomerType' successfully.

04-04-2024T17:53:29 - [MESSAGE][PASSED] - Send keys 'C4T Customer' on test object 'Object Repository/Create New Opportunity/Type_CustomerType' successfully.

04-04-2024T17:53:29 - [TEST_STEP][PASSED] - hideKeyboard(): Keyboard is hidden

04-04-2024T17:53:31 - [MESSAGE][PASSED] - Keyboard is hidden

04-04-2024T17:53:31 - [TEST_STEP][PASSED] - tap(findTestObject("Primery Details/Searched CustomerType"), 0): Tapped on element 'Object Repository/Primery Details/Searched CustomerType'

04-04-2024T17:53:32 - [MESSAGE][WARNING] - Timeout '0' is invalid. Using default page load timeout: '30'

04-04-2024T17:53:32 - [MESSAGE][PASSED] - Tapped on element 'Object Repository/Primery Details/Searched CustomerType'

04-04-2024T17:53:32 - [TEST_STEP][PASSED] - tap(findTestObject("Primery Details/Address Details/NextButton"), 0): Tapped on element 'Object Repository/Primery Details/Address Details/NextButton'

04-04-2024T17:53:32 - [MESSAGE][WARNING] - Timeout '0' is invalid. Using default page load timeout: '30'

04-04-2024T17:53:33 - [MESSAGE][PASSED] - Tapped on element 'Object Repository/Primery Details/Address Details/NextButton'

04-04-2024T17:53:33 - [TEST_STEP][PASSED] - bool_Pincode = verifyElementExist(findTestObject("Primery Details/Address Details/Pincode"), 10): Element 'Object Repository/Primery Details/Address Details/Pincode' is exist

04-04-2024T17:53:34 - [MESSAGE][PASSED] - Element 'Object Repository/Primery Details/Address Details/Pincode' is exist

04-04-2024T17:53:34 - [TEST_STEP][PASSED] - bool_Pincode == true: null

04-04-2024T17:53:34 - [TEST_STEP][PASSED] - takeScreenshot(): Screenshot is taken

04-04-2024T17:53:35 - [MESSAGE][PASSED] - Screenshot is taken
[[ATTACHMENT|C:\\Users\\sushil.gaikwad\\git\\EguruSmart1\\Reports\\20240404_173920\\TataMotors\\20240404_173920\\1712233414422.png]]

04-04-2024T17:53:35 - [TEST_STEP][PASSED] - tap(findTestObject("Primery Details/Address Details/Pincode"), 0, STOP_ON_FAILURE): Tapped on element 'Object Repository/Primery Details/Address Details/Pincode'

04-04-2024T17:53:35 - [MESSAGE][WARNING] - Timeout '0' is invalid. Using default page load timeout: '30'

04-04-2024T17:53:36 - [MESSAGE][PASSED] - Tapped on element 'Object Repository/Primery Details/Address Details/Pincode'

04-04-2024T17:53:36 - [TEST_STEP][PASSED] - setText(findTestObject("Primery Details/Address Details/Pincode"), str_Pincode, 0): Text '400033' has been set to element 'Object Repository/Primery Details/Address Details/Pincode'

04-04-2024T17:53:36 - [MESSAGE][WARNING] - Timeout '0' is invalid. Using default page load timeout: '30'

04-04-2024T17:53:37 - [MESSAGE][PASSED] - Text '400033' has been set to element 'Object Repository/Primery Details/Address Details/Pincode'

04-04-2024T17:53:37 - [TEST_STEP][PASSED] - hideKeyboard(): Keyboard is hidden

04-04-2024T17:53:39 - [MESSAGE][PASSED] - Keyboard is hidden

04-04-2024T17:53:39 - [TEST_STEP][PASSED] - Bool_Pin = waitForElementPresent(findTestObject("Add Account/Searched PinCode"), 2): Object Object Repository/Add Account/Searched PinCode not found

04-04-2024T17:53:42 - [MESSAGE][WARNING] - Object Object Repository/Add Account/Searched PinCode not found

04-04-2024T17:53:42 - [TEST_STEP][PASSED] - if (Bool_Pin == true): null

04-04-2024T17:53:42 - [TEST_STEP][PASSED] - tap(findTestObject("NewObject/DropDownDistrict"), 0, STOP_ON_FAILURE): Tapped on element 'Object Repository/NewObject/DropDownDistrict'

04-04-2024T17:53:42 - [MESSAGE][WARNING] - Timeout '0' is invalid. Using default page load timeout: '30'

04-04-2024T17:53:43 - [MESSAGE][PASSED] - Tapped on element 'Object Repository/NewObject/DropDownDistrict'

04-04-2024T17:53:43 - [TEST_STEP][FAILED] - tap(findTestObject("NewObject/DropDownSearchedDistrict"), 0, STOP_ON_FAILURE): Failed to tap on element 'Object Repository/NewObject/DropDownSearchedDistrict' (Root cause: com.kms.katalon.core.exception.StepFailedException: Failed to tap on element 'Object Repository/NewObject/DropDownSearchedDistrict'
	at com.kms.katalon.core.mobile.keyword.internal.MobileKeywordMain.stepFailed(MobileKeywordMain.groovy:38)
	at com.kms.katalon.core.mobile.keyword.internal.MobileKeywordMain.runKeyword(MobileKeywordMain.groovy:21)
	at com.kms.katalon.core.mobile.keyword.builtin.TapKeyword.tap(TapKeyword.groovy:51)
	at com.kms.katalon.core.mobile.keyword.builtin.TapKeyword.execute(TapKeyword.groovy:35)
	at com.kms.katalon.core.keyword.internal.KeywordExecutor.executeKeywordForPlatform(KeywordExecutor.groovy:74)
	at com.kms.katalon.core.mobile.keyword.MobileBuiltInKeywords.tap(MobileBuiltInKeywords.groovy:1476)
	at TC_08 - To verify that the user is able to add the customer or not.run(TC_08 - To verify that the user is able to add the customer or not:114)
	at com.kms.katalon.core.main.ScriptEngine.run(ScriptEngine.java:194)
	at com.kms.katalon.core.main.ScriptEngine.runScriptAsRawText(ScriptEngine.java:119)
	at com.kms.katalon.core.main.TestCaseExecutor.runScript(TestCaseExecutor.java:448)
	at com.kms.katalon.core.main.TestCaseExecutor.doExecute(TestCaseExecutor.java:439)
	at com.kms.katalon.core.main.TestCaseExecutor.processExecutionPhase(TestCaseExecutor.java:418)
	at com.kms.katalon.core.main.TestCaseExecutor.accessMainPhase(TestCaseExecutor.java:410)
	at com.kms.katalon.core.main.TestCaseExecutor.execute(TestCaseExecutor.java:285)
	at com.kms.katalon.core.common.CommonExecutor.accessTestCaseMainPhase(CommonExecutor.java:65)
	at com.kms.katalon.core.main.TestSuiteExecutor.accessTestSuiteMainPhase(TestSuiteExecutor.java:148)
	at com.kms.katalon.core.main.TestSuiteExecutor.execute(TestSuiteExecutor.java:106)
	at com.kms.katalon.core.main.TestCaseMain.startTestSuite(TestCaseMain.java:180)
	at TempTestSuite1712232560197.run(TempTestSuite1712232560197.groovy:35)
	at java.base/jdk.internal.reflect.NativeMethodAccessorImpl.invoke0(Native Method)
	at java.base/jdk.internal.reflect.NativeMethodAccessorImpl.invoke(NativeMethodAccessorImpl.java:77)
	at java.base/jdk.internal.reflect.DelegatingMethodAccessorImpl.invoke(DelegatingMethodAccessorImpl.java:43)
Caused by: com.kms.katalon.core.exception.StepFailedException: Object Object Repository/NewObject/DropDownSearchedDistrict not found
	at com.kms.katalon.core.mobile.keyword.internal.MobileKeywordMain.stepFailed(MobileKeywordMain.groovy:38)
	at com.kms.katalon.core.mobile.keyword.builtin.TapKeyword$_tap_closure1.doCall(TapKeyword.groovy:46)
	at com.kms.katalon.core.mobile.keyword.builtin.TapKeyword$_tap_closure1.call(TapKeyword.groovy)
	at com.kms.katalon.core.mobile.keyword.internal.MobileKeywordMain.runKeyword(MobileKeywordMain.groovy:19)
	... 20 more
)

04-04-2024T17:53:43 - [MESSAGE][WARNING] - Timeout '0' is invalid. Using default page load timeout: '30'

04-04-2024T17:54:14 - [MESSAGE][FAILED] - Object Object Repository/NewObject/DropDownSearchedDistrict not found (Root cause: com.kms.katalon.core.exception.StepFailedException: Object Object Repository/NewObject/DropDownSearchedDistrict not found
	at com.kms.katalon.core.mobile.keyword.internal.MobileKeywordMain.stepFailed(MobileKeywordMain.groovy:38)
	at com.kms.katalon.core.mobile.keyword.builtin.TapKeyword$_tap_closure1.doCall(TapKeyword.groovy:46)
	at com.kms.katalon.core.mobile.keyword.builtin.TapKeyword$_tap_closure1.call(TapKeyword.groovy)
	at com.kms.katalon.core.mobile.keyword.internal.MobileKeywordMain.runKeyword(MobileKeywordMain.groovy:19)
	at com.kms.katalon.core.mobile.keyword.builtin.TapKeyword.tap(TapKeyword.groovy:51)
	at com.kms.katalon.core.mobile.keyword.builtin.TapKeyword.execute(TapKeyword.groovy:35)
	at com.kms.katalon.core.keyword.internal.KeywordExecutor.executeKeywordForPlatform(KeywordExecutor.groovy:74)
	at com.kms.katalon.core.mobile.keyword.MobileBuiltInKeywords.tap(MobileBuiltInKeywords.groovy:1476)
	at TC_08 - To verify that the user is able to add the customer or not.run(TC_08 - To verify that the user is able to add the customer or not:114)
	at com.kms.katalon.core.main.ScriptEngine.run(ScriptEngine.java:194)
	at com.kms.katalon.core.main.ScriptEngine.runScriptAsRawText(ScriptEngine.java:119)
	at com.kms.katalon.core.main.TestCaseExecutor.runScript(TestCaseExecutor.java:448)
	at com.kms.katalon.core.main.TestCaseExecutor.doExecute(TestCaseExecutor.java:439)
	at com.kms.katalon.core.main.TestCaseExecutor.processExecutionPhase(TestCaseExecutor.java:418)
	at com.kms.katalon.core.main.TestCaseExecutor.accessMainPhase(TestCaseExecutor.java:410)
	at com.kms.katalon.core.main.TestCaseExecutor.execute(TestCaseExecutor.java:285)
	at com.kms.katalon.core.common.CommonExecutor.accessTestCaseMainPhase(CommonExecutor.java:65)
	at com.kms.katalon.core.main.TestSuiteExecutor.accessTestSuiteMainPhase(TestSuiteExecutor.java:148)
	at com.kms.katalon.core.main.TestSuiteExecutor.execute(TestSuiteExecutor.java:106)
	at com.kms.katalon.core.main.TestCaseMain.startTestSuite(TestCaseMain.java:180)
	at TempTestSuite1712232560197.run(TempTestSuite1712232560197.groovy:35)
	at java.base/jdk.internal.reflect.NativeMethodAccessorImpl.invoke0(Native Method)
	at java.base/jdk.internal.reflect.NativeMethodAccessorImpl.invoke(NativeMethodAccessorImpl.java:77)
	at java.base/jdk.internal.reflect.DelegatingMethodAccessorImpl.invoke(DelegatingMethodAccessorImpl.java:43)
)
[[ATTACHMENT|C:\\Users\\sushil.gaikwad\\git\\EguruSmart1\\Reports\\20240404_173920\\TataMotors\\20240404_173920\\1712233453726.png]]

04-04-2024T17:54:15 - [MESSAGE][FAILED] - Failed to tap on element 'Object Repository/NewObject/DropDownSearchedDistrict' (Root cause: com.kms.katalon.core.exception.StepFailedException: Failed to tap on element 'Object Repository/NewObject/DropDownSearchedDistrict'
	at com.kms.katalon.core.mobile.keyword.internal.MobileKeywordMain.stepFailed(MobileKeywordMain.groovy:38)
	at com.kms.katalon.core.mobile.keyword.internal.MobileKeywordMain.runKeyword(MobileKeywordMain.groovy:21)
	at com.kms.katalon.core.mobile.keyword.builtin.TapKeyword.tap(TapKeyword.groovy:51)
	at com.kms.katalon.core.mobile.keyword.builtin.TapKeyword.execute(TapKeyword.groovy:35)
	at com.kms.katalon.core.keyword.internal.KeywordExecutor.executeKeywordForPlatform(KeywordExecutor.groovy:74)
	at com.kms.katalon.core.mobile.keyword.MobileBuiltInKeywords.tap(MobileBuiltInKeywords.groovy:1476)
	at TC_08 - To verify that the user is able to add the customer or not.run(TC_08 - To verify that the user is able to add the customer or not:114)
	at com.kms.katalon.core.main.ScriptEngine.run(ScriptEngine.java:194)
	at com.kms.katalon.core.main.ScriptEngine.runScriptAsRawText(ScriptEngine.java:119)
	at com.kms.katalon.core.main.TestCaseExecutor.runScript(TestCaseExecutor.java:448)
	at com.kms.katalon.core.main.TestCaseExecutor.doExecute(TestCaseExecutor.java:439)
	at com.kms.katalon.core.main.TestCaseExecutor.processExecutionPhase(TestCaseExecutor.java:418)
	at com.kms.katalon.core.main.TestCaseExecutor.accessMainPhase(TestCaseExecutor.java:410)
	at com.kms.katalon.core.main.TestCaseExecutor.execute(TestCaseExecutor.java:285)
	at com.kms.katalon.core.common.CommonExecutor.accessTestCaseMainPhase(CommonExecutor.java:65)
	at com.kms.katalon.core.main.TestSuiteExecutor.accessTestSuiteMainPhase(TestSuiteExecutor.java:148)
	at com.kms.katalon.core.main.TestSuiteExecutor.execute(TestSuiteExecutor.java:106)
	at com.kms.katalon.core.main.TestCaseMain.startTestSuite(TestCaseMain.java:180)
	at TempTestSuite1712232560197.run(TempTestSuite1712232560197.groovy:35)
	at java.base/jdk.internal.reflect.NativeMethodAccessorImpl.invoke0(Native Method)
	at java.base/jdk.internal.reflect.NativeMethodAccessorImpl.invoke(NativeMethodAccessorImpl.java:77)
	at java.base/jdk.internal.reflect.DelegatingMethodAccessorImpl.invoke(DelegatingMethodAccessorImpl.java:43)
Caused by: com.kms.katalon.core.exception.StepFailedException: Object Object Repository/NewObject/DropDownSearchedDistrict not found
	at com.kms.katalon.core.mobile.keyword.internal.MobileKeywordMain.stepFailed(MobileKeywordMain.groovy:38)
	at com.kms.katalon.core.mobile.keyword.builtin.TapKeyword$_tap_closure1.doCall(TapKeyword.groovy:46)
	at com.kms.katalon.core.mobile.keyword.builtin.TapKeyword$_tap_closure1.call(TapKeyword.groovy)
	at com.kms.katalon.core.mobile.keyword.internal.MobileKeywordMain.runKeyword(MobileKeywordMain.groovy:19)
	... 20 more
)
[[ATTACHMENT|C:\\Users\\sushil.gaikwad\\git\\EguruSmart1\\Reports\\20240404_173920\\TataMotors\\20240404_173920\\1712233454634.png]]]]></system-out>
         <system-err><![CDATA[04-04-2024T17:52:15 - [TEST_CASE][FAILED] - Test Cases/TC/TC_08 - To verify that the user is able to add the customer or not: Test Cases/TC/TC_08 - To verify that the user is able to add the customer or not FAILED.
Reason:
com.kms.katalon.core.exception.StepFailedException: Failed to tap on element 'Object Repository/NewObject/DropDownSearchedDistrict'
	at com.kms.katalon.core.mobile.keyword.internal.MobileKeywordMain.stepFailed(MobileKeywordMain.groovy:38)
	at com.kms.katalon.core.mobile.keyword.internal.MobileKeywordMain.runKeyword(MobileKeywordMain.groovy:21)
	at com.kms.katalon.core.mobile.keyword.builtin.TapKeyword.tap(TapKeyword.groovy:51)
	at com.kms.katalon.core.mobile.keyword.builtin.TapKeyword.execute(TapKeyword.groovy:35)
	at com.kms.katalon.core.keyword.internal.KeywordExecutor.executeKeywordForPlatform(KeywordExecutor.groovy:74)
	at com.kms.katalon.core.mobile.keyword.MobileBuiltInKeywords.tap(MobileBuiltInKeywords.groovy:1476)
	at TC_08 - To verify that the user is able to add the customer or not.run(TC_08 - To verify that the user is able to add the customer or not:114)
	at com.kms.katalon.core.main.ScriptEngine.run(ScriptEngine.java:194)
	at com.kms.katalon.core.main.ScriptEngine.runScriptAsRawText(ScriptEngine.java:119)
	at com.kms.katalon.core.main.TestCaseExecutor.runScript(TestCaseExecutor.java:448)
	at com.kms.katalon.core.main.TestCaseExecutor.doExecute(TestCaseExecutor.java:439)
	at com.kms.katalon.core.main.TestCaseExecutor.processExecutionPhase(TestCaseExecutor.java:418)
	at com.kms.katalon.core.main.TestCaseExecutor.accessMainPhase(TestCaseExecutor.java:410)
	at com.kms.katalon.core.main.TestCaseExecutor.execute(TestCaseExecutor.java:285)
	at com.kms.katalon.core.common.CommonExecutor.accessTestCaseMainPhase(CommonExecutor.java:65)
	at com.kms.katalon.core.main.TestSuiteExecutor.accessTestSuiteMainPhase(TestSuiteExecutor.java:148)
	at com.kms.katalon.core.main.TestSuiteExecutor.execute(TestSuiteExecutor.java:106)
	at com.kms.katalon.core.main.TestCaseMain.startTestSuite(TestCaseMain.java:180)
	at TempTestSuite1712232560197.run(TempTestSuite1712232560197.groovy:35)
	at java.base/jdk.internal.reflect.NativeMethodAccessorImpl.invoke0(Native Method)
	at java.base/jdk.internal.reflect.NativeMethodAccessorImpl.invoke(NativeMethodAccessorImpl.java:77)
	at java.base/jdk.internal.reflect.DelegatingMethodAccessorImpl.invoke(DelegatingMethodAccessorImpl.java:43)
Caused by: com.kms.katalon.core.exception.StepFailedException: Object Object Repository/NewObject/DropDownSearchedDistrict not found
	at com.kms.katalon.core.mobile.keyword.internal.MobileKeywordMain.stepFailed(MobileKeywordMain.groovy:38)
	at com.kms.katalon.core.mobile.keyword.builtin.TapKeyword$_tap_closure1.doCall(TapKeyword.groovy:46)
	at com.kms.katalon.core.mobile.keyword.builtin.TapKeyword$_tap_closure1.call(TapKeyword.groovy)
	at com.kms.katalon.core.mobile.keyword.internal.MobileKeywordMain.runKeyword(MobileKeywordMain.groovy:19)
	... 20 more]]></system-err>
      </testcase>
      <testcase name="Test Cases/TC/TC_09 - To verify that user is able to add the account or not" time="103.228" classname="Test Cases/TC/TC_09 - To verify that user is able to add the account or not" status="FAILED">
         <failure type="FAILED" message="Test Cases/TC/TC_09 - To verify that user is able to add the account or not FAILED.&#xa;Reason:&#xa;com.kms.katalon.core.exception.StepFailedException: Failed to tap on element 'Object Repository/NewObject/DropDownDistrict'&#xa;	at com.kms.katalon.core.mobile.keyword.internal.MobileKeywordMain.stepFailed(MobileKeywordMain.groovy:38)&#xa;	at com.kms.katalon.core.mobile.keyword.internal.MobileKeywordMain.runKeyword(MobileKeywordMain.groovy:21)&#xa;	at com.kms.katalon.core.mobile.keyword.builtin.TapKeyword.tap(TapKeyword.groovy:51)&#xa;	at com.kms.katalon.core.mobile.keyword.builtin.TapKeyword.execute(TapKeyword.groovy:35)&#xa;	at com.kms.katalon.core.keyword.internal.KeywordExecutor.executeKeywordForPlatform(KeywordExecutor.groovy:74)&#xa;	at com.kms.katalon.core.mobile.keyword.MobileBuiltInKeywords.tap(MobileBuiltInKeywords.groovy:1476)&#xa;	at TC_09 - To verify that user is able to add the account or not.run(TC_09 - To verify that user is able to add the account or not:106)&#xa;	at com.kms.katalon.core.main.ScriptEngine.run(ScriptEngine.java:194)&#xa;	at com.kms.katalon.core.main.ScriptEngine.runScriptAsRawText(ScriptEngine.java:119)&#xa;	at com.kms.katalon.core.main.TestCaseExecutor.runScript(TestCaseExecutor.java:448)&#xa;	at com.kms.katalon.core.main.TestCaseExecutor.doExecute(TestCaseExecutor.java:439)&#xa;	at com.kms.katalon.core.main.TestCaseExecutor.processExecutionPhase(TestCaseExecutor.java:418)&#xa;	at com.kms.katalon.core.main.TestCaseExecutor.accessMainPhase(TestCaseExecutor.java:410)&#xa;	at com.kms.katalon.core.main.TestCaseExecutor.execute(TestCaseExecutor.java:285)&#xa;	at com.kms.katalon.core.common.CommonExecutor.accessTestCaseMainPhase(CommonExecutor.java:65)&#xa;	at com.kms.katalon.core.main.TestSuiteExecutor.accessTestSuiteMainPhase(TestSuiteExecutor.java:148)&#xa;	at com.kms.katalon.core.main.TestSuiteExecutor.execute(TestSuiteExecutor.java:106)&#xa;	at com.kms.katalon.core.main.TestCaseMain.startTestSuite(TestCaseMain.java:180)&#xa;	at TempTestSuite1712232560197.run(TempTestSuite1712232560197.groovy:35)&#xa;	at java.base/jdk.internal.reflect.NativeMethodAccessorImpl.invoke0(Native Method)&#xa;	at java.base/jdk.internal.reflect.NativeMethodAccessorImpl.invoke(NativeMethodAccessorImpl.java:77)&#xa;	at java.base/jdk.internal.reflect.DelegatingMethodAccessorImpl.invoke(DelegatingMethodAccessorImpl.java:43)&#xa;Caused by: com.kms.katalon.core.exception.StepFailedException: Object Object Repository/NewObject/DropDownDistrict not found&#xa;	at com.kms.katalon.core.mobile.keyword.internal.MobileKeywordMain.stepFailed(MobileKeywordMain.groovy:38)&#xa;	at com.kms.katalon.core.mobile.keyword.builtin.TapKeyword$_tap_closure1.doCall(TapKeyword.groovy:46)&#xa;	at com.kms.katalon.core.mobile.keyword.builtin.TapKeyword$_tap_closure1.call(TapKeyword.groovy)&#xa;	at com.kms.katalon.core.mobile.keyword.internal.MobileKeywordMain.runKeyword(MobileKeywordMain.groovy:19)&#xa;	... 20 more&#xa;"/>
         <system-out><![CDATA[04-04-2024T17:54:15 - [TEST_CASE][FAILED] - Test Cases/TC/TC_09 - To verify that user is able to add the account or not: Test Cases/TC/TC_09 - To verify that user is able to add the account or not FAILED.
Reason:
com.kms.katalon.core.exception.StepFailedException: Failed to tap on element 'Object Repository/NewObject/DropDownDistrict'
	at com.kms.katalon.core.mobile.keyword.internal.MobileKeywordMain.stepFailed(MobileKeywordMain.groovy:38)
	at com.kms.katalon.core.mobile.keyword.internal.MobileKeywordMain.runKeyword(MobileKeywordMain.groovy:21)
	at com.kms.katalon.core.mobile.keyword.builtin.TapKeyword.tap(TapKeyword.groovy:51)
	at com.kms.katalon.core.mobile.keyword.builtin.TapKeyword.execute(TapKeyword.groovy:35)
	at com.kms.katalon.core.keyword.internal.KeywordExecutor.executeKeywordForPlatform(KeywordExecutor.groovy:74)
	at com.kms.katalon.core.mobile.keyword.MobileBuiltInKeywords.tap(MobileBuiltInKeywords.groovy:1476)
	at TC_09 - To verify that user is able to add the account or not.run(TC_09 - To verify that user is able to add the account or not:106)
	at com.kms.katalon.core.main.ScriptEngine.run(ScriptEngine.java:194)
	at com.kms.katalon.core.main.ScriptEngine.runScriptAsRawText(ScriptEngine.java:119)
	at com.kms.katalon.core.main.TestCaseExecutor.runScript(TestCaseExecutor.java:448)
	at com.kms.katalon.core.main.TestCaseExecutor.doExecute(TestCaseExecutor.java:439)
	at com.kms.katalon.core.main.TestCaseExecutor.processExecutionPhase(TestCaseExecutor.java:418)
	at com.kms.katalon.core.main.TestCaseExecutor.accessMainPhase(TestCaseExecutor.java:410)
	at com.kms.katalon.core.main.TestCaseExecutor.execute(TestCaseExecutor.java:285)
	at com.kms.katalon.core.common.CommonExecutor.accessTestCaseMainPhase(CommonExecutor.java:65)
	at com.kms.katalon.core.main.TestSuiteExecutor.accessTestSuiteMainPhase(TestSuiteExecutor.java:148)
	at com.kms.katalon.core.main.TestSuiteExecutor.execute(TestSuiteExecutor.java:106)
	at com.kms.katalon.core.main.TestCaseMain.startTestSuite(TestCaseMain.java:180)
	at TempTestSuite1712232560197.run(TempTestSuite1712232560197.groovy:35)
	at java.base/jdk.internal.reflect.NativeMethodAccessorImpl.invoke0(Native Method)
	at java.base/jdk.internal.reflect.NativeMethodAccessorImpl.invoke(NativeMethodAccessorImpl.java:77)
	at java.base/jdk.internal.reflect.DelegatingMethodAccessorImpl.invoke(DelegatingMethodAccessorImpl.java:43)
Caused by: com.kms.katalon.core.exception.StepFailedException: Object Object Repository/NewObject/DropDownDistrict not found
	at com.kms.katalon.core.mobile.keyword.internal.MobileKeywordMain.stepFailed(MobileKeywordMain.groovy:38)
	at com.kms.katalon.core.mobile.keyword.builtin.TapKeyword$_tap_closure1.doCall(TapKeyword.groovy:46)
	at com.kms.katalon.core.mobile.keyword.builtin.TapKeyword$_tap_closure1.call(TapKeyword.groovy)
	at com.kms.katalon.core.mobile.keyword.internal.MobileKeywordMain.runKeyword(MobileKeywordMain.groovy:19)
	... 20 more


04-04-2024T17:54:16 - [TEST_STEP][PASSED] - callTestCase(findTestCase("CommenWorkflows/Login"), ["Str_URL":"C:\Users\sushil.gaikwad\git\EguruSmart1\Application\app-release (4).apk", "Str_Username":"DUSER145", "Str_Password":"Soct#2023", ... ], STOP_ON_FAILURE): Call Test Case 'Test Cases/CommenWorkflows/Login' successfully

04-04-2024T17:54:16 - [TEST_CASE][PASSED] - Test Cases/CommenWorkflows/Login: Test Cases/CommenWorkflows/Login

04-04-2024T17:54:16 - [TEST_STEP][PASSED] - startApplication(Str_URL, false): Started app at: 'C:\Users\sushil.gaikwad\git\EguruSmart1\Application\app-release (4).apk'

04-04-2024T17:54:16 - [MESSAGE][INFO] - User set preference: ['deviceId', 'R9ZT10H9Y2L']

04-04-2024T17:54:28 - [MESSAGE][PASSED] - Started app at: 'C:\Users\sushil.gaikwad\git\EguruSmart1\Application\app-release (4).apk'

04-04-2024T17:54:28 - [TEST_STEP][PASSED] - Bool_Username = waitForElementPresent(findTestObject("LockScreen/UsernaneText"), 10): Object Object Repository/LockScreen/UsernaneText not found

04-04-2024T17:54:38 - [MESSAGE][WARNING] - Object Object Repository/LockScreen/UsernaneText not found

04-04-2024T17:54:38 - [TEST_STEP][PASSED] - if (Bool_Username == true): null

04-04-2024T17:54:38 - [TEST_STEP][PASSED] - else: Tapped on element 'Object Repository/LockScreen/LoginButton'

04-04-2024T17:54:38 - [TEST_STEP][PASSED] - tap(findTestObject("LockScreen/Tap1"), 0): Tapped on element 'Object Repository/LockScreen/Tap1'

04-04-2024T17:54:38 - [MESSAGE][WARNING] - Timeout '0' is invalid. Using default page load timeout: '30'

04-04-2024T17:54:42 - [MESSAGE][PASSED] - Tapped on element 'Object Repository/LockScreen/Tap1'

04-04-2024T17:54:42 - [TEST_STEP][PASSED] - setText(findTestObject("LockScreen/Text1"), "1", 0): Text '1' has been set to element 'Object Repository/LockScreen/Text1'

04-04-2024T17:54:43 - [MESSAGE][WARNING] - Timeout '0' is invalid. Using default page load timeout: '30'

04-04-2024T17:54:44 - [MESSAGE][PASSED] - Text '1' has been set to element 'Object Repository/LockScreen/Text1'

04-04-2024T17:54:44 - [TEST_STEP][PASSED] - setText(findTestObject("LockScreen/Text2"), "2", 0): Text '2' has been set to element 'Object Repository/LockScreen/Text2'

04-04-2024T17:54:44 - [MESSAGE][WARNING] - Timeout '0' is invalid. Using default page load timeout: '30'

04-04-2024T17:54:45 - [MESSAGE][PASSED] - Text '2' has been set to element 'Object Repository/LockScreen/Text2'

04-04-2024T17:54:45 - [TEST_STEP][PASSED] - setText(findTestObject("LockScreen/Text3"), "3", 0): Text '3' has been set to element 'Object Repository/LockScreen/Text3'

04-04-2024T17:54:45 - [MESSAGE][WARNING] - Timeout '0' is invalid. Using default page load timeout: '30'

04-04-2024T17:54:47 - [MESSAGE][PASSED] - Text '3' has been set to element 'Object Repository/LockScreen/Text3'

04-04-2024T17:54:47 - [TEST_STEP][PASSED] - setText(findTestObject("LockScreen/Text4"), "4", 0): Text '4' has been set to element 'Object Repository/LockScreen/Text4'

04-04-2024T17:54:47 - [MESSAGE][WARNING] - Timeout '0' is invalid. Using default page load timeout: '30'

04-04-2024T17:54:48 - [MESSAGE][PASSED] - Text '4' has been set to element 'Object Repository/LockScreen/Text4'

04-04-2024T17:54:48 - [TEST_STEP][PASSED] - tap(findTestObject("LockScreen/LoginButton"), 0): Tapped on element 'Object Repository/LockScreen/LoginButton'

04-04-2024T17:54:48 - [MESSAGE][WARNING] - Timeout '0' is invalid. Using default page load timeout: '30'

04-04-2024T17:54:50 - [MESSAGE][PASSED] - Tapped on element 'Object Repository/LockScreen/LoginButton'

04-04-2024T17:54:50 - [MESSAGE][PASSED] - Call Test Case 'Test Cases/CommenWorkflows/Login' successfully

04-04-2024T17:54:50 - [TEST_STEP][PASSED] - verifyElementExist(findTestObject("TataMotars/HomeButton"), 10): Element 'Object Repository/TataMotars/HomeButton' is exist

04-04-2024T17:54:51 - [MESSAGE][PASSED] - Element 'Object Repository/TataMotars/HomeButton' is exist

04-04-2024T17:54:51 - [TEST_STEP][PASSED] - tap(findTestObject("TataMotars/PluseButton"), 0): Tapped on element 'Object Repository/TataMotars/PluseButton'

04-04-2024T17:54:51 - [MESSAGE][WARNING] - Timeout '0' is invalid. Using default page load timeout: '30'

04-04-2024T17:54:52 - [MESSAGE][PASSED] - Tapped on element 'Object Repository/TataMotars/PluseButton'

04-04-2024T17:54:52 - [TEST_STEP][PASSED] - bool_Opportunity = verifyElementExist(findTestObject("TataMotars/Pluse Button/OpportunityButton"), 0): Element 'Object Repository/TataMotars/Pluse Button/OpportunityButton' is exist

04-04-2024T17:54:52 - [MESSAGE][WARNING] - Timeout '0' is invalid. Using default page load timeout: '30'

04-04-2024T17:54:53 - [MESSAGE][PASSED] - Element 'Object Repository/TataMotars/Pluse Button/OpportunityButton' is exist

04-04-2024T17:54:53 - [TEST_STEP][PASSED] - bool_Account = verifyElementExist(findTestObject("TataMotars/Pluse Button/Account"), 0): Element 'Object Repository/TataMotars/Pluse Button/Account' is exist

04-04-2024T17:54:53 - [MESSAGE][WARNING] - Timeout '0' is invalid. Using default page load timeout: '30'

04-04-2024T17:54:53 - [MESSAGE][PASSED] - Element 'Object Repository/TataMotars/Pluse Button/Account' is exist

04-04-2024T17:54:53 - [TEST_STEP][PASSED] - bool_Customer = verifyElementExist(findTestObject("TataMotars/Pluse Button/Customer"), 0): Element 'Object Repository/TataMotars/Pluse Button/Customer' is exist

04-04-2024T17:54:53 - [MESSAGE][WARNING] - Timeout '0' is invalid. Using default page load timeout: '30'

04-04-2024T17:54:53 - [MESSAGE][PASSED] - Element 'Object Repository/TataMotars/Pluse Button/Customer' is exist

04-04-2024T17:54:53 - [TEST_STEP][PASSED] - bool_Influencer = verifyElementExist(findTestObject("TataMotars/Pluse Button/Influencer"), 0): Element 'Object Repository/TataMotars/Pluse Button/Influencer' is exist

04-04-2024T17:54:53 - [MESSAGE][WARNING] - Timeout '0' is invalid. Using default page load timeout: '30'

04-04-2024T17:54:53 - [MESSAGE][PASSED] - Element 'Object Repository/TataMotars/Pluse Button/Influencer' is exist

04-04-2024T17:54:53 - [TEST_STEP][PASSED] - bool_FollowUp = verifyElementExist(findTestObject("TataMotars/Pluse Button/Follow Up"), 0): Element 'Object Repository/TataMotars/Pluse Button/Follow Up' is exist

04-04-2024T17:54:53 - [MESSAGE][WARNING] - Timeout '0' is invalid. Using default page load timeout: '30'

04-04-2024T17:54:54 - [MESSAGE][PASSED] - Element 'Object Repository/TataMotars/Pluse Button/Follow Up' is exist

04-04-2024T17:54:54 - [TEST_STEP][PASSED] - bool_Opportunity && bool_Account && bool_Customer && bool_Influencer && bool_FollowUp == false: null

04-04-2024T17:54:54 - [TEST_STEP][PASSED] - takeScreenshot(): Screenshot is taken

04-04-2024T17:54:55 - [MESSAGE][PASSED] - Screenshot is taken
[[ATTACHMENT|C:\\Users\\sushil.gaikwad\\git\\EguruSmart1\\Reports\\20240404_173920\\TataMotors\\20240404_173920\\1712233494023.png]]

04-04-2024T17:54:55 - [TEST_STEP][PASSED] - tap(findTestObject("TataMotars/Pluse Button/Account"), 3): Tapped on element 'Object Repository/TataMotars/Pluse Button/Account'

04-04-2024T17:54:56 - [MESSAGE][PASSED] - Tapped on element 'Object Repository/TataMotars/Pluse Button/Account'

04-04-2024T17:54:56 - [TEST_STEP][PASSED] - bool_AccountInfo = verifyElementExist(findTestObject("C1 Functionality/Account Information"), 30): Element 'Object Repository/C1 Functionality/Account Information' is exist

04-04-2024T17:54:56 - [MESSAGE][PASSED] - Element 'Object Repository/C1 Functionality/Account Information' is exist

04-04-2024T17:54:56 - [TEST_STEP][PASSED] - bool_AccountName = verifyElementExist(findTestObject("Add Account/Account Name"), 30): Element 'Object Repository/Add Account/Account Name' is exist

04-04-2024T17:54:57 - [MESSAGE][PASSED] - Element 'Object Repository/Add Account/Account Name' is exist

04-04-2024T17:54:57 - [TEST_STEP][PASSED] - bool_MainPhoneNumber = verifyElementExist(findTestObject("Add Account/Main Phone Number"), 30): Element 'Object Repository/Add Account/Main Phone Number' is exist

04-04-2024T17:54:58 - [MESSAGE][PASSED] - Element 'Object Repository/Add Account/Main Phone Number' is exist

04-04-2024T17:54:58 - [TEST_STEP][PASSED] - bool_AccountInfo && bool_AccountName && bool_MainPhoneNumber == true: null

04-04-2024T17:54:58 - [TEST_STEP][PASSED] - takeScreenshot(): Screenshot is taken

04-04-2024T17:54:59 - [MESSAGE][PASSED] - Screenshot is taken
[[ATTACHMENT|C:\\Users\\sushil.gaikwad\\git\\EguruSmart1\\Reports\\20240404_173920\\TataMotors\\20240404_173920\\1712233498167.png]]

04-04-2024T17:54:59 - [TEST_STEP][PASSED] - Bool_Offline = waitForElementPresent(findTestObject("LockScreen/NewPin/Offline Master Sync"), 5): Object Object Repository/LockScreen/NewPin/Offline Master Sync not found

04-04-2024T17:55:04 - [MESSAGE][WARNING] - Object Object Repository/LockScreen/NewPin/Offline Master Sync not found

04-04-2024T17:55:04 - [TEST_STEP][PASSED] - if (Bool_Offline == true): null

04-04-2024T17:55:04 - [TEST_STEP][PASSED] - tap(findTestObject("Add Account/Individual RadioButton"), 0): Tapped on element 'Object Repository/Add Account/Individual RadioButton'

04-04-2024T17:55:04 - [MESSAGE][WARNING] - Timeout '0' is invalid. Using default page load timeout: '30'

04-04-2024T17:55:05 - [MESSAGE][PASSED] - Tapped on element 'Object Repository/Add Account/Individual RadioButton'

04-04-2024T17:55:05 - [TEST_STEP][PASSED] - minRange = 1: null

04-04-2024T17:55:05 - [TEST_STEP][PASSED] - maxRange = 1000: null

04-04-2024T17:55:05 - [TEST_STEP][PASSED] - randomInt = current().nextInt(minRange, maxRange + 1): null

04-04-2024T17:55:05 - [TEST_STEP][PASSED] - Result = $str_AccountName $randomInt: null

04-04-2024T17:55:05 - [TEST_STEP][PASSED] - tap(findTestObject("Add Account/Account Name"), 0): Tapped on element 'Object Repository/Add Account/Account Name'

04-04-2024T17:55:05 - [MESSAGE][WARNING] - Timeout '0' is invalid. Using default page load timeout: '30'

04-04-2024T17:55:06 - [MESSAGE][PASSED] - Tapped on element 'Object Repository/Add Account/Account Name'

04-04-2024T17:55:06 - [TEST_STEP][PASSED] - setText(findTestObject("Add Account/Account Name"), Result, 0): Text 'Stepone main Office 797' has been set to element 'Object Repository/Add Account/Account Name'

04-04-2024T17:55:06 - [MESSAGE][WARNING] - Timeout '0' is invalid. Using default page load timeout: '30'

04-04-2024T17:55:08 - [MESSAGE][PASSED] - Text 'Stepone main Office 797' has been set to element 'Object Repository/Add Account/Account Name'

04-04-2024T17:55:08 - [TEST_STEP][PASSED] - hideKeyboard(): Keyboard is hidden

04-04-2024T17:55:10 - [MESSAGE][PASSED] - Keyboard is hidden

04-04-2024T17:55:10 - [TEST_STEP][PASSED] - tap(findTestObject("Add Account/Main Phone Number"), 0): Tapped on element 'Object Repository/Add Account/Main Phone Number'

04-04-2024T17:55:10 - [MESSAGE][WARNING] - Timeout '0' is invalid. Using default page load timeout: '30'

04-04-2024T17:55:10 - [MESSAGE][PASSED] - Tapped on element 'Object Repository/Add Account/Main Phone Number'

04-04-2024T17:55:10 - [TEST_STEP][PASSED] - setText(findTestObject("Add Account/Main Phone Number"), str_MainMobileNo, 0): Text '9988667890' has been set to element 'Object Repository/Add Account/Main Phone Number'

04-04-2024T17:55:10 - [MESSAGE][WARNING] - Timeout '0' is invalid. Using default page load timeout: '30'

04-04-2024T17:55:13 - [MESSAGE][PASSED] - Text '9988667890' has been set to element 'Object Repository/Add Account/Main Phone Number'

04-04-2024T17:55:13 - [TEST_STEP][PASSED] - hideKeyboard(): Keyboard is hidden

04-04-2024T17:55:17 - [MESSAGE][PASSED] - Keyboard is hidden

04-04-2024T17:55:17 - [TEST_STEP][PASSED] - tap(findTestObject("Primery Details/Address Details/NextButton"), 0): Tapped on element 'Object Repository/Primery Details/Address Details/NextButton'

04-04-2024T17:55:17 - [MESSAGE][WARNING] - Timeout '0' is invalid. Using default page load timeout: '30'

04-04-2024T17:55:17 - [MESSAGE][PASSED] - Tapped on element 'Object Repository/Primery Details/Address Details/NextButton'

04-04-2024T17:55:17 - [TEST_STEP][PASSED] - bool_Pincode = verifyElementExist(findTestObject("Primery Details/Address Details/Pincode"), 30): Element 'Object Repository/Primery Details/Address Details/Pincode' is exist

04-04-2024T17:55:19 - [MESSAGE][PASSED] - Element 'Object Repository/Primery Details/Address Details/Pincode' is exist

04-04-2024T17:55:19 - [TEST_STEP][PASSED] - takeScreenshot(): Screenshot is taken

04-04-2024T17:55:20 - [MESSAGE][PASSED] - Screenshot is taken
[[ATTACHMENT|C:\\Users\\sushil.gaikwad\\git\\EguruSmart1\\Reports\\20240404_173920\\TataMotors\\20240404_173920\\1712233519029.png]]

04-04-2024T17:55:20 - [TEST_STEP][PASSED] - tap(findTestObject("Primery Details/Address Details/Pincode"), 0): Tapped on element 'Object Repository/Primery Details/Address Details/Pincode'

04-04-2024T17:55:20 - [MESSAGE][WARNING] - Timeout '0' is invalid. Using default page load timeout: '30'

04-04-2024T17:55:20 - [MESSAGE][PASSED] - Tapped on element 'Object Repository/Primery Details/Address Details/Pincode'

04-04-2024T17:55:20 - [TEST_STEP][PASSED] - setText(findTestObject("Primery Details/Address Details/Pincode"), str_Pincode, 0): Text '410210' has been set to element 'Object Repository/Primery Details/Address Details/Pincode'

04-04-2024T17:55:20 - [MESSAGE][WARNING] - Timeout '0' is invalid. Using default page load timeout: '30'

04-04-2024T17:55:22 - [MESSAGE][PASSED] - Text '410210' has been set to element 'Object Repository/Primery Details/Address Details/Pincode'

04-04-2024T17:55:22 - [TEST_STEP][PASSED] - hideKeyboard(): Keyboard is hidden

04-04-2024T17:55:24 - [MESSAGE][PASSED] - Keyboard is hidden

04-04-2024T17:55:24 - [TEST_STEP][PASSED] - Bool_Pin = waitForElementPresent(findTestObject("NewObject/Searched PinCodeTC3"), 2): Object Object Repository/NewObject/Searched PinCodeTC3 not found

04-04-2024T17:55:26 - [MESSAGE][WARNING] - Object Object Repository/NewObject/Searched PinCodeTC3 not found

04-04-2024T17:55:26 - [TEST_STEP][PASSED] - if (Bool_Pin == true): null

04-04-2024T17:55:26 - [TEST_STEP][FAILED] - tap(findTestObject("NewObject/DropDownDistrict"), 0, STOP_ON_FAILURE): Failed to tap on element 'Object Repository/NewObject/DropDownDistrict' (Root cause: com.kms.katalon.core.exception.StepFailedException: Failed to tap on element 'Object Repository/NewObject/DropDownDistrict'
	at com.kms.katalon.core.mobile.keyword.internal.MobileKeywordMain.stepFailed(MobileKeywordMain.groovy:38)
	at com.kms.katalon.core.mobile.keyword.internal.MobileKeywordMain.runKeyword(MobileKeywordMain.groovy:21)
	at com.kms.katalon.core.mobile.keyword.builtin.TapKeyword.tap(TapKeyword.groovy:51)
	at com.kms.katalon.core.mobile.keyword.builtin.TapKeyword.execute(TapKeyword.groovy:35)
	at com.kms.katalon.core.keyword.internal.KeywordExecutor.executeKeywordForPlatform(KeywordExecutor.groovy:74)
	at com.kms.katalon.core.mobile.keyword.MobileBuiltInKeywords.tap(MobileBuiltInKeywords.groovy:1476)
	at TC_09 - To verify that user is able to add the account or not.run(TC_09 - To verify that user is able to add the account or not:106)
	at com.kms.katalon.core.main.ScriptEngine.run(ScriptEngine.java:194)
	at com.kms.katalon.core.main.ScriptEngine.runScriptAsRawText(ScriptEngine.java:119)
	at com.kms.katalon.core.main.TestCaseExecutor.runScript(TestCaseExecutor.java:448)
	at com.kms.katalon.core.main.TestCaseExecutor.doExecute(TestCaseExecutor.java:439)
	at com.kms.katalon.core.main.TestCaseExecutor.processExecutionPhase(TestCaseExecutor.java:418)
	at com.kms.katalon.core.main.TestCaseExecutor.accessMainPhase(TestCaseExecutor.java:410)
	at com.kms.katalon.core.main.TestCaseExecutor.execute(TestCaseExecutor.java:285)
	at com.kms.katalon.core.common.CommonExecutor.accessTestCaseMainPhase(CommonExecutor.java:65)
	at com.kms.katalon.core.main.TestSuiteExecutor.accessTestSuiteMainPhase(TestSuiteExecutor.java:148)
	at com.kms.katalon.core.main.TestSuiteExecutor.execute(TestSuiteExecutor.java:106)
	at com.kms.katalon.core.main.TestCaseMain.startTestSuite(TestCaseMain.java:180)
	at TempTestSuite1712232560197.run(TempTestSuite1712232560197.groovy:35)
	at java.base/jdk.internal.reflect.NativeMethodAccessorImpl.invoke0(Native Method)
	at java.base/jdk.internal.reflect.NativeMethodAccessorImpl.invoke(NativeMethodAccessorImpl.java:77)
	at java.base/jdk.internal.reflect.DelegatingMethodAccessorImpl.invoke(DelegatingMethodAccessorImpl.java:43)
Caused by: com.kms.katalon.core.exception.StepFailedException: Object Object Repository/NewObject/DropDownDistrict not found
	at com.kms.katalon.core.mobile.keyword.internal.MobileKeywordMain.stepFailed(MobileKeywordMain.groovy:38)
	at com.kms.katalon.core.mobile.keyword.builtin.TapKeyword$_tap_closure1.doCall(TapKeyword.groovy:46)
	at com.kms.katalon.core.mobile.keyword.builtin.TapKeyword$_tap_closure1.call(TapKeyword.groovy)
	at com.kms.katalon.core.mobile.keyword.internal.MobileKeywordMain.runKeyword(MobileKeywordMain.groovy:19)
	... 20 more
)

04-04-2024T17:55:26 - [MESSAGE][WARNING] - Timeout '0' is invalid. Using default page load timeout: '30'

04-04-2024T17:55:57 - [MESSAGE][FAILED] - Object Object Repository/NewObject/DropDownDistrict not found (Root cause: com.kms.katalon.core.exception.StepFailedException: Object Object Repository/NewObject/DropDownDistrict not found
	at com.kms.katalon.core.mobile.keyword.internal.MobileKeywordMain.stepFailed(MobileKeywordMain.groovy:38)
	at com.kms.katalon.core.mobile.keyword.builtin.TapKeyword$_tap_closure1.doCall(TapKeyword.groovy:46)
	at com.kms.katalon.core.mobile.keyword.builtin.TapKeyword$_tap_closure1.call(TapKeyword.groovy)
	at com.kms.katalon.core.mobile.keyword.internal.MobileKeywordMain.runKeyword(MobileKeywordMain.groovy:19)
	at com.kms.katalon.core.mobile.keyword.builtin.TapKeyword.tap(TapKeyword.groovy:51)
	at com.kms.katalon.core.mobile.keyword.builtin.TapKeyword.execute(TapKeyword.groovy:35)
	at com.kms.katalon.core.keyword.internal.KeywordExecutor.executeKeywordForPlatform(KeywordExecutor.groovy:74)
	at com.kms.katalon.core.mobile.keyword.MobileBuiltInKeywords.tap(MobileBuiltInKeywords.groovy:1476)
	at TC_09 - To verify that user is able to add the account or not.run(TC_09 - To verify that user is able to add the account or not:106)
	at com.kms.katalon.core.main.ScriptEngine.run(ScriptEngine.java:194)
	at com.kms.katalon.core.main.ScriptEngine.runScriptAsRawText(ScriptEngine.java:119)
	at com.kms.katalon.core.main.TestCaseExecutor.runScript(TestCaseExecutor.java:448)
	at com.kms.katalon.core.main.TestCaseExecutor.doExecute(TestCaseExecutor.java:439)
	at com.kms.katalon.core.main.TestCaseExecutor.processExecutionPhase(TestCaseExecutor.java:418)
	at com.kms.katalon.core.main.TestCaseExecutor.accessMainPhase(TestCaseExecutor.java:410)
	at com.kms.katalon.core.main.TestCaseExecutor.execute(TestCaseExecutor.java:285)
	at com.kms.katalon.core.common.CommonExecutor.accessTestCaseMainPhase(CommonExecutor.java:65)
	at com.kms.katalon.core.main.TestSuiteExecutor.accessTestSuiteMainPhase(TestSuiteExecutor.java:148)
	at com.kms.katalon.core.main.TestSuiteExecutor.execute(TestSuiteExecutor.java:106)
	at com.kms.katalon.core.main.TestCaseMain.startTestSuite(TestCaseMain.java:180)
	at TempTestSuite1712232560197.run(TempTestSuite1712232560197.groovy:35)
	at java.base/jdk.internal.reflect.NativeMethodAccessorImpl.invoke0(Native Method)
	at java.base/jdk.internal.reflect.NativeMethodAccessorImpl.invoke(NativeMethodAccessorImpl.java:77)
	at java.base/jdk.internal.reflect.DelegatingMethodAccessorImpl.invoke(DelegatingMethodAccessorImpl.java:43)
)
[[ATTACHMENT|C:\\Users\\sushil.gaikwad\\git\\EguruSmart1\\Reports\\20240404_173920\\TataMotors\\20240404_173920\\1712233556908.png]]

04-04-2024T17:55:58 - [MESSAGE][FAILED] - Failed to tap on element 'Object Repository/NewObject/DropDownDistrict' (Root cause: com.kms.katalon.core.exception.StepFailedException: Failed to tap on element 'Object Repository/NewObject/DropDownDistrict'
	at com.kms.katalon.core.mobile.keyword.internal.MobileKeywordMain.stepFailed(MobileKeywordMain.groovy:38)
	at com.kms.katalon.core.mobile.keyword.internal.MobileKeywordMain.runKeyword(MobileKeywordMain.groovy:21)
	at com.kms.katalon.core.mobile.keyword.builtin.TapKeyword.tap(TapKeyword.groovy:51)
	at com.kms.katalon.core.mobile.keyword.builtin.TapKeyword.execute(TapKeyword.groovy:35)
	at com.kms.katalon.core.keyword.internal.KeywordExecutor.executeKeywordForPlatform(KeywordExecutor.groovy:74)
	at com.kms.katalon.core.mobile.keyword.MobileBuiltInKeywords.tap(MobileBuiltInKeywords.groovy:1476)
	at TC_09 - To verify that user is able to add the account or not.run(TC_09 - To verify that user is able to add the account or not:106)
	at com.kms.katalon.core.main.ScriptEngine.run(ScriptEngine.java:194)
	at com.kms.katalon.core.main.ScriptEngine.runScriptAsRawText(ScriptEngine.java:119)
	at com.kms.katalon.core.main.TestCaseExecutor.runScript(TestCaseExecutor.java:448)
	at com.kms.katalon.core.main.TestCaseExecutor.doExecute(TestCaseExecutor.java:439)
	at com.kms.katalon.core.main.TestCaseExecutor.processExecutionPhase(TestCaseExecutor.java:418)
	at com.kms.katalon.core.main.TestCaseExecutor.accessMainPhase(TestCaseExecutor.java:410)
	at com.kms.katalon.core.main.TestCaseExecutor.execute(TestCaseExecutor.java:285)
	at com.kms.katalon.core.common.CommonExecutor.accessTestCaseMainPhase(CommonExecutor.java:65)
	at com.kms.katalon.core.main.TestSuiteExecutor.accessTestSuiteMainPhase(TestSuiteExecutor.java:148)
	at com.kms.katalon.core.main.TestSuiteExecutor.execute(TestSuiteExecutor.java:106)
	at com.kms.katalon.core.main.TestCaseMain.startTestSuite(TestCaseMain.java:180)
	at TempTestSuite1712232560197.run(TempTestSuite1712232560197.groovy:35)
	at java.base/jdk.internal.reflect.NativeMethodAccessorImpl.invoke0(Native Method)
	at java.base/jdk.internal.reflect.NativeMethodAccessorImpl.invoke(NativeMethodAccessorImpl.java:77)
	at java.base/jdk.internal.reflect.DelegatingMethodAccessorImpl.invoke(DelegatingMethodAccessorImpl.java:43)
Caused by: com.kms.katalon.core.exception.StepFailedException: Object Object Repository/NewObject/DropDownDistrict not found
	at com.kms.katalon.core.mobile.keyword.internal.MobileKeywordMain.stepFailed(MobileKeywordMain.groovy:38)
	at com.kms.katalon.core.mobile.keyword.builtin.TapKeyword$_tap_closure1.doCall(TapKeyword.groovy:46)
	at com.kms.katalon.core.mobile.keyword.builtin.TapKeyword$_tap_closure1.call(TapKeyword.groovy)
	at com.kms.katalon.core.mobile.keyword.internal.MobileKeywordMain.runKeyword(MobileKeywordMain.groovy:19)
	... 20 more
)
[[ATTACHMENT|C:\\Users\\sushil.gaikwad\\git\\EguruSmart1\\Reports\\20240404_173920\\TataMotors\\20240404_173920\\1712233557828.png]]]]></system-out>
         <system-err><![CDATA[04-04-2024T17:54:15 - [TEST_CASE][FAILED] - Test Cases/TC/TC_09 - To verify that user is able to add the account or not: Test Cases/TC/TC_09 - To verify that user is able to add the account or not FAILED.
Reason:
com.kms.katalon.core.exception.StepFailedException: Failed to tap on element 'Object Repository/NewObject/DropDownDistrict'
	at com.kms.katalon.core.mobile.keyword.internal.MobileKeywordMain.stepFailed(MobileKeywordMain.groovy:38)
	at com.kms.katalon.core.mobile.keyword.internal.MobileKeywordMain.runKeyword(MobileKeywordMain.groovy:21)
	at com.kms.katalon.core.mobile.keyword.builtin.TapKeyword.tap(TapKeyword.groovy:51)
	at com.kms.katalon.core.mobile.keyword.builtin.TapKeyword.execute(TapKeyword.groovy:35)
	at com.kms.katalon.core.keyword.internal.KeywordExecutor.executeKeywordForPlatform(KeywordExecutor.groovy:74)
	at com.kms.katalon.core.mobile.keyword.MobileBuiltInKeywords.tap(MobileBuiltInKeywords.groovy:1476)
	at TC_09 - To verify that user is able to add the account or not.run(TC_09 - To verify that user is able to add the account or not:106)
	at com.kms.katalon.core.main.ScriptEngine.run(ScriptEngine.java:194)
	at com.kms.katalon.core.main.ScriptEngine.runScriptAsRawText(ScriptEngine.java:119)
	at com.kms.katalon.core.main.TestCaseExecutor.runScript(TestCaseExecutor.java:448)
	at com.kms.katalon.core.main.TestCaseExecutor.doExecute(TestCaseExecutor.java:439)
	at com.kms.katalon.core.main.TestCaseExecutor.processExecutionPhase(TestCaseExecutor.java:418)
	at com.kms.katalon.core.main.TestCaseExecutor.accessMainPhase(TestCaseExecutor.java:410)
	at com.kms.katalon.core.main.TestCaseExecutor.execute(TestCaseExecutor.java:285)
	at com.kms.katalon.core.common.CommonExecutor.accessTestCaseMainPhase(CommonExecutor.java:65)
	at com.kms.katalon.core.main.TestSuiteExecutor.accessTestSuiteMainPhase(TestSuiteExecutor.java:148)
	at com.kms.katalon.core.main.TestSuiteExecutor.execute(TestSuiteExecutor.java:106)
	at com.kms.katalon.core.main.TestCaseMain.startTestSuite(TestCaseMain.java:180)
	at TempTestSuite1712232560197.run(TempTestSuite1712232560197.groovy:35)
	at java.base/jdk.internal.reflect.NativeMethodAccessorImpl.invoke0(Native Method)
	at java.base/jdk.internal.reflect.NativeMethodAccessorImpl.invoke(NativeMethodAccessorImpl.java:77)
	at java.base/jdk.internal.reflect.DelegatingMethodAccessorImpl.invoke(DelegatingMethodAccessorImpl.java:43)
Caused by: com.kms.katalon.core.exception.StepFailedException: Object Object Repository/NewObject/DropDownDistrict not found
	at com.kms.katalon.core.mobile.keyword.internal.MobileKeywordMain.stepFailed(MobileKeywordMain.groovy:38)
	at com.kms.katalon.core.mobile.keyword.builtin.TapKeyword$_tap_closure1.doCall(TapKeyword.groovy:46)
	at com.kms.katalon.core.mobile.keyword.builtin.TapKeyword$_tap_closure1.call(TapKeyword.groovy)
	at com.kms.katalon.core.mobile.keyword.internal.MobileKeywordMain.runKeyword(MobileKeywordMain.groovy:19)
	... 20 more]]></system-err>
      </testcase>
      <testcase name="Test Cases/TC/TC_10 - To verify that the user can add the user as influencer or not" time="111.734" classname="Test Cases/TC/TC_10 - To verify that the user can add the user as influencer or not" status="FAILED">
         <failure type="FAILED" message="Test Cases/TC/TC_10 - To verify that the user can add the user as influencer or not FAILED.&#xa;Reason:&#xa;com.kms.katalon.core.exception.StepFailedException: Failed to tap on element 'Object Repository/NewObject/DropDownSearchedDistrict'&#xa;	at com.kms.katalon.core.mobile.keyword.internal.MobileKeywordMain.stepFailed(MobileKeywordMain.groovy:38)&#xa;	at com.kms.katalon.core.mobile.keyword.internal.MobileKeywordMain.runKeyword(MobileKeywordMain.groovy:21)&#xa;	at com.kms.katalon.core.mobile.keyword.builtin.TapKeyword.tap(TapKeyword.groovy:51)&#xa;	at com.kms.katalon.core.mobile.keyword.builtin.TapKeyword.execute(TapKeyword.groovy:35)&#xa;	at com.kms.katalon.core.keyword.internal.KeywordExecutor.executeKeywordForPlatform(KeywordExecutor.groovy:74)&#xa;	at com.kms.katalon.core.mobile.keyword.MobileBuiltInKeywords.tap(MobileBuiltInKeywords.groovy:1476)&#xa;	at TC_10 - To verify that the user can add the user as influencer or not.run(TC_10 - To verify that the user can add the user as influencer or not:113)&#xa;	at com.kms.katalon.core.main.ScriptEngine.run(ScriptEngine.java:194)&#xa;	at com.kms.katalon.core.main.ScriptEngine.runScriptAsRawText(ScriptEngine.java:119)&#xa;	at com.kms.katalon.core.main.TestCaseExecutor.runScript(TestCaseExecutor.java:448)&#xa;	at com.kms.katalon.core.main.TestCaseExecutor.doExecute(TestCaseExecutor.java:439)&#xa;	at com.kms.katalon.core.main.TestCaseExecutor.processExecutionPhase(TestCaseExecutor.java:418)&#xa;	at com.kms.katalon.core.main.TestCaseExecutor.accessMainPhase(TestCaseExecutor.java:410)&#xa;	at com.kms.katalon.core.main.TestCaseExecutor.execute(TestCaseExecutor.java:285)&#xa;	at com.kms.katalon.core.common.CommonExecutor.accessTestCaseMainPhase(CommonExecutor.java:65)&#xa;	at com.kms.katalon.core.main.TestSuiteExecutor.accessTestSuiteMainPhase(TestSuiteExecutor.java:148)&#xa;	at com.kms.katalon.core.main.TestSuiteExecutor.execute(TestSuiteExecutor.java:106)&#xa;	at com.kms.katalon.core.main.TestCaseMain.startTestSuite(TestCaseMain.java:180)&#xa;	at TempTestSuite1712232560197.run(TempTestSuite1712232560197.groovy:35)&#xa;	at java.base/jdk.internal.reflect.NativeMethodAccessorImpl.invoke0(Native Method)&#xa;	at java.base/jdk.internal.reflect.NativeMethodAccessorImpl.invoke(NativeMethodAccessorImpl.java:77)&#xa;	at java.base/jdk.internal.reflect.DelegatingMethodAccessorImpl.invoke(DelegatingMethodAccessorImpl.java:43)&#xa;Caused by: com.kms.katalon.core.exception.StepFailedException: Object Object Repository/NewObject/DropDownSearchedDistrict not found&#xa;	at com.kms.katalon.core.mobile.keyword.internal.MobileKeywordMain.stepFailed(MobileKeywordMain.groovy:38)&#xa;	at com.kms.katalon.core.mobile.keyword.builtin.TapKeyword$_tap_closure1.doCall(TapKeyword.groovy:46)&#xa;	at com.kms.katalon.core.mobile.keyword.builtin.TapKeyword$_tap_closure1.call(TapKeyword.groovy)&#xa;	at com.kms.katalon.core.mobile.keyword.internal.MobileKeywordMain.runKeyword(MobileKeywordMain.groovy:19)&#xa;	... 20 more&#xa;"/>
         <system-out><![CDATA[04-04-2024T17:55:58 - [TEST_CASE][FAILED] - Test Cases/TC/TC_10 - To verify that the user can add the user as influencer or not: Test Cases/TC/TC_10 - To verify that the user can add the user as influencer or not FAILED.
Reason:
com.kms.katalon.core.exception.StepFailedException: Failed to tap on element 'Object Repository/NewObject/DropDownSearchedDistrict'
	at com.kms.katalon.core.mobile.keyword.internal.MobileKeywordMain.stepFailed(MobileKeywordMain.groovy:38)
	at com.kms.katalon.core.mobile.keyword.internal.MobileKeywordMain.runKeyword(MobileKeywordMain.groovy:21)
	at com.kms.katalon.core.mobile.keyword.builtin.TapKeyword.tap(TapKeyword.groovy:51)
	at com.kms.katalon.core.mobile.keyword.builtin.TapKeyword.execute(TapKeyword.groovy:35)
	at com.kms.katalon.core.keyword.internal.KeywordExecutor.executeKeywordForPlatform(KeywordExecutor.groovy:74)
	at com.kms.katalon.core.mobile.keyword.MobileBuiltInKeywords.tap(MobileBuiltInKeywords.groovy:1476)
	at TC_10 - To verify that the user can add the user as influencer or not.run(TC_10 - To verify that the user can add the user as influencer or not:113)
	at com.kms.katalon.core.main.ScriptEngine.run(ScriptEngine.java:194)
	at com.kms.katalon.core.main.ScriptEngine.runScriptAsRawText(ScriptEngine.java:119)
	at com.kms.katalon.core.main.TestCaseExecutor.runScript(TestCaseExecutor.java:448)
	at com.kms.katalon.core.main.TestCaseExecutor.doExecute(TestCaseExecutor.java:439)
	at com.kms.katalon.core.main.TestCaseExecutor.processExecutionPhase(TestCaseExecutor.java:418)
	at com.kms.katalon.core.main.TestCaseExecutor.accessMainPhase(TestCaseExecutor.java:410)
	at com.kms.katalon.core.main.TestCaseExecutor.execute(TestCaseExecutor.java:285)
	at com.kms.katalon.core.common.CommonExecutor.accessTestCaseMainPhase(CommonExecutor.java:65)
	at com.kms.katalon.core.main.TestSuiteExecutor.accessTestSuiteMainPhase(TestSuiteExecutor.java:148)
	at com.kms.katalon.core.main.TestSuiteExecutor.execute(TestSuiteExecutor.java:106)
	at com.kms.katalon.core.main.TestCaseMain.startTestSuite(TestCaseMain.java:180)
	at TempTestSuite1712232560197.run(TempTestSuite1712232560197.groovy:35)
	at java.base/jdk.internal.reflect.NativeMethodAccessorImpl.invoke0(Native Method)
	at java.base/jdk.internal.reflect.NativeMethodAccessorImpl.invoke(NativeMethodAccessorImpl.java:77)
	at java.base/jdk.internal.reflect.DelegatingMethodAccessorImpl.invoke(DelegatingMethodAccessorImpl.java:43)
Caused by: com.kms.katalon.core.exception.StepFailedException: Object Object Repository/NewObject/DropDownSearchedDistrict not found
	at com.kms.katalon.core.mobile.keyword.internal.MobileKeywordMain.stepFailed(MobileKeywordMain.groovy:38)
	at com.kms.katalon.core.mobile.keyword.builtin.TapKeyword$_tap_closure1.doCall(TapKeyword.groovy:46)
	at com.kms.katalon.core.mobile.keyword.builtin.TapKeyword$_tap_closure1.call(TapKeyword.groovy)
	at com.kms.katalon.core.mobile.keyword.internal.MobileKeywordMain.runKeyword(MobileKeywordMain.groovy:19)
	... 20 more


04-04-2024T17:55:59 - [TEST_STEP][PASSED] - callTestCase(findTestCase("CommenWorkflows/Login"), ["Str_URL":"C:\Users\sushil.gaikwad\git\EguruSmart1\Application\app-release (4).apk", "Str_Username":"DUSER145", "Str_Password":"Soct#2023", ... ], STOP_ON_FAILURE): Call Test Case 'Test Cases/CommenWorkflows/Login' successfully

04-04-2024T17:55:59 - [TEST_CASE][PASSED] - Test Cases/CommenWorkflows/Login: Test Cases/CommenWorkflows/Login

04-04-2024T17:55:59 - [TEST_STEP][PASSED] - startApplication(Str_URL, false): Started app at: 'C:\Users\sushil.gaikwad\git\EguruSmart1\Application\app-release (4).apk'

04-04-2024T17:55:59 - [MESSAGE][INFO] - User set preference: ['deviceId', 'R9ZT10H9Y2L']

04-04-2024T17:56:12 - [MESSAGE][PASSED] - Started app at: 'C:\Users\sushil.gaikwad\git\EguruSmart1\Application\app-release (4).apk'

04-04-2024T17:56:12 - [TEST_STEP][PASSED] - Bool_Username = waitForElementPresent(findTestObject("LockScreen/UsernaneText"), 10): Object Object Repository/LockScreen/UsernaneText not found

04-04-2024T17:56:22 - [MESSAGE][WARNING] - Object Object Repository/LockScreen/UsernaneText not found

04-04-2024T17:56:22 - [TEST_STEP][PASSED] - if (Bool_Username == true): null

04-04-2024T17:56:22 - [TEST_STEP][PASSED] - else: Tapped on element 'Object Repository/LockScreen/LoginButton'

04-04-2024T17:56:22 - [TEST_STEP][PASSED] - tap(findTestObject("LockScreen/Tap1"), 0): Tapped on element 'Object Repository/LockScreen/Tap1'

04-04-2024T17:56:22 - [MESSAGE][WARNING] - Timeout '0' is invalid. Using default page load timeout: '30'

04-04-2024T17:56:26 - [MESSAGE][PASSED] - Tapped on element 'Object Repository/LockScreen/Tap1'

04-04-2024T17:56:26 - [TEST_STEP][PASSED] - setText(findTestObject("LockScreen/Text1"), "1", 0): Text '1' has been set to element 'Object Repository/LockScreen/Text1'

04-04-2024T17:56:26 - [MESSAGE][WARNING] - Timeout '0' is invalid. Using default page load timeout: '30'

04-04-2024T17:56:27 - [MESSAGE][PASSED] - Text '1' has been set to element 'Object Repository/LockScreen/Text1'

04-04-2024T17:56:27 - [TEST_STEP][PASSED] - setText(findTestObject("LockScreen/Text2"), "2", 0): Text '2' has been set to element 'Object Repository/LockScreen/Text2'

04-04-2024T17:56:28 - [MESSAGE][WARNING] - Timeout '0' is invalid. Using default page load timeout: '30'

04-04-2024T17:56:29 - [MESSAGE][PASSED] - Text '2' has been set to element 'Object Repository/LockScreen/Text2'

04-04-2024T17:56:29 - [TEST_STEP][PASSED] - setText(findTestObject("LockScreen/Text3"), "3", 0): Text '3' has been set to element 'Object Repository/LockScreen/Text3'

04-04-2024T17:56:29 - [MESSAGE][WARNING] - Timeout '0' is invalid. Using default page load timeout: '30'

04-04-2024T17:56:30 - [MESSAGE][PASSED] - Text '3' has been set to element 'Object Repository/LockScreen/Text3'

04-04-2024T17:56:30 - [TEST_STEP][PASSED] - setText(findTestObject("LockScreen/Text4"), "4", 0): Text '4' has been set to element 'Object Repository/LockScreen/Text4'

04-04-2024T17:56:30 - [MESSAGE][WARNING] - Timeout '0' is invalid. Using default page load timeout: '30'

04-04-2024T17:56:32 - [MESSAGE][PASSED] - Text '4' has been set to element 'Object Repository/LockScreen/Text4'

04-04-2024T17:56:32 - [TEST_STEP][PASSED] - tap(findTestObject("LockScreen/LoginButton"), 0): Tapped on element 'Object Repository/LockScreen/LoginButton'

04-04-2024T17:56:32 - [MESSAGE][WARNING] - Timeout '0' is invalid. Using default page load timeout: '30'

04-04-2024T17:56:34 - [MESSAGE][PASSED] - Tapped on element 'Object Repository/LockScreen/LoginButton'

04-04-2024T17:56:34 - [MESSAGE][PASSED] - Call Test Case 'Test Cases/CommenWorkflows/Login' successfully

04-04-2024T17:56:34 - [TEST_STEP][PASSED] - verifyElementExist(findTestObject("TataMotars/HomeButton"), 10): Element 'Object Repository/TataMotars/HomeButton' is exist

04-04-2024T17:56:34 - [MESSAGE][PASSED] - Element 'Object Repository/TataMotars/HomeButton' is exist

04-04-2024T17:56:34 - [TEST_STEP][PASSED] - tap(findTestObject("TataMotars/PluseButton"), 0): Tapped on element 'Object Repository/TataMotars/PluseButton'

04-04-2024T17:56:34 - [MESSAGE][WARNING] - Timeout '0' is invalid. Using default page load timeout: '30'

04-04-2024T17:56:36 - [MESSAGE][PASSED] - Tapped on element 'Object Repository/TataMotars/PluseButton'

04-04-2024T17:56:36 - [TEST_STEP][PASSED] - bool_Opportunity = verifyElementExist(findTestObject("TataMotars/Pluse Button/OpportunityButton"), 0): Element 'Object Repository/TataMotars/Pluse Button/OpportunityButton' is exist

04-04-2024T17:56:36 - [MESSAGE][WARNING] - Timeout '0' is invalid. Using default page load timeout: '30'

04-04-2024T17:56:36 - [MESSAGE][PASSED] - Element 'Object Repository/TataMotars/Pluse Button/OpportunityButton' is exist

04-04-2024T17:56:36 - [TEST_STEP][PASSED] - bool_Account = verifyElementExist(findTestObject("TataMotars/Pluse Button/Account"), 0): Element 'Object Repository/TataMotars/Pluse Button/Account' is exist

04-04-2024T17:56:36 - [MESSAGE][WARNING] - Timeout '0' is invalid. Using default page load timeout: '30'

04-04-2024T17:56:36 - [MESSAGE][PASSED] - Element 'Object Repository/TataMotars/Pluse Button/Account' is exist

04-04-2024T17:56:36 - [TEST_STEP][PASSED] - bool_Customer = verifyElementExist(findTestObject("TataMotars/Pluse Button/Customer"), 0): Element 'Object Repository/TataMotars/Pluse Button/Customer' is exist

04-04-2024T17:56:36 - [MESSAGE][WARNING] - Timeout '0' is invalid. Using default page load timeout: '30'

04-04-2024T17:56:37 - [MESSAGE][PASSED] - Element 'Object Repository/TataMotars/Pluse Button/Customer' is exist

04-04-2024T17:56:37 - [TEST_STEP][PASSED] - bool_Influencer = verifyElementExist(findTestObject("TataMotars/Pluse Button/Influencer"), 0): Element 'Object Repository/TataMotars/Pluse Button/Influencer' is exist

04-04-2024T17:56:37 - [MESSAGE][WARNING] - Timeout '0' is invalid. Using default page load timeout: '30'

04-04-2024T17:56:37 - [MESSAGE][PASSED] - Element 'Object Repository/TataMotars/Pluse Button/Influencer' is exist

04-04-2024T17:56:37 - [TEST_STEP][PASSED] - bool_FollowUp = verifyElementExist(findTestObject("TataMotars/Pluse Button/Follow Up"), 0): Element 'Object Repository/TataMotars/Pluse Button/Follow Up' is exist

04-04-2024T17:56:37 - [MESSAGE][WARNING] - Timeout '0' is invalid. Using default page load timeout: '30'

04-04-2024T17:56:37 - [MESSAGE][PASSED] - Element 'Object Repository/TataMotars/Pluse Button/Follow Up' is exist

04-04-2024T17:56:37 - [TEST_STEP][PASSED] - bool_Opportunity && bool_Account && bool_Customer && bool_Influencer && bool_FollowUp == false: null

04-04-2024T17:56:37 - [TEST_STEP][PASSED] - takeScreenshot(): Screenshot is taken

04-04-2024T17:56:38 - [MESSAGE][PASSED] - Screenshot is taken
[[ATTACHMENT|C:\\Users\\sushil.gaikwad\\git\\EguruSmart1\\Reports\\20240404_173920\\TataMotors\\20240404_173920\\1712233597488.png]]

04-04-2024T17:56:38 - [TEST_STEP][PASSED] - tap(findTestObject("TataMotars/Pluse Button/Influencer"), 3): Tapped on element 'Object Repository/TataMotars/Pluse Button/Influencer'

04-04-2024T17:56:38 - [MESSAGE][PASSED] - Tapped on element 'Object Repository/TataMotars/Pluse Button/Influencer'

04-04-2024T17:56:38 - [TEST_STEP][PASSED] - bool_PrimaryDetails = verifyElementExist(findTestObject("Primery Details/Primary Details"), 10): Element 'Object Repository/Primery Details/Primary Details' is exist

04-04-2024T17:56:39 - [MESSAGE][PASSED] - Element 'Object Repository/Primery Details/Primary Details' is exist

04-04-2024T17:56:39 - [TEST_STEP][PASSED] - bool_PrimaryDetails == true: null

04-04-2024T17:56:39 - [TEST_STEP][PASSED] - takeScreenshot(): Screenshot is taken

04-04-2024T17:56:41 - [MESSAGE][PASSED] - Screenshot is taken
[[ATTACHMENT|C:\\Users\\sushil.gaikwad\\git\\EguruSmart1\\Reports\\20240404_173920\\TataMotors\\20240404_173920\\1712233599814.png]]

04-04-2024T17:56:41 - [TEST_STEP][PASSED] - tap(findTestObject("Primery Details/FirstName"), 0): Tapped on element 'Object Repository/Primery Details/FirstName'

04-04-2024T17:56:41 - [MESSAGE][WARNING] - Timeout '0' is invalid. Using default page load timeout: '30'

04-04-2024T17:56:42 - [MESSAGE][PASSED] - Tapped on element 'Object Repository/Primery Details/FirstName'

04-04-2024T17:56:42 - [TEST_STEP][PASSED] - setText(findTestObject("Primery Details/FirstName"), str_FirstName, 0): Text 'Step1' has been set to element 'Object Repository/Primery Details/FirstName'

04-04-2024T17:56:42 - [MESSAGE][WARNING] - Timeout '0' is invalid. Using default page load timeout: '30'

04-04-2024T17:56:44 - [MESSAGE][PASSED] - Text 'Step1' has been set to element 'Object Repository/Primery Details/FirstName'

04-04-2024T17:56:44 - [TEST_STEP][PASSED] - hideKeyboard(): Keyboard is hidden

04-04-2024T17:56:45 - [MESSAGE][PASSED] - Keyboard is hidden

04-04-2024T17:56:45 - [TEST_STEP][PASSED] - tap(findTestObject("Primery Details/LastName"), 0): Tapped on element 'Object Repository/Primery Details/LastName'

04-04-2024T17:56:45 - [MESSAGE][WARNING] - Timeout '0' is invalid. Using default page load timeout: '30'

04-04-2024T17:56:46 - [MESSAGE][PASSED] - Tapped on element 'Object Repository/Primery Details/LastName'

04-04-2024T17:56:46 - [TEST_STEP][PASSED] - setText(findTestObject("Primery Details/LastName"), str_LastName, 0): Text 'Test1' has been set to element 'Object Repository/Primery Details/LastName'

04-04-2024T17:56:46 - [MESSAGE][WARNING] - Timeout '0' is invalid. Using default page load timeout: '30'

04-04-2024T17:56:48 - [MESSAGE][PASSED] - Text 'Test1' has been set to element 'Object Repository/Primery Details/LastName'

04-04-2024T17:56:48 - [TEST_STEP][PASSED] - hideKeyboard(): Keyboard is hidden

04-04-2024T17:56:50 - [MESSAGE][PASSED] - Keyboard is hidden

04-04-2024T17:56:50 - [TEST_STEP][PASSED] - tap(findTestObject("Primery Details/MobileNumber"), 0): Tapped on element 'Object Repository/Primery Details/MobileNumber'

04-04-2024T17:56:50 - [MESSAGE][WARNING] - Timeout '0' is invalid. Using default page load timeout: '30'

04-04-2024T17:56:51 - [MESSAGE][PASSED] - Tapped on element 'Object Repository/Primery Details/MobileNumber'

04-04-2024T17:56:51 - [TEST_STEP][PASSED] - setText(findTestObject("Primery Details/MobileNumber"), str_MobileNumber, 0): Text '9976888963' has been set to element 'Object Repository/Primery Details/MobileNumber'

04-04-2024T17:56:51 - [MESSAGE][WARNING] - Timeout '0' is invalid. Using default page load timeout: '30'

04-04-2024T17:56:52 - [MESSAGE][PASSED] - Text '9976888963' has been set to element 'Object Repository/Primery Details/MobileNumber'

04-04-2024T17:56:52 - [TEST_STEP][PASSED] - hideKeyboard(): Keyboard is hidden

04-04-2024T17:56:56 - [MESSAGE][PASSED] - Keyboard is hidden

04-04-2024T17:56:56 - [TEST_STEP][PASSED] - takeScreenshot(): Screenshot is taken

04-04-2024T17:56:57 - [MESSAGE][PASSED] - Screenshot is taken
[[ATTACHMENT|C:\\Users\\sushil.gaikwad\\git\\EguruSmart1\\Reports\\20240404_173920\\TataMotors\\20240404_173920\\1712233616745.png]]

04-04-2024T17:56:57 - [TEST_STEP][PASSED] - Bool_BackButton = waitForElementPresent(findTestObject("Create Customer/Back Button"), 0): Element 'Object Repository/Create Customer/Back Button' is present

04-04-2024T17:56:57 - [MESSAGE][WARNING] - Timeout '0' is invalid. Using default page load timeout: '30'

04-04-2024T17:56:58 - [MESSAGE][PASSED] - Element 'Object Repository/Create Customer/Back Button' is present

04-04-2024T17:56:58 - [TEST_STEP][PASSED] - Bool_NextButton = waitForElementPresent(findTestObject("Vehicle information/NextButton"), 0): Element 'Object Repository/Vehicle information/NextButton' is present

04-04-2024T17:56:58 - [MESSAGE][WARNING] - Timeout '0' is invalid. Using default page load timeout: '30'

04-04-2024T17:56:58 - [MESSAGE][PASSED] - Element 'Object Repository/Vehicle information/NextButton' is present

04-04-2024T17:56:58 - [TEST_STEP][PASSED] - Bool_BackButton && Bool_NextButton == true: null

04-04-2024T17:56:58 - [TEST_STEP][PASSED] - takeScreenshot(): Screenshot is taken

04-04-2024T17:56:59 - [MESSAGE][PASSED] - Screenshot is taken
[[ATTACHMENT|C:\\Users\\sushil.gaikwad\\git\\EguruSmart1\\Reports\\20240404_173920\\TataMotors\\20240404_173920\\1712233618440.png]]

04-04-2024T17:56:59 - [TEST_STEP][PASSED] - tap(findTestObject("Primery Details/Enter InfluencerType"), 0): Tapped on element 'Object Repository/Primery Details/Enter InfluencerType'

04-04-2024T17:56:59 - [MESSAGE][WARNING] - Timeout '0' is invalid. Using default page load timeout: '30'

04-04-2024T17:57:00 - [MESSAGE][PASSED] - Tapped on element 'Object Repository/Primery Details/Enter InfluencerType'

04-04-2024T17:57:00 - [TEST_STEP][PASSED] - sendKeys(findTestObject("Create Customer/Influencer Type"), str_InfluencerType, STOP_ON_FAILURE): Send keys 'Advertisement' on test object 'Object Repository/Create Customer/Influencer Type' successfully.

04-04-2024T17:57:01 - [MESSAGE][PASSED] - Send keys 'Advertisement' on test object 'Object Repository/Create Customer/Influencer Type' successfully.

04-04-2024T17:57:01 - [TEST_STEP][PASSED] - hideKeyboard(): Keyboard is hidden

04-04-2024T17:57:03 - [MESSAGE][PASSED] - Keyboard is hidden

04-04-2024T17:57:03 - [TEST_STEP][PASSED] - takeScreenshot(): Screenshot is taken

04-04-2024T17:57:04 - [MESSAGE][PASSED] - Screenshot is taken
[[ATTACHMENT|C:\\Users\\sushil.gaikwad\\git\\EguruSmart1\\Reports\\20240404_173920\\TataMotors\\20240404_173920\\1712233623855.png]]

04-04-2024T17:57:04 - [TEST_STEP][PASSED] - tap(findTestObject("Primery Details/Address Details/NextButton"), 0): Tapped on element 'Object Repository/Primery Details/Address Details/NextButton'

04-04-2024T17:57:04 - [MESSAGE][WARNING] - Timeout '0' is invalid. Using default page load timeout: '30'

04-04-2024T17:57:05 - [MESSAGE][PASSED] - Tapped on element 'Object Repository/Primery Details/Address Details/NextButton'

04-04-2024T17:57:05 - [TEST_STEP][PASSED] - bool_Pincode = verifyElementExist(findTestObject("Primery Details/Address Details/Pincode"), 10): Element 'Object Repository/Primery Details/Address Details/Pincode' is exist

04-04-2024T17:57:06 - [MESSAGE][PASSED] - Element 'Object Repository/Primery Details/Address Details/Pincode' is exist

04-04-2024T17:57:06 - [TEST_STEP][PASSED] - bool_Pincode == true: null

04-04-2024T17:57:06 - [TEST_STEP][PASSED] - takeScreenshot(): Screenshot is taken

04-04-2024T17:57:07 - [MESSAGE][PASSED] - Screenshot is taken
[[ATTACHMENT|C:\\Users\\sushil.gaikwad\\git\\EguruSmart1\\Reports\\20240404_173920\\TataMotors\\20240404_173920\\1712233626430.png]]

04-04-2024T17:57:07 - [TEST_STEP][PASSED] - tap(findTestObject("Primery Details/Address Details/Pincode"), 0, STOP_ON_FAILURE): Tapped on element 'Object Repository/Primery Details/Address Details/Pincode'

04-04-2024T17:57:07 - [MESSAGE][WARNING] - Timeout '0' is invalid. Using default page load timeout: '30'

04-04-2024T17:57:08 - [MESSAGE][PASSED] - Tapped on element 'Object Repository/Primery Details/Address Details/Pincode'

04-04-2024T17:57:08 - [TEST_STEP][PASSED] - setText(findTestObject("Primery Details/Address Details/Pincode"), str_Pincode, 0): Text '795149' has been set to element 'Object Repository/Primery Details/Address Details/Pincode'

04-04-2024T17:57:08 - [MESSAGE][WARNING] - Timeout '0' is invalid. Using default page load timeout: '30'

04-04-2024T17:57:09 - [MESSAGE][PASSED] - Text '795149' has been set to element 'Object Repository/Primery Details/Address Details/Pincode'

04-04-2024T17:57:09 - [TEST_STEP][PASSED] - Bool_PinCode = waitForElementPresent(findTestObject("Address details/ClickPincodeNo"), 5): Object Object Repository/Address details/ClickPincodeNo not found

04-04-2024T17:57:15 - [MESSAGE][WARNING] - Object Object Repository/Address details/ClickPincodeNo not found

04-04-2024T17:57:15 - [TEST_STEP][PASSED] - if (Bool_PinCode == true): null

04-04-2024T17:57:15 - [TEST_STEP][PASSED] - hideKeyboard(): Keyboard is hidden

04-04-2024T17:57:16 - [MESSAGE][PASSED] - Keyboard is hidden

04-04-2024T17:57:17 - [TEST_STEP][PASSED] - tap(findTestObject("NewObject/DropDownDistrict"), 0, STOP_ON_FAILURE): Tapped on element 'Object Repository/NewObject/DropDownDistrict'

04-04-2024T17:57:17 - [MESSAGE][WARNING] - Timeout '0' is invalid. Using default page load timeout: '30'

04-04-2024T17:57:18 - [MESSAGE][PASSED] - Tapped on element 'Object Repository/NewObject/DropDownDistrict'

04-04-2024T17:57:18 - [TEST_STEP][FAILED] - tap(findTestObject("NewObject/DropDownSearchedDistrict"), 0, STOP_ON_FAILURE): Failed to tap on element 'Object Repository/NewObject/DropDownSearchedDistrict' (Root cause: com.kms.katalon.core.exception.StepFailedException: Failed to tap on element 'Object Repository/NewObject/DropDownSearchedDistrict'
	at com.kms.katalon.core.mobile.keyword.internal.MobileKeywordMain.stepFailed(MobileKeywordMain.groovy:38)
	at com.kms.katalon.core.mobile.keyword.internal.MobileKeywordMain.runKeyword(MobileKeywordMain.groovy:21)
	at com.kms.katalon.core.mobile.keyword.builtin.TapKeyword.tap(TapKeyword.groovy:51)
	at com.kms.katalon.core.mobile.keyword.builtin.TapKeyword.execute(TapKeyword.groovy:35)
	at com.kms.katalon.core.keyword.internal.KeywordExecutor.executeKeywordForPlatform(KeywordExecutor.groovy:74)
	at com.kms.katalon.core.mobile.keyword.MobileBuiltInKeywords.tap(MobileBuiltInKeywords.groovy:1476)
	at TC_10 - To verify that the user can add the user as influencer or not.run(TC_10 - To verify that the user can add the user as influencer or not:113)
	at com.kms.katalon.core.main.ScriptEngine.run(ScriptEngine.java:194)
	at com.kms.katalon.core.main.ScriptEngine.runScriptAsRawText(ScriptEngine.java:119)
	at com.kms.katalon.core.main.TestCaseExecutor.runScript(TestCaseExecutor.java:448)
	at com.kms.katalon.core.main.TestCaseExecutor.doExecute(TestCaseExecutor.java:439)
	at com.kms.katalon.core.main.TestCaseExecutor.processExecutionPhase(TestCaseExecutor.java:418)
	at com.kms.katalon.core.main.TestCaseExecutor.accessMainPhase(TestCaseExecutor.java:410)
	at com.kms.katalon.core.main.TestCaseExecutor.execute(TestCaseExecutor.java:285)
	at com.kms.katalon.core.common.CommonExecutor.accessTestCaseMainPhase(CommonExecutor.java:65)
	at com.kms.katalon.core.main.TestSuiteExecutor.accessTestSuiteMainPhase(TestSuiteExecutor.java:148)
	at com.kms.katalon.core.main.TestSuiteExecutor.execute(TestSuiteExecutor.java:106)
	at com.kms.katalon.core.main.TestCaseMain.startTestSuite(TestCaseMain.java:180)
	at TempTestSuite1712232560197.run(TempTestSuite1712232560197.groovy:35)
	at java.base/jdk.internal.reflect.NativeMethodAccessorImpl.invoke0(Native Method)
	at java.base/jdk.internal.reflect.NativeMethodAccessorImpl.invoke(NativeMethodAccessorImpl.java:77)
	at java.base/jdk.internal.reflect.DelegatingMethodAccessorImpl.invoke(DelegatingMethodAccessorImpl.java:43)
Caused by: com.kms.katalon.core.exception.StepFailedException: Object Object Repository/NewObject/DropDownSearchedDistrict not found
	at com.kms.katalon.core.mobile.keyword.internal.MobileKeywordMain.stepFailed(MobileKeywordMain.groovy:38)
	at com.kms.katalon.core.mobile.keyword.builtin.TapKeyword$_tap_closure1.doCall(TapKeyword.groovy:46)
	at com.kms.katalon.core.mobile.keyword.builtin.TapKeyword$_tap_closure1.call(TapKeyword.groovy)
	at com.kms.katalon.core.mobile.keyword.internal.MobileKeywordMain.runKeyword(MobileKeywordMain.groovy:19)
	... 20 more
)

04-04-2024T17:57:18 - [MESSAGE][WARNING] - Timeout '0' is invalid. Using default page load timeout: '30'

04-04-2024T17:57:49 - [MESSAGE][FAILED] - Object Object Repository/NewObject/DropDownSearchedDistrict not found (Root cause: com.kms.katalon.core.exception.StepFailedException: Object Object Repository/NewObject/DropDownSearchedDistrict not found
	at com.kms.katalon.core.mobile.keyword.internal.MobileKeywordMain.stepFailed(MobileKeywordMain.groovy:38)
	at com.kms.katalon.core.mobile.keyword.builtin.TapKeyword$_tap_closure1.doCall(TapKeyword.groovy:46)
	at com.kms.katalon.core.mobile.keyword.builtin.TapKeyword$_tap_closure1.call(TapKeyword.groovy)
	at com.kms.katalon.core.mobile.keyword.internal.MobileKeywordMain.runKeyword(MobileKeywordMain.groovy:19)
	at com.kms.katalon.core.mobile.keyword.builtin.TapKeyword.tap(TapKeyword.groovy:51)
	at com.kms.katalon.core.mobile.keyword.builtin.TapKeyword.execute(TapKeyword.groovy:35)
	at com.kms.katalon.core.keyword.internal.KeywordExecutor.executeKeywordForPlatform(KeywordExecutor.groovy:74)
	at com.kms.katalon.core.mobile.keyword.MobileBuiltInKeywords.tap(MobileBuiltInKeywords.groovy:1476)
	at TC_10 - To verify that the user can add the user as influencer or not.run(TC_10 - To verify that the user can add the user as influencer or not:113)
	at com.kms.katalon.core.main.ScriptEngine.run(ScriptEngine.java:194)
	at com.kms.katalon.core.main.ScriptEngine.runScriptAsRawText(ScriptEngine.java:119)
	at com.kms.katalon.core.main.TestCaseExecutor.runScript(TestCaseExecutor.java:448)
	at com.kms.katalon.core.main.TestCaseExecutor.doExecute(TestCaseExecutor.java:439)
	at com.kms.katalon.core.main.TestCaseExecutor.processExecutionPhase(TestCaseExecutor.java:418)
	at com.kms.katalon.core.main.TestCaseExecutor.accessMainPhase(TestCaseExecutor.java:410)
	at com.kms.katalon.core.main.TestCaseExecutor.execute(TestCaseExecutor.java:285)
	at com.kms.katalon.core.common.CommonExecutor.accessTestCaseMainPhase(CommonExecutor.java:65)
	at com.kms.katalon.core.main.TestSuiteExecutor.accessTestSuiteMainPhase(TestSuiteExecutor.java:148)
	at com.kms.katalon.core.main.TestSuiteExecutor.execute(TestSuiteExecutor.java:106)
	at com.kms.katalon.core.main.TestCaseMain.startTestSuite(TestCaseMain.java:180)
	at TempTestSuite1712232560197.run(TempTestSuite1712232560197.groovy:35)
	at java.base/jdk.internal.reflect.NativeMethodAccessorImpl.invoke0(Native Method)
	at java.base/jdk.internal.reflect.NativeMethodAccessorImpl.invoke(NativeMethodAccessorImpl.java:77)
	at java.base/jdk.internal.reflect.DelegatingMethodAccessorImpl.invoke(DelegatingMethodAccessorImpl.java:43)
)
[[ATTACHMENT|C:\\Users\\sushil.gaikwad\\git\\EguruSmart1\\Reports\\20240404_173920\\TataMotors\\20240404_173920\\1712233668672.png]]

04-04-2024T17:57:50 - [MESSAGE][FAILED] - Failed to tap on element 'Object Repository/NewObject/DropDownSearchedDistrict' (Root cause: com.kms.katalon.core.exception.StepFailedException: Failed to tap on element 'Object Repository/NewObject/DropDownSearchedDistrict'
	at com.kms.katalon.core.mobile.keyword.internal.MobileKeywordMain.stepFailed(MobileKeywordMain.groovy:38)
	at com.kms.katalon.core.mobile.keyword.internal.MobileKeywordMain.runKeyword(MobileKeywordMain.groovy:21)
	at com.kms.katalon.core.mobile.keyword.builtin.TapKeyword.tap(TapKeyword.groovy:51)
	at com.kms.katalon.core.mobile.keyword.builtin.TapKeyword.execute(TapKeyword.groovy:35)
	at com.kms.katalon.core.keyword.internal.KeywordExecutor.executeKeywordForPlatform(KeywordExecutor.groovy:74)
	at com.kms.katalon.core.mobile.keyword.MobileBuiltInKeywords.tap(MobileBuiltInKeywords.groovy:1476)
	at TC_10 - To verify that the user can add the user as influencer or not.run(TC_10 - To verify that the user can add the user as influencer or not:113)
	at com.kms.katalon.core.main.ScriptEngine.run(ScriptEngine.java:194)
	at com.kms.katalon.core.main.ScriptEngine.runScriptAsRawText(ScriptEngine.java:119)
	at com.kms.katalon.core.main.TestCaseExecutor.runScript(TestCaseExecutor.java:448)
	at com.kms.katalon.core.main.TestCaseExecutor.doExecute(TestCaseExecutor.java:439)
	at com.kms.katalon.core.main.TestCaseExecutor.processExecutionPhase(TestCaseExecutor.java:418)
	at com.kms.katalon.core.main.TestCaseExecutor.accessMainPhase(TestCaseExecutor.java:410)
	at com.kms.katalon.core.main.TestCaseExecutor.execute(TestCaseExecutor.java:285)
	at com.kms.katalon.core.common.CommonExecutor.accessTestCaseMainPhase(CommonExecutor.java:65)
	at com.kms.katalon.core.main.TestSuiteExecutor.accessTestSuiteMainPhase(TestSuiteExecutor.java:148)
	at com.kms.katalon.core.main.TestSuiteExecutor.execute(TestSuiteExecutor.java:106)
	at com.kms.katalon.core.main.TestCaseMain.startTestSuite(TestCaseMain.java:180)
	at TempTestSuite1712232560197.run(TempTestSuite1712232560197.groovy:35)
	at java.base/jdk.internal.reflect.NativeMethodAccessorImpl.invoke0(Native Method)
	at java.base/jdk.internal.reflect.NativeMethodAccessorImpl.invoke(NativeMethodAccessorImpl.java:77)
	at java.base/jdk.internal.reflect.DelegatingMethodAccessorImpl.invoke(DelegatingMethodAccessorImpl.java:43)
Caused by: com.kms.katalon.core.exception.StepFailedException: Object Object Repository/NewObject/DropDownSearchedDistrict not found
	at com.kms.katalon.core.mobile.keyword.internal.MobileKeywordMain.stepFailed(MobileKeywordMain.groovy:38)
	at com.kms.katalon.core.mobile.keyword.builtin.TapKeyword$_tap_closure1.doCall(TapKeyword.groovy:46)
	at com.kms.katalon.core.mobile.keyword.builtin.TapKeyword$_tap_closure1.call(TapKeyword.groovy)
	at com.kms.katalon.core.mobile.keyword.internal.MobileKeywordMain.runKeyword(MobileKeywordMain.groovy:19)
	... 20 more
)
[[ATTACHMENT|C:\\Users\\sushil.gaikwad\\git\\EguruSmart1\\Reports\\20240404_173920\\TataMotors\\20240404_173920\\1712233669586.png]]]]></system-out>
         <system-err><![CDATA[04-04-2024T17:55:58 - [TEST_CASE][FAILED] - Test Cases/TC/TC_10 - To verify that the user can add the user as influencer or not: Test Cases/TC/TC_10 - To verify that the user can add the user as influencer or not FAILED.
Reason:
com.kms.katalon.core.exception.StepFailedException: Failed to tap on element 'Object Repository/NewObject/DropDownSearchedDistrict'
	at com.kms.katalon.core.mobile.keyword.internal.MobileKeywordMain.stepFailed(MobileKeywordMain.groovy:38)
	at com.kms.katalon.core.mobile.keyword.internal.MobileKeywordMain.runKeyword(MobileKeywordMain.groovy:21)
	at com.kms.katalon.core.mobile.keyword.builtin.TapKeyword.tap(TapKeyword.groovy:51)
	at com.kms.katalon.core.mobile.keyword.builtin.TapKeyword.execute(TapKeyword.groovy:35)
	at com.kms.katalon.core.keyword.internal.KeywordExecutor.executeKeywordForPlatform(KeywordExecutor.groovy:74)
	at com.kms.katalon.core.mobile.keyword.MobileBuiltInKeywords.tap(MobileBuiltInKeywords.groovy:1476)
	at TC_10 - To verify that the user can add the user as influencer or not.run(TC_10 - To verify that the user can add the user as influencer or not:113)
	at com.kms.katalon.core.main.ScriptEngine.run(ScriptEngine.java:194)
	at com.kms.katalon.core.main.ScriptEngine.runScriptAsRawText(ScriptEngine.java:119)
	at com.kms.katalon.core.main.TestCaseExecutor.runScript(TestCaseExecutor.java:448)
	at com.kms.katalon.core.main.TestCaseExecutor.doExecute(TestCaseExecutor.java:439)
	at com.kms.katalon.core.main.TestCaseExecutor.processExecutionPhase(TestCaseExecutor.java:418)
	at com.kms.katalon.core.main.TestCaseExecutor.accessMainPhase(TestCaseExecutor.java:410)
	at com.kms.katalon.core.main.TestCaseExecutor.execute(TestCaseExecutor.java:285)
	at com.kms.katalon.core.common.CommonExecutor.accessTestCaseMainPhase(CommonExecutor.java:65)
	at com.kms.katalon.core.main.TestSuiteExecutor.accessTestSuiteMainPhase(TestSuiteExecutor.java:148)
	at com.kms.katalon.core.main.TestSuiteExecutor.execute(TestSuiteExecutor.java:106)
	at com.kms.katalon.core.main.TestCaseMain.startTestSuite(TestCaseMain.java:180)
	at TempTestSuite1712232560197.run(TempTestSuite1712232560197.groovy:35)
	at java.base/jdk.internal.reflect.NativeMethodAccessorImpl.invoke0(Native Method)
	at java.base/jdk.internal.reflect.NativeMethodAccessorImpl.invoke(NativeMethodAccessorImpl.java:77)
	at java.base/jdk.internal.reflect.DelegatingMethodAccessorImpl.invoke(DelegatingMethodAccessorImpl.java:43)
Caused by: com.kms.katalon.core.exception.StepFailedException: Object Object Repository/NewObject/DropDownSearchedDistrict not found
	at com.kms.katalon.core.mobile.keyword.internal.MobileKeywordMain.stepFailed(MobileKeywordMain.groovy:38)
	at com.kms.katalon.core.mobile.keyword.builtin.TapKeyword$_tap_closure1.doCall(TapKeyword.groovy:46)
	at com.kms.katalon.core.mobile.keyword.builtin.TapKeyword$_tap_closure1.call(TapKeyword.groovy)
	at com.kms.katalon.core.mobile.keyword.internal.MobileKeywordMain.runKeyword(MobileKeywordMain.groovy:19)
	... 20 more]]></system-err>
      </testcase>
      <system-out><![CDATA[04-04-2024T17:39:30 - [TEST_SUITE][FAILED] - TataMotors: Test Cases/TC/TC_01 - To verify that opty creation for the new customer FAILED.
Reason:
com.kms.katalon.core.exception.StepFailedException: Failed to tap on element 'Object Repository/NewObject/DropDownSearchedDistrict'
	at com.kms.katalon.core.mobile.keyword.internal.MobileKeywordMain.stepFailed(MobileKeywordMain.groovy:38)
	at com.kms.katalon.core.mobile.keyword.internal.MobileKeywordMain.runKeyword(MobileKeywordMain.groovy:21)
	at com.kms.katalon.core.mobile.keyword.builtin.TapKeyword.tap(TapKeyword.groovy:51)
	at com.kms.katalon.core.mobile.keyword.builtin.TapKeyword.execute(TapKeyword.groovy:35)
	at com.kms.katalon.core.keyword.internal.KeywordExecutor.executeKeywordForPlatform(KeywordExecutor.groovy:74)
	at com.kms.katalon.core.mobile.keyword.MobileBuiltInKeywords.tap(MobileBuiltInKeywords.groovy:1476)
	at TC_01 - To verify that opty creation for the new customer.run(TC_01 - To verify that opty creation for the new customer:174)
	at com.kms.katalon.core.main.ScriptEngine.run(ScriptEngine.java:194)
	at com.kms.katalon.core.main.ScriptEngine.runScriptAsRawText(ScriptEngine.java:119)
	at com.kms.katalon.core.main.TestCaseExecutor.runScript(TestCaseExecutor.java:448)
	at com.kms.katalon.core.main.TestCaseExecutor.doExecute(TestCaseExecutor.java:439)
	at com.kms.katalon.core.main.TestCaseExecutor.processExecutionPhase(TestCaseExecutor.java:418)
	at com.kms.katalon.core.main.TestCaseExecutor.accessMainPhase(TestCaseExecutor.java:410)
	at com.kms.katalon.core.main.TestCaseExecutor.execute(TestCaseExecutor.java:285)
	at com.kms.katalon.core.common.CommonExecutor.accessTestCaseMainPhase(CommonExecutor.java:65)
	at com.kms.katalon.core.main.TestSuiteExecutor.accessTestSuiteMainPhase(TestSuiteExecutor.java:148)
	at com.kms.katalon.core.main.TestSuiteExecutor.execute(TestSuiteExecutor.java:106)
	at com.kms.katalon.core.main.TestCaseMain.startTestSuite(TestCaseMain.java:180)
	at TempTestSuite1712232560197.run(TempTestSuite1712232560197.groovy:35)
	at java.base/jdk.internal.reflect.NativeMethodAccessorImpl.invoke0(Native Method)
	at java.base/jdk.internal.reflect.NativeMethodAccessorImpl.invoke(NativeMethodAccessorImpl.java:77)
	at java.base/jdk.internal.reflect.DelegatingMethodAccessorImpl.invoke(DelegatingMethodAccessorImpl.java:43)
Caused by: com.kms.katalon.core.exception.StepFailedException: Object Object Repository/NewObject/DropDownSearchedDistrict not found
	at com.kms.katalon.core.mobile.keyword.internal.MobileKeywordMain.stepFailed(MobileKeywordMain.groovy:38)
	at com.kms.katalon.core.mobile.keyword.builtin.TapKeyword$_tap_closure1.doCall(TapKeyword.groovy:46)
	at com.kms.katalon.core.mobile.keyword.builtin.TapKeyword$_tap_closure1.call(TapKeyword.groovy)
	at com.kms.katalon.core.mobile.keyword.internal.MobileKeywordMain.runKeyword(MobileKeywordMain.groovy:19)
	... 20 more]]></system-out>
      <system-err><![CDATA[04-04-2024T17:39:30 - [TEST_SUITE][FAILED] - TataMotors: Test Cases/TC/TC_01 - To verify that opty creation for the new customer FAILED.
Reason:
com.kms.katalon.core.exception.StepFailedException: Failed to tap on element 'Object Repository/NewObject/DropDownSearchedDistrict'
	at com.kms.katalon.core.mobile.keyword.internal.MobileKeywordMain.stepFailed(MobileKeywordMain.groovy:38)
	at com.kms.katalon.core.mobile.keyword.internal.MobileKeywordMain.runKeyword(MobileKeywordMain.groovy:21)
	at com.kms.katalon.core.mobile.keyword.builtin.TapKeyword.tap(TapKeyword.groovy:51)
	at com.kms.katalon.core.mobile.keyword.builtin.TapKeyword.execute(TapKeyword.groovy:35)
	at com.kms.katalon.core.keyword.internal.KeywordExecutor.executeKeywordForPlatform(KeywordExecutor.groovy:74)
	at com.kms.katalon.core.mobile.keyword.MobileBuiltInKeywords.tap(MobileBuiltInKeywords.groovy:1476)
	at TC_01 - To verify that opty creation for the new customer.run(TC_01 - To verify that opty creation for the new customer:174)
	at com.kms.katalon.core.main.ScriptEngine.run(ScriptEngine.java:194)
	at com.kms.katalon.core.main.ScriptEngine.runScriptAsRawText(ScriptEngine.java:119)
	at com.kms.katalon.core.main.TestCaseExecutor.runScript(TestCaseExecutor.java:448)
	at com.kms.katalon.core.main.TestCaseExecutor.doExecute(TestCaseExecutor.java:439)
	at com.kms.katalon.core.main.TestCaseExecutor.processExecutionPhase(TestCaseExecutor.java:418)
	at com.kms.katalon.core.main.TestCaseExecutor.accessMainPhase(TestCaseExecutor.java:410)
	at com.kms.katalon.core.main.TestCaseExecutor.execute(TestCaseExecutor.java:285)
	at com.kms.katalon.core.common.CommonExecutor.accessTestCaseMainPhase(CommonExecutor.java:65)
	at com.kms.katalon.core.main.TestSuiteExecutor.accessTestSuiteMainPhase(TestSuiteExecutor.java:148)
	at com.kms.katalon.core.main.TestSuiteExecutor.execute(TestSuiteExecutor.java:106)
	at com.kms.katalon.core.main.TestCaseMain.startTestSuite(TestCaseMain.java:180)
	at TempTestSuite1712232560197.run(TempTestSuite1712232560197.groovy:35)
	at java.base/jdk.internal.reflect.NativeMethodAccessorImpl.invoke0(Native Method)
	at java.base/jdk.internal.reflect.NativeMethodAccessorImpl.invoke(NativeMethodAccessorImpl.java:77)
	at java.base/jdk.internal.reflect.DelegatingMethodAccessorImpl.invoke(DelegatingMethodAccessorImpl.java:43)
Caused by: com.kms.katalon.core.exception.StepFailedException: Object Object Repository/NewObject/DropDownSearchedDistrict not found
	at com.kms.katalon.core.mobile.keyword.internal.MobileKeywordMain.stepFailed(MobileKeywordMain.groovy:38)
	at com.kms.katalon.core.mobile.keyword.builtin.TapKeyword$_tap_closure1.doCall(TapKeyword.groovy:46)
	at com.kms.katalon.core.mobile.keyword.builtin.TapKeyword$_tap_closure1.call(TapKeyword.groovy)
	at com.kms.katalon.core.mobile.keyword.internal.MobileKeywordMain.runKeyword(MobileKeywordMain.groovy:19)
	... 20 more]]></system-err>
   </testsuite>
</testsuites>
