<?xml version="1.0" encoding="UTF-8"?>
<testsuites name="TataMotors" time="1402.903" tests="10" failures="7" errors="0">
   <testsuite name="TataMotors" tests="10" failures="7" errors="0" time="1402.903" skipped="0" timestamp="27-03-2024T14:39:52" hostname="A - DS025.step.com" id="Test Suites/TataMotors">
      <properties>
         <property name="deviceName" value="samsung SM-A032F (Android 13)"/>
         <property name="devicePlatform" value=""/>
         <property name="logFolder" value="C:\\Users\\sushil.gaikwad\\git\\EguruSmart1\\Reports\\20240327_143948\\TataMotors\\20240327_143948"/>
         <property name="logFiles" value="C:\\Users\\sushil.gaikwad\\git\\EguruSmart1\\Reports\\20240327_143948\\TataMotors\\20240327_143948\\appium.log, C:\\Users\\sushil.gaikwad\\git\\EguruSmart1\\Reports\\20240327_143948\\TataMotors\\20240327_143948\\appium_error.log, C:\\Users\\sushil.gaikwad\\git\\EguruSmart1\\Reports\\20240327_143948\\TataMotors\\20240327_143948\\execution0.log"/>
         <property name="attachments" value="C:\\Users\\sushil.gaikwad\\git\\EguruSmart1\\Reports\\20240327_143948\\TataMotors\\20240327_143948\\1711530662823.png, C:\\Users\\sushil.gaikwad\\git\\EguruSmart1\\Reports\\20240327_143948\\TataMotors\\20240327_143948\\1711530667573.png, C:\\Users\\sushil.gaikwad\\git\\EguruSmart1\\Reports\\20240327_143948\\TataMotors\\20240327_143948\\1711530676837.png, C:\\Users\\sushil.gaikwad\\git\\EguruSmart1\\Reports\\20240327_143948\\TataMotors\\20240327_143948\\1711530696527.png, C:\\Users\\sushil.gaikwad\\git\\EguruSmart1\\Reports\\20240327_143948\\TataMotors\\20240327_143948\\1711530724756.png, C:\\Users\\sushil.gaikwad\\git\\EguruSmart1\\Reports\\20240327_143948\\TataMotors\\20240327_143948\\1711530728046.png, C:\\Users\\sushil.gaikwad\\git\\EguruSmart1\\Reports\\20240327_143948\\TataMotors\\20240327_143948\\1711530733040.png, C:\\Users\\sushil.gaikwad\\git\\EguruSmart1\\Reports\\20240327_143948\\TataMotors\\20240327_143948\\1711530742490.png, C:\\Users\\sushil.gaikwad\\git\\EguruSmart1\\Reports\\20240327_143948\\TataMotors\\20240327_143948\\1711530755573.png, C:\\Users\\sushil.gaikwad\\git\\EguruSmart1\\Reports\\20240327_143948\\TataMotors\\20240327_143948\\1711530773858.png, C:\\Users\\sushil.gaikwad\\git\\EguruSmart1\\Reports\\20240327_143948\\TataMotors\\20240327_143948\\1711530780146.png, C:\\Users\\sushil.gaikwad\\git\\EguruSmart1\\Reports\\20240327_143948\\TataMotors\\20240327_143948\\1711530785538.png, C:\\Users\\sushil.gaikwad\\git\\EguruSmart1\\Reports\\20240327_143948\\TataMotors\\20240327_143948\\1711530795090.png, C:\\Users\\sushil.gaikwad\\git\\EguruSmart1\\Reports\\20240327_143948\\TataMotors\\20240327_143948\\1711530799619.png, C:\\Users\\sushil.gaikwad\\git\\EguruSmart1\\Reports\\20240327_143948\\TataMotors\\20240327_143948\\1711530816574.png, C:\\Users\\sushil.gaikwad\\git\\EguruSmart1\\Reports\\20240327_143948\\TataMotors\\20240327_143948\\1711530837744.png, C:\\Users\\sushil.gaikwad\\git\\EguruSmart1\\Reports\\20240327_143948\\TataMotors\\20240327_143948\\1711530909011.png, C:\\Users\\sushil.gaikwad\\git\\EguruSmart1\\Reports\\20240327_143948\\TataMotors\\20240327_143948\\1711530912636.png, C:\\Users\\sushil.gaikwad\\git\\EguruSmart1\\Reports\\20240327_143948\\TataMotors\\20240327_143948\\1711530946799.png, C:\\Users\\sushil.gaikwad\\git\\EguruSmart1\\Reports\\20240327_143948\\TataMotors\\20240327_143948\\1711530988168.png, C:\\Users\\sushil.gaikwad\\git\\EguruSmart1\\Reports\\20240327_143948\\TataMotors\\20240327_143948\\1711530989787.png, C:\\Users\\sushil.gaikwad\\git\\EguruSmart1\\Reports\\20240327_143948\\TataMotors\\20240327_143948\\1711531040638.png, C:\\Users\\sushil.gaikwad\\git\\EguruSmart1\\Reports\\20240327_143948\\TataMotors\\20240327_143948\\1711531046763.png, C:\\Users\\sushil.gaikwad\\git\\EguruSmart1\\Reports\\20240327_143948\\TataMotors\\20240327_143948\\1711531070429.png, C:\\Users\\sushil.gaikwad\\git\\EguruSmart1\\Reports\\20240327_143948\\TataMotors\\20240327_143948\\1711531110850.png, C:\\Users\\sushil.gaikwad\\git\\EguruSmart1\\Reports\\20240327_143948\\TataMotors\\20240327_143948\\1711531112536.png, C:\\Users\\sushil.gaikwad\\git\\EguruSmart1\\Reports\\20240327_143948\\TataMotors\\20240327_143948\\1711531163292.png, C:\\Users\\sushil.gaikwad\\git\\EguruSmart1\\Reports\\20240327_143948\\TataMotors\\20240327_143948\\1711531166820.png, C:\\Users\\sushil.gaikwad\\git\\EguruSmart1\\Reports\\20240327_143948\\TataMotors\\20240327_143948\\1711531188320.png, C:\\Users\\sushil.gaikwad\\git\\EguruSmart1\\Reports\\20240327_143948\\TataMotors\\20240327_143948\\1711531190913.png, C:\\Users\\sushil.gaikwad\\git\\EguruSmart1\\Reports\\20240327_143948\\TataMotors\\20240327_143948\\1711531197891.png, C:\\Users\\sushil.gaikwad\\git\\EguruSmart1\\Reports\\20240327_143948\\TataMotors\\20240327_143948\\1711531207313.png, C:\\Users\\sushil.gaikwad\\git\\EguruSmart1\\Reports\\20240327_143948\\TataMotors\\20240327_143948\\1711531253797.png, C:\\Users\\sushil.gaikwad\\git\\EguruSmart1\\Reports\\20240327_143948\\TataMotors\\20240327_143948\\1711531255461.png, C:\\Users\\sushil.gaikwad\\git\\EguruSmart1\\Reports\\20240327_143948\\TataMotors\\20240327_143948\\1711531317608.png, C:\\Users\\sushil.gaikwad\\git\\EguruSmart1\\Reports\\20240327_143948\\TataMotors\\20240327_143948\\1711531324253.png, C:\\Users\\sushil.gaikwad\\git\\EguruSmart1\\Reports\\20240327_143948\\TataMotors\\20240327_143948\\1711531339326.png, C:\\Users\\sushil.gaikwad\\git\\EguruSmart1\\Reports\\20240327_143948\\TataMotors\\20240327_143948\\1711531380382.png, C:\\Users\\sushil.gaikwad\\git\\EguruSmart1\\Reports\\20240327_143948\\TataMotors\\20240327_143948\\1711531444974.png, C:\\Users\\sushil.gaikwad\\git\\EguruSmart1\\Reports\\20240327_143948\\TataMotors\\20240327_143948\\1711531508749.png, C:\\Users\\sushil.gaikwad\\git\\EguruSmart1\\Reports\\20240327_143948\\TataMotors\\20240327_143948\\1711531510200.png, C:\\Users\\sushil.gaikwad\\git\\EguruSmart1\\Reports\\20240327_143948\\TataMotors\\20240327_143948\\1711531588600.png, C:\\Users\\sushil.gaikwad\\git\\EguruSmart1\\Reports\\20240327_143948\\TataMotors\\20240327_143948\\1711531595807.png, C:\\Users\\sushil.gaikwad\\git\\EguruSmart1\\Reports\\20240327_143948\\TataMotors\\20240327_143948\\1711531608648.png, C:\\Users\\sushil.gaikwad\\git\\EguruSmart1\\Reports\\20240327_143948\\TataMotors\\20240327_143948\\1711531632451.png, C:\\Users\\sushil.gaikwad\\git\\EguruSmart1\\Reports\\20240327_143948\\TataMotors\\20240327_143948\\1711531649250.png, C:\\Users\\sushil.gaikwad\\git\\EguruSmart1\\Reports\\20240327_143948\\TataMotors\\20240327_143948\\1711531709998.png, C:\\Users\\sushil.gaikwad\\git\\EguruSmart1\\Reports\\20240327_143948\\TataMotors\\20240327_143948\\1711531788722.png, C:\\Users\\sushil.gaikwad\\git\\EguruSmart1\\Reports\\20240327_143948\\TataMotors\\20240327_143948\\1711531790674.png, C:\\Users\\sushil.gaikwad\\git\\EguruSmart1\\Reports\\20240327_143948\\TataMotors\\20240327_143948\\1711531845457.png, C:\\Users\\sushil.gaikwad\\git\\EguruSmart1\\Reports\\20240327_143948\\TataMotors\\20240327_143948\\1711531904384.png, C:\\Users\\sushil.gaikwad\\git\\EguruSmart1\\Reports\\20240327_143948\\TataMotors\\20240327_143948\\1711531906332.png, C:\\Users\\sushil.gaikwad\\git\\EguruSmart1\\Reports\\20240327_143948\\TataMotors\\20240327_143948\\1711531990154.png, C:\\Users\\sushil.gaikwad\\git\\EguruSmart1\\Reports\\20240327_143948\\TataMotors\\20240327_143948\\1711531993193.png"/>
         <property name="hostName" value="A - DS025.step.com"/>
         <property name="os" value="Windows 10 64bit"/>
         <property name="appiumServerStatus" value="{&quot;value&quot;:{&quot;build&quot;:{&quot;version&quot;:&quot;1.22.3&quot;}},&quot;sessionId&quot;:null,&quot;status&quot;:0}"/>
         <property name="katalonVersion" value="9.3.2.212"/>
         <property name="deviceOS" value="Android"/>
         <property name="appiumVersion" value="1.22.3"/>
         <property name="deviceModel" value="SM-A032F"/>
         <property name="hostAddress" value="192.168.0.139"/>
         <property name="deviceManufacturer" value="samsung"/>
         <property name="deviceId" value="R9ZT10H9Y2L"/>
         <property name="deviceName" value="samsung SM-A032F (Android 13)"/>
         <property name="deviceOSVersion" value="13"/>
      </properties>
      <testcase name="Test Cases/TC/TC_01 - New Opty" time="248.009" classname="Test Cases/TC/TC_01 - New Opty" status="PASSED">
         <system-out><![CDATA[27-03-2024T14:39:53 - [TEST_CASE][PASSED] - Test Cases/TC/TC_01 - New Opty: Test Cases/TC/TC_01 - New Opty

27-03-2024T14:39:54 - [TEST_STEP][PASSED] - callTestCase(findTestCase("CommenWorkflows/Login"), ["Str_URL":"C:\Users\sushil.gaikwad\git\EguruSmart1\Application\app-release (4).apk", "Str_Username":"DUSER145", "Str_Password":"Soct#2023", ... ], STOP_ON_FAILURE): Call Test Case 'Test Cases/CommenWorkflows/Login' successfully

27-03-2024T14:39:54 - [TEST_CASE][PASSED] - Test Cases/CommenWorkflows/Login: Test Cases/CommenWorkflows/Login

27-03-2024T14:39:55 - [TEST_STEP][PASSED] - startApplication(Str_URL, false): Started app at: 'C:\Users\sushil.gaikwad\git\EguruSmart1\Application\app-release (4).apk'

27-03-2024T14:39:55 - [MESSAGE][INFO] - User set preference: ['deviceId', 'R9ZT10H9Y2L']

27-03-2024T14:39:55 - [MESSAGE][INFO] - Detected NodeJS location: "C:\Program Files\nodejs\node.exe"

27-03-2024T14:40:00 - [MESSAGE][INFO] - PATH: C:\Program Files\nodejs;

27-03-2024T14:40:00 - [MESSAGE][INFO] - APPIUM_HOME: C:\Users\sushil.gaikwad\AppData\Roaming\npm\node_modules\appium\build\lib\main.js

27-03-2024T14:40:00 - [MESSAGE][INFO] - appium outlog: C:\Users\sushil.gaikwad\git\EguruSmart1\Reports\20240327_143948\TataMotors\20240327_143948\appium.log

27-03-2024T14:40:00 - [MESSAGE][INFO] - appium errlog: C:\Users\sushil.gaikwad\git\EguruSmart1\Reports\20240327_143948\TataMotors\20240327_143948\appium_error.log

27-03-2024T14:40:02 - [MESSAGE][INFO] - Appium server started on port 63,126

27-03-2024T14:40:22 - [MESSAGE][PASSED] - Started app at: 'C:\Users\sushil.gaikwad\git\EguruSmart1\Application\app-release (4).apk'

27-03-2024T14:40:22 - [TEST_STEP][PASSED] - Bool_Username = waitForElementPresent(findTestObject("LockScreen/UsernaneText"), 10): Object Object Repository/LockScreen/UsernaneText not found

27-03-2024T14:40:33 - [MESSAGE][WARNING] - Object Object Repository/LockScreen/UsernaneText not found

27-03-2024T14:40:33 - [TEST_STEP][PASSED] - if (Bool_Username == true): null

27-03-2024T14:40:33 - [TEST_STEP][PASSED] - else: Tapped on element 'Object Repository/LockScreen/LoginButton'

27-03-2024T14:40:33 - [TEST_STEP][PASSED] - tap(findTestObject("LockScreen/Tap1"), 0): Tapped on element 'Object Repository/LockScreen/Tap1'

27-03-2024T14:40:33 - [MESSAGE][WARNING] - Timeout '0' is invalid. Using default page load timeout: '30'

27-03-2024T14:40:41 - [MESSAGE][PASSED] - Tapped on element 'Object Repository/LockScreen/Tap1'

27-03-2024T14:40:41 - [TEST_STEP][PASSED] - setText(findTestObject("LockScreen/Text1"), "1", 0): Text '1' has been set to element 'Object Repository/LockScreen/Text1'

27-03-2024T14:40:41 - [MESSAGE][WARNING] - Timeout '0' is invalid. Using default page load timeout: '30'

27-03-2024T14:40:43 - [MESSAGE][PASSED] - Text '1' has been set to element 'Object Repository/LockScreen/Text1'

27-03-2024T14:40:43 - [TEST_STEP][PASSED] - setText(findTestObject("LockScreen/Text2"), "2", 0): Text '2' has been set to element 'Object Repository/LockScreen/Text2'

27-03-2024T14:40:43 - [MESSAGE][WARNING] - Timeout '0' is invalid. Using default page load timeout: '30'

27-03-2024T14:40:45 - [MESSAGE][PASSED] - Text '2' has been set to element 'Object Repository/LockScreen/Text2'

27-03-2024T14:40:45 - [TEST_STEP][PASSED] - setText(findTestObject("LockScreen/Text3"), "3", 0): Text '3' has been set to element 'Object Repository/LockScreen/Text3'

27-03-2024T14:40:45 - [MESSAGE][WARNING] - Timeout '0' is invalid. Using default page load timeout: '30'

27-03-2024T14:40:47 - [MESSAGE][PASSED] - Text '3' has been set to element 'Object Repository/LockScreen/Text3'

27-03-2024T14:40:47 - [TEST_STEP][PASSED] - setText(findTestObject("LockScreen/Text4"), "4", 0): Text '4' has been set to element 'Object Repository/LockScreen/Text4'

27-03-2024T14:40:47 - [MESSAGE][WARNING] - Timeout '0' is invalid. Using default page load timeout: '30'

27-03-2024T14:40:48 - [MESSAGE][PASSED] - Text '4' has been set to element 'Object Repository/LockScreen/Text4'

27-03-2024T14:40:48 - [TEST_STEP][PASSED] - tap(findTestObject("LockScreen/LoginButton"), 0): Tapped on element 'Object Repository/LockScreen/LoginButton'

27-03-2024T14:40:48 - [MESSAGE][WARNING] - Timeout '0' is invalid. Using default page load timeout: '30'

27-03-2024T14:40:51 - [MESSAGE][PASSED] - Tapped on element 'Object Repository/LockScreen/LoginButton'

27-03-2024T14:40:51 - [MESSAGE][PASSED] - Call Test Case 'Test Cases/CommenWorkflows/Login' successfully

27-03-2024T14:40:51 - [TEST_STEP][PASSED] - Bool_Offline = waitForElementPresent(findTestObject("LockScreen/NewPin/Offline Master Sync"), 5): Object Object Repository/LockScreen/NewPin/Offline Master Sync not found

27-03-2024T14:40:56 - [MESSAGE][WARNING] - Object Object Repository/LockScreen/NewPin/Offline Master Sync not found

27-03-2024T14:40:56 - [TEST_STEP][PASSED] - if (Bool_Offline == true): null

27-03-2024T14:40:56 - [TEST_STEP][PASSED] - delay(2, STOP_ON_FAILURE): Delayed 2 second(s)

27-03-2024T14:40:58 - [MESSAGE][PASSED] - Delayed 2 second(s)

27-03-2024T14:40:58 - [TEST_STEP][PASSED] - verifyElementExist(findTestObject("TataMotars/HomeButton"), 10): Element 'Object Repository/TataMotars/HomeButton' is exist

27-03-2024T14:40:59 - [MESSAGE][PASSED] - Element 'Object Repository/TataMotars/HomeButton' is exist

27-03-2024T14:40:59 - [TEST_STEP][PASSED] - tap(findTestObject("TataMotars/PluseButton"), 0): Tapped on element 'Object Repository/TataMotars/PluseButton'

27-03-2024T14:40:59 - [MESSAGE][WARNING] - Timeout '0' is invalid. Using default page load timeout: '30'

27-03-2024T14:41:01 - [MESSAGE][PASSED] - Tapped on element 'Object Repository/TataMotars/PluseButton'

27-03-2024T14:41:01 - [TEST_STEP][PASSED] - bool_Opportunity = verifyElementExist(findTestObject("TataMotars/Pluse Button/OpportunityButton"), 0): Element 'Object Repository/TataMotars/Pluse Button/OpportunityButton' is exist

27-03-2024T14:41:01 - [MESSAGE][WARNING] - Timeout '0' is invalid. Using default page load timeout: '30'

27-03-2024T14:41:01 - [MESSAGE][PASSED] - Element 'Object Repository/TataMotars/Pluse Button/OpportunityButton' is exist

27-03-2024T14:41:01 - [TEST_STEP][PASSED] - bool_Account = verifyElementExist(findTestObject("TataMotars/Pluse Button/Account"), 0): Element 'Object Repository/TataMotars/Pluse Button/Account' is exist

27-03-2024T14:41:01 - [MESSAGE][WARNING] - Timeout '0' is invalid. Using default page load timeout: '30'

27-03-2024T14:41:01 - [MESSAGE][PASSED] - Element 'Object Repository/TataMotars/Pluse Button/Account' is exist

27-03-2024T14:41:01 - [TEST_STEP][PASSED] - bool_Customer = verifyElementExist(findTestObject("TataMotars/Pluse Button/Customer"), 0): Element 'Object Repository/TataMotars/Pluse Button/Customer' is exist

27-03-2024T14:41:01 - [MESSAGE][WARNING] - Timeout '0' is invalid. Using default page load timeout: '30'

27-03-2024T14:41:02 - [MESSAGE][PASSED] - Element 'Object Repository/TataMotars/Pluse Button/Customer' is exist

27-03-2024T14:41:02 - [TEST_STEP][PASSED] - bool_Influencer = verifyElementExist(findTestObject("TataMotars/Pluse Button/Influencer"), 0): Element 'Object Repository/TataMotars/Pluse Button/Influencer' is exist

27-03-2024T14:41:02 - [MESSAGE][WARNING] - Timeout '0' is invalid. Using default page load timeout: '30'

27-03-2024T14:41:02 - [MESSAGE][PASSED] - Element 'Object Repository/TataMotars/Pluse Button/Influencer' is exist

27-03-2024T14:41:02 - [TEST_STEP][PASSED] - bool_FollowUp = verifyElementExist(findTestObject("TataMotars/Pluse Button/Follow Up"), 0): Element 'Object Repository/TataMotars/Pluse Button/Follow Up' is exist

27-03-2024T14:41:02 - [MESSAGE][WARNING] - Timeout '0' is invalid. Using default page load timeout: '30'

27-03-2024T14:41:02 - [MESSAGE][PASSED] - Element 'Object Repository/TataMotars/Pluse Button/Follow Up' is exist

27-03-2024T14:41:02 - [TEST_STEP][PASSED] - bool_Opportunity && bool_Account && bool_Customer && bool_Influencer && bool_FollowUp == false: null

27-03-2024T14:41:02 - [TEST_STEP][PASSED] - takeScreenshot(): Screenshot is taken

27-03-2024T14:41:05 - [MESSAGE][PASSED] - Screenshot is taken
[[ATTACHMENT|C:\\Users\\sushil.gaikwad\\git\\EguruSmart1\\Reports\\20240327_143948\\TataMotors\\20240327_143948\\1711530662823.png]]

27-03-2024T14:41:05 - [TEST_STEP][PASSED] - tap(findTestObject("TataMotars/Pluse Button/OpportunityButton"), 3): Tapped on element 'Object Repository/TataMotars/Pluse Button/OpportunityButton'

27-03-2024T14:41:06 - [MESSAGE][PASSED] - Tapped on element 'Object Repository/TataMotars/Pluse Button/OpportunityButton'

27-03-2024T14:41:06 - [TEST_STEP][PASSED] - bool_AddContact = verifyElementExist(findTestObject("Add Contact/AddContact"), 30): Element 'Object Repository/Add Contact/AddContact' is exist

27-03-2024T14:41:06 - [MESSAGE][PASSED] - Element 'Object Repository/Add Contact/AddContact' is exist

27-03-2024T14:41:06 - [TEST_STEP][PASSED] - bool_SearchAddContact = verifyElementExist(findTestObject("Add Contact/Search - Add Contact"), 30): Element 'Object Repository/Add Contact/Search - Add Contact' is exist

27-03-2024T14:41:07 - [MESSAGE][PASSED] - Element 'Object Repository/Add Contact/Search - Add Contact' is exist

27-03-2024T14:41:07 - [TEST_STEP][PASSED] - bool_AddContact && bool_SearchAddContact == true: null

27-03-2024T14:41:07 - [TEST_STEP][PASSED] - takeScreenshot(): Screenshot is taken

27-03-2024T14:41:10 - [MESSAGE][PASSED] - Screenshot is taken
[[ATTACHMENT|C:\\Users\\sushil.gaikwad\\git\\EguruSmart1\\Reports\\20240327_143948\\TataMotors\\20240327_143948\\1711530667573.png]]

27-03-2024T14:41:10 - [TEST_STEP][PASSED] - minRange = 1: null

27-03-2024T14:41:10 - [TEST_STEP][PASSED] - maxRange = 1000: null

27-03-2024T14:41:10 - [TEST_STEP][PASSED] - randomInt = current().nextInt(minRange, maxRange + 1): null

27-03-2024T14:41:10 - [TEST_STEP][PASSED] - Result = $str_NewContact $randomInt: null

27-03-2024T14:41:10 - [TEST_STEP][PASSED] - tap(findTestObject("Add Contact/Search - Add Contact"), 0, STOP_ON_FAILURE): Tapped on element 'Object Repository/Add Contact/Search - Add Contact'

27-03-2024T14:41:10 - [MESSAGE][WARNING] - Timeout '0' is invalid. Using default page load timeout: '30'

27-03-2024T14:41:11 - [MESSAGE][PASSED] - Tapped on element 'Object Repository/Add Contact/Search - Add Contact'

27-03-2024T14:41:11 - [TEST_STEP][PASSED] - setText(findTestObject("TataMotars/SearchBox"), Result, 0): Text 'Kshitija 969' has been set to element 'Object Repository/TataMotars/SearchBox'

27-03-2024T14:41:11 - [MESSAGE][WARNING] - Timeout '0' is invalid. Using default page load timeout: '30'

27-03-2024T14:41:13 - [MESSAGE][PASSED] - Text 'Kshitija 969' has been set to element 'Object Repository/TataMotars/SearchBox'

27-03-2024T14:41:13 - [TEST_STEP][PASSED] - hideKeyboard(): Keyboard is hidden

27-03-2024T14:41:15 - [MESSAGE][PASSED] - Keyboard is hidden

27-03-2024T14:41:15 - [TEST_STEP][PASSED] - str_getNewContact = getAttribute(findTestObject("TataMotars/SearchBox"), "name", 0): Element 'Object Repository/TataMotars/SearchBox' has attribute 'name' is ''

27-03-2024T14:41:15 - [MESSAGE][WARNING] - Timeout '0' is invalid. Using default page load timeout: '30'

27-03-2024T14:41:16 - [MESSAGE][PASSED] - Element 'Object Repository/TataMotars/SearchBox' has attribute 'name' is ''

27-03-2024T14:41:16 - [TEST_STEP][PASSED] - Result == str_getNewContact: null

27-03-2024T14:41:16 - [TEST_STEP][PASSED] - takeScreenshot(): Screenshot is taken

27-03-2024T14:41:18 - [MESSAGE][PASSED] - Screenshot is taken
[[ATTACHMENT|C:\\Users\\sushil.gaikwad\\git\\EguruSmart1\\Reports\\20240327_143948\\TataMotors\\20240327_143948\\1711530676837.png]]

27-03-2024T14:41:18 - [TEST_STEP][PASSED] - tap(findTestObject("Add Contact/AddNewContactButton"), 0): Tapped on element 'Object Repository/Add Contact/AddNewContactButton'

27-03-2024T14:41:18 - [MESSAGE][WARNING] - Timeout '0' is invalid. Using default page load timeout: '30'

27-03-2024T14:41:19 - [MESSAGE][PASSED] - Tapped on element 'Object Repository/Add Contact/AddNewContactButton'

27-03-2024T14:41:19 - [TEST_STEP][PASSED] - setText(findTestObject("Primery Details/FirstName"), str_FirstName, 0): Text 'test' has been set to element 'Object Repository/Primery Details/FirstName'

27-03-2024T14:41:19 - [MESSAGE][WARNING] - Timeout '0' is invalid. Using default page load timeout: '30'

27-03-2024T14:41:21 - [MESSAGE][PASSED] - Text 'test' has been set to element 'Object Repository/Primery Details/FirstName'

27-03-2024T14:41:21 - [TEST_STEP][PASSED] - hideKeyboard(): Keyboard is hidden

27-03-2024T14:41:23 - [MESSAGE][PASSED] - Keyboard is hidden

27-03-2024T14:41:24 - [TEST_STEP][PASSED] - setText(findTestObject("Primery Details/LastName"), str_LastName, 0): Text 'step' has been set to element 'Object Repository/Primery Details/LastName'

27-03-2024T14:41:24 - [MESSAGE][WARNING] - Timeout '0' is invalid. Using default page load timeout: '30'

27-03-2024T14:41:26 - [MESSAGE][PASSED] - Text 'step' has been set to element 'Object Repository/Primery Details/LastName'

27-03-2024T14:41:26 - [TEST_STEP][PASSED] - hideKeyboard(): Keyboard is hidden

27-03-2024T14:41:28 - [MESSAGE][PASSED] - Keyboard is hidden

27-03-2024T14:41:28 - [TEST_STEP][PASSED] - tap(findTestObject("Primery Details/MobileNumber"), 0): Tapped on element 'Object Repository/Primery Details/MobileNumber'

27-03-2024T14:41:28 - [MESSAGE][WARNING] - Timeout '0' is invalid. Using default page load timeout: '30'

27-03-2024T14:41:29 - [MESSAGE][PASSED] - Tapped on element 'Object Repository/Primery Details/MobileNumber'

27-03-2024T14:41:29 - [TEST_STEP][PASSED] - setText(findTestObject("Primery Details/MobileNumber"), str_MobileNumber, 0): Text '9856214741' has been set to element 'Object Repository/Primery Details/MobileNumber'

27-03-2024T14:41:29 - [MESSAGE][WARNING] - Timeout '0' is invalid. Using default page load timeout: '30'

27-03-2024T14:41:32 - [MESSAGE][PASSED] - Text '9856214741' has been set to element 'Object Repository/Primery Details/MobileNumber'

27-03-2024T14:41:32 - [TEST_STEP][PASSED] - hideKeyboard(): Keyboard is hidden

27-03-2024T14:41:36 - [MESSAGE][PASSED] - Keyboard is hidden

27-03-2024T14:41:36 - [TEST_STEP][PASSED] - takeScreenshot(): Screenshot is taken

27-03-2024T14:41:38 - [MESSAGE][PASSED] - Screenshot is taken
[[ATTACHMENT|C:\\Users\\sushil.gaikwad\\git\\EguruSmart1\\Reports\\20240327_143948\\TataMotors\\20240327_143948\\1711530696527.png]]

27-03-2024T14:41:38 - [TEST_STEP][PASSED] - tap(findTestObject("Create New Opportunity/Customer Type"), 0): Tapped on element 'Object Repository/Create New Opportunity/Customer Type'

27-03-2024T14:41:38 - [MESSAGE][WARNING] - Timeout '0' is invalid. Using default page load timeout: '30'

27-03-2024T14:41:39 - [MESSAGE][PASSED] - Tapped on element 'Object Repository/Create New Opportunity/Customer Type'

27-03-2024T14:41:39 - [TEST_STEP][PASSED] - sendKeys(findTestObject("Create New Opportunity/Type_CustomerType"), str_CustomerType, STOP_ON_FAILURE): Send keys 'C4T Customer' on test object 'Object Repository/Create New Opportunity/Type_CustomerType' successfully.

27-03-2024T14:41:41 - [MESSAGE][PASSED] - Send keys 'C4T Customer' on test object 'Object Repository/Create New Opportunity/Type_CustomerType' successfully.

27-03-2024T14:41:41 - [TEST_STEP][PASSED] - hideKeyboard(): Keyboard is hidden

27-03-2024T14:41:43 - [MESSAGE][PASSED] - Keyboard is hidden

27-03-2024T14:41:43 - [TEST_STEP][PASSED] - Bool_Customer = waitForElementPresent(findTestObject("Create New Opportunity/Click_Customer"), 5): Element 'Object Repository/Create New Opportunity/Click_Customer' is present

27-03-2024T14:41:43 - [MESSAGE][PASSED] - Element 'Object Repository/Create New Opportunity/Click_Customer' is present

27-03-2024T14:41:43 - [TEST_STEP][PASSED] - if (Bool_Customer == true): Tapped on element 'Object Repository/Create New Opportunity/Click_Customer'

27-03-2024T14:41:43 - [TEST_STEP][PASSED] - tap(findTestObject("Create New Opportunity/Click_Customer"), 0): Tapped on element 'Object Repository/Create New Opportunity/Click_Customer'

27-03-2024T14:41:43 - [MESSAGE][WARNING] - Timeout '0' is invalid. Using default page load timeout: '30'

27-03-2024T14:41:44 - [MESSAGE][PASSED] - Tapped on element 'Object Repository/Create New Opportunity/Click_Customer'

27-03-2024T14:41:44 - [TEST_STEP][PASSED] - checkElement(findTestObject("Primery Details/Influencer Checkbox"), 0): Element 'Object Repository/Primery Details/Influencer Checkbox' is checked

27-03-2024T14:41:44 - [MESSAGE][WARNING] - Timeout '0' is invalid. Using default page load timeout: '30'

27-03-2024T14:41:46 - [MESSAGE][PASSED] - Element 'Object Repository/Primery Details/Influencer Checkbox' is checked

27-03-2024T14:41:46 - [TEST_STEP][PASSED] - hideKeyboard(): Keyboard is hidden

27-03-2024T14:41:47 - [MESSAGE][PASSED] - Keyboard is hidden

27-03-2024T14:41:47 - [TEST_STEP][PASSED] - tap(findTestObject("Create New Opportunity/Additional information"), 0): Tapped on element 'Object Repository/Create New Opportunity/Additional information'

27-03-2024T14:41:47 - [MESSAGE][WARNING] - Timeout '0' is invalid. Using default page load timeout: '30'

27-03-2024T14:41:49 - [MESSAGE][PASSED] - Tapped on element 'Object Repository/Create New Opportunity/Additional information'

27-03-2024T14:41:49 - [TEST_STEP][PASSED] - delay(3, STOP_ON_FAILURE): Delayed 3 second(s)

27-03-2024T14:41:52 - [MESSAGE][PASSED] - Delayed 3 second(s)

27-03-2024T14:41:52 - [TEST_STEP][PASSED] - tap(findTestObject("Primery Details/Enter InfluencerType"), 0): Tapped on element 'Object Repository/Primery Details/Enter InfluencerType'

27-03-2024T14:41:52 - [MESSAGE][WARNING] - Timeout '0' is invalid. Using default page load timeout: '30'

27-03-2024T14:41:53 - [MESSAGE][PASSED] - Tapped on element 'Object Repository/Primery Details/Enter InfluencerType'

27-03-2024T14:41:53 - [TEST_STEP][PASSED] - setText(findTestObject("Create New Opportunity/Type Influencer"), str_InfluencerType, 0): Text 'Advertisement' has been set to element 'Object Repository/Create New Opportunity/Type Influencer'

27-03-2024T14:41:53 - [MESSAGE][WARNING] - Timeout '0' is invalid. Using default page load timeout: '30'

27-03-2024T14:41:55 - [MESSAGE][PASSED] - Text 'Advertisement' has been set to element 'Object Repository/Create New Opportunity/Type Influencer'

27-03-2024T14:41:55 - [TEST_STEP][PASSED] - hideKeyboard(): Keyboard is hidden

27-03-2024T14:41:57 - [MESSAGE][PASSED] - Keyboard is hidden

27-03-2024T14:41:57 - [TEST_STEP][PASSED] - tap(findTestObject("Primery Details/Address Details/NextButton"), 0): Tapped on element 'Object Repository/Primery Details/Address Details/NextButton'

27-03-2024T14:41:57 - [MESSAGE][WARNING] - Timeout '0' is invalid. Using default page load timeout: '30'

27-03-2024T14:41:59 - [MESSAGE][PASSED] - Tapped on element 'Object Repository/Primery Details/Address Details/NextButton'

27-03-2024T14:41:59 - [TEST_STEP][PASSED] - bool_Pincode = waitForElementPresent(findTestObject("Primery Details/Address Details/Pincode"), 5): Object Object Repository/Primery Details/Address Details/Pincode not found

27-03-2024T14:42:04 - [MESSAGE][WARNING] - Object Object Repository/Primery Details/Address Details/Pincode not found

27-03-2024T14:42:04 - [TEST_STEP][PASSED] - if (bool_Pincode == true): null

27-03-2024T14:42:04 - [TEST_STEP][PASSED] - bool_ProceedButton = verifyElementExist(findTestObject("Primery Details/Proceed Button"), 30): Element 'Object Repository/Primery Details/Proceed Button' is exist

27-03-2024T14:42:04 - [MESSAGE][PASSED] - Element 'Object Repository/Primery Details/Proceed Button' is exist

27-03-2024T14:42:04 - [TEST_STEP][PASSED] - takeScreenshot(): Screenshot is taken

27-03-2024T14:42:06 - [MESSAGE][PASSED] - Screenshot is taken
[[ATTACHMENT|C:\\Users\\sushil.gaikwad\\git\\EguruSmart1\\Reports\\20240327_143948\\TataMotors\\20240327_143948\\1711530724756.png]]

27-03-2024T14:42:06 - [TEST_STEP][PASSED] - if (bool_ProceedButton): Tapped on element 'Object Repository/Primery Details/Proceed Button'

27-03-2024T14:42:06 - [TEST_STEP][PASSED] - tap(findTestObject("Create New Opportunity/ContactClickNew"), 0): Tapped on element 'Object Repository/Create New Opportunity/ContactClickNew'

27-03-2024T14:42:06 - [MESSAGE][WARNING] - Timeout '0' is invalid. Using default page load timeout: '30'

27-03-2024T14:42:08 - [MESSAGE][PASSED] - Tapped on element 'Object Repository/Create New Opportunity/ContactClickNew'

27-03-2024T14:42:08 - [TEST_STEP][PASSED] - takeScreenshot(): Screenshot is taken

27-03-2024T14:42:09 - [MESSAGE][PASSED] - Screenshot is taken
[[ATTACHMENT|C:\\Users\\sushil.gaikwad\\git\\EguruSmart1\\Reports\\20240327_143948\\TataMotors\\20240327_143948\\1711530728046.png]]

27-03-2024T14:42:09 - [TEST_STEP][PASSED] - tap(findTestObject("Primery Details/Proceed Button"), 0): Tapped on element 'Object Repository/Primery Details/Proceed Button'

27-03-2024T14:42:09 - [MESSAGE][WARNING] - Timeout '0' is invalid. Using default page load timeout: '30'

27-03-2024T14:42:10 - [MESSAGE][PASSED] - Tapped on element 'Object Repository/Primery Details/Proceed Button'

27-03-2024T14:42:10 - [TEST_STEP][PASSED] - delay(2, STOP_ON_FAILURE): Delayed 2 second(s)

27-03-2024T14:42:12 - [MESSAGE][PASSED] - Delayed 2 second(s)

27-03-2024T14:42:12 - [TEST_STEP][PASSED] - verifyElementExist(findTestObject("Vehicle information/Vehicle information"), 30): Element 'Object Repository/Vehicle information/Vehicle information' is exist

27-03-2024T14:42:13 - [MESSAGE][PASSED] - Element 'Object Repository/Vehicle information/Vehicle information' is exist

27-03-2024T14:42:13 - [TEST_STEP][PASSED] - takeScreenshot(): Screenshot is taken

27-03-2024T14:42:14 - [MESSAGE][PASSED] - Screenshot is taken
[[ATTACHMENT|C:\\Users\\sushil.gaikwad\\git\\EguruSmart1\\Reports\\20240327_143948\\TataMotors\\20240327_143948\\1711530733040.png]]

27-03-2024T14:42:14 - [TEST_STEP][PASSED] - tap(findTestObject("Vehicle information/SelectProductLine"), 0): Tapped on element 'Object Repository/Vehicle information/SelectProductLine'

27-03-2024T14:42:14 - [MESSAGE][WARNING] - Timeout '0' is invalid. Using default page load timeout: '30'

27-03-2024T14:42:16 - [MESSAGE][PASSED] - Tapped on element 'Object Repository/Vehicle information/SelectProductLine'

27-03-2024T14:42:16 - [TEST_STEP][PASSED] - setText(findTestObject("Vehicle information/SelectProductLine"), str_ProductLine, 0): Text '1009g LPT' has been set to element 'Object Repository/Vehicle information/SelectProductLine'

27-03-2024T14:42:16 - [MESSAGE][WARNING] - Timeout '0' is invalid. Using default page load timeout: '30'

27-03-2024T14:42:18 - [MESSAGE][PASSED] - Text '1009g LPT' has been set to element 'Object Repository/Vehicle information/SelectProductLine'

27-03-2024T14:42:18 - [TEST_STEP][PASSED] - tap(findTestObject("Vehicle information/ClickSelectedProduct"), 0): Tapped on element 'Object Repository/Vehicle information/ClickSelectedProduct'

27-03-2024T14:42:18 - [MESSAGE][WARNING] - Timeout '0' is invalid. Using default page load timeout: '30'

27-03-2024T14:42:20 - [MESSAGE][PASSED] - Tapped on element 'Object Repository/Vehicle information/ClickSelectedProduct'

27-03-2024T14:42:20 - [TEST_STEP][PASSED] - hideKeyboard(): Keyboard is hidden

27-03-2024T14:42:22 - [MESSAGE][PASSED] - Keyboard is hidden

27-03-2024T14:42:22 - [TEST_STEP][PASSED] - takeScreenshot(): Screenshot is taken

27-03-2024T14:42:24 - [MESSAGE][PASSED] - Screenshot is taken
[[ATTACHMENT|C:\\Users\\sushil.gaikwad\\git\\EguruSmart1\\Reports\\20240327_143948\\TataMotors\\20240327_143948\\1711530742490.png]]

27-03-2024T14:42:24 - [TEST_STEP][PASSED] - delay(5, STOP_ON_FAILURE): Delayed 5 second(s)

27-03-2024T14:42:29 - [MESSAGE][PASSED] - Delayed 5 second(s)

27-03-2024T14:42:29 - [TEST_STEP][PASSED] - tap(findTestObject("Vehicle information/SelectModel"), 0): Tapped on element 'Object Repository/Vehicle information/SelectModel'

27-03-2024T14:42:29 - [MESSAGE][WARNING] - Timeout '0' is invalid. Using default page load timeout: '30'

27-03-2024T14:42:31 - [MESSAGE][PASSED] - Tapped on element 'Object Repository/Vehicle information/SelectModel'

27-03-2024T14:42:31 - [TEST_STEP][PASSED] - setText(findTestObject("Vehicle information/SelectModel"), str_Model, 0): Text '1109g LPT DCR49HSD 85B6M5 XD' has been set to element 'Object Repository/Vehicle information/SelectModel'

27-03-2024T14:42:31 - [MESSAGE][WARNING] - Timeout '0' is invalid. Using default page load timeout: '30'

27-03-2024T14:42:33 - [MESSAGE][PASSED] - Text '1109g LPT DCR49HSD 85B6M5 XD' has been set to element 'Object Repository/Vehicle information/SelectModel'

27-03-2024T14:42:33 - [TEST_STEP][PASSED] - tap(findTestObject("Vehicle information/TapModel"), 0): Tapped on element 'Object Repository/Vehicle information/TapModel'

27-03-2024T14:42:33 - [MESSAGE][WARNING] - Timeout '0' is invalid. Using default page load timeout: '30'

27-03-2024T14:42:35 - [MESSAGE][PASSED] - Tapped on element 'Object Repository/Vehicle information/TapModel'

27-03-2024T14:42:35 - [TEST_STEP][PASSED] - takeScreenshot(): Screenshot is taken

27-03-2024T14:42:37 - [MESSAGE][PASSED] - Screenshot is taken
[[ATTACHMENT|C:\\Users\\sushil.gaikwad\\git\\EguruSmart1\\Reports\\20240327_143948\\TataMotors\\20240327_143948\\1711530755573.png]]

27-03-2024T14:42:37 - [TEST_STEP][PASSED] - tap(findTestObject("Vehicle information/NextButton"), 0): Tapped on element 'Object Repository/Vehicle information/NextButton'

27-03-2024T14:42:37 - [MESSAGE][WARNING] - Timeout '0' is invalid. Using default page load timeout: '30'

27-03-2024T14:42:38 - [MESSAGE][PASSED] - Tapped on element 'Object Repository/Vehicle information/NextButton'

27-03-2024T14:42:38 - [TEST_STEP][PASSED] - verifyElementVisible(findTestObject("Create New Opportunity/ClickVehicleApplication"), 0): Element 'Object Repository/Create New Opportunity/ClickVehicleApplication' is visible

27-03-2024T14:42:38 - [MESSAGE][WARNING] - Timeout '0' is invalid. Using default page load timeout: '30'

27-03-2024T14:42:40 - [MESSAGE][PASSED] - Element 'Object Repository/Create New Opportunity/ClickVehicleApplication' is visible

27-03-2024T14:42:40 - [TEST_STEP][PASSED] - tap(findTestObject("Create New Opportunity/ClickVehicleApplication"), 0): Tapped on element 'Object Repository/Create New Opportunity/ClickVehicleApplication'

27-03-2024T14:42:40 - [MESSAGE][WARNING] - Timeout '0' is invalid. Using default page load timeout: '30'

27-03-2024T14:42:41 - [MESSAGE][PASSED] - Tapped on element 'Object Repository/Create New Opportunity/ClickVehicleApplication'

27-03-2024T14:42:41 - [TEST_STEP][PASSED] - setText(findTestObject("Create New Opportunity/ClickVehicleApplication"), str_VehicleApplication, 0): Text 'Agri Products' has been set to element 'Object Repository/Create New Opportunity/ClickVehicleApplication'

27-03-2024T14:42:41 - [MESSAGE][WARNING] - Timeout '0' is invalid. Using default page load timeout: '30'

27-03-2024T14:42:43 - [MESSAGE][PASSED] - Text 'Agri Products' has been set to element 'Object Repository/Create New Opportunity/ClickVehicleApplication'

27-03-2024T14:42:43 - [TEST_STEP][PASSED] - tap(findTestObject("Create New Opportunity/SelectVehicleApplication"), 0): Tapped on element 'Object Repository/Create New Opportunity/SelectVehicleApplication'

27-03-2024T14:42:43 - [MESSAGE][WARNING] - Timeout '0' is invalid. Using default page load timeout: '30'

27-03-2024T14:42:44 - [MESSAGE][PASSED] - Tapped on element 'Object Repository/Create New Opportunity/SelectVehicleApplication'

27-03-2024T14:42:44 - [TEST_STEP][PASSED] - hideKeyboard(): Keyboard is hidden

27-03-2024T14:42:46 - [MESSAGE][PASSED] - Keyboard is hidden

27-03-2024T14:42:46 - [TEST_STEP][PASSED] - checkElement(findTestObject("Create New Opportunity/BodyType"), 0): Element 'Object Repository/Create New Opportunity/BodyType' is checked

27-03-2024T14:42:47 - [MESSAGE][WARNING] - Timeout '0' is invalid. Using default page load timeout: '30'

27-03-2024T14:42:48 - [MESSAGE][PASSED] - Element 'Object Repository/Create New Opportunity/BodyType' is checked

27-03-2024T14:42:48 - [TEST_STEP][PASSED] - tap(findTestObject("Create New Opportunity/BodyType"), 0): Tapped on element 'Object Repository/Create New Opportunity/BodyType'

27-03-2024T14:42:48 - [MESSAGE][WARNING] - Timeout '0' is invalid. Using default page load timeout: '30'

27-03-2024T14:42:50 - [MESSAGE][PASSED] - Tapped on element 'Object Repository/Create New Opportunity/BodyType'

27-03-2024T14:42:50 - [TEST_STEP][PASSED] - setText(findTestObject("Create New Opportunity/BodyType"), str_BodyType, 0): Text 'Container' has been set to element 'Object Repository/Create New Opportunity/BodyType'

27-03-2024T14:42:50 - [MESSAGE][WARNING] - Timeout '0' is invalid. Using default page load timeout: '30'

27-03-2024T14:42:51 - [MESSAGE][PASSED] - Text 'Container' has been set to element 'Object Repository/Create New Opportunity/BodyType'

27-03-2024T14:42:51 - [TEST_STEP][PASSED] - tap(findTestObject("Create New Opportunity/SelectBodyType"), 0): Tapped on element 'Object Repository/Create New Opportunity/SelectBodyType'

27-03-2024T14:42:51 - [MESSAGE][WARNING] - Timeout '0' is invalid. Using default page load timeout: '30'

27-03-2024T14:42:52 - [MESSAGE][PASSED] - Tapped on element 'Object Repository/Create New Opportunity/SelectBodyType'

27-03-2024T14:42:52 - [TEST_STEP][PASSED] - tap(findTestObject("Vehicle information/NextButton"), 0): Tapped on element 'Object Repository/Vehicle information/NextButton'

27-03-2024T14:42:52 - [MESSAGE][WARNING] - Timeout '0' is invalid. Using default page load timeout: '30'

27-03-2024T14:42:53 - [MESSAGE][PASSED] - Tapped on element 'Object Repository/Vehicle information/NextButton'

27-03-2024T14:42:53 - [TEST_STEP][PASSED] - takeScreenshot(): Screenshot is taken

27-03-2024T14:42:55 - [MESSAGE][PASSED] - Screenshot is taken
[[ATTACHMENT|C:\\Users\\sushil.gaikwad\\git\\EguruSmart1\\Reports\\20240327_143948\\TataMotors\\20240327_143948\\1711530773858.png]]

27-03-2024T14:42:55 - [TEST_STEP][PASSED] - tap(findTestObject("Additional Info/Quantity"), 0): Tapped on element 'Object Repository/Additional Info/Quantity'

27-03-2024T14:42:55 - [MESSAGE][WARNING] - Timeout '0' is invalid. Using default page load timeout: '30'

27-03-2024T14:42:57 - [MESSAGE][PASSED] - Tapped on element 'Object Repository/Additional Info/Quantity'

27-03-2024T14:42:57 - [TEST_STEP][PASSED] - setText(findTestObject("Additional Info/Quantity"), "1", 0): Text '1' has been set to element 'Object Repository/Additional Info/Quantity'

27-03-2024T14:42:57 - [MESSAGE][WARNING] - Timeout '0' is invalid. Using default page load timeout: '30'

27-03-2024T14:42:59 - [MESSAGE][PASSED] - Text '1' has been set to element 'Object Repository/Additional Info/Quantity'

27-03-2024T14:42:59 - [TEST_STEP][PASSED] - tap(findTestObject("Vehicle information/NextButton"), 0): Tapped on element 'Object Repository/Vehicle information/NextButton'

27-03-2024T14:42:59 - [MESSAGE][WARNING] - Timeout '0' is invalid. Using default page load timeout: '30'

27-03-2024T14:43:00 - [MESSAGE][PASSED] - Tapped on element 'Object Repository/Vehicle information/NextButton'

27-03-2024T14:43:00 - [TEST_STEP][PASSED] - takeScreenshot(): Screenshot is taken

27-03-2024T14:43:01 - [MESSAGE][PASSED] - Screenshot is taken
[[ATTACHMENT|C:\\Users\\sushil.gaikwad\\git\\EguruSmart1\\Reports\\20240327_143948\\TataMotors\\20240327_143948\\1711530780146.png]]

27-03-2024T14:43:01 - [TEST_STEP][PASSED] - tap(findTestObject("Additional Info/Month"), 0): Tapped on element 'Object Repository/Additional Info/Month'

27-03-2024T14:43:01 - [MESSAGE][WARNING] - Timeout '0' is invalid. Using default page load timeout: '30'

27-03-2024T14:43:02 - [MESSAGE][PASSED] - Tapped on element 'Object Repository/Additional Info/Month'

27-03-2024T14:43:02 - [TEST_STEP][PASSED] - delay(3, STOP_ON_FAILURE): Delayed 3 second(s)

27-03-2024T14:43:05 - [MESSAGE][PASSED] - Delayed 3 second(s)

27-03-2024T14:43:05 - [TEST_STEP][PASSED] - takeScreenshot(): Screenshot is taken

27-03-2024T14:43:07 - [MESSAGE][PASSED] - Screenshot is taken
[[ATTACHMENT|C:\\Users\\sushil.gaikwad\\git\\EguruSmart1\\Reports\\20240327_143948\\TataMotors\\20240327_143948\\1711530785538.png]]

27-03-2024T14:43:07 - [TEST_STEP][PASSED] - tap(findTestObject("Vehicle information/NextButton"), 0): Tapped on element 'Object Repository/Vehicle information/NextButton'

27-03-2024T14:43:07 - [MESSAGE][WARNING] - Timeout '0' is invalid. Using default page load timeout: '30'

27-03-2024T14:43:08 - [MESSAGE][PASSED] - Tapped on element 'Object Repository/Vehicle information/NextButton'

27-03-2024T14:43:08 - [TEST_STEP][PASSED] - verifyElementVisible(findTestObject("Additional Info/SourceOfContact_Text"), 0): Element 'Object Repository/Additional Info/SourceOfContact_Text' is visible

27-03-2024T14:43:08 - [MESSAGE][WARNING] - Timeout '0' is invalid. Using default page load timeout: '30'

27-03-2024T14:43:08 - [MESSAGE][PASSED] - Element 'Object Repository/Additional Info/SourceOfContact_Text' is visible

27-03-2024T14:43:08 - [TEST_STEP][PASSED] - tap(findTestObject("Additional Info/Enter SourceOfContact"), 0): Tapped on element 'Object Repository/Additional Info/Enter SourceOfContact'

27-03-2024T14:43:08 - [MESSAGE][WARNING] - Timeout '0' is invalid. Using default page load timeout: '30'

27-03-2024T14:43:09 - [MESSAGE][PASSED] - Tapped on element 'Object Repository/Additional Info/Enter SourceOfContact'

27-03-2024T14:43:09 - [TEST_STEP][PASSED] - setText(findTestObject("Additional Info/Enter SourceOfContact"), str_SourceOfContact, 0): Text 'Dealer Cold Calling' has been set to element 'Object Repository/Additional Info/Enter SourceOfContact'

27-03-2024T14:43:09 - [MESSAGE][WARNING] - Timeout '0' is invalid. Using default page load timeout: '30'

27-03-2024T14:43:12 - [MESSAGE][PASSED] - Text 'Dealer Cold Calling' has been set to element 'Object Repository/Additional Info/Enter SourceOfContact'

27-03-2024T14:43:12 - [TEST_STEP][PASSED] - tap(findTestObject("Additional Info/Searched SourceOfContact"), 0): Tapped on element 'Object Repository/Additional Info/Searched SourceOfContact'

27-03-2024T14:43:12 - [MESSAGE][WARNING] - Timeout '0' is invalid. Using default page load timeout: '30'

27-03-2024T14:43:13 - [MESSAGE][PASSED] - Tapped on element 'Object Repository/Additional Info/Searched SourceOfContact'

27-03-2024T14:43:13 - [TEST_STEP][PASSED] - tap(findTestObject("Vehicle information/NextButton"), 0): Tapped on element 'Object Repository/Vehicle information/NextButton'

27-03-2024T14:43:13 - [MESSAGE][WARNING] - Timeout '0' is invalid. Using default page load timeout: '30'

27-03-2024T14:43:14 - [MESSAGE][PASSED] - Tapped on element 'Object Repository/Vehicle information/NextButton'

27-03-2024T14:43:14 - [TEST_STEP][PASSED] - verifyElementVisible(findTestObject("Additional Info/CustomerInterestedInExchange"), 0): Element 'Object Repository/Additional Info/CustomerInterestedInExchange' is visible

27-03-2024T14:43:14 - [MESSAGE][WARNING] - Timeout '0' is invalid. Using default page load timeout: '30'

27-03-2024T14:43:15 - [MESSAGE][PASSED] - Element 'Object Repository/Additional Info/CustomerInterestedInExchange' is visible

27-03-2024T14:43:15 - [TEST_STEP][PASSED] - takeScreenshot(): Screenshot is taken

27-03-2024T14:43:16 - [MESSAGE][PASSED] - Screenshot is taken
[[ATTACHMENT|C:\\Users\\sushil.gaikwad\\git\\EguruSmart1\\Reports\\20240327_143948\\TataMotors\\20240327_143948\\1711530795090.png]]

27-03-2024T14:43:16 - [TEST_STEP][PASSED] - tap(findTestObject("Additional Info/Yes RadioButton"), 0): Tapped on element 'Object Repository/Additional Info/Yes RadioButton'

27-03-2024T14:43:16 - [MESSAGE][WARNING] - Timeout '0' is invalid. Using default page load timeout: '30'

27-03-2024T14:43:17 - [MESSAGE][PASSED] - Tapped on element 'Object Repository/Additional Info/Yes RadioButton'

27-03-2024T14:43:17 - [TEST_STEP][PASSED] - bool_ExchangeQuantity = verifyElementExist(findTestObject("Additional Info/SetQuantity"), 0): Element 'Object Repository/Additional Info/SetQuantity' is exist

27-03-2024T14:43:17 - [MESSAGE][WARNING] - Timeout '0' is invalid. Using default page load timeout: '30'

27-03-2024T14:43:18 - [MESSAGE][PASSED] - Element 'Object Repository/Additional Info/SetQuantity' is exist

27-03-2024T14:43:18 - [TEST_STEP][PASSED] - bool_Make = verifyElementExist(findTestObject("Additional Info/ClickMake"), 0): Element 'Object Repository/Additional Info/ClickMake' is exist

27-03-2024T14:43:18 - [MESSAGE][WARNING] - Timeout '0' is invalid. Using default page load timeout: '30'

27-03-2024T14:43:19 - [MESSAGE][PASSED] - Element 'Object Repository/Additional Info/ClickMake' is exist

27-03-2024T14:43:19 - [TEST_STEP][PASSED] - bool_ExchangeQuantity && bool_Make == true: null

27-03-2024T14:43:19 - [TEST_STEP][PASSED] - takeScreenshot(): Screenshot is taken

27-03-2024T14:43:21 - [MESSAGE][PASSED] - Screenshot is taken
[[ATTACHMENT|C:\\Users\\sushil.gaikwad\\git\\EguruSmart1\\Reports\\20240327_143948\\TataMotors\\20240327_143948\\1711530799619.png]]

27-03-2024T14:43:21 - [TEST_STEP][PASSED] - tap(findTestObject("Additional Info/SetQuantity"), 0): Tapped on element 'Object Repository/Additional Info/SetQuantity'

27-03-2024T14:43:21 - [MESSAGE][WARNING] - Timeout '0' is invalid. Using default page load timeout: '30'

27-03-2024T14:43:22 - [MESSAGE][PASSED] - Tapped on element 'Object Repository/Additional Info/SetQuantity'

27-03-2024T14:43:22 - [TEST_STEP][PASSED] - setText(findTestObject("Additional Info/SetQuantity"), str_ExchangeQuantity, 0): Text '2' has been set to element 'Object Repository/Additional Info/SetQuantity'

27-03-2024T14:43:22 - [MESSAGE][WARNING] - Timeout '0' is invalid. Using default page load timeout: '30'

27-03-2024T14:43:24 - [MESSAGE][PASSED] - Text '2' has been set to element 'Object Repository/Additional Info/SetQuantity'

27-03-2024T14:43:24 - [TEST_STEP][PASSED] - hideKeyboard(): Keyboard is hidden

27-03-2024T14:43:28 - [MESSAGE][PASSED] - Keyboard is hidden

27-03-2024T14:43:28 - [TEST_STEP][PASSED] - tap(findTestObject("Additional Info/ClickMake"), 0): Tapped on element 'Object Repository/Additional Info/ClickMake'

27-03-2024T14:43:28 - [MESSAGE][WARNING] - Timeout '0' is invalid. Using default page load timeout: '30'

27-03-2024T14:43:29 - [MESSAGE][PASSED] - Tapped on element 'Object Repository/Additional Info/ClickMake'

27-03-2024T14:43:30 - [TEST_STEP][PASSED] - setText(findTestObject("Additional Info/SetMake"), str_Make, 0): Text 'TATA' has been set to element 'Object Repository/Additional Info/SetMake'

27-03-2024T14:43:30 - [MESSAGE][WARNING] - Timeout '0' is invalid. Using default page load timeout: '30'

27-03-2024T14:43:32 - [MESSAGE][PASSED] - Text 'TATA' has been set to element 'Object Repository/Additional Info/SetMake'

27-03-2024T14:43:32 - [TEST_STEP][PASSED] - hideKeyboard(): Keyboard is hidden

27-03-2024T14:43:34 - [MESSAGE][PASSED] - Keyboard is hidden

27-03-2024T14:43:34 - [TEST_STEP][PASSED] - tap(findTestObject("Additional Info/SelectMake"), 0): Tapped on element 'Object Repository/Additional Info/SelectMake'

27-03-2024T14:43:34 - [MESSAGE][WARNING] - Timeout '0' is invalid. Using default page load timeout: '30'

27-03-2024T14:43:35 - [MESSAGE][PASSED] - Tapped on element 'Object Repository/Additional Info/SelectMake'

27-03-2024T14:43:35 - [TEST_STEP][PASSED] - tap(findTestObject("Vehicle information/NextButton"), 0): Tapped on element 'Object Repository/Vehicle information/NextButton'

27-03-2024T14:43:35 - [MESSAGE][WARNING] - Timeout '0' is invalid. Using default page load timeout: '30'

27-03-2024T14:43:36 - [MESSAGE][PASSED] - Tapped on element 'Object Repository/Vehicle information/NextButton'

27-03-2024T14:43:36 - [TEST_STEP][PASSED] - verifyElementVisible(findTestObject("Additional Info/ReviewOpty Text"), 0): Element 'Object Repository/Additional Info/ReviewOpty Text' is visible

27-03-2024T14:43:36 - [MESSAGE][WARNING] - Timeout '0' is invalid. Using default page load timeout: '30'

27-03-2024T14:43:36 - [MESSAGE][PASSED] - Element 'Object Repository/Additional Info/ReviewOpty Text' is visible

27-03-2024T14:43:36 - [TEST_STEP][PASSED] - takeScreenshot(): Screenshot is taken

27-03-2024T14:43:38 - [MESSAGE][PASSED] - Screenshot is taken
[[ATTACHMENT|C:\\Users\\sushil.gaikwad\\git\\EguruSmart1\\Reports\\20240327_143948\\TataMotors\\20240327_143948\\1711530816574.png]]

27-03-2024T14:43:38 - [TEST_STEP][PASSED] - delay(3, STOP_ON_FAILURE): Delayed 3 second(s)

27-03-2024T14:43:41 - [MESSAGE][PASSED] - Delayed 3 second(s)

27-03-2024T14:43:41 - [TEST_STEP][PASSED] - tap(findTestObject("Add Account/SubmitButton"), 0): Tapped on element 'Object Repository/Add Account/SubmitButton'

27-03-2024T14:43:41 - [MESSAGE][WARNING] - Timeout '0' is invalid. Using default page load timeout: '30'

27-03-2024T14:43:42 - [MESSAGE][PASSED] - Tapped on element 'Object Repository/Add Account/SubmitButton'

27-03-2024T14:43:42 - [TEST_STEP][PASSED] - verifyElementVisible(findTestObject("Add Account/1 Opportunity successfully created popup"), 60): Element 'Object Repository/Add Account/1 Opportunity successfully created popup' is visible

27-03-2024T14:43:57 - [MESSAGE][PASSED] - Element 'Object Repository/Add Account/1 Opportunity successfully created popup' is visible

27-03-2024T14:43:57 - [TEST_STEP][PASSED] - takeScreenshot(): Screenshot is taken

27-03-2024T14:43:59 - [MESSAGE][PASSED] - Screenshot is taken
[[ATTACHMENT|C:\\Users\\sushil.gaikwad\\git\\EguruSmart1\\Reports\\20240327_143948\\TataMotors\\20240327_143948\\1711530837744.png]]

27-03-2024T14:43:59 - [TEST_STEP][PASSED] - closeApplication(): Close app successfully

27-03-2024T14:44:01 - [MESSAGE][PASSED] - Close app successfully]]></system-out>
         <system-err><![CDATA[]]></system-err>
      </testcase>
      <testcase name="Test Cases/TC/TC_02 -Create New Customer" time="150.395" classname="Test Cases/TC/TC_02 -Create New Customer" status="FAILED">
         <failure type="FAILED" message="Test Cases/TC/TC_02 -Create New Customer FAILED.&#xa;Reason:&#xa;com.kms.katalon.core.exception.StepFailedException: Failed to tap on element 'Object Repository/NewObject/DropDownSearchedDistrict'&#xa;	at com.kms.katalon.core.mobile.keyword.internal.MobileKeywordMain.stepFailed(MobileKeywordMain.groovy:38)&#xa;	at com.kms.katalon.core.mobile.keyword.internal.MobileKeywordMain.runKeyword(MobileKeywordMain.groovy:21)&#xa;	at com.kms.katalon.core.mobile.keyword.builtin.TapKeyword.tap(TapKeyword.groovy:51)&#xa;	at com.kms.katalon.core.mobile.keyword.builtin.TapKeyword.execute(TapKeyword.groovy:35)&#xa;	at com.kms.katalon.core.keyword.internal.KeywordExecutor.executeKeywordForPlatform(KeywordExecutor.groovy:74)&#xa;	at com.kms.katalon.core.mobile.keyword.MobileBuiltInKeywords.tap(MobileBuiltInKeywords.groovy:1476)&#xa;	at TC_02 -Create New Customer.run(TC_02 -Create New Customer:114)&#xa;	at com.kms.katalon.core.main.ScriptEngine.run(ScriptEngine.java:194)&#xa;	at com.kms.katalon.core.main.ScriptEngine.runScriptAsRawText(ScriptEngine.java:119)&#xa;	at com.kms.katalon.core.main.TestCaseExecutor.runScript(TestCaseExecutor.java:448)&#xa;	at com.kms.katalon.core.main.TestCaseExecutor.doExecute(TestCaseExecutor.java:439)&#xa;	at com.kms.katalon.core.main.TestCaseExecutor.processExecutionPhase(TestCaseExecutor.java:418)&#xa;	at com.kms.katalon.core.main.TestCaseExecutor.accessMainPhase(TestCaseExecutor.java:410)&#xa;	at com.kms.katalon.core.main.TestCaseExecutor.execute(TestCaseExecutor.java:285)&#xa;	at com.kms.katalon.core.common.CommonExecutor.accessTestCaseMainPhase(CommonExecutor.java:65)&#xa;	at com.kms.katalon.core.main.TestSuiteExecutor.accessTestSuiteMainPhase(TestSuiteExecutor.java:148)&#xa;	at com.kms.katalon.core.main.TestSuiteExecutor.execute(TestSuiteExecutor.java:106)&#xa;	at com.kms.katalon.core.main.TestCaseMain.startTestSuite(TestCaseMain.java:180)&#xa;	at TempTestSuite1711530588004.run(TempTestSuite1711530588004.groovy:35)&#xa;	at java.base/jdk.internal.reflect.NativeMethodAccessorImpl.invoke0(Native Method)&#xa;	at java.base/jdk.internal.reflect.NativeMethodAccessorImpl.invoke(NativeMethodAccessorImpl.java:77)&#xa;	at java.base/jdk.internal.reflect.DelegatingMethodAccessorImpl.invoke(DelegatingMethodAccessorImpl.java:43)&#xa;Caused by: com.kms.katalon.core.exception.StepFailedException: Object Object Repository/NewObject/DropDownSearchedDistrict not found&#xa;	at com.kms.katalon.core.mobile.keyword.internal.MobileKeywordMain.stepFailed(MobileKeywordMain.groovy:38)&#xa;	at com.kms.katalon.core.mobile.keyword.builtin.TapKeyword$_tap_closure1.doCall(TapKeyword.groovy:46)&#xa;	at com.kms.katalon.core.mobile.keyword.builtin.TapKeyword$_tap_closure1.call(TapKeyword.groovy)&#xa;	at com.kms.katalon.core.mobile.keyword.internal.MobileKeywordMain.runKeyword(MobileKeywordMain.groovy:19)&#xa;	... 20 more&#xa;"/>
         <system-out><![CDATA[27-03-2024T14:44:01 - [TEST_CASE][FAILED] - Test Cases/TC/TC_02 -Create New Customer: Test Cases/TC/TC_02 -Create New Customer FAILED.
Reason:
com.kms.katalon.core.exception.StepFailedException: Failed to tap on element 'Object Repository/NewObject/DropDownSearchedDistrict'
	at com.kms.katalon.core.mobile.keyword.internal.MobileKeywordMain.stepFailed(MobileKeywordMain.groovy:38)
	at com.kms.katalon.core.mobile.keyword.internal.MobileKeywordMain.runKeyword(MobileKeywordMain.groovy:21)
	at com.kms.katalon.core.mobile.keyword.builtin.TapKeyword.tap(TapKeyword.groovy:51)
	at com.kms.katalon.core.mobile.keyword.builtin.TapKeyword.execute(TapKeyword.groovy:35)
	at com.kms.katalon.core.keyword.internal.KeywordExecutor.executeKeywordForPlatform(KeywordExecutor.groovy:74)
	at com.kms.katalon.core.mobile.keyword.MobileBuiltInKeywords.tap(MobileBuiltInKeywords.groovy:1476)
	at TC_02 -Create New Customer.run(TC_02 -Create New Customer:114)
	at com.kms.katalon.core.main.ScriptEngine.run(ScriptEngine.java:194)
	at com.kms.katalon.core.main.ScriptEngine.runScriptAsRawText(ScriptEngine.java:119)
	at com.kms.katalon.core.main.TestCaseExecutor.runScript(TestCaseExecutor.java:448)
	at com.kms.katalon.core.main.TestCaseExecutor.doExecute(TestCaseExecutor.java:439)
	at com.kms.katalon.core.main.TestCaseExecutor.processExecutionPhase(TestCaseExecutor.java:418)
	at com.kms.katalon.core.main.TestCaseExecutor.accessMainPhase(TestCaseExecutor.java:410)
	at com.kms.katalon.core.main.TestCaseExecutor.execute(TestCaseExecutor.java:285)
	at com.kms.katalon.core.common.CommonExecutor.accessTestCaseMainPhase(CommonExecutor.java:65)
	at com.kms.katalon.core.main.TestSuiteExecutor.accessTestSuiteMainPhase(TestSuiteExecutor.java:148)
	at com.kms.katalon.core.main.TestSuiteExecutor.execute(TestSuiteExecutor.java:106)
	at com.kms.katalon.core.main.TestCaseMain.startTestSuite(TestCaseMain.java:180)
	at TempTestSuite1711530588004.run(TempTestSuite1711530588004.groovy:35)
	at java.base/jdk.internal.reflect.NativeMethodAccessorImpl.invoke0(Native Method)
	at java.base/jdk.internal.reflect.NativeMethodAccessorImpl.invoke(NativeMethodAccessorImpl.java:77)
	at java.base/jdk.internal.reflect.DelegatingMethodAccessorImpl.invoke(DelegatingMethodAccessorImpl.java:43)
Caused by: com.kms.katalon.core.exception.StepFailedException: Object Object Repository/NewObject/DropDownSearchedDistrict not found
	at com.kms.katalon.core.mobile.keyword.internal.MobileKeywordMain.stepFailed(MobileKeywordMain.groovy:38)
	at com.kms.katalon.core.mobile.keyword.builtin.TapKeyword$_tap_closure1.doCall(TapKeyword.groovy:46)
	at com.kms.katalon.core.mobile.keyword.builtin.TapKeyword$_tap_closure1.call(TapKeyword.groovy)
	at com.kms.katalon.core.mobile.keyword.internal.MobileKeywordMain.runKeyword(MobileKeywordMain.groovy:19)
	... 20 more


27-03-2024T14:44:01 - [TEST_STEP][PASSED] - callTestCase(findTestCase("CommenWorkflows/Login"), ["Str_URL":"C:\Users\sushil.gaikwad\git\EguruSmart1\Application\app-release (4).apk", "Str_Username":"DUSER145", "Str_Password":"Soct#2023", ... ], STOP_ON_FAILURE): Call Test Case 'Test Cases/CommenWorkflows/Login' successfully

27-03-2024T14:44:01 - [TEST_CASE][PASSED] - Test Cases/CommenWorkflows/Login: Test Cases/CommenWorkflows/Login

27-03-2024T14:44:01 - [TEST_STEP][PASSED] - startApplication(Str_URL, false): Started app at: 'C:\Users\sushil.gaikwad\git\EguruSmart1\Application\app-release (4).apk'

27-03-2024T14:44:01 - [MESSAGE][INFO] - User set preference: ['deviceId', 'R9ZT10H9Y2L']

27-03-2024T14:44:02 - [MESSAGE][INFO] - Detected NodeJS location: "C:\Program Files\nodejs\node.exe"

27-03-2024T14:44:06 - [MESSAGE][INFO] - PATH: C:\Program Files\nodejs;

27-03-2024T14:44:06 - [MESSAGE][INFO] - APPIUM_HOME: C:\Users\sushil.gaikwad\AppData\Roaming\npm\node_modules\appium\build\lib\main.js

27-03-2024T14:44:06 - [MESSAGE][INFO] - appium outlog: C:\Users\sushil.gaikwad\git\EguruSmart1\Reports\20240327_143948\TataMotors\20240327_143948\appium.log

27-03-2024T14:44:06 - [MESSAGE][INFO] - appium errlog: C:\Users\sushil.gaikwad\git\EguruSmart1\Reports\20240327_143948\TataMotors\20240327_143948\appium_error.log

27-03-2024T14:44:08 - [MESSAGE][INFO] - Appium server started on port 63,792

27-03-2024T14:44:26 - [MESSAGE][PASSED] - Started app at: 'C:\Users\sushil.gaikwad\git\EguruSmart1\Application\app-release (4).apk'

27-03-2024T14:44:26 - [TEST_STEP][PASSED] - Bool_Username = waitForElementPresent(findTestObject("LockScreen/UsernaneText"), 10): Object Object Repository/LockScreen/UsernaneText not found

27-03-2024T14:44:36 - [MESSAGE][WARNING] - Object Object Repository/LockScreen/UsernaneText not found

27-03-2024T14:44:36 - [TEST_STEP][PASSED] - if (Bool_Username == true): null

27-03-2024T14:44:36 - [TEST_STEP][PASSED] - else: Tapped on element 'Object Repository/LockScreen/LoginButton'

27-03-2024T14:44:36 - [TEST_STEP][PASSED] - tap(findTestObject("LockScreen/Tap1"), 0): Tapped on element 'Object Repository/LockScreen/Tap1'

27-03-2024T14:44:36 - [MESSAGE][WARNING] - Timeout '0' is invalid. Using default page load timeout: '30'

27-03-2024T14:44:44 - [MESSAGE][PASSED] - Tapped on element 'Object Repository/LockScreen/Tap1'

27-03-2024T14:44:44 - [TEST_STEP][PASSED] - setText(findTestObject("LockScreen/Text1"), "1", 0): Text '1' has been set to element 'Object Repository/LockScreen/Text1'

27-03-2024T14:44:44 - [MESSAGE][WARNING] - Timeout '0' is invalid. Using default page load timeout: '30'

27-03-2024T14:44:46 - [MESSAGE][PASSED] - Text '1' has been set to element 'Object Repository/LockScreen/Text1'

27-03-2024T14:44:46 - [TEST_STEP][PASSED] - setText(findTestObject("LockScreen/Text2"), "2", 0): Text '2' has been set to element 'Object Repository/LockScreen/Text2'

27-03-2024T14:44:46 - [MESSAGE][WARNING] - Timeout '0' is invalid. Using default page load timeout: '30'

27-03-2024T14:44:48 - [MESSAGE][PASSED] - Text '2' has been set to element 'Object Repository/LockScreen/Text2'

27-03-2024T14:44:48 - [TEST_STEP][PASSED] - setText(findTestObject("LockScreen/Text3"), "3", 0): Text '3' has been set to element 'Object Repository/LockScreen/Text3'

27-03-2024T14:44:48 - [MESSAGE][WARNING] - Timeout '0' is invalid. Using default page load timeout: '30'

27-03-2024T14:44:50 - [MESSAGE][PASSED] - Text '3' has been set to element 'Object Repository/LockScreen/Text3'

27-03-2024T14:44:50 - [TEST_STEP][PASSED] - setText(findTestObject("LockScreen/Text4"), "4", 0): Text '4' has been set to element 'Object Repository/LockScreen/Text4'

27-03-2024T14:44:50 - [MESSAGE][WARNING] - Timeout '0' is invalid. Using default page load timeout: '30'

27-03-2024T14:44:52 - [MESSAGE][PASSED] - Text '4' has been set to element 'Object Repository/LockScreen/Text4'

27-03-2024T14:44:52 - [TEST_STEP][PASSED] - tap(findTestObject("LockScreen/LoginButton"), 0): Tapped on element 'Object Repository/LockScreen/LoginButton'

27-03-2024T14:44:52 - [MESSAGE][WARNING] - Timeout '0' is invalid. Using default page load timeout: '30'

27-03-2024T14:44:55 - [MESSAGE][PASSED] - Tapped on element 'Object Repository/LockScreen/LoginButton'

27-03-2024T14:44:55 - [MESSAGE][PASSED] - Call Test Case 'Test Cases/CommenWorkflows/Login' successfully

27-03-2024T14:44:55 - [TEST_STEP][PASSED] - Bool_Offline = waitForElementPresent(findTestObject("LockScreen/NewPin/Offline Master Sync"), 10): Object Object Repository/LockScreen/NewPin/Offline Master Sync not found

27-03-2024T14:45:05 - [MESSAGE][WARNING] - Object Object Repository/LockScreen/NewPin/Offline Master Sync not found

27-03-2024T14:45:05 - [TEST_STEP][PASSED] - if (Bool_Offline == true): null

27-03-2024T14:45:05 - [TEST_STEP][PASSED] - verifyElementExist(findTestObject("TataMotars/HomeButton"), 10): Element 'Object Repository/TataMotars/HomeButton' is exist

27-03-2024T14:45:05 - [MESSAGE][PASSED] - Element 'Object Repository/TataMotars/HomeButton' is exist

27-03-2024T14:45:05 - [TEST_STEP][PASSED] - tap(findTestObject("TataMotars/PluseButton"), 0): Tapped on element 'Object Repository/TataMotars/PluseButton'

27-03-2024T14:45:05 - [MESSAGE][WARNING] - Timeout '0' is invalid. Using default page load timeout: '30'

27-03-2024T14:45:07 - [MESSAGE][PASSED] - Tapped on element 'Object Repository/TataMotars/PluseButton'

27-03-2024T14:45:07 - [TEST_STEP][PASSED] - bool_Opportunity = verifyElementExist(findTestObject("TataMotars/Pluse Button/OpportunityButton"), 0): Element 'Object Repository/TataMotars/Pluse Button/OpportunityButton' is exist

27-03-2024T14:45:07 - [MESSAGE][WARNING] - Timeout '0' is invalid. Using default page load timeout: '30'

27-03-2024T14:45:07 - [MESSAGE][PASSED] - Element 'Object Repository/TataMotars/Pluse Button/OpportunityButton' is exist

27-03-2024T14:45:07 - [TEST_STEP][PASSED] - bool_Account = verifyElementExist(findTestObject("TataMotars/Pluse Button/Account"), 0): Element 'Object Repository/TataMotars/Pluse Button/Account' is exist

27-03-2024T14:45:07 - [MESSAGE][WARNING] - Timeout '0' is invalid. Using default page load timeout: '30'

27-03-2024T14:45:08 - [MESSAGE][PASSED] - Element 'Object Repository/TataMotars/Pluse Button/Account' is exist

27-03-2024T14:45:08 - [TEST_STEP][PASSED] - bool_Customer = verifyElementExist(findTestObject("TataMotars/Pluse Button/Customer"), 0): Element 'Object Repository/TataMotars/Pluse Button/Customer' is exist

27-03-2024T14:45:08 - [MESSAGE][WARNING] - Timeout '0' is invalid. Using default page load timeout: '30'

27-03-2024T14:45:08 - [MESSAGE][PASSED] - Element 'Object Repository/TataMotars/Pluse Button/Customer' is exist

27-03-2024T14:45:08 - [TEST_STEP][PASSED] - bool_Influencer = verifyElementExist(findTestObject("TataMotars/Pluse Button/Influencer"), 0): Element 'Object Repository/TataMotars/Pluse Button/Influencer' is exist

27-03-2024T14:45:08 - [MESSAGE][WARNING] - Timeout '0' is invalid. Using default page load timeout: '30'

27-03-2024T14:45:08 - [MESSAGE][PASSED] - Element 'Object Repository/TataMotars/Pluse Button/Influencer' is exist

27-03-2024T14:45:08 - [TEST_STEP][PASSED] - bool_FollowUp = verifyElementExist(findTestObject("TataMotars/Pluse Button/Follow Up"), 0): Element 'Object Repository/TataMotars/Pluse Button/Follow Up' is exist

27-03-2024T14:45:08 - [MESSAGE][WARNING] - Timeout '0' is invalid. Using default page load timeout: '30'

27-03-2024T14:45:09 - [MESSAGE][PASSED] - Element 'Object Repository/TataMotars/Pluse Button/Follow Up' is exist

27-03-2024T14:45:09 - [TEST_STEP][PASSED] - bool_Opportunity && bool_Account && bool_Customer && bool_Influencer && bool_FollowUp == false: null

27-03-2024T14:45:09 - [TEST_STEP][PASSED] - takeScreenshot(): Screenshot is taken

27-03-2024T14:45:11 - [MESSAGE][PASSED] - Screenshot is taken
[[ATTACHMENT|C:\\Users\\sushil.gaikwad\\git\\EguruSmart1\\Reports\\20240327_143948\\TataMotors\\20240327_143948\\1711530909011.png]]

27-03-2024T14:45:11 - [TEST_STEP][PASSED] - tap(findTestObject("TataMotars/Pluse Button/Customer"), 3): Tapped on element 'Object Repository/TataMotars/Pluse Button/Customer'

27-03-2024T14:45:12 - [MESSAGE][PASSED] - Tapped on element 'Object Repository/TataMotars/Pluse Button/Customer'

27-03-2024T14:45:12 - [TEST_STEP][PASSED] - bool_PrimaryDetails = verifyElementExist(findTestObject("Primery Details/Primary Details"), 10): Element 'Object Repository/Primery Details/Primary Details' is exist

27-03-2024T14:45:12 - [MESSAGE][PASSED] - Element 'Object Repository/Primery Details/Primary Details' is exist

27-03-2024T14:45:12 - [TEST_STEP][PASSED] - bool_PrimaryDetails == true: null

27-03-2024T14:45:12 - [TEST_STEP][PASSED] - takeScreenshot(): Screenshot is taken

27-03-2024T14:45:15 - [MESSAGE][PASSED] - Screenshot is taken
[[ATTACHMENT|C:\\Users\\sushil.gaikwad\\git\\EguruSmart1\\Reports\\20240327_143948\\TataMotors\\20240327_143948\\1711530912636.png]]

27-03-2024T14:45:15 - [TEST_STEP][PASSED] - tap(findTestObject("Primery Details/FirstName"), 0): Tapped on element 'Object Repository/Primery Details/FirstName'

27-03-2024T14:45:15 - [MESSAGE][WARNING] - Timeout '0' is invalid. Using default page load timeout: '30'

27-03-2024T14:45:16 - [MESSAGE][PASSED] - Tapped on element 'Object Repository/Primery Details/FirstName'

27-03-2024T14:45:16 - [TEST_STEP][PASSED] - setText(findTestObject("Primery Details/FirstName"), str_FirstName, 0): Text 'test' has been set to element 'Object Repository/Primery Details/FirstName'

27-03-2024T14:45:16 - [MESSAGE][WARNING] - Timeout '0' is invalid. Using default page load timeout: '30'

27-03-2024T14:45:18 - [MESSAGE][PASSED] - Text 'test' has been set to element 'Object Repository/Primery Details/FirstName'

27-03-2024T14:45:18 - [TEST_STEP][PASSED] - hideKeyboard(): Keyboard is hidden

27-03-2024T14:45:20 - [MESSAGE][PASSED] - Keyboard is hidden

27-03-2024T14:45:20 - [TEST_STEP][PASSED] - tap(findTestObject("Primery Details/LastName"), 0): Tapped on element 'Object Repository/Primery Details/LastName'

27-03-2024T14:45:20 - [MESSAGE][WARNING] - Timeout '0' is invalid. Using default page load timeout: '30'

27-03-2024T14:45:21 - [MESSAGE][PASSED] - Tapped on element 'Object Repository/Primery Details/LastName'

27-03-2024T14:45:21 - [TEST_STEP][PASSED] - setText(findTestObject("Primery Details/LastName"), str_LastName, 0): Text 'step' has been set to element 'Object Repository/Primery Details/LastName'

27-03-2024T14:45:21 - [MESSAGE][WARNING] - Timeout '0' is invalid. Using default page load timeout: '30'

27-03-2024T14:45:23 - [MESSAGE][PASSED] - Text 'step' has been set to element 'Object Repository/Primery Details/LastName'

27-03-2024T14:45:23 - [TEST_STEP][PASSED] - hideKeyboard(): Keyboard is hidden

27-03-2024T14:45:25 - [MESSAGE][PASSED] - Keyboard is hidden

27-03-2024T14:45:25 - [TEST_STEP][PASSED] - Bool_Offline = waitForElementPresent(findTestObject("LockScreen/NewPin/Offline Master Sync"), 5): Object Object Repository/LockScreen/NewPin/Offline Master Sync not found

27-03-2024T14:45:30 - [MESSAGE][WARNING] - Object Object Repository/LockScreen/NewPin/Offline Master Sync not found

27-03-2024T14:45:30 - [TEST_STEP][PASSED] - if (Bool_Offline == true): null

27-03-2024T14:45:30 - [TEST_STEP][PASSED] - tap(findTestObject("Primery Details/MobileNumber"), 0): Tapped on element 'Object Repository/Primery Details/MobileNumber'

27-03-2024T14:45:31 - [MESSAGE][WARNING] - Timeout '0' is invalid. Using default page load timeout: '30'

27-03-2024T14:45:32 - [MESSAGE][PASSED] - Tapped on element 'Object Repository/Primery Details/MobileNumber'

27-03-2024T14:45:32 - [TEST_STEP][PASSED] - setText(findTestObject("Primery Details/MobileNumber"), str_MobileNumber, 0): Text '9998899999' has been set to element 'Object Repository/Primery Details/MobileNumber'

27-03-2024T14:45:32 - [MESSAGE][WARNING] - Timeout '0' is invalid. Using default page load timeout: '30'

27-03-2024T14:45:34 - [MESSAGE][PASSED] - Text '9998899999' has been set to element 'Object Repository/Primery Details/MobileNumber'

27-03-2024T14:45:34 - [TEST_STEP][PASSED] - hideKeyboard(): Keyboard is hidden

27-03-2024T14:45:38 - [MESSAGE][PASSED] - Keyboard is hidden

27-03-2024T14:45:38 - [TEST_STEP][PASSED] - tap(findTestObject("Create New Opportunity/Customer Type"), 0): Tapped on element 'Object Repository/Create New Opportunity/Customer Type'

27-03-2024T14:45:38 - [MESSAGE][WARNING] - Timeout '0' is invalid. Using default page load timeout: '30'

27-03-2024T14:45:39 - [MESSAGE][PASSED] - Tapped on element 'Object Repository/Create New Opportunity/Customer Type'

27-03-2024T14:45:39 - [TEST_STEP][PASSED] - sendKeys(findTestObject("Create New Opportunity/Type_CustomerType"), str_CustomerType, STOP_ON_FAILURE): Send keys 'C4T Customer' on test object 'Object Repository/Create New Opportunity/Type_CustomerType' successfully.

27-03-2024T14:45:41 - [MESSAGE][PASSED] - Send keys 'C4T Customer' on test object 'Object Repository/Create New Opportunity/Type_CustomerType' successfully.

27-03-2024T14:45:41 - [TEST_STEP][PASSED] - hideKeyboard(): Keyboard is hidden

27-03-2024T14:45:43 - [MESSAGE][PASSED] - Keyboard is hidden

27-03-2024T14:45:43 - [TEST_STEP][PASSED] - tap(findTestObject("Primery Details/Searched CustomerType"), 0): Tapped on element 'Object Repository/Primery Details/Searched CustomerType'

27-03-2024T14:45:43 - [MESSAGE][WARNING] - Timeout '0' is invalid. Using default page load timeout: '30'

27-03-2024T14:45:44 - [MESSAGE][PASSED] - Tapped on element 'Object Repository/Primery Details/Searched CustomerType'

27-03-2024T14:45:44 - [TEST_STEP][PASSED] - tap(findTestObject("Primery Details/Address Details/NextButton"), 0): Tapped on element 'Object Repository/Primery Details/Address Details/NextButton'

27-03-2024T14:45:44 - [MESSAGE][WARNING] - Timeout '0' is invalid. Using default page load timeout: '30'

27-03-2024T14:45:45 - [MESSAGE][PASSED] - Tapped on element 'Object Repository/Primery Details/Address Details/NextButton'

27-03-2024T14:45:45 - [TEST_STEP][PASSED] - bool_Pincode = verifyElementExist(findTestObject("Primery Details/Address Details/Pincode"), 10): Element 'Object Repository/Primery Details/Address Details/Pincode' is exist

27-03-2024T14:45:46 - [MESSAGE][PASSED] - Element 'Object Repository/Primery Details/Address Details/Pincode' is exist

27-03-2024T14:45:46 - [TEST_STEP][PASSED] - bool_Pincode == true: null

27-03-2024T14:45:46 - [TEST_STEP][PASSED] - takeScreenshot(): Screenshot is taken

27-03-2024T14:45:48 - [MESSAGE][PASSED] - Screenshot is taken
[[ATTACHMENT|C:\\Users\\sushil.gaikwad\\git\\EguruSmart1\\Reports\\20240327_143948\\TataMotors\\20240327_143948\\1711530946799.png]]

27-03-2024T14:45:48 - [TEST_STEP][PASSED] - tap(findTestObject("Primery Details/Address Details/Pincode"), 0, STOP_ON_FAILURE): Tapped on element 'Object Repository/Primery Details/Address Details/Pincode'

27-03-2024T14:45:48 - [MESSAGE][WARNING] - Timeout '0' is invalid. Using default page load timeout: '30'

27-03-2024T14:45:49 - [MESSAGE][PASSED] - Tapped on element 'Object Repository/Primery Details/Address Details/Pincode'

27-03-2024T14:45:49 - [TEST_STEP][PASSED] - setText(findTestObject("Primery Details/Address Details/Pincode"), str_Pincode, 0): Text '400033' has been set to element 'Object Repository/Primery Details/Address Details/Pincode'

27-03-2024T14:45:49 - [MESSAGE][WARNING] - Timeout '0' is invalid. Using default page load timeout: '30'

27-03-2024T14:45:51 - [MESSAGE][PASSED] - Text '400033' has been set to element 'Object Repository/Primery Details/Address Details/Pincode'

27-03-2024T14:45:51 - [TEST_STEP][PASSED] - hideKeyboard(): Keyboard is hidden

27-03-2024T14:45:54 - [MESSAGE][PASSED] - Keyboard is hidden

27-03-2024T14:45:54 - [TEST_STEP][PASSED] - Bool_Pin = waitForElementPresent(findTestObject("Add Account/Searched PinCode"), 2): Object Object Repository/Add Account/Searched PinCode not found

27-03-2024T14:45:56 - [MESSAGE][WARNING] - Object Object Repository/Add Account/Searched PinCode not found

27-03-2024T14:45:56 - [TEST_STEP][PASSED] - if (Bool_Pin == true): null

27-03-2024T14:45:56 - [TEST_STEP][PASSED] - tap(findTestObject("NewObject/DropDownDistrict"), 0, STOP_ON_FAILURE): Tapped on element 'Object Repository/NewObject/DropDownDistrict'

27-03-2024T14:45:56 - [MESSAGE][WARNING] - Timeout '0' is invalid. Using default page load timeout: '30'

27-03-2024T14:45:57 - [MESSAGE][PASSED] - Tapped on element 'Object Repository/NewObject/DropDownDistrict'

27-03-2024T14:45:57 - [TEST_STEP][FAILED] - tap(findTestObject("NewObject/DropDownSearchedDistrict"), 0, STOP_ON_FAILURE): Failed to tap on element 'Object Repository/NewObject/DropDownSearchedDistrict' (Root cause: com.kms.katalon.core.exception.StepFailedException: Failed to tap on element 'Object Repository/NewObject/DropDownSearchedDistrict'
	at com.kms.katalon.core.mobile.keyword.internal.MobileKeywordMain.stepFailed(MobileKeywordMain.groovy:38)
	at com.kms.katalon.core.mobile.keyword.internal.MobileKeywordMain.runKeyword(MobileKeywordMain.groovy:21)
	at com.kms.katalon.core.mobile.keyword.builtin.TapKeyword.tap(TapKeyword.groovy:51)
	at com.kms.katalon.core.mobile.keyword.builtin.TapKeyword.execute(TapKeyword.groovy:35)
	at com.kms.katalon.core.keyword.internal.KeywordExecutor.executeKeywordForPlatform(KeywordExecutor.groovy:74)
	at com.kms.katalon.core.mobile.keyword.MobileBuiltInKeywords.tap(MobileBuiltInKeywords.groovy:1476)
	at TC_02 -Create New Customer.run(TC_02 -Create New Customer:114)
	at com.kms.katalon.core.main.ScriptEngine.run(ScriptEngine.java:194)
	at com.kms.katalon.core.main.ScriptEngine.runScriptAsRawText(ScriptEngine.java:119)
	at com.kms.katalon.core.main.TestCaseExecutor.runScript(TestCaseExecutor.java:448)
	at com.kms.katalon.core.main.TestCaseExecutor.doExecute(TestCaseExecutor.java:439)
	at com.kms.katalon.core.main.TestCaseExecutor.processExecutionPhase(TestCaseExecutor.java:418)
	at com.kms.katalon.core.main.TestCaseExecutor.accessMainPhase(TestCaseExecutor.java:410)
	at com.kms.katalon.core.main.TestCaseExecutor.execute(TestCaseExecutor.java:285)
	at com.kms.katalon.core.common.CommonExecutor.accessTestCaseMainPhase(CommonExecutor.java:65)
	at com.kms.katalon.core.main.TestSuiteExecutor.accessTestSuiteMainPhase(TestSuiteExecutor.java:148)
	at com.kms.katalon.core.main.TestSuiteExecutor.execute(TestSuiteExecutor.java:106)
	at com.kms.katalon.core.main.TestCaseMain.startTestSuite(TestCaseMain.java:180)
	at TempTestSuite1711530588004.run(TempTestSuite1711530588004.groovy:35)
	at java.base/jdk.internal.reflect.NativeMethodAccessorImpl.invoke0(Native Method)
	at java.base/jdk.internal.reflect.NativeMethodAccessorImpl.invoke(NativeMethodAccessorImpl.java:77)
	at java.base/jdk.internal.reflect.DelegatingMethodAccessorImpl.invoke(DelegatingMethodAccessorImpl.java:43)
Caused by: com.kms.katalon.core.exception.StepFailedException: Object Object Repository/NewObject/DropDownSearchedDistrict not found
	at com.kms.katalon.core.mobile.keyword.internal.MobileKeywordMain.stepFailed(MobileKeywordMain.groovy:38)
	at com.kms.katalon.core.mobile.keyword.builtin.TapKeyword$_tap_closure1.doCall(TapKeyword.groovy:46)
	at com.kms.katalon.core.mobile.keyword.builtin.TapKeyword$_tap_closure1.call(TapKeyword.groovy)
	at com.kms.katalon.core.mobile.keyword.internal.MobileKeywordMain.runKeyword(MobileKeywordMain.groovy:19)
	... 20 more
)

27-03-2024T14:45:58 - [MESSAGE][WARNING] - Timeout '0' is invalid. Using default page load timeout: '30'

27-03-2024T14:46:29 - [MESSAGE][FAILED] - Object Object Repository/NewObject/DropDownSearchedDistrict not found (Root cause: com.kms.katalon.core.exception.StepFailedException: Object Object Repository/NewObject/DropDownSearchedDistrict not found
	at com.kms.katalon.core.mobile.keyword.internal.MobileKeywordMain.stepFailed(MobileKeywordMain.groovy:38)
	at com.kms.katalon.core.mobile.keyword.builtin.TapKeyword$_tap_closure1.doCall(TapKeyword.groovy:46)
	at com.kms.katalon.core.mobile.keyword.builtin.TapKeyword$_tap_closure1.call(TapKeyword.groovy)
	at com.kms.katalon.core.mobile.keyword.internal.MobileKeywordMain.runKeyword(MobileKeywordMain.groovy:19)
	at com.kms.katalon.core.mobile.keyword.builtin.TapKeyword.tap(TapKeyword.groovy:51)
	at com.kms.katalon.core.mobile.keyword.builtin.TapKeyword.execute(TapKeyword.groovy:35)
	at com.kms.katalon.core.keyword.internal.KeywordExecutor.executeKeywordForPlatform(KeywordExecutor.groovy:74)
	at com.kms.katalon.core.mobile.keyword.MobileBuiltInKeywords.tap(MobileBuiltInKeywords.groovy:1476)
	at TC_02 -Create New Customer.run(TC_02 -Create New Customer:114)
	at com.kms.katalon.core.main.ScriptEngine.run(ScriptEngine.java:194)
	at com.kms.katalon.core.main.ScriptEngine.runScriptAsRawText(ScriptEngine.java:119)
	at com.kms.katalon.core.main.TestCaseExecutor.runScript(TestCaseExecutor.java:448)
	at com.kms.katalon.core.main.TestCaseExecutor.doExecute(TestCaseExecutor.java:439)
	at com.kms.katalon.core.main.TestCaseExecutor.processExecutionPhase(TestCaseExecutor.java:418)
	at com.kms.katalon.core.main.TestCaseExecutor.accessMainPhase(TestCaseExecutor.java:410)
	at com.kms.katalon.core.main.TestCaseExecutor.execute(TestCaseExecutor.java:285)
	at com.kms.katalon.core.common.CommonExecutor.accessTestCaseMainPhase(CommonExecutor.java:65)
	at com.kms.katalon.core.main.TestSuiteExecutor.accessTestSuiteMainPhase(TestSuiteExecutor.java:148)
	at com.kms.katalon.core.main.TestSuiteExecutor.execute(TestSuiteExecutor.java:106)
	at com.kms.katalon.core.main.TestCaseMain.startTestSuite(TestCaseMain.java:180)
	at TempTestSuite1711530588004.run(TempTestSuite1711530588004.groovy:35)
	at java.base/jdk.internal.reflect.NativeMethodAccessorImpl.invoke0(Native Method)
	at java.base/jdk.internal.reflect.NativeMethodAccessorImpl.invoke(NativeMethodAccessorImpl.java:77)
	at java.base/jdk.internal.reflect.DelegatingMethodAccessorImpl.invoke(DelegatingMethodAccessorImpl.java:43)
)
[[ATTACHMENT|C:\\Users\\sushil.gaikwad\\git\\EguruSmart1\\Reports\\20240327_143948\\TataMotors\\20240327_143948\\1711530988168.png]]

27-03-2024T14:46:31 - [MESSAGE][FAILED] - Failed to tap on element 'Object Repository/NewObject/DropDownSearchedDistrict' (Root cause: com.kms.katalon.core.exception.StepFailedException: Failed to tap on element 'Object Repository/NewObject/DropDownSearchedDistrict'
	at com.kms.katalon.core.mobile.keyword.internal.MobileKeywordMain.stepFailed(MobileKeywordMain.groovy:38)
	at com.kms.katalon.core.mobile.keyword.internal.MobileKeywordMain.runKeyword(MobileKeywordMain.groovy:21)
	at com.kms.katalon.core.mobile.keyword.builtin.TapKeyword.tap(TapKeyword.groovy:51)
	at com.kms.katalon.core.mobile.keyword.builtin.TapKeyword.execute(TapKeyword.groovy:35)
	at com.kms.katalon.core.keyword.internal.KeywordExecutor.executeKeywordForPlatform(KeywordExecutor.groovy:74)
	at com.kms.katalon.core.mobile.keyword.MobileBuiltInKeywords.tap(MobileBuiltInKeywords.groovy:1476)
	at TC_02 -Create New Customer.run(TC_02 -Create New Customer:114)
	at com.kms.katalon.core.main.ScriptEngine.run(ScriptEngine.java:194)
	at com.kms.katalon.core.main.ScriptEngine.runScriptAsRawText(ScriptEngine.java:119)
	at com.kms.katalon.core.main.TestCaseExecutor.runScript(TestCaseExecutor.java:448)
	at com.kms.katalon.core.main.TestCaseExecutor.doExecute(TestCaseExecutor.java:439)
	at com.kms.katalon.core.main.TestCaseExecutor.processExecutionPhase(TestCaseExecutor.java:418)
	at com.kms.katalon.core.main.TestCaseExecutor.accessMainPhase(TestCaseExecutor.java:410)
	at com.kms.katalon.core.main.TestCaseExecutor.execute(TestCaseExecutor.java:285)
	at com.kms.katalon.core.common.CommonExecutor.accessTestCaseMainPhase(CommonExecutor.java:65)
	at com.kms.katalon.core.main.TestSuiteExecutor.accessTestSuiteMainPhase(TestSuiteExecutor.java:148)
	at com.kms.katalon.core.main.TestSuiteExecutor.execute(TestSuiteExecutor.java:106)
	at com.kms.katalon.core.main.TestCaseMain.startTestSuite(TestCaseMain.java:180)
	at TempTestSuite1711530588004.run(TempTestSuite1711530588004.groovy:35)
	at java.base/jdk.internal.reflect.NativeMethodAccessorImpl.invoke0(Native Method)
	at java.base/jdk.internal.reflect.NativeMethodAccessorImpl.invoke(NativeMethodAccessorImpl.java:77)
	at java.base/jdk.internal.reflect.DelegatingMethodAccessorImpl.invoke(DelegatingMethodAccessorImpl.java:43)
Caused by: com.kms.katalon.core.exception.StepFailedException: Object Object Repository/NewObject/DropDownSearchedDistrict not found
	at com.kms.katalon.core.mobile.keyword.internal.MobileKeywordMain.stepFailed(MobileKeywordMain.groovy:38)
	at com.kms.katalon.core.mobile.keyword.builtin.TapKeyword$_tap_closure1.doCall(TapKeyword.groovy:46)
	at com.kms.katalon.core.mobile.keyword.builtin.TapKeyword$_tap_closure1.call(TapKeyword.groovy)
	at com.kms.katalon.core.mobile.keyword.internal.MobileKeywordMain.runKeyword(MobileKeywordMain.groovy:19)
	... 20 more
)
[[ATTACHMENT|C:\\Users\\sushil.gaikwad\\git\\EguruSmart1\\Reports\\20240327_143948\\TataMotors\\20240327_143948\\1711530989787.png]]]]></system-out>
         <system-err><![CDATA[27-03-2024T14:44:01 - [TEST_CASE][FAILED] - Test Cases/TC/TC_02 -Create New Customer: Test Cases/TC/TC_02 -Create New Customer FAILED.
Reason:
com.kms.katalon.core.exception.StepFailedException: Failed to tap on element 'Object Repository/NewObject/DropDownSearchedDistrict'
	at com.kms.katalon.core.mobile.keyword.internal.MobileKeywordMain.stepFailed(MobileKeywordMain.groovy:38)
	at com.kms.katalon.core.mobile.keyword.internal.MobileKeywordMain.runKeyword(MobileKeywordMain.groovy:21)
	at com.kms.katalon.core.mobile.keyword.builtin.TapKeyword.tap(TapKeyword.groovy:51)
	at com.kms.katalon.core.mobile.keyword.builtin.TapKeyword.execute(TapKeyword.groovy:35)
	at com.kms.katalon.core.keyword.internal.KeywordExecutor.executeKeywordForPlatform(KeywordExecutor.groovy:74)
	at com.kms.katalon.core.mobile.keyword.MobileBuiltInKeywords.tap(MobileBuiltInKeywords.groovy:1476)
	at TC_02 -Create New Customer.run(TC_02 -Create New Customer:114)
	at com.kms.katalon.core.main.ScriptEngine.run(ScriptEngine.java:194)
	at com.kms.katalon.core.main.ScriptEngine.runScriptAsRawText(ScriptEngine.java:119)
	at com.kms.katalon.core.main.TestCaseExecutor.runScript(TestCaseExecutor.java:448)
	at com.kms.katalon.core.main.TestCaseExecutor.doExecute(TestCaseExecutor.java:439)
	at com.kms.katalon.core.main.TestCaseExecutor.processExecutionPhase(TestCaseExecutor.java:418)
	at com.kms.katalon.core.main.TestCaseExecutor.accessMainPhase(TestCaseExecutor.java:410)
	at com.kms.katalon.core.main.TestCaseExecutor.execute(TestCaseExecutor.java:285)
	at com.kms.katalon.core.common.CommonExecutor.accessTestCaseMainPhase(CommonExecutor.java:65)
	at com.kms.katalon.core.main.TestSuiteExecutor.accessTestSuiteMainPhase(TestSuiteExecutor.java:148)
	at com.kms.katalon.core.main.TestSuiteExecutor.execute(TestSuiteExecutor.java:106)
	at com.kms.katalon.core.main.TestCaseMain.startTestSuite(TestCaseMain.java:180)
	at TempTestSuite1711530588004.run(TempTestSuite1711530588004.groovy:35)
	at java.base/jdk.internal.reflect.NativeMethodAccessorImpl.invoke0(Native Method)
	at java.base/jdk.internal.reflect.NativeMethodAccessorImpl.invoke(NativeMethodAccessorImpl.java:77)
	at java.base/jdk.internal.reflect.DelegatingMethodAccessorImpl.invoke(DelegatingMethodAccessorImpl.java:43)
Caused by: com.kms.katalon.core.exception.StepFailedException: Object Object Repository/NewObject/DropDownSearchedDistrict not found
	at com.kms.katalon.core.mobile.keyword.internal.MobileKeywordMain.stepFailed(MobileKeywordMain.groovy:38)
	at com.kms.katalon.core.mobile.keyword.builtin.TapKeyword$_tap_closure1.doCall(TapKeyword.groovy:46)
	at com.kms.katalon.core.mobile.keyword.builtin.TapKeyword$_tap_closure1.call(TapKeyword.groovy)
	at com.kms.katalon.core.mobile.keyword.internal.MobileKeywordMain.runKeyword(MobileKeywordMain.groovy:19)
	... 20 more]]></system-err>
      </testcase>
      <testcase name="Test Cases/TC/TC_03 -Add Account" time="122.701" classname="Test Cases/TC/TC_03 -Add Account" status="FAILED">
         <failure type="FAILED" message="Test Cases/TC/TC_03 -Add Account FAILED.&#xa;Reason:&#xa;com.kms.katalon.core.exception.StepFailedException: Failed to tap on element 'Object Repository/NewObject/DropDownDistrict'&#xa;	at com.kms.katalon.core.mobile.keyword.internal.MobileKeywordMain.stepFailed(MobileKeywordMain.groovy:38)&#xa;	at com.kms.katalon.core.mobile.keyword.internal.MobileKeywordMain.runKeyword(MobileKeywordMain.groovy:21)&#xa;	at com.kms.katalon.core.mobile.keyword.builtin.TapKeyword.tap(TapKeyword.groovy:51)&#xa;	at com.kms.katalon.core.mobile.keyword.builtin.TapKeyword.execute(TapKeyword.groovy:35)&#xa;	at com.kms.katalon.core.keyword.internal.KeywordExecutor.executeKeywordForPlatform(KeywordExecutor.groovy:74)&#xa;	at com.kms.katalon.core.mobile.keyword.MobileBuiltInKeywords.tap(MobileBuiltInKeywords.groovy:1476)&#xa;	at TC_03 -Add Account.run(TC_03 -Add Account:106)&#xa;	at com.kms.katalon.core.main.ScriptEngine.run(ScriptEngine.java:194)&#xa;	at com.kms.katalon.core.main.ScriptEngine.runScriptAsRawText(ScriptEngine.java:119)&#xa;	at com.kms.katalon.core.main.TestCaseExecutor.runScript(TestCaseExecutor.java:448)&#xa;	at com.kms.katalon.core.main.TestCaseExecutor.doExecute(TestCaseExecutor.java:439)&#xa;	at com.kms.katalon.core.main.TestCaseExecutor.processExecutionPhase(TestCaseExecutor.java:418)&#xa;	at com.kms.katalon.core.main.TestCaseExecutor.accessMainPhase(TestCaseExecutor.java:410)&#xa;	at com.kms.katalon.core.main.TestCaseExecutor.execute(TestCaseExecutor.java:285)&#xa;	at com.kms.katalon.core.common.CommonExecutor.accessTestCaseMainPhase(CommonExecutor.java:65)&#xa;	at com.kms.katalon.core.main.TestSuiteExecutor.accessTestSuiteMainPhase(TestSuiteExecutor.java:148)&#xa;	at com.kms.katalon.core.main.TestSuiteExecutor.execute(TestSuiteExecutor.java:106)&#xa;	at com.kms.katalon.core.main.TestCaseMain.startTestSuite(TestCaseMain.java:180)&#xa;	at TempTestSuite1711530588004.run(TempTestSuite1711530588004.groovy:35)&#xa;	at java.base/jdk.internal.reflect.NativeMethodAccessorImpl.invoke0(Native Method)&#xa;	at java.base/jdk.internal.reflect.NativeMethodAccessorImpl.invoke(NativeMethodAccessorImpl.java:77)&#xa;	at java.base/jdk.internal.reflect.DelegatingMethodAccessorImpl.invoke(DelegatingMethodAccessorImpl.java:43)&#xa;Caused by: com.kms.katalon.core.exception.StepFailedException: Object Object Repository/NewObject/DropDownDistrict not found&#xa;	at com.kms.katalon.core.mobile.keyword.internal.MobileKeywordMain.stepFailed(MobileKeywordMain.groovy:38)&#xa;	at com.kms.katalon.core.mobile.keyword.builtin.TapKeyword$_tap_closure1.doCall(TapKeyword.groovy:46)&#xa;	at com.kms.katalon.core.mobile.keyword.builtin.TapKeyword$_tap_closure1.call(TapKeyword.groovy)&#xa;	at com.kms.katalon.core.mobile.keyword.internal.MobileKeywordMain.runKeyword(MobileKeywordMain.groovy:19)&#xa;	... 20 more&#xa;"/>
         <system-out><![CDATA[27-03-2024T14:46:31 - [TEST_CASE][FAILED] - Test Cases/TC/TC_03 -Add Account: Test Cases/TC/TC_03 -Add Account FAILED.
Reason:
com.kms.katalon.core.exception.StepFailedException: Failed to tap on element 'Object Repository/NewObject/DropDownDistrict'
	at com.kms.katalon.core.mobile.keyword.internal.MobileKeywordMain.stepFailed(MobileKeywordMain.groovy:38)
	at com.kms.katalon.core.mobile.keyword.internal.MobileKeywordMain.runKeyword(MobileKeywordMain.groovy:21)
	at com.kms.katalon.core.mobile.keyword.builtin.TapKeyword.tap(TapKeyword.groovy:51)
	at com.kms.katalon.core.mobile.keyword.builtin.TapKeyword.execute(TapKeyword.groovy:35)
	at com.kms.katalon.core.keyword.internal.KeywordExecutor.executeKeywordForPlatform(KeywordExecutor.groovy:74)
	at com.kms.katalon.core.mobile.keyword.MobileBuiltInKeywords.tap(MobileBuiltInKeywords.groovy:1476)
	at TC_03 -Add Account.run(TC_03 -Add Account:106)
	at com.kms.katalon.core.main.ScriptEngine.run(ScriptEngine.java:194)
	at com.kms.katalon.core.main.ScriptEngine.runScriptAsRawText(ScriptEngine.java:119)
	at com.kms.katalon.core.main.TestCaseExecutor.runScript(TestCaseExecutor.java:448)
	at com.kms.katalon.core.main.TestCaseExecutor.doExecute(TestCaseExecutor.java:439)
	at com.kms.katalon.core.main.TestCaseExecutor.processExecutionPhase(TestCaseExecutor.java:418)
	at com.kms.katalon.core.main.TestCaseExecutor.accessMainPhase(TestCaseExecutor.java:410)
	at com.kms.katalon.core.main.TestCaseExecutor.execute(TestCaseExecutor.java:285)
	at com.kms.katalon.core.common.CommonExecutor.accessTestCaseMainPhase(CommonExecutor.java:65)
	at com.kms.katalon.core.main.TestSuiteExecutor.accessTestSuiteMainPhase(TestSuiteExecutor.java:148)
	at com.kms.katalon.core.main.TestSuiteExecutor.execute(TestSuiteExecutor.java:106)
	at com.kms.katalon.core.main.TestCaseMain.startTestSuite(TestCaseMain.java:180)
	at TempTestSuite1711530588004.run(TempTestSuite1711530588004.groovy:35)
	at java.base/jdk.internal.reflect.NativeMethodAccessorImpl.invoke0(Native Method)
	at java.base/jdk.internal.reflect.NativeMethodAccessorImpl.invoke(NativeMethodAccessorImpl.java:77)
	at java.base/jdk.internal.reflect.DelegatingMethodAccessorImpl.invoke(DelegatingMethodAccessorImpl.java:43)
Caused by: com.kms.katalon.core.exception.StepFailedException: Object Object Repository/NewObject/DropDownDistrict not found
	at com.kms.katalon.core.mobile.keyword.internal.MobileKeywordMain.stepFailed(MobileKeywordMain.groovy:38)
	at com.kms.katalon.core.mobile.keyword.builtin.TapKeyword$_tap_closure1.doCall(TapKeyword.groovy:46)
	at com.kms.katalon.core.mobile.keyword.builtin.TapKeyword$_tap_closure1.call(TapKeyword.groovy)
	at com.kms.katalon.core.mobile.keyword.internal.MobileKeywordMain.runKeyword(MobileKeywordMain.groovy:19)
	... 20 more


27-03-2024T14:46:32 - [TEST_STEP][PASSED] - callTestCase(findTestCase("CommenWorkflows/Login"), ["Str_URL":"C:\Users\sushil.gaikwad\git\EguruSmart1\Application\app-release (4).apk", "Str_Username":"DUSER145", "Str_Password":"Soct#2023", ... ], STOP_ON_FAILURE): Call Test Case 'Test Cases/CommenWorkflows/Login' successfully

27-03-2024T14:46:32 - [TEST_CASE][PASSED] - Test Cases/CommenWorkflows/Login: Test Cases/CommenWorkflows/Login

27-03-2024T14:46:32 - [TEST_STEP][PASSED] - startApplication(Str_URL, false): Started app at: 'C:\Users\sushil.gaikwad\git\EguruSmart1\Application\app-release (4).apk'

27-03-2024T14:46:32 - [MESSAGE][INFO] - User set preference: ['deviceId', 'R9ZT10H9Y2L']

27-03-2024T14:46:47 - [MESSAGE][PASSED] - Started app at: 'C:\Users\sushil.gaikwad\git\EguruSmart1\Application\app-release (4).apk'

27-03-2024T14:46:47 - [TEST_STEP][PASSED] - Bool_Username = waitForElementPresent(findTestObject("LockScreen/UsernaneText"), 10): Object Object Repository/LockScreen/UsernaneText not found

27-03-2024T14:46:57 - [MESSAGE][WARNING] - Object Object Repository/LockScreen/UsernaneText not found

27-03-2024T14:46:57 - [TEST_STEP][PASSED] - if (Bool_Username == true): null

27-03-2024T14:46:57 - [TEST_STEP][PASSED] - else: Tapped on element 'Object Repository/LockScreen/LoginButton'

27-03-2024T14:46:57 - [TEST_STEP][PASSED] - tap(findTestObject("LockScreen/Tap1"), 0): Tapped on element 'Object Repository/LockScreen/Tap1'

27-03-2024T14:46:58 - [MESSAGE][WARNING] - Timeout '0' is invalid. Using default page load timeout: '30'

27-03-2024T14:47:06 - [MESSAGE][PASSED] - Tapped on element 'Object Repository/LockScreen/Tap1'

27-03-2024T14:47:06 - [TEST_STEP][PASSED] - setText(findTestObject("LockScreen/Text1"), "1", 0): Text '1' has been set to element 'Object Repository/LockScreen/Text1'

27-03-2024T14:47:06 - [MESSAGE][WARNING] - Timeout '0' is invalid. Using default page load timeout: '30'

27-03-2024T14:47:08 - [MESSAGE][PASSED] - Text '1' has been set to element 'Object Repository/LockScreen/Text1'

27-03-2024T14:47:08 - [TEST_STEP][PASSED] - setText(findTestObject("LockScreen/Text2"), "2", 0): Text '2' has been set to element 'Object Repository/LockScreen/Text2'

27-03-2024T14:47:08 - [MESSAGE][WARNING] - Timeout '0' is invalid. Using default page load timeout: '30'

27-03-2024T14:47:10 - [MESSAGE][PASSED] - Text '2' has been set to element 'Object Repository/LockScreen/Text2'

27-03-2024T14:47:10 - [TEST_STEP][PASSED] - setText(findTestObject("LockScreen/Text3"), "3", 0): Text '3' has been set to element 'Object Repository/LockScreen/Text3'

27-03-2024T14:47:10 - [MESSAGE][WARNING] - Timeout '0' is invalid. Using default page load timeout: '30'

27-03-2024T14:47:12 - [MESSAGE][PASSED] - Text '3' has been set to element 'Object Repository/LockScreen/Text3'

27-03-2024T14:47:12 - [TEST_STEP][PASSED] - setText(findTestObject("LockScreen/Text4"), "4", 0): Text '4' has been set to element 'Object Repository/LockScreen/Text4'

27-03-2024T14:47:12 - [MESSAGE][WARNING] - Timeout '0' is invalid. Using default page load timeout: '30'

27-03-2024T14:47:13 - [MESSAGE][PASSED] - Text '4' has been set to element 'Object Repository/LockScreen/Text4'

27-03-2024T14:47:13 - [TEST_STEP][PASSED] - tap(findTestObject("LockScreen/LoginButton"), 0): Tapped on element 'Object Repository/LockScreen/LoginButton'

27-03-2024T14:47:13 - [MESSAGE][WARNING] - Timeout '0' is invalid. Using default page load timeout: '30'

27-03-2024T14:47:16 - [MESSAGE][PASSED] - Tapped on element 'Object Repository/LockScreen/LoginButton'

27-03-2024T14:47:16 - [MESSAGE][PASSED] - Call Test Case 'Test Cases/CommenWorkflows/Login' successfully

27-03-2024T14:47:16 - [TEST_STEP][PASSED] - verifyElementExist(findTestObject("TataMotars/HomeButton"), 10): Element 'Object Repository/TataMotars/HomeButton' is exist

27-03-2024T14:47:16 - [MESSAGE][PASSED] - Element 'Object Repository/TataMotars/HomeButton' is exist

27-03-2024T14:47:16 - [TEST_STEP][PASSED] - tap(findTestObject("TataMotars/PluseButton"), 0): Tapped on element 'Object Repository/TataMotars/PluseButton'

27-03-2024T14:47:16 - [MESSAGE][WARNING] - Timeout '0' is invalid. Using default page load timeout: '30'

27-03-2024T14:47:19 - [MESSAGE][PASSED] - Tapped on element 'Object Repository/TataMotars/PluseButton'

27-03-2024T14:47:19 - [TEST_STEP][PASSED] - bool_Opportunity = verifyElementExist(findTestObject("TataMotars/Pluse Button/OpportunityButton"), 0): Element 'Object Repository/TataMotars/Pluse Button/OpportunityButton' is exist

27-03-2024T14:47:19 - [MESSAGE][WARNING] - Timeout '0' is invalid. Using default page load timeout: '30'

27-03-2024T14:47:19 - [MESSAGE][PASSED] - Element 'Object Repository/TataMotars/Pluse Button/OpportunityButton' is exist

27-03-2024T14:47:19 - [TEST_STEP][PASSED] - bool_Account = verifyElementExist(findTestObject("TataMotars/Pluse Button/Account"), 0): Element 'Object Repository/TataMotars/Pluse Button/Account' is exist

27-03-2024T14:47:19 - [MESSAGE][WARNING] - Timeout '0' is invalid. Using default page load timeout: '30'

27-03-2024T14:47:19 - [MESSAGE][PASSED] - Element 'Object Repository/TataMotars/Pluse Button/Account' is exist

27-03-2024T14:47:19 - [TEST_STEP][PASSED] - bool_Customer = verifyElementExist(findTestObject("TataMotars/Pluse Button/Customer"), 0): Element 'Object Repository/TataMotars/Pluse Button/Customer' is exist

27-03-2024T14:47:19 - [MESSAGE][WARNING] - Timeout '0' is invalid. Using default page load timeout: '30'

27-03-2024T14:47:20 - [MESSAGE][PASSED] - Element 'Object Repository/TataMotars/Pluse Button/Customer' is exist

27-03-2024T14:47:20 - [TEST_STEP][PASSED] - bool_Influencer = verifyElementExist(findTestObject("TataMotars/Pluse Button/Influencer"), 0): Element 'Object Repository/TataMotars/Pluse Button/Influencer' is exist

27-03-2024T14:47:20 - [MESSAGE][WARNING] - Timeout '0' is invalid. Using default page load timeout: '30'

27-03-2024T14:47:20 - [MESSAGE][PASSED] - Element 'Object Repository/TataMotars/Pluse Button/Influencer' is exist

27-03-2024T14:47:20 - [TEST_STEP][PASSED] - bool_FollowUp = verifyElementExist(findTestObject("TataMotars/Pluse Button/Follow Up"), 0): Element 'Object Repository/TataMotars/Pluse Button/Follow Up' is exist

27-03-2024T14:47:20 - [MESSAGE][WARNING] - Timeout '0' is invalid. Using default page load timeout: '30'

27-03-2024T14:47:20 - [MESSAGE][PASSED] - Element 'Object Repository/TataMotars/Pluse Button/Follow Up' is exist

27-03-2024T14:47:20 - [TEST_STEP][PASSED] - bool_Opportunity && bool_Account && bool_Customer && bool_Influencer && bool_FollowUp == false: null

27-03-2024T14:47:20 - [TEST_STEP][PASSED] - takeScreenshot(): Screenshot is taken

27-03-2024T14:47:22 - [MESSAGE][PASSED] - Screenshot is taken
[[ATTACHMENT|C:\\Users\\sushil.gaikwad\\git\\EguruSmart1\\Reports\\20240327_143948\\TataMotors\\20240327_143948\\1711531040638.png]]

27-03-2024T14:47:22 - [TEST_STEP][PASSED] - tap(findTestObject("TataMotars/Pluse Button/Account"), 3): Tapped on element 'Object Repository/TataMotars/Pluse Button/Account'

27-03-2024T14:47:23 - [MESSAGE][PASSED] - Tapped on element 'Object Repository/TataMotars/Pluse Button/Account'

27-03-2024T14:47:23 - [TEST_STEP][PASSED] - bool_AccountInfo = verifyElementExist(findTestObject("C1 Functionality/Account Information"), 30): Element 'Object Repository/C1 Functionality/Account Information' is exist

27-03-2024T14:47:24 - [MESSAGE][PASSED] - Element 'Object Repository/C1 Functionality/Account Information' is exist

27-03-2024T14:47:24 - [TEST_STEP][PASSED] - bool_AccountName = verifyElementExist(findTestObject("Add Account/Account Name"), 30): Element 'Object Repository/Add Account/Account Name' is exist

27-03-2024T14:47:25 - [MESSAGE][PASSED] - Element 'Object Repository/Add Account/Account Name' is exist

27-03-2024T14:47:25 - [TEST_STEP][PASSED] - bool_MainPhoneNumber = verifyElementExist(findTestObject("Add Account/Main Phone Number"), 30): Element 'Object Repository/Add Account/Main Phone Number' is exist

27-03-2024T14:47:26 - [MESSAGE][PASSED] - Element 'Object Repository/Add Account/Main Phone Number' is exist

27-03-2024T14:47:26 - [TEST_STEP][PASSED] - bool_AccountInfo && bool_AccountName && bool_MainPhoneNumber == true: null

27-03-2024T14:47:26 - [TEST_STEP][PASSED] - takeScreenshot(): Screenshot is taken

27-03-2024T14:47:29 - [MESSAGE][PASSED] - Screenshot is taken
[[ATTACHMENT|C:\\Users\\sushil.gaikwad\\git\\EguruSmart1\\Reports\\20240327_143948\\TataMotors\\20240327_143948\\1711531046763.png]]

27-03-2024T14:47:29 - [TEST_STEP][PASSED] - Bool_Offline = waitForElementPresent(findTestObject("LockScreen/NewPin/Offline Master Sync"), 5): Object Object Repository/LockScreen/NewPin/Offline Master Sync not found

27-03-2024T14:47:34 - [MESSAGE][WARNING] - Object Object Repository/LockScreen/NewPin/Offline Master Sync not found

27-03-2024T14:47:34 - [TEST_STEP][PASSED] - if (Bool_Offline == true): null

27-03-2024T14:47:34 - [TEST_STEP][PASSED] - tap(findTestObject("Add Account/Individual RadioButton"), 0): Tapped on element 'Object Repository/Add Account/Individual RadioButton'

27-03-2024T14:47:34 - [MESSAGE][WARNING] - Timeout '0' is invalid. Using default page load timeout: '30'

27-03-2024T14:47:35 - [MESSAGE][PASSED] - Tapped on element 'Object Repository/Add Account/Individual RadioButton'

27-03-2024T14:47:35 - [TEST_STEP][PASSED] - minRange = 1: null

27-03-2024T14:47:35 - [TEST_STEP][PASSED] - maxRange = 1000: null

27-03-2024T14:47:35 - [TEST_STEP][PASSED] - randomInt = current().nextInt(minRange, maxRange + 1): null

27-03-2024T14:47:35 - [TEST_STEP][PASSED] - Result = $str_AccountName $randomInt: null

27-03-2024T14:47:35 - [TEST_STEP][PASSED] - tap(findTestObject("Add Account/Account Name"), 0): Tapped on element 'Object Repository/Add Account/Account Name'

27-03-2024T14:47:35 - [MESSAGE][WARNING] - Timeout '0' is invalid. Using default page load timeout: '30'

27-03-2024T14:47:36 - [MESSAGE][PASSED] - Tapped on element 'Object Repository/Add Account/Account Name'

27-03-2024T14:47:36 - [TEST_STEP][PASSED] - setText(findTestObject("Add Account/Account Name"), Result, 0): Text 'Stepone main Office 908' has been set to element 'Object Repository/Add Account/Account Name'

27-03-2024T14:47:36 - [MESSAGE][WARNING] - Timeout '0' is invalid. Using default page load timeout: '30'

27-03-2024T14:47:38 - [MESSAGE][PASSED] - Text 'Stepone main Office 908' has been set to element 'Object Repository/Add Account/Account Name'

27-03-2024T14:47:38 - [TEST_STEP][PASSED] - hideKeyboard(): Keyboard is hidden

27-03-2024T14:47:40 - [MESSAGE][PASSED] - Keyboard is hidden

27-03-2024T14:47:40 - [TEST_STEP][PASSED] - tap(findTestObject("Add Account/Main Phone Number"), 0): Tapped on element 'Object Repository/Add Account/Main Phone Number'

27-03-2024T14:47:40 - [MESSAGE][WARNING] - Timeout '0' is invalid. Using default page load timeout: '30'

27-03-2024T14:47:42 - [MESSAGE][PASSED] - Tapped on element 'Object Repository/Add Account/Main Phone Number'

27-03-2024T14:47:42 - [TEST_STEP][PASSED] - setText(findTestObject("Add Account/Main Phone Number"), str_MainMobileNo, 0): Text '9988667890' has been set to element 'Object Repository/Add Account/Main Phone Number'

27-03-2024T14:47:42 - [MESSAGE][WARNING] - Timeout '0' is invalid. Using default page load timeout: '30'

27-03-2024T14:47:44 - [MESSAGE][PASSED] - Text '9988667890' has been set to element 'Object Repository/Add Account/Main Phone Number'

27-03-2024T14:47:44 - [TEST_STEP][PASSED] - hideKeyboard(): Keyboard is hidden

27-03-2024T14:47:48 - [MESSAGE][PASSED] - Keyboard is hidden

27-03-2024T14:47:48 - [TEST_STEP][PASSED] - tap(findTestObject("Primery Details/Address Details/NextButton"), 0): Tapped on element 'Object Repository/Primery Details/Address Details/NextButton'

27-03-2024T14:47:48 - [MESSAGE][WARNING] - Timeout '0' is invalid. Using default page load timeout: '30'

27-03-2024T14:47:49 - [MESSAGE][PASSED] - Tapped on element 'Object Repository/Primery Details/Address Details/NextButton'

27-03-2024T14:47:49 - [TEST_STEP][PASSED] - bool_Pincode = verifyElementExist(findTestObject("Primery Details/Address Details/Pincode"), 30): Element 'Object Repository/Primery Details/Address Details/Pincode' is exist

27-03-2024T14:47:50 - [MESSAGE][PASSED] - Element 'Object Repository/Primery Details/Address Details/Pincode' is exist

27-03-2024T14:47:50 - [TEST_STEP][PASSED] - takeScreenshot(): Screenshot is taken

27-03-2024T14:47:52 - [MESSAGE][PASSED] - Screenshot is taken
[[ATTACHMENT|C:\\Users\\sushil.gaikwad\\git\\EguruSmart1\\Reports\\20240327_143948\\TataMotors\\20240327_143948\\1711531070429.png]]

27-03-2024T14:47:52 - [TEST_STEP][PASSED] - tap(findTestObject("Primery Details/Address Details/Pincode"), 0): Tapped on element 'Object Repository/Primery Details/Address Details/Pincode'

27-03-2024T14:47:52 - [MESSAGE][WARNING] - Timeout '0' is invalid. Using default page load timeout: '30'

27-03-2024T14:47:53 - [MESSAGE][PASSED] - Tapped on element 'Object Repository/Primery Details/Address Details/Pincode'

27-03-2024T14:47:53 - [TEST_STEP][PASSED] - setText(findTestObject("Primery Details/Address Details/Pincode"), str_Pincode, 0): Text '410210' has been set to element 'Object Repository/Primery Details/Address Details/Pincode'

27-03-2024T14:47:53 - [MESSAGE][WARNING] - Timeout '0' is invalid. Using default page load timeout: '30'

27-03-2024T14:47:55 - [MESSAGE][PASSED] - Text '410210' has been set to element 'Object Repository/Primery Details/Address Details/Pincode'

27-03-2024T14:47:55 - [TEST_STEP][PASSED] - hideKeyboard(): Keyboard is hidden

27-03-2024T14:47:57 - [MESSAGE][PASSED] - Keyboard is hidden

27-03-2024T14:47:57 - [TEST_STEP][PASSED] - Bool_Pin = waitForElementPresent(findTestObject("NewObject/Searched PinCodeTC3"), 2): Object Object Repository/NewObject/Searched PinCodeTC3 not found

27-03-2024T14:48:00 - [MESSAGE][WARNING] - Object Object Repository/NewObject/Searched PinCodeTC3 not found

27-03-2024T14:48:00 - [TEST_STEP][PASSED] - if (Bool_Pin == true): null

27-03-2024T14:48:00 - [TEST_STEP][FAILED] - tap(findTestObject("NewObject/DropDownDistrict"), 0, STOP_ON_FAILURE): Failed to tap on element 'Object Repository/NewObject/DropDownDistrict' (Root cause: com.kms.katalon.core.exception.StepFailedException: Failed to tap on element 'Object Repository/NewObject/DropDownDistrict'
	at com.kms.katalon.core.mobile.keyword.internal.MobileKeywordMain.stepFailed(MobileKeywordMain.groovy:38)
	at com.kms.katalon.core.mobile.keyword.internal.MobileKeywordMain.runKeyword(MobileKeywordMain.groovy:21)
	at com.kms.katalon.core.mobile.keyword.builtin.TapKeyword.tap(TapKeyword.groovy:51)
	at com.kms.katalon.core.mobile.keyword.builtin.TapKeyword.execute(TapKeyword.groovy:35)
	at com.kms.katalon.core.keyword.internal.KeywordExecutor.executeKeywordForPlatform(KeywordExecutor.groovy:74)
	at com.kms.katalon.core.mobile.keyword.MobileBuiltInKeywords.tap(MobileBuiltInKeywords.groovy:1476)
	at TC_03 -Add Account.run(TC_03 -Add Account:106)
	at com.kms.katalon.core.main.ScriptEngine.run(ScriptEngine.java:194)
	at com.kms.katalon.core.main.ScriptEngine.runScriptAsRawText(ScriptEngine.java:119)
	at com.kms.katalon.core.main.TestCaseExecutor.runScript(TestCaseExecutor.java:448)
	at com.kms.katalon.core.main.TestCaseExecutor.doExecute(TestCaseExecutor.java:439)
	at com.kms.katalon.core.main.TestCaseExecutor.processExecutionPhase(TestCaseExecutor.java:418)
	at com.kms.katalon.core.main.TestCaseExecutor.accessMainPhase(TestCaseExecutor.java:410)
	at com.kms.katalon.core.main.TestCaseExecutor.execute(TestCaseExecutor.java:285)
	at com.kms.katalon.core.common.CommonExecutor.accessTestCaseMainPhase(CommonExecutor.java:65)
	at com.kms.katalon.core.main.TestSuiteExecutor.accessTestSuiteMainPhase(TestSuiteExecutor.java:148)
	at com.kms.katalon.core.main.TestSuiteExecutor.execute(TestSuiteExecutor.java:106)
	at com.kms.katalon.core.main.TestCaseMain.startTestSuite(TestCaseMain.java:180)
	at TempTestSuite1711530588004.run(TempTestSuite1711530588004.groovy:35)
	at java.base/jdk.internal.reflect.NativeMethodAccessorImpl.invoke0(Native Method)
	at java.base/jdk.internal.reflect.NativeMethodAccessorImpl.invoke(NativeMethodAccessorImpl.java:77)
	at java.base/jdk.internal.reflect.DelegatingMethodAccessorImpl.invoke(DelegatingMethodAccessorImpl.java:43)
Caused by: com.kms.katalon.core.exception.StepFailedException: Object Object Repository/NewObject/DropDownDistrict not found
	at com.kms.katalon.core.mobile.keyword.internal.MobileKeywordMain.stepFailed(MobileKeywordMain.groovy:38)
	at com.kms.katalon.core.mobile.keyword.builtin.TapKeyword$_tap_closure1.doCall(TapKeyword.groovy:46)
	at com.kms.katalon.core.mobile.keyword.builtin.TapKeyword$_tap_closure1.call(TapKeyword.groovy)
	at com.kms.katalon.core.mobile.keyword.internal.MobileKeywordMain.runKeyword(MobileKeywordMain.groovy:19)
	... 20 more
)

27-03-2024T14:48:00 - [MESSAGE][WARNING] - Timeout '0' is invalid. Using default page load timeout: '30'

27-03-2024T14:48:32 - [MESSAGE][FAILED] - Object Object Repository/NewObject/DropDownDistrict not found (Root cause: com.kms.katalon.core.exception.StepFailedException: Object Object Repository/NewObject/DropDownDistrict not found
	at com.kms.katalon.core.mobile.keyword.internal.MobileKeywordMain.stepFailed(MobileKeywordMain.groovy:38)
	at com.kms.katalon.core.mobile.keyword.builtin.TapKeyword$_tap_closure1.doCall(TapKeyword.groovy:46)
	at com.kms.katalon.core.mobile.keyword.builtin.TapKeyword$_tap_closure1.call(TapKeyword.groovy)
	at com.kms.katalon.core.mobile.keyword.internal.MobileKeywordMain.runKeyword(MobileKeywordMain.groovy:19)
	at com.kms.katalon.core.mobile.keyword.builtin.TapKeyword.tap(TapKeyword.groovy:51)
	at com.kms.katalon.core.mobile.keyword.builtin.TapKeyword.execute(TapKeyword.groovy:35)
	at com.kms.katalon.core.keyword.internal.KeywordExecutor.executeKeywordForPlatform(KeywordExecutor.groovy:74)
	at com.kms.katalon.core.mobile.keyword.MobileBuiltInKeywords.tap(MobileBuiltInKeywords.groovy:1476)
	at TC_03 -Add Account.run(TC_03 -Add Account:106)
	at com.kms.katalon.core.main.ScriptEngine.run(ScriptEngine.java:194)
	at com.kms.katalon.core.main.ScriptEngine.runScriptAsRawText(ScriptEngine.java:119)
	at com.kms.katalon.core.main.TestCaseExecutor.runScript(TestCaseExecutor.java:448)
	at com.kms.katalon.core.main.TestCaseExecutor.doExecute(TestCaseExecutor.java:439)
	at com.kms.katalon.core.main.TestCaseExecutor.processExecutionPhase(TestCaseExecutor.java:418)
	at com.kms.katalon.core.main.TestCaseExecutor.accessMainPhase(TestCaseExecutor.java:410)
	at com.kms.katalon.core.main.TestCaseExecutor.execute(TestCaseExecutor.java:285)
	at com.kms.katalon.core.common.CommonExecutor.accessTestCaseMainPhase(CommonExecutor.java:65)
	at com.kms.katalon.core.main.TestSuiteExecutor.accessTestSuiteMainPhase(TestSuiteExecutor.java:148)
	at com.kms.katalon.core.main.TestSuiteExecutor.execute(TestSuiteExecutor.java:106)
	at com.kms.katalon.core.main.TestCaseMain.startTestSuite(TestCaseMain.java:180)
	at TempTestSuite1711530588004.run(TempTestSuite1711530588004.groovy:35)
	at java.base/jdk.internal.reflect.NativeMethodAccessorImpl.invoke0(Native Method)
	at java.base/jdk.internal.reflect.NativeMethodAccessorImpl.invoke(NativeMethodAccessorImpl.java:77)
	at java.base/jdk.internal.reflect.DelegatingMethodAccessorImpl.invoke(DelegatingMethodAccessorImpl.java:43)
)
[[ATTACHMENT|C:\\Users\\sushil.gaikwad\\git\\EguruSmart1\\Reports\\20240327_143948\\TataMotors\\20240327_143948\\1711531110850.png]]

27-03-2024T14:48:34 - [MESSAGE][FAILED] - Failed to tap on element 'Object Repository/NewObject/DropDownDistrict' (Root cause: com.kms.katalon.core.exception.StepFailedException: Failed to tap on element 'Object Repository/NewObject/DropDownDistrict'
	at com.kms.katalon.core.mobile.keyword.internal.MobileKeywordMain.stepFailed(MobileKeywordMain.groovy:38)
	at com.kms.katalon.core.mobile.keyword.internal.MobileKeywordMain.runKeyword(MobileKeywordMain.groovy:21)
	at com.kms.katalon.core.mobile.keyword.builtin.TapKeyword.tap(TapKeyword.groovy:51)
	at com.kms.katalon.core.mobile.keyword.builtin.TapKeyword.execute(TapKeyword.groovy:35)
	at com.kms.katalon.core.keyword.internal.KeywordExecutor.executeKeywordForPlatform(KeywordExecutor.groovy:74)
	at com.kms.katalon.core.mobile.keyword.MobileBuiltInKeywords.tap(MobileBuiltInKeywords.groovy:1476)
	at TC_03 -Add Account.run(TC_03 -Add Account:106)
	at com.kms.katalon.core.main.ScriptEngine.run(ScriptEngine.java:194)
	at com.kms.katalon.core.main.ScriptEngine.runScriptAsRawText(ScriptEngine.java:119)
	at com.kms.katalon.core.main.TestCaseExecutor.runScript(TestCaseExecutor.java:448)
	at com.kms.katalon.core.main.TestCaseExecutor.doExecute(TestCaseExecutor.java:439)
	at com.kms.katalon.core.main.TestCaseExecutor.processExecutionPhase(TestCaseExecutor.java:418)
	at com.kms.katalon.core.main.TestCaseExecutor.accessMainPhase(TestCaseExecutor.java:410)
	at com.kms.katalon.core.main.TestCaseExecutor.execute(TestCaseExecutor.java:285)
	at com.kms.katalon.core.common.CommonExecutor.accessTestCaseMainPhase(CommonExecutor.java:65)
	at com.kms.katalon.core.main.TestSuiteExecutor.accessTestSuiteMainPhase(TestSuiteExecutor.java:148)
	at com.kms.katalon.core.main.TestSuiteExecutor.execute(TestSuiteExecutor.java:106)
	at com.kms.katalon.core.main.TestCaseMain.startTestSuite(TestCaseMain.java:180)
	at TempTestSuite1711530588004.run(TempTestSuite1711530588004.groovy:35)
	at java.base/jdk.internal.reflect.NativeMethodAccessorImpl.invoke0(Native Method)
	at java.base/jdk.internal.reflect.NativeMethodAccessorImpl.invoke(NativeMethodAccessorImpl.java:77)
	at java.base/jdk.internal.reflect.DelegatingMethodAccessorImpl.invoke(DelegatingMethodAccessorImpl.java:43)
Caused by: com.kms.katalon.core.exception.StepFailedException: Object Object Repository/NewObject/DropDownDistrict not found
	at com.kms.katalon.core.mobile.keyword.internal.MobileKeywordMain.stepFailed(MobileKeywordMain.groovy:38)
	at com.kms.katalon.core.mobile.keyword.builtin.TapKeyword$_tap_closure1.doCall(TapKeyword.groovy:46)
	at com.kms.katalon.core.mobile.keyword.builtin.TapKeyword$_tap_closure1.call(TapKeyword.groovy)
	at com.kms.katalon.core.mobile.keyword.internal.MobileKeywordMain.runKeyword(MobileKeywordMain.groovy:19)
	... 20 more
)
[[ATTACHMENT|C:\\Users\\sushil.gaikwad\\git\\EguruSmart1\\Reports\\20240327_143948\\TataMotors\\20240327_143948\\1711531112536.png]]]]></system-out>
         <system-err><![CDATA[27-03-2024T14:46:31 - [TEST_CASE][FAILED] - Test Cases/TC/TC_03 -Add Account: Test Cases/TC/TC_03 -Add Account FAILED.
Reason:
com.kms.katalon.core.exception.StepFailedException: Failed to tap on element 'Object Repository/NewObject/DropDownDistrict'
	at com.kms.katalon.core.mobile.keyword.internal.MobileKeywordMain.stepFailed(MobileKeywordMain.groovy:38)
	at com.kms.katalon.core.mobile.keyword.internal.MobileKeywordMain.runKeyword(MobileKeywordMain.groovy:21)
	at com.kms.katalon.core.mobile.keyword.builtin.TapKeyword.tap(TapKeyword.groovy:51)
	at com.kms.katalon.core.mobile.keyword.builtin.TapKeyword.execute(TapKeyword.groovy:35)
	at com.kms.katalon.core.keyword.internal.KeywordExecutor.executeKeywordForPlatform(KeywordExecutor.groovy:74)
	at com.kms.katalon.core.mobile.keyword.MobileBuiltInKeywords.tap(MobileBuiltInKeywords.groovy:1476)
	at TC_03 -Add Account.run(TC_03 -Add Account:106)
	at com.kms.katalon.core.main.ScriptEngine.run(ScriptEngine.java:194)
	at com.kms.katalon.core.main.ScriptEngine.runScriptAsRawText(ScriptEngine.java:119)
	at com.kms.katalon.core.main.TestCaseExecutor.runScript(TestCaseExecutor.java:448)
	at com.kms.katalon.core.main.TestCaseExecutor.doExecute(TestCaseExecutor.java:439)
	at com.kms.katalon.core.main.TestCaseExecutor.processExecutionPhase(TestCaseExecutor.java:418)
	at com.kms.katalon.core.main.TestCaseExecutor.accessMainPhase(TestCaseExecutor.java:410)
	at com.kms.katalon.core.main.TestCaseExecutor.execute(TestCaseExecutor.java:285)
	at com.kms.katalon.core.common.CommonExecutor.accessTestCaseMainPhase(CommonExecutor.java:65)
	at com.kms.katalon.core.main.TestSuiteExecutor.accessTestSuiteMainPhase(TestSuiteExecutor.java:148)
	at com.kms.katalon.core.main.TestSuiteExecutor.execute(TestSuiteExecutor.java:106)
	at com.kms.katalon.core.main.TestCaseMain.startTestSuite(TestCaseMain.java:180)
	at TempTestSuite1711530588004.run(TempTestSuite1711530588004.groovy:35)
	at java.base/jdk.internal.reflect.NativeMethodAccessorImpl.invoke0(Native Method)
	at java.base/jdk.internal.reflect.NativeMethodAccessorImpl.invoke(NativeMethodAccessorImpl.java:77)
	at java.base/jdk.internal.reflect.DelegatingMethodAccessorImpl.invoke(DelegatingMethodAccessorImpl.java:43)
Caused by: com.kms.katalon.core.exception.StepFailedException: Object Object Repository/NewObject/DropDownDistrict not found
	at com.kms.katalon.core.mobile.keyword.internal.MobileKeywordMain.stepFailed(MobileKeywordMain.groovy:38)
	at com.kms.katalon.core.mobile.keyword.builtin.TapKeyword$_tap_closure1.doCall(TapKeyword.groovy:46)
	at com.kms.katalon.core.mobile.keyword.builtin.TapKeyword$_tap_closure1.call(TapKeyword.groovy)
	at com.kms.katalon.core.mobile.keyword.internal.MobileKeywordMain.runKeyword(MobileKeywordMain.groovy:19)
	... 20 more]]></system-err>
      </testcase>
      <testcase name="Test Cases/TC/TC_04 -Add Influencer" time="142.929" classname="Test Cases/TC/TC_04 -Add Influencer" status="FAILED">
         <failure type="FAILED" message="Test Cases/TC/TC_04 -Add Influencer FAILED.&#xa;Reason:&#xa;com.kms.katalon.core.exception.StepFailedException: Failed to tap on element 'Object Repository/NewObject/DropDownSearchedDistrict'&#xa;	at com.kms.katalon.core.mobile.keyword.internal.MobileKeywordMain.stepFailed(MobileKeywordMain.groovy:38)&#xa;	at com.kms.katalon.core.mobile.keyword.internal.MobileKeywordMain.runKeyword(MobileKeywordMain.groovy:21)&#xa;	at com.kms.katalon.core.mobile.keyword.builtin.TapKeyword.tap(TapKeyword.groovy:51)&#xa;	at com.kms.katalon.core.mobile.keyword.builtin.TapKeyword.execute(TapKeyword.groovy:35)&#xa;	at com.kms.katalon.core.keyword.internal.KeywordExecutor.executeKeywordForPlatform(KeywordExecutor.groovy:74)&#xa;	at com.kms.katalon.core.mobile.keyword.MobileBuiltInKeywords.tap(MobileBuiltInKeywords.groovy:1476)&#xa;	at TC_04 -Add Influencer.run(TC_04 -Add Influencer:113)&#xa;	at com.kms.katalon.core.main.ScriptEngine.run(ScriptEngine.java:194)&#xa;	at com.kms.katalon.core.main.ScriptEngine.runScriptAsRawText(ScriptEngine.java:119)&#xa;	at com.kms.katalon.core.main.TestCaseExecutor.runScript(TestCaseExecutor.java:448)&#xa;	at com.kms.katalon.core.main.TestCaseExecutor.doExecute(TestCaseExecutor.java:439)&#xa;	at com.kms.katalon.core.main.TestCaseExecutor.processExecutionPhase(TestCaseExecutor.java:418)&#xa;	at com.kms.katalon.core.main.TestCaseExecutor.accessMainPhase(TestCaseExecutor.java:410)&#xa;	at com.kms.katalon.core.main.TestCaseExecutor.execute(TestCaseExecutor.java:285)&#xa;	at com.kms.katalon.core.common.CommonExecutor.accessTestCaseMainPhase(CommonExecutor.java:65)&#xa;	at com.kms.katalon.core.main.TestSuiteExecutor.accessTestSuiteMainPhase(TestSuiteExecutor.java:148)&#xa;	at com.kms.katalon.core.main.TestSuiteExecutor.execute(TestSuiteExecutor.java:106)&#xa;	at com.kms.katalon.core.main.TestCaseMain.startTestSuite(TestCaseMain.java:180)&#xa;	at TempTestSuite1711530588004.run(TempTestSuite1711530588004.groovy:35)&#xa;	at java.base/jdk.internal.reflect.NativeMethodAccessorImpl.invoke0(Native Method)&#xa;	at java.base/jdk.internal.reflect.NativeMethodAccessorImpl.invoke(NativeMethodAccessorImpl.java:77)&#xa;	at java.base/jdk.internal.reflect.DelegatingMethodAccessorImpl.invoke(DelegatingMethodAccessorImpl.java:43)&#xa;Caused by: com.kms.katalon.core.exception.StepFailedException: Object Object Repository/NewObject/DropDownSearchedDistrict not found&#xa;	at com.kms.katalon.core.mobile.keyword.internal.MobileKeywordMain.stepFailed(MobileKeywordMain.groovy:38)&#xa;	at com.kms.katalon.core.mobile.keyword.builtin.TapKeyword$_tap_closure1.doCall(TapKeyword.groovy:46)&#xa;	at com.kms.katalon.core.mobile.keyword.builtin.TapKeyword$_tap_closure1.call(TapKeyword.groovy)&#xa;	at com.kms.katalon.core.mobile.keyword.internal.MobileKeywordMain.runKeyword(MobileKeywordMain.groovy:19)&#xa;	... 20 more&#xa;"/>
         <system-out><![CDATA[27-03-2024T14:48:34 - [TEST_CASE][FAILED] - Test Cases/TC/TC_04 -Add Influencer: Test Cases/TC/TC_04 -Add Influencer FAILED.
Reason:
com.kms.katalon.core.exception.StepFailedException: Failed to tap on element 'Object Repository/NewObject/DropDownSearchedDistrict'
	at com.kms.katalon.core.mobile.keyword.internal.MobileKeywordMain.stepFailed(MobileKeywordMain.groovy:38)
	at com.kms.katalon.core.mobile.keyword.internal.MobileKeywordMain.runKeyword(MobileKeywordMain.groovy:21)
	at com.kms.katalon.core.mobile.keyword.builtin.TapKeyword.tap(TapKeyword.groovy:51)
	at com.kms.katalon.core.mobile.keyword.builtin.TapKeyword.execute(TapKeyword.groovy:35)
	at com.kms.katalon.core.keyword.internal.KeywordExecutor.executeKeywordForPlatform(KeywordExecutor.groovy:74)
	at com.kms.katalon.core.mobile.keyword.MobileBuiltInKeywords.tap(MobileBuiltInKeywords.groovy:1476)
	at TC_04 -Add Influencer.run(TC_04 -Add Influencer:113)
	at com.kms.katalon.core.main.ScriptEngine.run(ScriptEngine.java:194)
	at com.kms.katalon.core.main.ScriptEngine.runScriptAsRawText(ScriptEngine.java:119)
	at com.kms.katalon.core.main.TestCaseExecutor.runScript(TestCaseExecutor.java:448)
	at com.kms.katalon.core.main.TestCaseExecutor.doExecute(TestCaseExecutor.java:439)
	at com.kms.katalon.core.main.TestCaseExecutor.processExecutionPhase(TestCaseExecutor.java:418)
	at com.kms.katalon.core.main.TestCaseExecutor.accessMainPhase(TestCaseExecutor.java:410)
	at com.kms.katalon.core.main.TestCaseExecutor.execute(TestCaseExecutor.java:285)
	at com.kms.katalon.core.common.CommonExecutor.accessTestCaseMainPhase(CommonExecutor.java:65)
	at com.kms.katalon.core.main.TestSuiteExecutor.accessTestSuiteMainPhase(TestSuiteExecutor.java:148)
	at com.kms.katalon.core.main.TestSuiteExecutor.execute(TestSuiteExecutor.java:106)
	at com.kms.katalon.core.main.TestCaseMain.startTestSuite(TestCaseMain.java:180)
	at TempTestSuite1711530588004.run(TempTestSuite1711530588004.groovy:35)
	at java.base/jdk.internal.reflect.NativeMethodAccessorImpl.invoke0(Native Method)
	at java.base/jdk.internal.reflect.NativeMethodAccessorImpl.invoke(NativeMethodAccessorImpl.java:77)
	at java.base/jdk.internal.reflect.DelegatingMethodAccessorImpl.invoke(DelegatingMethodAccessorImpl.java:43)
Caused by: com.kms.katalon.core.exception.StepFailedException: Object Object Repository/NewObject/DropDownSearchedDistrict not found
	at com.kms.katalon.core.mobile.keyword.internal.MobileKeywordMain.stepFailed(MobileKeywordMain.groovy:38)
	at com.kms.katalon.core.mobile.keyword.builtin.TapKeyword$_tap_closure1.doCall(TapKeyword.groovy:46)
	at com.kms.katalon.core.mobile.keyword.builtin.TapKeyword$_tap_closure1.call(TapKeyword.groovy)
	at com.kms.katalon.core.mobile.keyword.internal.MobileKeywordMain.runKeyword(MobileKeywordMain.groovy:19)
	... 20 more


27-03-2024T14:48:34 - [TEST_STEP][PASSED] - callTestCase(findTestCase("CommenWorkflows/Login"), ["Str_URL":"C:\Users\sushil.gaikwad\git\EguruSmart1\Application\app-release (4).apk", "Str_Username":"DUSER145", "Str_Password":"Soct#2023", ... ], STOP_ON_FAILURE): Call Test Case 'Test Cases/CommenWorkflows/Login' successfully

27-03-2024T14:48:34 - [TEST_CASE][PASSED] - Test Cases/CommenWorkflows/Login: Test Cases/CommenWorkflows/Login

27-03-2024T14:48:34 - [TEST_STEP][PASSED] - startApplication(Str_URL, false): Started app at: 'C:\Users\sushil.gaikwad\git\EguruSmart1\Application\app-release (4).apk'

27-03-2024T14:48:34 - [MESSAGE][INFO] - User set preference: ['deviceId', 'R9ZT10H9Y2L']

27-03-2024T14:48:50 - [MESSAGE][PASSED] - Started app at: 'C:\Users\sushil.gaikwad\git\EguruSmart1\Application\app-release (4).apk'

27-03-2024T14:48:50 - [TEST_STEP][PASSED] - Bool_Username = waitForElementPresent(findTestObject("LockScreen/UsernaneText"), 10): Object Object Repository/LockScreen/UsernaneText not found

27-03-2024T14:49:00 - [MESSAGE][WARNING] - Object Object Repository/LockScreen/UsernaneText not found

27-03-2024T14:49:00 - [TEST_STEP][PASSED] - if (Bool_Username == true): null

27-03-2024T14:49:00 - [TEST_STEP][PASSED] - else: Tapped on element 'Object Repository/LockScreen/LoginButton'

27-03-2024T14:49:00 - [TEST_STEP][PASSED] - tap(findTestObject("LockScreen/Tap1"), 0): Tapped on element 'Object Repository/LockScreen/Tap1'

27-03-2024T14:49:00 - [MESSAGE][WARNING] - Timeout '0' is invalid. Using default page load timeout: '30'

27-03-2024T14:49:09 - [MESSAGE][PASSED] - Tapped on element 'Object Repository/LockScreen/Tap1'

27-03-2024T14:49:09 - [TEST_STEP][PASSED] - setText(findTestObject("LockScreen/Text1"), "1", 0): Text '1' has been set to element 'Object Repository/LockScreen/Text1'

27-03-2024T14:49:09 - [MESSAGE][WARNING] - Timeout '0' is invalid. Using default page load timeout: '30'

27-03-2024T14:49:11 - [MESSAGE][PASSED] - Text '1' has been set to element 'Object Repository/LockScreen/Text1'

27-03-2024T14:49:11 - [TEST_STEP][PASSED] - setText(findTestObject("LockScreen/Text2"), "2", 0): Text '2' has been set to element 'Object Repository/LockScreen/Text2'

27-03-2024T14:49:11 - [MESSAGE][WARNING] - Timeout '0' is invalid. Using default page load timeout: '30'

27-03-2024T14:49:12 - [MESSAGE][PASSED] - Text '2' has been set to element 'Object Repository/LockScreen/Text2'

27-03-2024T14:49:12 - [TEST_STEP][PASSED] - setText(findTestObject("LockScreen/Text3"), "3", 0): Text '3' has been set to element 'Object Repository/LockScreen/Text3'

27-03-2024T14:49:13 - [MESSAGE][WARNING] - Timeout '0' is invalid. Using default page load timeout: '30'

27-03-2024T14:49:14 - [MESSAGE][PASSED] - Text '3' has been set to element 'Object Repository/LockScreen/Text3'

27-03-2024T14:49:14 - [TEST_STEP][PASSED] - setText(findTestObject("LockScreen/Text4"), "4", 0): Text '4' has been set to element 'Object Repository/LockScreen/Text4'

27-03-2024T14:49:14 - [MESSAGE][WARNING] - Timeout '0' is invalid. Using default page load timeout: '30'

27-03-2024T14:49:16 - [MESSAGE][PASSED] - Text '4' has been set to element 'Object Repository/LockScreen/Text4'

27-03-2024T14:49:16 - [TEST_STEP][PASSED] - tap(findTestObject("LockScreen/LoginButton"), 0): Tapped on element 'Object Repository/LockScreen/LoginButton'

27-03-2024T14:49:16 - [MESSAGE][WARNING] - Timeout '0' is invalid. Using default page load timeout: '30'

27-03-2024T14:49:19 - [MESSAGE][PASSED] - Tapped on element 'Object Repository/LockScreen/LoginButton'

27-03-2024T14:49:19 - [MESSAGE][PASSED] - Call Test Case 'Test Cases/CommenWorkflows/Login' successfully

27-03-2024T14:49:19 - [TEST_STEP][PASSED] - verifyElementExist(findTestObject("TataMotars/HomeButton"), 10): Element 'Object Repository/TataMotars/HomeButton' is exist

27-03-2024T14:49:19 - [MESSAGE][PASSED] - Element 'Object Repository/TataMotars/HomeButton' is exist

27-03-2024T14:49:19 - [TEST_STEP][PASSED] - tap(findTestObject("TataMotars/PluseButton"), 0): Tapped on element 'Object Repository/TataMotars/PluseButton'

27-03-2024T14:49:19 - [MESSAGE][WARNING] - Timeout '0' is invalid. Using default page load timeout: '30'

27-03-2024T14:49:21 - [MESSAGE][PASSED] - Tapped on element 'Object Repository/TataMotars/PluseButton'

27-03-2024T14:49:21 - [TEST_STEP][PASSED] - bool_Opportunity = verifyElementExist(findTestObject("TataMotars/Pluse Button/OpportunityButton"), 0): Element 'Object Repository/TataMotars/Pluse Button/OpportunityButton' is exist

27-03-2024T14:49:21 - [MESSAGE][WARNING] - Timeout '0' is invalid. Using default page load timeout: '30'

27-03-2024T14:49:22 - [MESSAGE][PASSED] - Element 'Object Repository/TataMotars/Pluse Button/OpportunityButton' is exist

27-03-2024T14:49:22 - [TEST_STEP][PASSED] - bool_Account = verifyElementExist(findTestObject("TataMotars/Pluse Button/Account"), 0): Element 'Object Repository/TataMotars/Pluse Button/Account' is exist

27-03-2024T14:49:22 - [MESSAGE][WARNING] - Timeout '0' is invalid. Using default page load timeout: '30'

27-03-2024T14:49:22 - [MESSAGE][PASSED] - Element 'Object Repository/TataMotars/Pluse Button/Account' is exist

27-03-2024T14:49:22 - [TEST_STEP][PASSED] - bool_Customer = verifyElementExist(findTestObject("TataMotars/Pluse Button/Customer"), 0): Element 'Object Repository/TataMotars/Pluse Button/Customer' is exist

27-03-2024T14:49:22 - [MESSAGE][WARNING] - Timeout '0' is invalid. Using default page load timeout: '30'

27-03-2024T14:49:22 - [MESSAGE][PASSED] - Element 'Object Repository/TataMotars/Pluse Button/Customer' is exist

27-03-2024T14:49:22 - [TEST_STEP][PASSED] - bool_Influencer = verifyElementExist(findTestObject("TataMotars/Pluse Button/Influencer"), 0): Element 'Object Repository/TataMotars/Pluse Button/Influencer' is exist

27-03-2024T14:49:22 - [MESSAGE][WARNING] - Timeout '0' is invalid. Using default page load timeout: '30'

27-03-2024T14:49:22 - [MESSAGE][PASSED] - Element 'Object Repository/TataMotars/Pluse Button/Influencer' is exist

27-03-2024T14:49:22 - [TEST_STEP][PASSED] - bool_FollowUp = verifyElementExist(findTestObject("TataMotars/Pluse Button/Follow Up"), 0): Element 'Object Repository/TataMotars/Pluse Button/Follow Up' is exist

27-03-2024T14:49:23 - [MESSAGE][WARNING] - Timeout '0' is invalid. Using default page load timeout: '30'

27-03-2024T14:49:23 - [MESSAGE][PASSED] - Element 'Object Repository/TataMotars/Pluse Button/Follow Up' is exist

27-03-2024T14:49:23 - [TEST_STEP][PASSED] - bool_Opportunity && bool_Account && bool_Customer && bool_Influencer && bool_FollowUp == false: null

27-03-2024T14:49:23 - [TEST_STEP][PASSED] - takeScreenshot(): Screenshot is taken

27-03-2024T14:49:25 - [MESSAGE][PASSED] - Screenshot is taken
[[ATTACHMENT|C:\\Users\\sushil.gaikwad\\git\\EguruSmart1\\Reports\\20240327_143948\\TataMotors\\20240327_143948\\1711531163292.png]]

27-03-2024T14:49:25 - [TEST_STEP][PASSED] - tap(findTestObject("TataMotars/Pluse Button/Influencer"), 3): Tapped on element 'Object Repository/TataMotars/Pluse Button/Influencer'

27-03-2024T14:49:25 - [MESSAGE][PASSED] - Tapped on element 'Object Repository/TataMotars/Pluse Button/Influencer'

27-03-2024T14:49:25 - [TEST_STEP][PASSED] - bool_PrimaryDetails = verifyElementExist(findTestObject("Primery Details/Primary Details"), 10): Element 'Object Repository/Primery Details/Primary Details' is exist

27-03-2024T14:49:26 - [MESSAGE][PASSED] - Element 'Object Repository/Primery Details/Primary Details' is exist

27-03-2024T14:49:26 - [TEST_STEP][PASSED] - bool_PrimaryDetails == true: null

27-03-2024T14:49:26 - [TEST_STEP][PASSED] - takeScreenshot(): Screenshot is taken

27-03-2024T14:49:29 - [MESSAGE][PASSED] - Screenshot is taken
[[ATTACHMENT|C:\\Users\\sushil.gaikwad\\git\\EguruSmart1\\Reports\\20240327_143948\\TataMotors\\20240327_143948\\1711531166820.png]]

27-03-2024T14:49:29 - [TEST_STEP][PASSED] - tap(findTestObject("Primery Details/FirstName"), 0): Tapped on element 'Object Repository/Primery Details/FirstName'

27-03-2024T14:49:29 - [MESSAGE][WARNING] - Timeout '0' is invalid. Using default page load timeout: '30'

27-03-2024T14:49:31 - [MESSAGE][PASSED] - Tapped on element 'Object Repository/Primery Details/FirstName'

27-03-2024T14:49:31 - [TEST_STEP][PASSED] - setText(findTestObject("Primery Details/FirstName"), str_FirstName, 0): Text 'Step1' has been set to element 'Object Repository/Primery Details/FirstName'

27-03-2024T14:49:31 - [MESSAGE][WARNING] - Timeout '0' is invalid. Using default page load timeout: '30'

27-03-2024T14:49:33 - [MESSAGE][PASSED] - Text 'Step1' has been set to element 'Object Repository/Primery Details/FirstName'

27-03-2024T14:49:33 - [TEST_STEP][PASSED] - hideKeyboard(): Keyboard is hidden

27-03-2024T14:49:35 - [MESSAGE][PASSED] - Keyboard is hidden

27-03-2024T14:49:35 - [TEST_STEP][PASSED] - tap(findTestObject("Primery Details/LastName"), 0): Tapped on element 'Object Repository/Primery Details/LastName'

27-03-2024T14:49:35 - [MESSAGE][WARNING] - Timeout '0' is invalid. Using default page load timeout: '30'

27-03-2024T14:49:36 - [MESSAGE][PASSED] - Tapped on element 'Object Repository/Primery Details/LastName'

27-03-2024T14:49:36 - [TEST_STEP][PASSED] - setText(findTestObject("Primery Details/LastName"), str_LastName, 0): Text 'Test1' has been set to element 'Object Repository/Primery Details/LastName'

27-03-2024T14:49:36 - [MESSAGE][WARNING] - Timeout '0' is invalid. Using default page load timeout: '30'

27-03-2024T14:49:38 - [MESSAGE][PASSED] - Text 'Test1' has been set to element 'Object Repository/Primery Details/LastName'

27-03-2024T14:49:38 - [TEST_STEP][PASSED] - hideKeyboard(): Keyboard is hidden

27-03-2024T14:49:40 - [MESSAGE][PASSED] - Keyboard is hidden

27-03-2024T14:49:40 - [TEST_STEP][PASSED] - tap(findTestObject("Primery Details/MobileNumber"), 0): Tapped on element 'Object Repository/Primery Details/MobileNumber'

27-03-2024T14:49:40 - [MESSAGE][WARNING] - Timeout '0' is invalid. Using default page load timeout: '30'

27-03-2024T14:49:41 - [MESSAGE][PASSED] - Tapped on element 'Object Repository/Primery Details/MobileNumber'

27-03-2024T14:49:41 - [TEST_STEP][PASSED] - setText(findTestObject("Primery Details/MobileNumber"), str_MobileNumber, 0): Text '9976888963' has been set to element 'Object Repository/Primery Details/MobileNumber'

27-03-2024T14:49:42 - [MESSAGE][WARNING] - Timeout '0' is invalid. Using default page load timeout: '30'

27-03-2024T14:49:44 - [MESSAGE][PASSED] - Text '9976888963' has been set to element 'Object Repository/Primery Details/MobileNumber'

27-03-2024T14:49:44 - [TEST_STEP][PASSED] - hideKeyboard(): Keyboard is hidden

27-03-2024T14:49:48 - [MESSAGE][PASSED] - Keyboard is hidden

27-03-2024T14:49:48 - [TEST_STEP][PASSED] - takeScreenshot(): Screenshot is taken

27-03-2024T14:49:50 - [MESSAGE][PASSED] - Screenshot is taken
[[ATTACHMENT|C:\\Users\\sushil.gaikwad\\git\\EguruSmart1\\Reports\\20240327_143948\\TataMotors\\20240327_143948\\1711531188320.png]]

27-03-2024T14:49:50 - [TEST_STEP][PASSED] - Bool_BackButton = waitForElementPresent(findTestObject("Create Customer/Back Button"), 0): Element 'Object Repository/Create Customer/Back Button' is present

27-03-2024T14:49:50 - [MESSAGE][WARNING] - Timeout '0' is invalid. Using default page load timeout: '30'

27-03-2024T14:49:50 - [MESSAGE][PASSED] - Element 'Object Repository/Create Customer/Back Button' is present

27-03-2024T14:49:50 - [TEST_STEP][PASSED] - Bool_NextButton = waitForElementPresent(findTestObject("Vehicle information/NextButton"), 0): Element 'Object Repository/Vehicle information/NextButton' is present

27-03-2024T14:49:50 - [MESSAGE][WARNING] - Timeout '0' is invalid. Using default page load timeout: '30'

27-03-2024T14:49:50 - [MESSAGE][PASSED] - Element 'Object Repository/Vehicle information/NextButton' is present

27-03-2024T14:49:50 - [TEST_STEP][PASSED] - Bool_BackButton && Bool_NextButton == true: null

27-03-2024T14:49:50 - [TEST_STEP][PASSED] - takeScreenshot(): Screenshot is taken

27-03-2024T14:49:52 - [MESSAGE][PASSED] - Screenshot is taken
[[ATTACHMENT|C:\\Users\\sushil.gaikwad\\git\\EguruSmart1\\Reports\\20240327_143948\\TataMotors\\20240327_143948\\1711531190913.png]]

27-03-2024T14:49:52 - [TEST_STEP][PASSED] - tap(findTestObject("Primery Details/Enter InfluencerType"), 0): Tapped on element 'Object Repository/Primery Details/Enter InfluencerType'

27-03-2024T14:49:52 - [MESSAGE][WARNING] - Timeout '0' is invalid. Using default page load timeout: '30'

27-03-2024T14:49:53 - [MESSAGE][PASSED] - Tapped on element 'Object Repository/Primery Details/Enter InfluencerType'

27-03-2024T14:49:53 - [TEST_STEP][PASSED] - sendKeys(findTestObject("Create Customer/Influencer Type"), str_InfluencerType, STOP_ON_FAILURE): Send keys 'Advertisement' on test object 'Object Repository/Create Customer/Influencer Type' successfully.

27-03-2024T14:49:55 - [MESSAGE][PASSED] - Send keys 'Advertisement' on test object 'Object Repository/Create Customer/Influencer Type' successfully.

27-03-2024T14:49:55 - [TEST_STEP][PASSED] - hideKeyboard(): Keyboard is hidden

27-03-2024T14:49:57 - [MESSAGE][PASSED] - Keyboard is hidden

27-03-2024T14:49:57 - [TEST_STEP][PASSED] - takeScreenshot(): Screenshot is taken

27-03-2024T14:49:59 - [MESSAGE][PASSED] - Screenshot is taken
[[ATTACHMENT|C:\\Users\\sushil.gaikwad\\git\\EguruSmart1\\Reports\\20240327_143948\\TataMotors\\20240327_143948\\1711531197891.png]]

27-03-2024T14:49:59 - [TEST_STEP][PASSED] - tap(findTestObject("Primery Details/Address Details/NextButton"), 0): Tapped on element 'Object Repository/Primery Details/Address Details/NextButton'

27-03-2024T14:49:59 - [MESSAGE][WARNING] - Timeout '0' is invalid. Using default page load timeout: '30'

27-03-2024T14:50:01 - [MESSAGE][PASSED] - Tapped on element 'Object Repository/Primery Details/Address Details/NextButton'

27-03-2024T14:50:01 - [TEST_STEP][PASSED] - bool_Pincode = verifyElementExist(findTestObject("Primery Details/Address Details/Pincode"), 10): Element 'Object Repository/Primery Details/Address Details/Pincode' is exist

27-03-2024T14:50:07 - [MESSAGE][PASSED] - Element 'Object Repository/Primery Details/Address Details/Pincode' is exist

27-03-2024T14:50:07 - [TEST_STEP][PASSED] - bool_Pincode == true: null

27-03-2024T14:50:07 - [TEST_STEP][PASSED] - takeScreenshot(): Screenshot is taken

27-03-2024T14:50:09 - [MESSAGE][PASSED] - Screenshot is taken
[[ATTACHMENT|C:\\Users\\sushil.gaikwad\\git\\EguruSmart1\\Reports\\20240327_143948\\TataMotors\\20240327_143948\\1711531207313.png]]

27-03-2024T14:50:09 - [TEST_STEP][PASSED] - tap(findTestObject("Primery Details/Address Details/Pincode"), 0, STOP_ON_FAILURE): Tapped on element 'Object Repository/Primery Details/Address Details/Pincode'

27-03-2024T14:50:09 - [MESSAGE][WARNING] - Timeout '0' is invalid. Using default page load timeout: '30'

27-03-2024T14:50:12 - [MESSAGE][PASSED] - Tapped on element 'Object Repository/Primery Details/Address Details/Pincode'

27-03-2024T14:50:12 - [TEST_STEP][PASSED] - setText(findTestObject("Primery Details/Address Details/Pincode"), str_Pincode, 0): Text '795149' has been set to element 'Object Repository/Primery Details/Address Details/Pincode'

27-03-2024T14:50:12 - [MESSAGE][WARNING] - Timeout '0' is invalid. Using default page load timeout: '30'

27-03-2024T14:50:14 - [MESSAGE][PASSED] - Text '795149' has been set to element 'Object Repository/Primery Details/Address Details/Pincode'

27-03-2024T14:50:14 - [TEST_STEP][PASSED] - Bool_PinCode = waitForElementPresent(findTestObject("Address details/ClickPincodeNo"), 5): Object Object Repository/Address details/ClickPincodeNo not found

27-03-2024T14:50:19 - [MESSAGE][WARNING] - Object Object Repository/Address details/ClickPincodeNo not found

27-03-2024T14:50:19 - [TEST_STEP][PASSED] - if (Bool_PinCode == true): null

27-03-2024T14:50:19 - [TEST_STEP][PASSED] - hideKeyboard(): Keyboard is hidden

27-03-2024T14:50:22 - [MESSAGE][PASSED] - Keyboard is hidden

27-03-2024T14:50:22 - [TEST_STEP][PASSED] - tap(findTestObject("NewObject/DropDownDistrict"), 0, STOP_ON_FAILURE): Tapped on element 'Object Repository/NewObject/DropDownDistrict'

27-03-2024T14:50:22 - [MESSAGE][WARNING] - Timeout '0' is invalid. Using default page load timeout: '30'

27-03-2024T14:50:23 - [MESSAGE][PASSED] - Tapped on element 'Object Repository/NewObject/DropDownDistrict'

27-03-2024T14:50:23 - [TEST_STEP][FAILED] - tap(findTestObject("NewObject/DropDownSearchedDistrict"), 0, STOP_ON_FAILURE): Failed to tap on element 'Object Repository/NewObject/DropDownSearchedDistrict' (Root cause: com.kms.katalon.core.exception.StepFailedException: Failed to tap on element 'Object Repository/NewObject/DropDownSearchedDistrict'
	at com.kms.katalon.core.mobile.keyword.internal.MobileKeywordMain.stepFailed(MobileKeywordMain.groovy:38)
	at com.kms.katalon.core.mobile.keyword.internal.MobileKeywordMain.runKeyword(MobileKeywordMain.groovy:21)
	at com.kms.katalon.core.mobile.keyword.builtin.TapKeyword.tap(TapKeyword.groovy:51)
	at com.kms.katalon.core.mobile.keyword.builtin.TapKeyword.execute(TapKeyword.groovy:35)
	at com.kms.katalon.core.keyword.internal.KeywordExecutor.executeKeywordForPlatform(KeywordExecutor.groovy:74)
	at com.kms.katalon.core.mobile.keyword.MobileBuiltInKeywords.tap(MobileBuiltInKeywords.groovy:1476)
	at TC_04 -Add Influencer.run(TC_04 -Add Influencer:113)
	at com.kms.katalon.core.main.ScriptEngine.run(ScriptEngine.java:194)
	at com.kms.katalon.core.main.ScriptEngine.runScriptAsRawText(ScriptEngine.java:119)
	at com.kms.katalon.core.main.TestCaseExecutor.runScript(TestCaseExecutor.java:448)
	at com.kms.katalon.core.main.TestCaseExecutor.doExecute(TestCaseExecutor.java:439)
	at com.kms.katalon.core.main.TestCaseExecutor.processExecutionPhase(TestCaseExecutor.java:418)
	at com.kms.katalon.core.main.TestCaseExecutor.accessMainPhase(TestCaseExecutor.java:410)
	at com.kms.katalon.core.main.TestCaseExecutor.execute(TestCaseExecutor.java:285)
	at com.kms.katalon.core.common.CommonExecutor.accessTestCaseMainPhase(CommonExecutor.java:65)
	at com.kms.katalon.core.main.TestSuiteExecutor.accessTestSuiteMainPhase(TestSuiteExecutor.java:148)
	at com.kms.katalon.core.main.TestSuiteExecutor.execute(TestSuiteExecutor.java:106)
	at com.kms.katalon.core.main.TestCaseMain.startTestSuite(TestCaseMain.java:180)
	at TempTestSuite1711530588004.run(TempTestSuite1711530588004.groovy:35)
	at java.base/jdk.internal.reflect.NativeMethodAccessorImpl.invoke0(Native Method)
	at java.base/jdk.internal.reflect.NativeMethodAccessorImpl.invoke(NativeMethodAccessorImpl.java:77)
	at java.base/jdk.internal.reflect.DelegatingMethodAccessorImpl.invoke(DelegatingMethodAccessorImpl.java:43)
Caused by: com.kms.katalon.core.exception.StepFailedException: Object Object Repository/NewObject/DropDownSearchedDistrict not found
	at com.kms.katalon.core.mobile.keyword.internal.MobileKeywordMain.stepFailed(MobileKeywordMain.groovy:38)
	at com.kms.katalon.core.mobile.keyword.builtin.TapKeyword$_tap_closure1.doCall(TapKeyword.groovy:46)
	at com.kms.katalon.core.mobile.keyword.builtin.TapKeyword$_tap_closure1.call(TapKeyword.groovy)
	at com.kms.katalon.core.mobile.keyword.internal.MobileKeywordMain.runKeyword(MobileKeywordMain.groovy:19)
	... 20 more
)

27-03-2024T14:50:23 - [MESSAGE][WARNING] - Timeout '0' is invalid. Using default page load timeout: '30'

27-03-2024T14:50:55 - [MESSAGE][FAILED] - Object Object Repository/NewObject/DropDownSearchedDistrict not found (Root cause: com.kms.katalon.core.exception.StepFailedException: Object Object Repository/NewObject/DropDownSearchedDistrict not found
	at com.kms.katalon.core.mobile.keyword.internal.MobileKeywordMain.stepFailed(MobileKeywordMain.groovy:38)
	at com.kms.katalon.core.mobile.keyword.builtin.TapKeyword$_tap_closure1.doCall(TapKeyword.groovy:46)
	at com.kms.katalon.core.mobile.keyword.builtin.TapKeyword$_tap_closure1.call(TapKeyword.groovy)
	at com.kms.katalon.core.mobile.keyword.internal.MobileKeywordMain.runKeyword(MobileKeywordMain.groovy:19)
	at com.kms.katalon.core.mobile.keyword.builtin.TapKeyword.tap(TapKeyword.groovy:51)
	at com.kms.katalon.core.mobile.keyword.builtin.TapKeyword.execute(TapKeyword.groovy:35)
	at com.kms.katalon.core.keyword.internal.KeywordExecutor.executeKeywordForPlatform(KeywordExecutor.groovy:74)
	at com.kms.katalon.core.mobile.keyword.MobileBuiltInKeywords.tap(MobileBuiltInKeywords.groovy:1476)
	at TC_04 -Add Influencer.run(TC_04 -Add Influencer:113)
	at com.kms.katalon.core.main.ScriptEngine.run(ScriptEngine.java:194)
	at com.kms.katalon.core.main.ScriptEngine.runScriptAsRawText(ScriptEngine.java:119)
	at com.kms.katalon.core.main.TestCaseExecutor.runScript(TestCaseExecutor.java:448)
	at com.kms.katalon.core.main.TestCaseExecutor.doExecute(TestCaseExecutor.java:439)
	at com.kms.katalon.core.main.TestCaseExecutor.processExecutionPhase(TestCaseExecutor.java:418)
	at com.kms.katalon.core.main.TestCaseExecutor.accessMainPhase(TestCaseExecutor.java:410)
	at com.kms.katalon.core.main.TestCaseExecutor.execute(TestCaseExecutor.java:285)
	at com.kms.katalon.core.common.CommonExecutor.accessTestCaseMainPhase(CommonExecutor.java:65)
	at com.kms.katalon.core.main.TestSuiteExecutor.accessTestSuiteMainPhase(TestSuiteExecutor.java:148)
	at com.kms.katalon.core.main.TestSuiteExecutor.execute(TestSuiteExecutor.java:106)
	at com.kms.katalon.core.main.TestCaseMain.startTestSuite(TestCaseMain.java:180)
	at TempTestSuite1711530588004.run(TempTestSuite1711530588004.groovy:35)
	at java.base/jdk.internal.reflect.NativeMethodAccessorImpl.invoke0(Native Method)
	at java.base/jdk.internal.reflect.NativeMethodAccessorImpl.invoke(NativeMethodAccessorImpl.java:77)
	at java.base/jdk.internal.reflect.DelegatingMethodAccessorImpl.invoke(DelegatingMethodAccessorImpl.java:43)
)
[[ATTACHMENT|C:\\Users\\sushil.gaikwad\\git\\EguruSmart1\\Reports\\20240327_143948\\TataMotors\\20240327_143948\\1711531253797.png]]

27-03-2024T14:50:57 - [MESSAGE][FAILED] - Failed to tap on element 'Object Repository/NewObject/DropDownSearchedDistrict' (Root cause: com.kms.katalon.core.exception.StepFailedException: Failed to tap on element 'Object Repository/NewObject/DropDownSearchedDistrict'
	at com.kms.katalon.core.mobile.keyword.internal.MobileKeywordMain.stepFailed(MobileKeywordMain.groovy:38)
	at com.kms.katalon.core.mobile.keyword.internal.MobileKeywordMain.runKeyword(MobileKeywordMain.groovy:21)
	at com.kms.katalon.core.mobile.keyword.builtin.TapKeyword.tap(TapKeyword.groovy:51)
	at com.kms.katalon.core.mobile.keyword.builtin.TapKeyword.execute(TapKeyword.groovy:35)
	at com.kms.katalon.core.keyword.internal.KeywordExecutor.executeKeywordForPlatform(KeywordExecutor.groovy:74)
	at com.kms.katalon.core.mobile.keyword.MobileBuiltInKeywords.tap(MobileBuiltInKeywords.groovy:1476)
	at TC_04 -Add Influencer.run(TC_04 -Add Influencer:113)
	at com.kms.katalon.core.main.ScriptEngine.run(ScriptEngine.java:194)
	at com.kms.katalon.core.main.ScriptEngine.runScriptAsRawText(ScriptEngine.java:119)
	at com.kms.katalon.core.main.TestCaseExecutor.runScript(TestCaseExecutor.java:448)
	at com.kms.katalon.core.main.TestCaseExecutor.doExecute(TestCaseExecutor.java:439)
	at com.kms.katalon.core.main.TestCaseExecutor.processExecutionPhase(TestCaseExecutor.java:418)
	at com.kms.katalon.core.main.TestCaseExecutor.accessMainPhase(TestCaseExecutor.java:410)
	at com.kms.katalon.core.main.TestCaseExecutor.execute(TestCaseExecutor.java:285)
	at com.kms.katalon.core.common.CommonExecutor.accessTestCaseMainPhase(CommonExecutor.java:65)
	at com.kms.katalon.core.main.TestSuiteExecutor.accessTestSuiteMainPhase(TestSuiteExecutor.java:148)
	at com.kms.katalon.core.main.TestSuiteExecutor.execute(TestSuiteExecutor.java:106)
	at com.kms.katalon.core.main.TestCaseMain.startTestSuite(TestCaseMain.java:180)
	at TempTestSuite1711530588004.run(TempTestSuite1711530588004.groovy:35)
	at java.base/jdk.internal.reflect.NativeMethodAccessorImpl.invoke0(Native Method)
	at java.base/jdk.internal.reflect.NativeMethodAccessorImpl.invoke(NativeMethodAccessorImpl.java:77)
	at java.base/jdk.internal.reflect.DelegatingMethodAccessorImpl.invoke(DelegatingMethodAccessorImpl.java:43)
Caused by: com.kms.katalon.core.exception.StepFailedException: Object Object Repository/NewObject/DropDownSearchedDistrict not found
	at com.kms.katalon.core.mobile.keyword.internal.MobileKeywordMain.stepFailed(MobileKeywordMain.groovy:38)
	at com.kms.katalon.core.mobile.keyword.builtin.TapKeyword$_tap_closure1.doCall(TapKeyword.groovy:46)
	at com.kms.katalon.core.mobile.keyword.builtin.TapKeyword$_tap_closure1.call(TapKeyword.groovy)
	at com.kms.katalon.core.mobile.keyword.internal.MobileKeywordMain.runKeyword(MobileKeywordMain.groovy:19)
	... 20 more
)
[[ATTACHMENT|C:\\Users\\sushil.gaikwad\\git\\EguruSmart1\\Reports\\20240327_143948\\TataMotors\\20240327_143948\\1711531255461.png]]]]></system-out>
         <system-err><![CDATA[27-03-2024T14:48:34 - [TEST_CASE][FAILED] - Test Cases/TC/TC_04 -Add Influencer: Test Cases/TC/TC_04 -Add Influencer FAILED.
Reason:
com.kms.katalon.core.exception.StepFailedException: Failed to tap on element 'Object Repository/NewObject/DropDownSearchedDistrict'
	at com.kms.katalon.core.mobile.keyword.internal.MobileKeywordMain.stepFailed(MobileKeywordMain.groovy:38)
	at com.kms.katalon.core.mobile.keyword.internal.MobileKeywordMain.runKeyword(MobileKeywordMain.groovy:21)
	at com.kms.katalon.core.mobile.keyword.builtin.TapKeyword.tap(TapKeyword.groovy:51)
	at com.kms.katalon.core.mobile.keyword.builtin.TapKeyword.execute(TapKeyword.groovy:35)
	at com.kms.katalon.core.keyword.internal.KeywordExecutor.executeKeywordForPlatform(KeywordExecutor.groovy:74)
	at com.kms.katalon.core.mobile.keyword.MobileBuiltInKeywords.tap(MobileBuiltInKeywords.groovy:1476)
	at TC_04 -Add Influencer.run(TC_04 -Add Influencer:113)
	at com.kms.katalon.core.main.ScriptEngine.run(ScriptEngine.java:194)
	at com.kms.katalon.core.main.ScriptEngine.runScriptAsRawText(ScriptEngine.java:119)
	at com.kms.katalon.core.main.TestCaseExecutor.runScript(TestCaseExecutor.java:448)
	at com.kms.katalon.core.main.TestCaseExecutor.doExecute(TestCaseExecutor.java:439)
	at com.kms.katalon.core.main.TestCaseExecutor.processExecutionPhase(TestCaseExecutor.java:418)
	at com.kms.katalon.core.main.TestCaseExecutor.accessMainPhase(TestCaseExecutor.java:410)
	at com.kms.katalon.core.main.TestCaseExecutor.execute(TestCaseExecutor.java:285)
	at com.kms.katalon.core.common.CommonExecutor.accessTestCaseMainPhase(CommonExecutor.java:65)
	at com.kms.katalon.core.main.TestSuiteExecutor.accessTestSuiteMainPhase(TestSuiteExecutor.java:148)
	at com.kms.katalon.core.main.TestSuiteExecutor.execute(TestSuiteExecutor.java:106)
	at com.kms.katalon.core.main.TestCaseMain.startTestSuite(TestCaseMain.java:180)
	at TempTestSuite1711530588004.run(TempTestSuite1711530588004.groovy:35)
	at java.base/jdk.internal.reflect.NativeMethodAccessorImpl.invoke0(Native Method)
	at java.base/jdk.internal.reflect.NativeMethodAccessorImpl.invoke(NativeMethodAccessorImpl.java:77)
	at java.base/jdk.internal.reflect.DelegatingMethodAccessorImpl.invoke(DelegatingMethodAccessorImpl.java:43)
Caused by: com.kms.katalon.core.exception.StepFailedException: Object Object Repository/NewObject/DropDownSearchedDistrict not found
	at com.kms.katalon.core.mobile.keyword.internal.MobileKeywordMain.stepFailed(MobileKeywordMain.groovy:38)
	at com.kms.katalon.core.mobile.keyword.builtin.TapKeyword$_tap_closure1.doCall(TapKeyword.groovy:46)
	at com.kms.katalon.core.mobile.keyword.builtin.TapKeyword$_tap_closure1.call(TapKeyword.groovy)
	at com.kms.katalon.core.mobile.keyword.internal.MobileKeywordMain.runKeyword(MobileKeywordMain.groovy:19)
	... 20 more]]></system-err>
      </testcase>
      <testcase name="Test Cases/TC/TC_05 - Follow up Already Scheduled" time="126.711" classname="Test Cases/TC/TC_05 - Follow up Already Scheduled" status="PASSED">
         <system-out><![CDATA[27-03-2024T14:50:57 - [TEST_CASE][PASSED] - Test Cases/TC/TC_05 - Follow up Already Scheduled: Test Cases/TC/TC_05 - Follow up Already Scheduled

27-03-2024T14:50:57 - [TEST_STEP][PASSED] - callTestCase(findTestCase("CommenWorkflows/Login"), ["Str_URL":"C:\Users\sushil.gaikwad\git\EguruSmart1\Application\app-release (4).apk", "Str_Username":"DUSER145", "Str_Password":"Soct#2023", ... ], STOP_ON_FAILURE): Call Test Case 'Test Cases/CommenWorkflows/Login' successfully

27-03-2024T14:50:57 - [TEST_CASE][PASSED] - Test Cases/CommenWorkflows/Login: Test Cases/CommenWorkflows/Login

27-03-2024T14:50:57 - [TEST_STEP][PASSED] - startApplication(Str_URL, false): Started app at: 'C:\Users\sushil.gaikwad\git\EguruSmart1\Application\app-release (4).apk'

27-03-2024T14:50:57 - [MESSAGE][INFO] - User set preference: ['deviceId', 'R9ZT10H9Y2L']

27-03-2024T14:51:12 - [MESSAGE][PASSED] - Started app at: 'C:\Users\sushil.gaikwad\git\EguruSmart1\Application\app-release (4).apk'

27-03-2024T14:51:12 - [TEST_STEP][PASSED] - Bool_Username = waitForElementPresent(findTestObject("LockScreen/UsernaneText"), 10): Object Object Repository/LockScreen/UsernaneText not found

27-03-2024T14:51:23 - [MESSAGE][WARNING] - Object Object Repository/LockScreen/UsernaneText not found

27-03-2024T14:51:23 - [TEST_STEP][PASSED] - if (Bool_Username == true): null

27-03-2024T14:51:23 - [TEST_STEP][PASSED] - else: Tapped on element 'Object Repository/LockScreen/LoginButton'

27-03-2024T14:51:23 - [TEST_STEP][PASSED] - tap(findTestObject("LockScreen/Tap1"), 0): Tapped on element 'Object Repository/LockScreen/Tap1'

27-03-2024T14:51:23 - [MESSAGE][WARNING] - Timeout '0' is invalid. Using default page load timeout: '30'

27-03-2024T14:51:31 - [MESSAGE][PASSED] - Tapped on element 'Object Repository/LockScreen/Tap1'

27-03-2024T14:51:31 - [TEST_STEP][PASSED] - setText(findTestObject("LockScreen/Text1"), "1", 0): Text '1' has been set to element 'Object Repository/LockScreen/Text1'

27-03-2024T14:51:32 - [MESSAGE][WARNING] - Timeout '0' is invalid. Using default page load timeout: '30'

27-03-2024T14:51:34 - [MESSAGE][PASSED] - Text '1' has been set to element 'Object Repository/LockScreen/Text1'

27-03-2024T14:51:34 - [TEST_STEP][PASSED] - setText(findTestObject("LockScreen/Text2"), "2", 0): Text '2' has been set to element 'Object Repository/LockScreen/Text2'

27-03-2024T14:51:34 - [MESSAGE][WARNING] - Timeout '0' is invalid. Using default page load timeout: '30'

27-03-2024T14:51:35 - [MESSAGE][PASSED] - Text '2' has been set to element 'Object Repository/LockScreen/Text2'

27-03-2024T14:51:35 - [TEST_STEP][PASSED] - setText(findTestObject("LockScreen/Text3"), "3", 0): Text '3' has been set to element 'Object Repository/LockScreen/Text3'

27-03-2024T14:51:35 - [MESSAGE][WARNING] - Timeout '0' is invalid. Using default page load timeout: '30'

27-03-2024T14:51:37 - [MESSAGE][PASSED] - Text '3' has been set to element 'Object Repository/LockScreen/Text3'

27-03-2024T14:51:37 - [TEST_STEP][PASSED] - setText(findTestObject("LockScreen/Text4"), "4", 0): Text '4' has been set to element 'Object Repository/LockScreen/Text4'

27-03-2024T14:51:37 - [MESSAGE][WARNING] - Timeout '0' is invalid. Using default page load timeout: '30'

27-03-2024T14:51:39 - [MESSAGE][PASSED] - Text '4' has been set to element 'Object Repository/LockScreen/Text4'

27-03-2024T14:51:39 - [TEST_STEP][PASSED] - tap(findTestObject("LockScreen/LoginButton"), 0): Tapped on element 'Object Repository/LockScreen/LoginButton'

27-03-2024T14:51:39 - [MESSAGE][WARNING] - Timeout '0' is invalid. Using default page load timeout: '30'

27-03-2024T14:51:42 - [MESSAGE][PASSED] - Tapped on element 'Object Repository/LockScreen/LoginButton'

27-03-2024T14:51:42 - [MESSAGE][PASSED] - Call Test Case 'Test Cases/CommenWorkflows/Login' successfully

27-03-2024T14:51:42 - [TEST_STEP][PASSED] - Bool_Offline = waitForElementPresent(findTestObject("LockScreen/NewPin/Offline Master Sync"), 10): Object Object Repository/LockScreen/NewPin/Offline Master Sync not found

27-03-2024T14:51:52 - [MESSAGE][WARNING] - Object Object Repository/LockScreen/NewPin/Offline Master Sync not found

27-03-2024T14:51:52 - [TEST_STEP][PASSED] - if (Bool_Offline == true): null

27-03-2024T14:51:52 - [TEST_STEP][PASSED] - verifyElementExist(findTestObject("TataMotars/HomeButton"), 10): Element 'Object Repository/TataMotars/HomeButton' is exist

27-03-2024T14:51:52 - [MESSAGE][PASSED] - Element 'Object Repository/TataMotars/HomeButton' is exist

27-03-2024T14:51:52 - [TEST_STEP][PASSED] - tap(findTestObject("Home/Opportunities"), 0): Tapped on element 'Object Repository/Home/Opportunities'

27-03-2024T14:51:52 - [MESSAGE][WARNING] - Timeout '0' is invalid. Using default page load timeout: '30'

27-03-2024T14:51:53 - [MESSAGE][PASSED] - Tapped on element 'Object Repository/Home/Opportunities'

27-03-2024T14:51:53 - [TEST_STEP][PASSED] - tap(findTestObject("NewObject/CliKC1"), 30): Tapped on element 'Object Repository/NewObject/CliKC1'

27-03-2024T14:51:55 - [MESSAGE][PASSED] - Tapped on element 'Object Repository/NewObject/CliKC1'

27-03-2024T14:51:55 - [TEST_STEP][PASSED] - verifyElementExist(findTestObject("NewObject/C1 Summary"), 30): Element 'Object Repository/NewObject/C1 Summary' is exist

27-03-2024T14:51:57 - [MESSAGE][PASSED] - Element 'Object Repository/NewObject/C1 Summary' is exist

27-03-2024T14:51:57 - [TEST_STEP][PASSED] - takeScreenshot(): Screenshot is taken

27-03-2024T14:52:00 - [MESSAGE][PASSED] - Screenshot is taken
[[ATTACHMENT|C:\\Users\\sushil.gaikwad\\git\\EguruSmart1\\Reports\\20240327_143948\\TataMotors\\20240327_143948\\1711531317608.png]]

27-03-2024T14:52:00 - [TEST_STEP][PASSED] - tap(findTestObject("NewObject/CREATE C1A"), 0): Tapped on element 'Object Repository/NewObject/CREATE C1A'

27-03-2024T14:52:00 - [MESSAGE][WARNING] - Timeout '0' is invalid. Using default page load timeout: '30'

27-03-2024T14:52:01 - [MESSAGE][PASSED] - Tapped on element 'Object Repository/NewObject/CREATE C1A'

27-03-2024T14:52:01 - [TEST_STEP][PASSED] - tap(findTestObject("NewObject/PDORClick"), 0): Tapped on element 'Object Repository/NewObject/PDORClick'

27-03-2024T14:52:01 - [MESSAGE][WARNING] - Timeout '0' is invalid. Using default page load timeout: '30'

27-03-2024T14:52:03 - [MESSAGE][PASSED] - Tapped on element 'Object Repository/NewObject/PDORClick'

27-03-2024T14:52:03 - [TEST_STEP][PASSED] - verifyElementExist(findTestObject("NewObject/ADD PDOR"), 30): Element 'Object Repository/NewObject/ADD PDOR' is exist

27-03-2024T14:52:04 - [MESSAGE][PASSED] - Element 'Object Repository/NewObject/ADD PDOR' is exist

27-03-2024T14:52:04 - [TEST_STEP][PASSED] - takeScreenshot(): Screenshot is taken

27-03-2024T14:52:06 - [MESSAGE][PASSED] - Screenshot is taken
[[ATTACHMENT|C:\\Users\\sushil.gaikwad\\git\\EguruSmart1\\Reports\\20240327_143948\\TataMotors\\20240327_143948\\1711531324253.png]]

27-03-2024T14:52:06 - [TEST_STEP][PASSED] - tap(findTestObject("NewObject/ADD PDOR"), 0): Tapped on element 'Object Repository/NewObject/ADD PDOR'

27-03-2024T14:52:06 - [MESSAGE][WARNING] - Timeout '0' is invalid. Using default page load timeout: '30'

27-03-2024T14:52:07 - [MESSAGE][PASSED] - Tapped on element 'Object Repository/NewObject/ADD PDOR'

27-03-2024T14:52:07 - [TEST_STEP][PASSED] - tap(findTestObject("C1 Functionality/Most Likely to buy tata"), 0): Tapped on element 'Object Repository/C1 Functionality/Most Likely to buy tata'

27-03-2024T14:52:07 - [MESSAGE][WARNING] - Timeout '0' is invalid. Using default page load timeout: '30'

27-03-2024T14:52:08 - [MESSAGE][PASSED] - Tapped on element 'Object Repository/C1 Functionality/Most Likely to buy tata'

27-03-2024T14:52:08 - [TEST_STEP][PASSED] - tap(findTestObject("C1 Functionality/LikelyPurchaseDate"), 0): Tapped on element 'Object Repository/C1 Functionality/LikelyPurchaseDate'

27-03-2024T14:52:08 - [MESSAGE][WARNING] - Timeout '0' is invalid. Using default page load timeout: '30'

27-03-2024T14:52:10 - [MESSAGE][PASSED] - Tapped on element 'Object Repository/C1 Functionality/LikelyPurchaseDate'

27-03-2024T14:52:10 - [TEST_STEP][PASSED] - tap(findTestObject("C1 Functionality/OK"), 0): Tapped on element 'Object Repository/C1 Functionality/OK'

27-03-2024T14:52:10 - [MESSAGE][WARNING] - Timeout '0' is invalid. Using default page load timeout: '30'

27-03-2024T14:52:11 - [MESSAGE][PASSED] - Tapped on element 'Object Repository/C1 Functionality/OK'

27-03-2024T14:52:11 - [TEST_STEP][PASSED] - tap(findTestObject("C1 Functionality/PotentialDropOffReason"), 0): Tapped on element 'Object Repository/C1 Functionality/PotentialDropOffReason'

27-03-2024T14:52:11 - [MESSAGE][WARNING] - Timeout '0' is invalid. Using default page load timeout: '30'

27-03-2024T14:52:14 - [MESSAGE][PASSED] - Tapped on element 'Object Repository/C1 Functionality/PotentialDropOffReason'

27-03-2024T14:52:14 - [TEST_STEP][PASSED] - setText(findTestObject("C1 Functionality/PotentialDropOffReason"), str_PotentialDropOffReason, 0): Text 'Not eligible for Finance' has been set to element 'Object Repository/C1 Functionality/PotentialDropOffReason'

27-03-2024T14:52:14 - [MESSAGE][WARNING] - Timeout '0' is invalid. Using default page load timeout: '30'

27-03-2024T14:52:16 - [MESSAGE][PASSED] - Text 'Not eligible for Finance' has been set to element 'Object Repository/C1 Functionality/PotentialDropOffReason'

27-03-2024T14:52:16 - [TEST_STEP][PASSED] - tap(findTestObject("C1 Functionality/NotEligibleForFinance"), 0): Tapped on element 'Object Repository/C1 Functionality/NotEligibleForFinance'

27-03-2024T14:52:16 - [MESSAGE][WARNING] - Timeout '0' is invalid. Using default page load timeout: '30'

27-03-2024T14:52:17 - [MESSAGE][PASSED] - Tapped on element 'Object Repository/C1 Functionality/NotEligibleForFinance'

27-03-2024T14:52:17 - [TEST_STEP][PASSED] - tap(findTestObject("Vehicle information/NextButton"), 0): Tapped on element 'Object Repository/Vehicle information/NextButton'

27-03-2024T14:52:17 - [MESSAGE][WARNING] - Timeout '0' is invalid. Using default page load timeout: '30'

27-03-2024T14:52:18 - [MESSAGE][PASSED] - Tapped on element 'Object Repository/Vehicle information/NextButton'

27-03-2024T14:52:18 - [TEST_STEP][PASSED] - verifyElementExist(findTestObject("NewObject/Potential drop off reason"), 30): Element 'Object Repository/NewObject/Potential drop off reason' is exist

27-03-2024T14:52:19 - [MESSAGE][PASSED] - Element 'Object Repository/NewObject/Potential drop off reason' is exist

27-03-2024T14:52:19 - [TEST_STEP][PASSED] - takeScreenshot(): Screenshot is taken

27-03-2024T14:52:21 - [MESSAGE][PASSED] - Screenshot is taken
[[ATTACHMENT|C:\\Users\\sushil.gaikwad\\git\\EguruSmart1\\Reports\\20240327_143948\\TataMotors\\20240327_143948\\1711531339326.png]]

27-03-2024T14:52:21 - [TEST_STEP][PASSED] - tap(findTestObject("C1 Functionality/PotentialDropOffReason"), 0): Tapped on element 'Object Repository/C1 Functionality/PotentialDropOffReason'

27-03-2024T14:52:21 - [MESSAGE][WARNING] - Timeout '0' is invalid. Using default page load timeout: '30'

27-03-2024T14:52:23 - [MESSAGE][PASSED] - Tapped on element 'Object Repository/C1 Functionality/PotentialDropOffReason'

27-03-2024T14:52:23 - [TEST_STEP][PASSED] - setText(findTestObject("C1 Functionality/PotentialDropOffReason"), "CIBIL", 0): Text 'CIBIL' has been set to element 'Object Repository/C1 Functionality/PotentialDropOffReason'

27-03-2024T14:52:23 - [MESSAGE][WARNING] - Timeout '0' is invalid. Using default page load timeout: '30'

27-03-2024T14:52:25 - [MESSAGE][PASSED] - Text 'CIBIL' has been set to element 'Object Repository/C1 Functionality/PotentialDropOffReason'

27-03-2024T14:52:25 - [TEST_STEP][PASSED] - tap(findTestObject("C1 Functionality/CIBIL"), 0): Tapped on element 'Object Repository/C1 Functionality/CIBIL'

27-03-2024T14:52:25 - [MESSAGE][WARNING] - Timeout '0' is invalid. Using default page load timeout: '30'

27-03-2024T14:52:26 - [MESSAGE][PASSED] - Tapped on element 'Object Repository/C1 Functionality/CIBIL'

27-03-2024T14:52:26 - [TEST_STEP][PASSED] - tap(findTestObject("C1 Functionality/FinancierSelected"), 0): Tapped on element 'Object Repository/C1 Functionality/FinancierSelected'

27-03-2024T14:52:26 - [MESSAGE][WARNING] - Timeout '0' is invalid. Using default page load timeout: '30'

27-03-2024T14:52:27 - [MESSAGE][PASSED] - Tapped on element 'Object Repository/C1 Functionality/FinancierSelected'

27-03-2024T14:52:27 - [TEST_STEP][PASSED] - setText(findTestObject("C1 Functionality/FinancierSelected"), str_FinancierSelect, 0): Text 'No' has been set to element 'Object Repository/C1 Functionality/FinancierSelected'

27-03-2024T14:52:28 - [MESSAGE][WARNING] - Timeout '0' is invalid. Using default page load timeout: '30'

27-03-2024T14:52:29 - [MESSAGE][PASSED] - Text 'No' has been set to element 'Object Repository/C1 Functionality/FinancierSelected'

27-03-2024T14:52:29 - [TEST_STEP][PASSED] - tap(findTestObject("C1 Functionality/No"), 0): Tapped on element 'Object Repository/C1 Functionality/No'

27-03-2024T14:52:29 - [MESSAGE][WARNING] - Timeout '0' is invalid. Using default page load timeout: '30'

27-03-2024T14:52:31 - [MESSAGE][PASSED] - Tapped on element 'Object Repository/C1 Functionality/No'

27-03-2024T14:52:31 - [TEST_STEP][PASSED] - hideKeyboard(): Keyboard is hidden

27-03-2024T14:52:33 - [MESSAGE][PASSED] - Keyboard is hidden

27-03-2024T14:52:33 - [TEST_STEP][PASSED] - tap(findTestObject("Add Account/SubmitButton"), 10): Tapped on element 'Object Repository/Add Account/SubmitButton'

27-03-2024T14:52:44 - [MESSAGE][PASSED] - Tapped on element 'Object Repository/Add Account/SubmitButton'

27-03-2024T14:52:44 - [TEST_STEP][PASSED] - verifyElementExist(findTestObject("NewObject/Potential Drop Off activity created successfully"), 30): Element 'Object Repository/NewObject/Potential Drop Off activity created successfully' is exist

27-03-2024T14:53:00 - [MESSAGE][PASSED] - Element 'Object Repository/NewObject/Potential Drop Off activity created successfully' is exist

27-03-2024T14:53:00 - [TEST_STEP][PASSED] - takeScreenshot(): Screenshot is taken

27-03-2024T14:53:02 - [MESSAGE][PASSED] - Screenshot is taken
[[ATTACHMENT|C:\\Users\\sushil.gaikwad\\git\\EguruSmart1\\Reports\\20240327_143948\\TataMotors\\20240327_143948\\1711531380382.png]]

27-03-2024T14:53:02 - [TEST_STEP][PASSED] - closeApplication(): Close app successfully

27-03-2024T14:53:03 - [MESSAGE][PASSED] - Close app successfully]]></system-out>
         <system-err><![CDATA[]]></system-err>
      </testcase>
      <testcase name="Test Cases/TC/TC_06 - C1 Functionality" time="128.266" classname="Test Cases/TC/TC_06 - C1 Functionality" status="FAILED">
         <failure type="FAILED" message="Test Cases/TC/TC_06 - C1 Functionality FAILED.&#xa;Reason:&#xa;com.kms.katalon.core.exception.StepFailedException: Failed to check for element 'Object Repository/C1 Functionality/Lead classification and PDOR' exist&#xa;	at com.kms.katalon.core.mobile.keyword.internal.MobileKeywordMain.stepFailed(MobileKeywordMain.groovy:38)&#xa;	at com.kms.katalon.core.mobile.keyword.internal.MobileKeywordMain.runKeyword(MobileKeywordMain.groovy:21)&#xa;	at com.kms.katalon.core.mobile.keyword.builtin.VerifyElementExistKeyword.verifyElementExist(VerifyElementExistKeyword.groovy:51)&#xa;	at com.kms.katalon.core.mobile.keyword.builtin.VerifyElementExistKeyword.execute(VerifyElementExistKeyword.groovy:35)&#xa;	at com.kms.katalon.core.keyword.internal.KeywordExecutor.executeKeywordForPlatform(KeywordExecutor.groovy:74)&#xa;	at com.kms.katalon.core.mobile.keyword.MobileBuiltInKeywords.verifyElementExist(MobileBuiltInKeywords.groovy:1755)&#xa;	at TC_06 - C1 Functionality.run(TC_06 - C1 Functionality:47)&#xa;	at com.kms.katalon.core.main.ScriptEngine.run(ScriptEngine.java:194)&#xa;	at com.kms.katalon.core.main.ScriptEngine.runScriptAsRawText(ScriptEngine.java:119)&#xa;	at com.kms.katalon.core.main.TestCaseExecutor.runScript(TestCaseExecutor.java:448)&#xa;	at com.kms.katalon.core.main.TestCaseExecutor.doExecute(TestCaseExecutor.java:439)&#xa;	at com.kms.katalon.core.main.TestCaseExecutor.processExecutionPhase(TestCaseExecutor.java:418)&#xa;	at com.kms.katalon.core.main.TestCaseExecutor.accessMainPhase(TestCaseExecutor.java:410)&#xa;	at com.kms.katalon.core.main.TestCaseExecutor.execute(TestCaseExecutor.java:285)&#xa;	at com.kms.katalon.core.common.CommonExecutor.accessTestCaseMainPhase(CommonExecutor.java:65)&#xa;	at com.kms.katalon.core.main.TestSuiteExecutor.accessTestSuiteMainPhase(TestSuiteExecutor.java:148)&#xa;	at com.kms.katalon.core.main.TestSuiteExecutor.execute(TestSuiteExecutor.java:106)&#xa;	at com.kms.katalon.core.main.TestCaseMain.startTestSuite(TestCaseMain.java:180)&#xa;	at TempTestSuite1711530588004.run(TempTestSuite1711530588004.groovy:35)&#xa;	at java.base/jdk.internal.reflect.NativeMethodAccessorImpl.invoke0(Native Method)&#xa;	at java.base/jdk.internal.reflect.NativeMethodAccessorImpl.invoke(NativeMethodAccessorImpl.java:77)&#xa;	at java.base/jdk.internal.reflect.DelegatingMethodAccessorImpl.invoke(DelegatingMethodAccessorImpl.java:43)&#xa;Caused by: com.kms.katalon.core.exception.StepFailedException: Element 'Object Repository/C1 Functionality/Lead classification and PDOR' not found&#xa;	at com.kms.katalon.core.mobile.keyword.internal.MobileKeywordMain.stepFailed(MobileKeywordMain.groovy:38)&#xa;	at com.kms.katalon.core.mobile.keyword.builtin.VerifyElementExistKeyword$_verifyElementExist_closure1.doCall(VerifyElementExistKeyword.groovy:48)&#xa;	at com.kms.katalon.core.mobile.keyword.builtin.VerifyElementExistKeyword$_verifyElementExist_closure1.call(VerifyElementExistKeyword.groovy)&#xa;	at com.kms.katalon.core.mobile.keyword.internal.MobileKeywordMain.runKeyword(MobileKeywordMain.groovy:19)&#xa;	... 20 more&#xa;"/>
         <system-out><![CDATA[27-03-2024T14:53:03 - [TEST_CASE][FAILED] - Test Cases/TC/TC_06 - C1 Functionality: Test Cases/TC/TC_06 - C1 Functionality FAILED.
Reason:
com.kms.katalon.core.exception.StepFailedException: Failed to check for element 'Object Repository/C1 Functionality/Lead classification and PDOR' exist
	at com.kms.katalon.core.mobile.keyword.internal.MobileKeywordMain.stepFailed(MobileKeywordMain.groovy:38)
	at com.kms.katalon.core.mobile.keyword.internal.MobileKeywordMain.runKeyword(MobileKeywordMain.groovy:21)
	at com.kms.katalon.core.mobile.keyword.builtin.VerifyElementExistKeyword.verifyElementExist(VerifyElementExistKeyword.groovy:51)
	at com.kms.katalon.core.mobile.keyword.builtin.VerifyElementExistKeyword.execute(VerifyElementExistKeyword.groovy:35)
	at com.kms.katalon.core.keyword.internal.KeywordExecutor.executeKeywordForPlatform(KeywordExecutor.groovy:74)
	at com.kms.katalon.core.mobile.keyword.MobileBuiltInKeywords.verifyElementExist(MobileBuiltInKeywords.groovy:1755)
	at TC_06 - C1 Functionality.run(TC_06 - C1 Functionality:47)
	at com.kms.katalon.core.main.ScriptEngine.run(ScriptEngine.java:194)
	at com.kms.katalon.core.main.ScriptEngine.runScriptAsRawText(ScriptEngine.java:119)
	at com.kms.katalon.core.main.TestCaseExecutor.runScript(TestCaseExecutor.java:448)
	at com.kms.katalon.core.main.TestCaseExecutor.doExecute(TestCaseExecutor.java:439)
	at com.kms.katalon.core.main.TestCaseExecutor.processExecutionPhase(TestCaseExecutor.java:418)
	at com.kms.katalon.core.main.TestCaseExecutor.accessMainPhase(TestCaseExecutor.java:410)
	at com.kms.katalon.core.main.TestCaseExecutor.execute(TestCaseExecutor.java:285)
	at com.kms.katalon.core.common.CommonExecutor.accessTestCaseMainPhase(CommonExecutor.java:65)
	at com.kms.katalon.core.main.TestSuiteExecutor.accessTestSuiteMainPhase(TestSuiteExecutor.java:148)
	at com.kms.katalon.core.main.TestSuiteExecutor.execute(TestSuiteExecutor.java:106)
	at com.kms.katalon.core.main.TestCaseMain.startTestSuite(TestCaseMain.java:180)
	at TempTestSuite1711530588004.run(TempTestSuite1711530588004.groovy:35)
	at java.base/jdk.internal.reflect.NativeMethodAccessorImpl.invoke0(Native Method)
	at java.base/jdk.internal.reflect.NativeMethodAccessorImpl.invoke(NativeMethodAccessorImpl.java:77)
	at java.base/jdk.internal.reflect.DelegatingMethodAccessorImpl.invoke(DelegatingMethodAccessorImpl.java:43)
Caused by: com.kms.katalon.core.exception.StepFailedException: Element 'Object Repository/C1 Functionality/Lead classification and PDOR' not found
	at com.kms.katalon.core.mobile.keyword.internal.MobileKeywordMain.stepFailed(MobileKeywordMain.groovy:38)
	at com.kms.katalon.core.mobile.keyword.builtin.VerifyElementExistKeyword$_verifyElementExist_closure1.doCall(VerifyElementExistKeyword.groovy:48)
	at com.kms.katalon.core.mobile.keyword.builtin.VerifyElementExistKeyword$_verifyElementExist_closure1.call(VerifyElementExistKeyword.groovy)
	at com.kms.katalon.core.mobile.keyword.internal.MobileKeywordMain.runKeyword(MobileKeywordMain.groovy:19)
	... 20 more


27-03-2024T14:53:04 - [TEST_STEP][PASSED] - callTestCase(findTestCase("CommenWorkflows/Login"), ["Str_URL":"C:\Users\sushil.gaikwad\git\EguruSmart1\Application\app-release (4).apk", "Str_Username":"DUSER145", "Str_Password":"Soct#2023", ... ], STOP_ON_FAILURE): Call Test Case 'Test Cases/CommenWorkflows/Login' successfully

27-03-2024T14:53:04 - [TEST_CASE][PASSED] - Test Cases/CommenWorkflows/Login: Test Cases/CommenWorkflows/Login

27-03-2024T14:53:04 - [TEST_STEP][PASSED] - startApplication(Str_URL, false): Started app at: 'C:\Users\sushil.gaikwad\git\EguruSmart1\Application\app-release (4).apk'

27-03-2024T14:53:04 - [MESSAGE][INFO] - User set preference: ['deviceId', 'R9ZT10H9Y2L']

27-03-2024T14:53:05 - [MESSAGE][INFO] - Detected NodeJS location: "C:\Program Files\nodejs\node.exe"

27-03-2024T14:53:09 - [MESSAGE][INFO] - PATH: C:\Program Files\nodejs;

27-03-2024T14:53:09 - [MESSAGE][INFO] - APPIUM_HOME: C:\Users\sushil.gaikwad\AppData\Roaming\npm\node_modules\appium\build\lib\main.js

27-03-2024T14:53:09 - [MESSAGE][INFO] - appium outlog: C:\Users\sushil.gaikwad\git\EguruSmart1\Reports\20240327_143948\TataMotors\20240327_143948\appium.log

27-03-2024T14:53:09 - [MESSAGE][INFO] - appium errlog: C:\Users\sushil.gaikwad\git\EguruSmart1\Reports\20240327_143948\TataMotors\20240327_143948\appium_error.log

27-03-2024T14:53:11 - [MESSAGE][INFO] - Appium server started on port 65,146

27-03-2024T14:53:29 - [MESSAGE][PASSED] - Started app at: 'C:\Users\sushil.gaikwad\git\EguruSmart1\Application\app-release (4).apk'

27-03-2024T14:53:29 - [TEST_STEP][PASSED] - Bool_Username = waitForElementPresent(findTestObject("LockScreen/UsernaneText"), 10): Object Object Repository/LockScreen/UsernaneText not found

27-03-2024T14:53:39 - [MESSAGE][WARNING] - Object Object Repository/LockScreen/UsernaneText not found

27-03-2024T14:53:39 - [TEST_STEP][PASSED] - if (Bool_Username == true): null

27-03-2024T14:53:39 - [TEST_STEP][PASSED] - else: Tapped on element 'Object Repository/LockScreen/LoginButton'

27-03-2024T14:53:39 - [TEST_STEP][PASSED] - tap(findTestObject("LockScreen/Tap1"), 0): Tapped on element 'Object Repository/LockScreen/Tap1'

27-03-2024T14:53:39 - [MESSAGE][WARNING] - Timeout '0' is invalid. Using default page load timeout: '30'

27-03-2024T14:53:47 - [MESSAGE][PASSED] - Tapped on element 'Object Repository/LockScreen/Tap1'

27-03-2024T14:53:47 - [TEST_STEP][PASSED] - setText(findTestObject("LockScreen/Text1"), "1", 0): Text '1' has been set to element 'Object Repository/LockScreen/Text1'

27-03-2024T14:53:47 - [MESSAGE][WARNING] - Timeout '0' is invalid. Using default page load timeout: '30'

27-03-2024T14:53:49 - [MESSAGE][PASSED] - Text '1' has been set to element 'Object Repository/LockScreen/Text1'

27-03-2024T14:53:49 - [TEST_STEP][PASSED] - setText(findTestObject("LockScreen/Text2"), "2", 0): Text '2' has been set to element 'Object Repository/LockScreen/Text2'

27-03-2024T14:53:49 - [MESSAGE][WARNING] - Timeout '0' is invalid. Using default page load timeout: '30'

27-03-2024T14:53:51 - [MESSAGE][PASSED] - Text '2' has been set to element 'Object Repository/LockScreen/Text2'

27-03-2024T14:53:51 - [TEST_STEP][PASSED] - setText(findTestObject("LockScreen/Text3"), "3", 0): Text '3' has been set to element 'Object Repository/LockScreen/Text3'

27-03-2024T14:53:51 - [MESSAGE][WARNING] - Timeout '0' is invalid. Using default page load timeout: '30'

27-03-2024T14:53:53 - [MESSAGE][PASSED] - Text '3' has been set to element 'Object Repository/LockScreen/Text3'

27-03-2024T14:53:53 - [TEST_STEP][PASSED] - setText(findTestObject("LockScreen/Text4"), "4", 0): Text '4' has been set to element 'Object Repository/LockScreen/Text4'

27-03-2024T14:53:53 - [MESSAGE][WARNING] - Timeout '0' is invalid. Using default page load timeout: '30'

27-03-2024T14:53:55 - [MESSAGE][PASSED] - Text '4' has been set to element 'Object Repository/LockScreen/Text4'

27-03-2024T14:53:55 - [TEST_STEP][PASSED] - tap(findTestObject("LockScreen/LoginButton"), 0): Tapped on element 'Object Repository/LockScreen/LoginButton'

27-03-2024T14:53:55 - [MESSAGE][WARNING] - Timeout '0' is invalid. Using default page load timeout: '30'

27-03-2024T14:53:57 - [MESSAGE][PASSED] - Tapped on element 'Object Repository/LockScreen/LoginButton'

27-03-2024T14:53:57 - [MESSAGE][PASSED] - Call Test Case 'Test Cases/CommenWorkflows/Login' successfully

27-03-2024T14:53:57 - [TEST_STEP][PASSED] - verifyElementExist(findTestObject("TataMotars/HomeButton"), 10): Element 'Object Repository/TataMotars/HomeButton' is exist

27-03-2024T14:53:58 - [MESSAGE][PASSED] - Element 'Object Repository/TataMotars/HomeButton' is exist

27-03-2024T14:53:58 - [TEST_STEP][PASSED] - tap(findTestObject("Home/Opportunities"), 0): Tapped on element 'Object Repository/Home/Opportunities'

27-03-2024T14:53:58 - [MESSAGE][WARNING] - Timeout '0' is invalid. Using default page load timeout: '30'

27-03-2024T14:53:59 - [MESSAGE][PASSED] - Tapped on element 'Object Repository/Home/Opportunities'

27-03-2024T14:53:59 - [TEST_STEP][PASSED] - tap(findTestObject("Lost and Non Lost Functionality/C0"), 30): Tapped on element 'Object Repository/Lost and Non Lost Functionality/C0'

27-03-2024T14:54:01 - [MESSAGE][PASSED] - Tapped on element 'Object Repository/Lost and Non Lost Functionality/C0'

27-03-2024T14:54:01 - [TEST_STEP][PASSED] - bool_Summary = verifyElementExist(findTestObject("Lost and Non Lost Functionality/C0 Summary Text"), 0): Element 'Object Repository/Lost and Non Lost Functionality/C0 Summary Text' is exist

27-03-2024T14:54:01 - [MESSAGE][WARNING] - Timeout '0' is invalid. Using default page load timeout: '30'

27-03-2024T14:54:02 - [MESSAGE][PASSED] - Element 'Object Repository/Lost and Non Lost Functionality/C0 Summary Text' is exist

27-03-2024T14:54:02 - [TEST_STEP][PASSED] - bool_Target = verifyElementExist(findTestObject("Lost and Non Lost Functionality/Target text"), 0): Element 'Object Repository/Lost and Non Lost Functionality/Target text' is exist

27-03-2024T14:54:02 - [MESSAGE][WARNING] - Timeout '0' is invalid. Using default page load timeout: '30'

27-03-2024T14:54:03 - [MESSAGE][PASSED] - Element 'Object Repository/Lost and Non Lost Functionality/Target text' is exist

27-03-2024T14:54:03 - [TEST_STEP][PASSED] - bool_MTD = verifyElementExist(findTestObject("Lost and Non Lost Functionality/MTD text"), 0): Element 'Object Repository/Lost and Non Lost Functionality/MTD text' is exist

27-03-2024T14:54:03 - [MESSAGE][WARNING] - Timeout '0' is invalid. Using default page load timeout: '30'

27-03-2024T14:54:04 - [MESSAGE][PASSED] - Element 'Object Repository/Lost and Non Lost Functionality/MTD text' is exist

27-03-2024T14:54:04 - [TEST_STEP][PASSED] - bool_ThisWeek = verifyElementExist(findTestObject("Lost and Non Lost Functionality/This Week text"), 0): Element 'Object Repository/Lost and Non Lost Functionality/This Week text' is exist

27-03-2024T14:54:04 - [MESSAGE][WARNING] - Timeout '0' is invalid. Using default page load timeout: '30'

27-03-2024T14:54:04 - [MESSAGE][PASSED] - Element 'Object Repository/Lost and Non Lost Functionality/This Week text' is exist

27-03-2024T14:54:04 - [TEST_STEP][PASSED] - bool_Yesterday = verifyElementExist(findTestObject("Lost and Non Lost Functionality/Yesterday text"), 0): Element 'Object Repository/Lost and Non Lost Functionality/Yesterday text' is exist

27-03-2024T14:54:04 - [MESSAGE][WARNING] - Timeout '0' is invalid. Using default page load timeout: '30'

27-03-2024T14:54:04 - [MESSAGE][PASSED] - Element 'Object Repository/Lost and Non Lost Functionality/Yesterday text' is exist

27-03-2024T14:54:04 - [TEST_STEP][PASSED] - bool_Yesterday && bool_ThisWeek && bool_MTD && bool_Target && bool_Summary == true: null

27-03-2024T14:54:04 - [TEST_STEP][PASSED] - takeScreenshot(): Screenshot is taken

27-03-2024T14:54:08 - [MESSAGE][PASSED] - Screenshot is taken
[[ATTACHMENT|C:\\Users\\sushil.gaikwad\\git\\EguruSmart1\\Reports\\20240327_143948\\TataMotors\\20240327_143948\\1711531444974.png]]

27-03-2024T14:54:08 - [TEST_STEP][PASSED] - tap(findTestObject("C1 Functionality/CREATE C1"), 0): Tapped on element 'Object Repository/C1 Functionality/CREATE C1'

27-03-2024T14:54:08 - [MESSAGE][WARNING] - Timeout '0' is invalid. Using default page load timeout: '30'

27-03-2024T14:54:38 - [MESSAGE][PASSED] - Tapped on element 'Object Repository/C1 Functionality/CREATE C1'

27-03-2024T14:54:38 - [TEST_STEP][FAILED] - bool_LeadClassification = verifyElementExist(findTestObject("C1 Functionality/Lead classification and PDOR"), 0): Failed to check for element 'Object Repository/C1 Functionality/Lead classification and PDOR' exist (Root cause: com.kms.katalon.core.exception.StepFailedException: Failed to check for element 'Object Repository/C1 Functionality/Lead classification and PDOR' exist
	at com.kms.katalon.core.mobile.keyword.internal.MobileKeywordMain.stepFailed(MobileKeywordMain.groovy:38)
	at com.kms.katalon.core.mobile.keyword.internal.MobileKeywordMain.runKeyword(MobileKeywordMain.groovy:21)
	at com.kms.katalon.core.mobile.keyword.builtin.VerifyElementExistKeyword.verifyElementExist(VerifyElementExistKeyword.groovy:51)
	at com.kms.katalon.core.mobile.keyword.builtin.VerifyElementExistKeyword.execute(VerifyElementExistKeyword.groovy:35)
	at com.kms.katalon.core.keyword.internal.KeywordExecutor.executeKeywordForPlatform(KeywordExecutor.groovy:74)
	at com.kms.katalon.core.mobile.keyword.MobileBuiltInKeywords.verifyElementExist(MobileBuiltInKeywords.groovy:1755)
	at TC_06 - C1 Functionality.run(TC_06 - C1 Functionality:47)
	at com.kms.katalon.core.main.ScriptEngine.run(ScriptEngine.java:194)
	at com.kms.katalon.core.main.ScriptEngine.runScriptAsRawText(ScriptEngine.java:119)
	at com.kms.katalon.core.main.TestCaseExecutor.runScript(TestCaseExecutor.java:448)
	at com.kms.katalon.core.main.TestCaseExecutor.doExecute(TestCaseExecutor.java:439)
	at com.kms.katalon.core.main.TestCaseExecutor.processExecutionPhase(TestCaseExecutor.java:418)
	at com.kms.katalon.core.main.TestCaseExecutor.accessMainPhase(TestCaseExecutor.java:410)
	at com.kms.katalon.core.main.TestCaseExecutor.execute(TestCaseExecutor.java:285)
	at com.kms.katalon.core.common.CommonExecutor.accessTestCaseMainPhase(CommonExecutor.java:65)
	at com.kms.katalon.core.main.TestSuiteExecutor.accessTestSuiteMainPhase(TestSuiteExecutor.java:148)
	at com.kms.katalon.core.main.TestSuiteExecutor.execute(TestSuiteExecutor.java:106)
	at com.kms.katalon.core.main.TestCaseMain.startTestSuite(TestCaseMain.java:180)
	at TempTestSuite1711530588004.run(TempTestSuite1711530588004.groovy:35)
	at java.base/jdk.internal.reflect.NativeMethodAccessorImpl.invoke0(Native Method)
	at java.base/jdk.internal.reflect.NativeMethodAccessorImpl.invoke(NativeMethodAccessorImpl.java:77)
	at java.base/jdk.internal.reflect.DelegatingMethodAccessorImpl.invoke(DelegatingMethodAccessorImpl.java:43)
Caused by: com.kms.katalon.core.exception.StepFailedException: Element 'Object Repository/C1 Functionality/Lead classification and PDOR' not found
	at com.kms.katalon.core.mobile.keyword.internal.MobileKeywordMain.stepFailed(MobileKeywordMain.groovy:38)
	at com.kms.katalon.core.mobile.keyword.builtin.VerifyElementExistKeyword$_verifyElementExist_closure1.doCall(VerifyElementExistKeyword.groovy:48)
	at com.kms.katalon.core.mobile.keyword.builtin.VerifyElementExistKeyword$_verifyElementExist_closure1.call(VerifyElementExistKeyword.groovy)
	at com.kms.katalon.core.mobile.keyword.internal.MobileKeywordMain.runKeyword(MobileKeywordMain.groovy:19)
	... 20 more
)

27-03-2024T14:54:38 - [MESSAGE][WARNING] - Timeout '0' is invalid. Using default page load timeout: '30'

27-03-2024T14:55:10 - [MESSAGE][FAILED] - Element 'Object Repository/C1 Functionality/Lead classification and PDOR' not found (Root cause: com.kms.katalon.core.exception.StepFailedException: Element 'Object Repository/C1 Functionality/Lead classification and PDOR' not found
	at com.kms.katalon.core.mobile.keyword.internal.MobileKeywordMain.stepFailed(MobileKeywordMain.groovy:38)
	at com.kms.katalon.core.mobile.keyword.builtin.VerifyElementExistKeyword$_verifyElementExist_closure1.doCall(VerifyElementExistKeyword.groovy:48)
	at com.kms.katalon.core.mobile.keyword.builtin.VerifyElementExistKeyword$_verifyElementExist_closure1.call(VerifyElementExistKeyword.groovy)
	at com.kms.katalon.core.mobile.keyword.internal.MobileKeywordMain.runKeyword(MobileKeywordMain.groovy:19)
	at com.kms.katalon.core.mobile.keyword.builtin.VerifyElementExistKeyword.verifyElementExist(VerifyElementExistKeyword.groovy:51)
	at com.kms.katalon.core.mobile.keyword.builtin.VerifyElementExistKeyword.execute(VerifyElementExistKeyword.groovy:35)
	at com.kms.katalon.core.keyword.internal.KeywordExecutor.executeKeywordForPlatform(KeywordExecutor.groovy:74)
	at com.kms.katalon.core.mobile.keyword.MobileBuiltInKeywords.verifyElementExist(MobileBuiltInKeywords.groovy:1755)
	at TC_06 - C1 Functionality.run(TC_06 - C1 Functionality:47)
	at com.kms.katalon.core.main.ScriptEngine.run(ScriptEngine.java:194)
	at com.kms.katalon.core.main.ScriptEngine.runScriptAsRawText(ScriptEngine.java:119)
	at com.kms.katalon.core.main.TestCaseExecutor.runScript(TestCaseExecutor.java:448)
	at com.kms.katalon.core.main.TestCaseExecutor.doExecute(TestCaseExecutor.java:439)
	at com.kms.katalon.core.main.TestCaseExecutor.processExecutionPhase(TestCaseExecutor.java:418)
	at com.kms.katalon.core.main.TestCaseExecutor.accessMainPhase(TestCaseExecutor.java:410)
	at com.kms.katalon.core.main.TestCaseExecutor.execute(TestCaseExecutor.java:285)
	at com.kms.katalon.core.common.CommonExecutor.accessTestCaseMainPhase(CommonExecutor.java:65)
	at com.kms.katalon.core.main.TestSuiteExecutor.accessTestSuiteMainPhase(TestSuiteExecutor.java:148)
	at com.kms.katalon.core.main.TestSuiteExecutor.execute(TestSuiteExecutor.java:106)
	at com.kms.katalon.core.main.TestCaseMain.startTestSuite(TestCaseMain.java:180)
	at TempTestSuite1711530588004.run(TempTestSuite1711530588004.groovy:35)
	at java.base/jdk.internal.reflect.NativeMethodAccessorImpl.invoke0(Native Method)
	at java.base/jdk.internal.reflect.NativeMethodAccessorImpl.invoke(NativeMethodAccessorImpl.java:77)
	at java.base/jdk.internal.reflect.DelegatingMethodAccessorImpl.invoke(DelegatingMethodAccessorImpl.java:43)
)
[[ATTACHMENT|C:\\Users\\sushil.gaikwad\\git\\EguruSmart1\\Reports\\20240327_143948\\TataMotors\\20240327_143948\\1711531508749.png]]

27-03-2024T14:55:12 - [MESSAGE][FAILED] - Failed to check for element 'Object Repository/C1 Functionality/Lead classification and PDOR' exist (Root cause: com.kms.katalon.core.exception.StepFailedException: Failed to check for element 'Object Repository/C1 Functionality/Lead classification and PDOR' exist
	at com.kms.katalon.core.mobile.keyword.internal.MobileKeywordMain.stepFailed(MobileKeywordMain.groovy:38)
	at com.kms.katalon.core.mobile.keyword.internal.MobileKeywordMain.runKeyword(MobileKeywordMain.groovy:21)
	at com.kms.katalon.core.mobile.keyword.builtin.VerifyElementExistKeyword.verifyElementExist(VerifyElementExistKeyword.groovy:51)
	at com.kms.katalon.core.mobile.keyword.builtin.VerifyElementExistKeyword.execute(VerifyElementExistKeyword.groovy:35)
	at com.kms.katalon.core.keyword.internal.KeywordExecutor.executeKeywordForPlatform(KeywordExecutor.groovy:74)
	at com.kms.katalon.core.mobile.keyword.MobileBuiltInKeywords.verifyElementExist(MobileBuiltInKeywords.groovy:1755)
	at TC_06 - C1 Functionality.run(TC_06 - C1 Functionality:47)
	at com.kms.katalon.core.main.ScriptEngine.run(ScriptEngine.java:194)
	at com.kms.katalon.core.main.ScriptEngine.runScriptAsRawText(ScriptEngine.java:119)
	at com.kms.katalon.core.main.TestCaseExecutor.runScript(TestCaseExecutor.java:448)
	at com.kms.katalon.core.main.TestCaseExecutor.doExecute(TestCaseExecutor.java:439)
	at com.kms.katalon.core.main.TestCaseExecutor.processExecutionPhase(TestCaseExecutor.java:418)
	at com.kms.katalon.core.main.TestCaseExecutor.accessMainPhase(TestCaseExecutor.java:410)
	at com.kms.katalon.core.main.TestCaseExecutor.execute(TestCaseExecutor.java:285)
	at com.kms.katalon.core.common.CommonExecutor.accessTestCaseMainPhase(CommonExecutor.java:65)
	at com.kms.katalon.core.main.TestSuiteExecutor.accessTestSuiteMainPhase(TestSuiteExecutor.java:148)
	at com.kms.katalon.core.main.TestSuiteExecutor.execute(TestSuiteExecutor.java:106)
	at com.kms.katalon.core.main.TestCaseMain.startTestSuite(TestCaseMain.java:180)
	at TempTestSuite1711530588004.run(TempTestSuite1711530588004.groovy:35)
	at java.base/jdk.internal.reflect.NativeMethodAccessorImpl.invoke0(Native Method)
	at java.base/jdk.internal.reflect.NativeMethodAccessorImpl.invoke(NativeMethodAccessorImpl.java:77)
	at java.base/jdk.internal.reflect.DelegatingMethodAccessorImpl.invoke(DelegatingMethodAccessorImpl.java:43)
Caused by: com.kms.katalon.core.exception.StepFailedException: Element 'Object Repository/C1 Functionality/Lead classification and PDOR' not found
	at com.kms.katalon.core.mobile.keyword.internal.MobileKeywordMain.stepFailed(MobileKeywordMain.groovy:38)
	at com.kms.katalon.core.mobile.keyword.builtin.VerifyElementExistKeyword$_verifyElementExist_closure1.doCall(VerifyElementExistKeyword.groovy:48)
	at com.kms.katalon.core.mobile.keyword.builtin.VerifyElementExistKeyword$_verifyElementExist_closure1.call(VerifyElementExistKeyword.groovy)
	at com.kms.katalon.core.mobile.keyword.internal.MobileKeywordMain.runKeyword(MobileKeywordMain.groovy:19)
	... 20 more
)
[[ATTACHMENT|C:\\Users\\sushil.gaikwad\\git\\EguruSmart1\\Reports\\20240327_143948\\TataMotors\\20240327_143948\\1711531510200.png]]]]></system-out>
         <system-err><![CDATA[27-03-2024T14:53:03 - [TEST_CASE][FAILED] - Test Cases/TC/TC_06 - C1 Functionality: Test Cases/TC/TC_06 - C1 Functionality FAILED.
Reason:
com.kms.katalon.core.exception.StepFailedException: Failed to check for element 'Object Repository/C1 Functionality/Lead classification and PDOR' exist
	at com.kms.katalon.core.mobile.keyword.internal.MobileKeywordMain.stepFailed(MobileKeywordMain.groovy:38)
	at com.kms.katalon.core.mobile.keyword.internal.MobileKeywordMain.runKeyword(MobileKeywordMain.groovy:21)
	at com.kms.katalon.core.mobile.keyword.builtin.VerifyElementExistKeyword.verifyElementExist(VerifyElementExistKeyword.groovy:51)
	at com.kms.katalon.core.mobile.keyword.builtin.VerifyElementExistKeyword.execute(VerifyElementExistKeyword.groovy:35)
	at com.kms.katalon.core.keyword.internal.KeywordExecutor.executeKeywordForPlatform(KeywordExecutor.groovy:74)
	at com.kms.katalon.core.mobile.keyword.MobileBuiltInKeywords.verifyElementExist(MobileBuiltInKeywords.groovy:1755)
	at TC_06 - C1 Functionality.run(TC_06 - C1 Functionality:47)
	at com.kms.katalon.core.main.ScriptEngine.run(ScriptEngine.java:194)
	at com.kms.katalon.core.main.ScriptEngine.runScriptAsRawText(ScriptEngine.java:119)
	at com.kms.katalon.core.main.TestCaseExecutor.runScript(TestCaseExecutor.java:448)
	at com.kms.katalon.core.main.TestCaseExecutor.doExecute(TestCaseExecutor.java:439)
	at com.kms.katalon.core.main.TestCaseExecutor.processExecutionPhase(TestCaseExecutor.java:418)
	at com.kms.katalon.core.main.TestCaseExecutor.accessMainPhase(TestCaseExecutor.java:410)
	at com.kms.katalon.core.main.TestCaseExecutor.execute(TestCaseExecutor.java:285)
	at com.kms.katalon.core.common.CommonExecutor.accessTestCaseMainPhase(CommonExecutor.java:65)
	at com.kms.katalon.core.main.TestSuiteExecutor.accessTestSuiteMainPhase(TestSuiteExecutor.java:148)
	at com.kms.katalon.core.main.TestSuiteExecutor.execute(TestSuiteExecutor.java:106)
	at com.kms.katalon.core.main.TestCaseMain.startTestSuite(TestCaseMain.java:180)
	at TempTestSuite1711530588004.run(TempTestSuite1711530588004.groovy:35)
	at java.base/jdk.internal.reflect.NativeMethodAccessorImpl.invoke0(Native Method)
	at java.base/jdk.internal.reflect.NativeMethodAccessorImpl.invoke(NativeMethodAccessorImpl.java:77)
	at java.base/jdk.internal.reflect.DelegatingMethodAccessorImpl.invoke(DelegatingMethodAccessorImpl.java:43)
Caused by: com.kms.katalon.core.exception.StepFailedException: Element 'Object Repository/C1 Functionality/Lead classification and PDOR' not found
	at com.kms.katalon.core.mobile.keyword.internal.MobileKeywordMain.stepFailed(MobileKeywordMain.groovy:38)
	at com.kms.katalon.core.mobile.keyword.builtin.VerifyElementExistKeyword$_verifyElementExist_closure1.doCall(VerifyElementExistKeyword.groovy:48)
	at com.kms.katalon.core.mobile.keyword.builtin.VerifyElementExistKeyword$_verifyElementExist_closure1.call(VerifyElementExistKeyword.groovy)
	at com.kms.katalon.core.mobile.keyword.internal.MobileKeywordMain.runKeyword(MobileKeywordMain.groovy:19)
	... 20 more]]></system-err>
      </testcase>
      <testcase name="Test Cases/TC/TC_07 - Filter Fuctionality" time="139.305" classname="Test Cases/TC/TC_07 - Filter Fuctionality" status="PASSED">
         <system-out><![CDATA[27-03-2024T14:55:12 - [TEST_CASE][PASSED] - Test Cases/TC/TC_07 - Filter Fuctionality: Test Cases/TC/TC_07 - Filter Fuctionality

27-03-2024T14:55:12 - [TEST_STEP][PASSED] - callTestCase(findTestCase("CommenWorkflows/Login"), ["Str_URL":"C:\Users\sushil.gaikwad\git\EguruSmart1\Application\app-release (4).apk", "Str_Username":"DUSER145", "Str_Password":"Soct#2023", ... ], STOP_ON_FAILURE): Call Test Case 'Test Cases/CommenWorkflows/Login' successfully

27-03-2024T14:55:12 - [TEST_CASE][PASSED] - Test Cases/CommenWorkflows/Login: Test Cases/CommenWorkflows/Login

27-03-2024T14:55:13 - [TEST_STEP][PASSED] - startApplication(Str_URL, false): Started app at: 'C:\Users\sushil.gaikwad\git\EguruSmart1\Application\app-release (4).apk'

27-03-2024T14:55:13 - [MESSAGE][INFO] - User set preference: ['deviceId', 'R9ZT10H9Y2L']

27-03-2024T14:55:28 - [MESSAGE][PASSED] - Started app at: 'C:\Users\sushil.gaikwad\git\EguruSmart1\Application\app-release (4).apk'

27-03-2024T14:55:28 - [TEST_STEP][PASSED] - Bool_Username = waitForElementPresent(findTestObject("LockScreen/UsernaneText"), 10): Element 'Object Repository/LockScreen/UsernaneText' is present

27-03-2024T14:55:28 - [MESSAGE][PASSED] - Element 'Object Repository/LockScreen/UsernaneText' is present

27-03-2024T14:55:28 - [TEST_STEP][PASSED] - if (Bool_Username == true): Tapped on element 'Object Repository/LockScreen/NewPin/OkButton'

27-03-2024T14:55:28 - [TEST_STEP][PASSED] - tap(findTestObject("LockScreen/Username"), 0): Tapped on element 'Object Repository/LockScreen/Username'

27-03-2024T14:55:28 - [MESSAGE][WARNING] - Timeout '0' is invalid. Using default page load timeout: '30'

27-03-2024T14:55:37 - [MESSAGE][PASSED] - Tapped on element 'Object Repository/LockScreen/Username'

27-03-2024T14:55:37 - [TEST_STEP][PASSED] - setText(findTestObject("LockScreen/Username"), Str_Username, 0): Text 'DUSER145' has been set to element 'Object Repository/LockScreen/Username'

27-03-2024T14:55:37 - [MESSAGE][WARNING] - Timeout '0' is invalid. Using default page load timeout: '30'

27-03-2024T14:55:40 - [MESSAGE][PASSED] - Text 'DUSER145' has been set to element 'Object Repository/LockScreen/Username'

27-03-2024T14:55:40 - [TEST_STEP][PASSED] - hideKeyboard(): Keyboard is hidden

27-03-2024T14:55:42 - [MESSAGE][PASSED] - Keyboard is hidden

27-03-2024T14:55:42 - [TEST_STEP][PASSED] - tap(findTestObject("LockScreen/Password"), 0): Tapped on element 'Object Repository/LockScreen/Password'

27-03-2024T14:55:42 - [MESSAGE][WARNING] - Timeout '0' is invalid. Using default page load timeout: '30'

27-03-2024T14:55:43 - [MESSAGE][PASSED] - Tapped on element 'Object Repository/LockScreen/Password'

27-03-2024T14:55:43 - [TEST_STEP][PASSED] - setText(findTestObject("LockScreen/Password"), Str_Password, 0): Text 'Soct#2023' has been set to element 'Object Repository/LockScreen/Password'

27-03-2024T14:55:43 - [MESSAGE][WARNING] - Timeout '0' is invalid. Using default page load timeout: '30'

27-03-2024T14:55:45 - [MESSAGE][PASSED] - Text 'Soct#2023' has been set to element 'Object Repository/LockScreen/Password'

27-03-2024T14:55:45 - [TEST_STEP][PASSED] - hideKeyboard(): Keyboard is hidden

27-03-2024T14:55:50 - [MESSAGE][PASSED] - Keyboard is hidden

27-03-2024T14:55:50 - [TEST_STEP][PASSED] - tap(findTestObject("LockScreen/LoginButton"), 0): Tapped on element 'Object Repository/LockScreen/LoginButton'

27-03-2024T14:55:50 - [MESSAGE][WARNING] - Timeout '0' is invalid. Using default page load timeout: '30'

27-03-2024T14:55:52 - [MESSAGE][PASSED] - Tapped on element 'Object Repository/LockScreen/LoginButton'

27-03-2024T14:55:52 - [TEST_STEP][PASSED] - tap(findTestObject("LockScreen/NewPin/NewPin1"), 0): Tapped on element 'Object Repository/LockScreen/NewPin/NewPin1'

27-03-2024T14:55:52 - [MESSAGE][WARNING] - Timeout '0' is invalid. Using default page load timeout: '30'

27-03-2024T14:55:53 - [MESSAGE][PASSED] - Tapped on element 'Object Repository/LockScreen/NewPin/NewPin1'

27-03-2024T14:55:53 - [TEST_STEP][PASSED] - sendKeys(findTestObject("LockScreen/NewPin/NewPin1"), "1", STOP_ON_FAILURE): Send keys '1' on test object 'Object Repository/LockScreen/NewPin/NewPin1' successfully.

27-03-2024T14:55:55 - [MESSAGE][PASSED] - Send keys '1' on test object 'Object Repository/LockScreen/NewPin/NewPin1' successfully.

27-03-2024T14:55:55 - [TEST_STEP][PASSED] - setText(findTestObject("LockScreen/NewPin/NewPin2"), "2", 0): Text '2' has been set to element 'Object Repository/LockScreen/NewPin/NewPin2'

27-03-2024T14:55:55 - [MESSAGE][WARNING] - Timeout '0' is invalid. Using default page load timeout: '30'

27-03-2024T14:55:57 - [MESSAGE][PASSED] - Text '2' has been set to element 'Object Repository/LockScreen/NewPin/NewPin2'

27-03-2024T14:55:57 - [TEST_STEP][PASSED] - setText(findTestObject("LockScreen/NewPin/NewPin3"), "3", 0): Text '3' has been set to element 'Object Repository/LockScreen/NewPin/NewPin3'

27-03-2024T14:55:57 - [MESSAGE][WARNING] - Timeout '0' is invalid. Using default page load timeout: '30'

27-03-2024T14:55:58 - [MESSAGE][PASSED] - Text '3' has been set to element 'Object Repository/LockScreen/NewPin/NewPin3'

27-03-2024T14:55:58 - [TEST_STEP][PASSED] - setText(findTestObject("LockScreen/NewPin/NewPin4"), "4", 0): Text '4' has been set to element 'Object Repository/LockScreen/NewPin/NewPin4'

27-03-2024T14:55:58 - [MESSAGE][WARNING] - Timeout '0' is invalid. Using default page load timeout: '30'

27-03-2024T14:56:00 - [MESSAGE][PASSED] - Text '4' has been set to element 'Object Repository/LockScreen/NewPin/NewPin4'

27-03-2024T14:56:00 - [TEST_STEP][PASSED] - tap(findTestObject("LockScreen/NewPin/ConfirmPin1"), 0): Tapped on element 'Object Repository/LockScreen/NewPin/ConfirmPin1'

27-03-2024T14:56:00 - [MESSAGE][WARNING] - Timeout '0' is invalid. Using default page load timeout: '30'

27-03-2024T14:56:02 - [MESSAGE][PASSED] - Tapped on element 'Object Repository/LockScreen/NewPin/ConfirmPin1'

27-03-2024T14:56:02 - [TEST_STEP][PASSED] - setText(findTestObject("LockScreen/NewPin/ConfirmPin1"), "1", 0): Text '1' has been set to element 'Object Repository/LockScreen/NewPin/ConfirmPin1'

27-03-2024T14:56:02 - [MESSAGE][WARNING] - Timeout '0' is invalid. Using default page load timeout: '30'

27-03-2024T14:56:04 - [MESSAGE][PASSED] - Text '1' has been set to element 'Object Repository/LockScreen/NewPin/ConfirmPin1'

27-03-2024T14:56:04 - [TEST_STEP][PASSED] - setText(findTestObject("LockScreen/NewPin/ConfirmPin2"), "2", 0): Text '2' has been set to element 'Object Repository/LockScreen/NewPin/ConfirmPin2'

27-03-2024T14:56:04 - [MESSAGE][WARNING] - Timeout '0' is invalid. Using default page load timeout: '30'

27-03-2024T14:56:05 - [MESSAGE][PASSED] - Text '2' has been set to element 'Object Repository/LockScreen/NewPin/ConfirmPin2'

27-03-2024T14:56:05 - [TEST_STEP][PASSED] - setText(findTestObject("LockScreen/NewPin/ConfirmPin3"), "3", 0): Text '3' has been set to element 'Object Repository/LockScreen/NewPin/ConfirmPin3'

27-03-2024T14:56:05 - [MESSAGE][WARNING] - Timeout '0' is invalid. Using default page load timeout: '30'

27-03-2024T14:56:07 - [MESSAGE][PASSED] - Text '3' has been set to element 'Object Repository/LockScreen/NewPin/ConfirmPin3'

27-03-2024T14:56:07 - [TEST_STEP][PASSED] - setText(findTestObject("LockScreen/NewPin/ConfirmPin4"), "4", 0): Text '4' has been set to element 'Object Repository/LockScreen/NewPin/ConfirmPin4'

27-03-2024T14:56:07 - [MESSAGE][WARNING] - Timeout '0' is invalid. Using default page load timeout: '30'

27-03-2024T14:56:09 - [MESSAGE][PASSED] - Text '4' has been set to element 'Object Repository/LockScreen/NewPin/ConfirmPin4'

27-03-2024T14:56:09 - [TEST_STEP][PASSED] - Bool_Offline = waitForElementPresent(findTestObject("LockScreen/NewPin/Offline Master Sync"), 10): Element 'Object Repository/LockScreen/NewPin/Offline Master Sync' is present

27-03-2024T14:56:10 - [MESSAGE][PASSED] - Element 'Object Repository/LockScreen/NewPin/Offline Master Sync' is present

27-03-2024T14:56:10 - [TEST_STEP][PASSED] - if (Bool_Offline == true): Tapped on element 'Object Repository/LockScreen/NewPin/OkButton'

27-03-2024T14:56:10 - [TEST_STEP][PASSED] - tap(findTestObject("LockScreen/NewPin/OkButton"), 0): Tapped on element 'Object Repository/LockScreen/NewPin/OkButton'

27-03-2024T14:56:10 - [MESSAGE][WARNING] - Timeout '0' is invalid. Using default page load timeout: '30'

27-03-2024T14:56:11 - [MESSAGE][PASSED] - Tapped on element 'Object Repository/LockScreen/NewPin/OkButton'

27-03-2024T14:56:11 - [TEST_STEP][PASSED] - Bool_Offline = waitForElementPresent(findTestObject("LockScreen/NewPin/Offline Master Sync"), 30): Element 'Object Repository/LockScreen/NewPin/Offline Master Sync' is present

27-03-2024T14:56:12 - [MESSAGE][PASSED] - Element 'Object Repository/LockScreen/NewPin/Offline Master Sync' is present

27-03-2024T14:56:12 - [TEST_STEP][PASSED] - if (Bool_Offline == true): Tapped on element 'Object Repository/LockScreen/NewPin/OkButton'

27-03-2024T14:56:12 - [TEST_STEP][PASSED] - tap(findTestObject("LockScreen/NewPin/OkButton"), 0): Tapped on element 'Object Repository/LockScreen/NewPin/OkButton'

27-03-2024T14:56:12 - [MESSAGE][WARNING] - Timeout '0' is invalid. Using default page load timeout: '30'

27-03-2024T14:56:14 - [MESSAGE][PASSED] - Tapped on element 'Object Repository/LockScreen/NewPin/OkButton'

27-03-2024T14:56:14 - [MESSAGE][PASSED] - Call Test Case 'Test Cases/CommenWorkflows/Login' successfully

27-03-2024T14:56:14 - [TEST_STEP][PASSED] - verifyElementExist(findTestObject("TataMotars/HomeButton"), 10): Element 'Object Repository/TataMotars/HomeButton' is exist

27-03-2024T14:56:15 - [MESSAGE][PASSED] - Element 'Object Repository/TataMotars/HomeButton' is exist

27-03-2024T14:56:15 - [TEST_STEP][PASSED] - tap(findTestObject("Menu/Menu"), 0): Tapped on element 'Object Repository/Menu/Menu'

27-03-2024T14:56:15 - [MESSAGE][WARNING] - Timeout '0' is invalid. Using default page load timeout: '30'

27-03-2024T14:56:16 - [MESSAGE][PASSED] - Tapped on element 'Object Repository/Menu/Menu'

27-03-2024T14:56:16 - [TEST_STEP][PASSED] - bool_Opportunities = verifyElementExist(findTestObject("Menu/Opportunities"), 0): Element 'Object Repository/Menu/Opportunities' is exist

27-03-2024T14:56:16 - [MESSAGE][WARNING] - Timeout '0' is invalid. Using default page load timeout: '30'

27-03-2024T14:56:16 - [MESSAGE][PASSED] - Element 'Object Repository/Menu/Opportunities' is exist

27-03-2024T14:56:16 - [TEST_STEP][PASSED] - bool_Contacts = verifyElementExist(findTestObject("Menu/Contacts"), 0): Element 'Object Repository/Menu/Contacts' is exist

27-03-2024T14:56:16 - [MESSAGE][WARNING] - Timeout '0' is invalid. Using default page load timeout: '30'

27-03-2024T14:56:17 - [MESSAGE][PASSED] - Element 'Object Repository/Menu/Contacts' is exist

27-03-2024T14:56:17 - [TEST_STEP][PASSED] - bool_Calendar = verifyElementExist(findTestObject("Menu/Calendar"), 0): Element 'Object Repository/Menu/Calendar' is exist

27-03-2024T14:56:17 - [MESSAGE][WARNING] - Timeout '0' is invalid. Using default page load timeout: '30'

27-03-2024T14:56:17 - [MESSAGE][PASSED] - Element 'Object Repository/Menu/Calendar' is exist

27-03-2024T14:56:17 - [TEST_STEP][PASSED] - bool_StockInfo = verifyElementExist(findTestObject("Menu/Stock Information"), 0): Element 'Object Repository/Menu/Stock Information' is exist

27-03-2024T14:56:17 - [MESSAGE][WARNING] - Timeout '0' is invalid. Using default page load timeout: '30'

27-03-2024T14:56:17 - [MESSAGE][PASSED] - Element 'Object Repository/Menu/Stock Information' is exist

27-03-2024T14:56:17 - [TEST_STEP][PASSED] - bool_Activities = verifyElementExist(findTestObject("Menu/Activities"), 0): Element 'Object Repository/Menu/Activities' is exist

27-03-2024T14:56:18 - [MESSAGE][WARNING] - Timeout '0' is invalid. Using default page load timeout: '30'

27-03-2024T14:56:18 - [MESSAGE][PASSED] - Element 'Object Repository/Menu/Activities' is exist

27-03-2024T14:56:18 - [TEST_STEP][PASSED] - bool_LostCases = verifyElementExist(findTestObject("Menu/Lost Cases"), 0): Element 'Object Repository/Menu/Lost Cases' is exist

27-03-2024T14:56:18 - [MESSAGE][WARNING] - Timeout '0' is invalid. Using default page load timeout: '30'

27-03-2024T14:56:18 - [MESSAGE][PASSED] - Element 'Object Repository/Menu/Lost Cases' is exist

27-03-2024T14:56:18 - [TEST_STEP][PASSED] - bool_PDOR = verifyElementExist(findTestObject("Menu/PDOR"), 0): Element 'Object Repository/Menu/PDOR' is exist

27-03-2024T14:56:18 - [MESSAGE][WARNING] - Timeout '0' is invalid. Using default page load timeout: '30'

27-03-2024T14:56:18 - [MESSAGE][PASSED] - Element 'Object Repository/Menu/PDOR' is exist

27-03-2024T14:56:18 - [TEST_STEP][PASSED] - bool_SyncMaster = verifyElementExist(findTestObject("Menu/Sync Master"), 0): Element 'Object Repository/Menu/Sync Master' is exist

27-03-2024T14:56:18 - [MESSAGE][WARNING] - Timeout '0' is invalid. Using default page load timeout: '30'

27-03-2024T14:56:19 - [MESSAGE][PASSED] - Element 'Object Repository/Menu/Sync Master' is exist

27-03-2024T14:56:19 - [TEST_STEP][PASSED] - bool_AboutUs = verifyElementExist(findTestObject("Menu/About Us"), 0): Element 'Object Repository/Menu/About Us' is exist

27-03-2024T14:56:19 - [MESSAGE][WARNING] - Timeout '0' is invalid. Using default page load timeout: '30'

27-03-2024T14:56:19 - [MESSAGE][PASSED] - Element 'Object Repository/Menu/About Us' is exist

27-03-2024T14:56:19 - [TEST_STEP][PASSED] - bool_LogOut = verifyElementExist(findTestObject("Menu/Log Out"), 0): Element 'Object Repository/Menu/Log Out' is exist

27-03-2024T14:56:19 - [MESSAGE][WARNING] - Timeout '0' is invalid. Using default page load timeout: '30'

27-03-2024T14:56:28 - [MESSAGE][PASSED] - Element 'Object Repository/Menu/Log Out' is exist

27-03-2024T14:56:28 - [TEST_STEP][PASSED] - bool_LogOut && bool_AboutUs && bool_SyncMaster && bool_PDOR && bool_LostCases && bool_Activities && bool_StockInfo && bool_Calendar && bool_Contacts && bool_Opportunities == true: null

27-03-2024T14:56:28 - [TEST_STEP][PASSED] - takeScreenshot(): Screenshot is taken

27-03-2024T14:56:31 - [MESSAGE][PASSED] - Screenshot is taken
[[ATTACHMENT|C:\\Users\\sushil.gaikwad\\git\\EguruSmart1\\Reports\\20240327_143948\\TataMotors\\20240327_143948\\1711531588600.png]]

27-03-2024T14:56:31 - [TEST_STEP][PASSED] - tap(findTestObject("Menu/Opportunities"), 0, STOP_ON_FAILURE): Tapped on element 'Object Repository/Menu/Opportunities'

27-03-2024T14:56:31 - [MESSAGE][WARNING] - Timeout '0' is invalid. Using default page load timeout: '30'

27-03-2024T14:56:32 - [MESSAGE][PASSED] - Tapped on element 'Object Repository/Menu/Opportunities'

27-03-2024T14:56:33 - [TEST_STEP][PASSED] - waitForElementPresent(findTestObject("Lost and Non Lost Functionality/C0 Summary Text"), 30): Element 'Object Repository/Lost and Non Lost Functionality/C0 Summary Text' is present

27-03-2024T14:56:35 - [MESSAGE][PASSED] - Element 'Object Repository/Lost and Non Lost Functionality/C0 Summary Text' is present

27-03-2024T14:56:35 - [TEST_STEP][PASSED] - bool_AllOpportunity = verifyElementExist(findTestObject("Menu/All Opportunities"), 0): Element 'Object Repository/Menu/All Opportunities' is exist

27-03-2024T14:56:35 - [MESSAGE][WARNING] - Timeout '0' is invalid. Using default page load timeout: '30'

27-03-2024T14:56:35 - [MESSAGE][PASSED] - Element 'Object Repository/Menu/All Opportunities' is exist

27-03-2024T14:56:35 - [TEST_STEP][PASSED] - bool_AllOpportunity == true: null

27-03-2024T14:56:35 - [TEST_STEP][PASSED] - takeScreenshot(): Screenshot is taken

27-03-2024T14:56:38 - [MESSAGE][PASSED] - Screenshot is taken
[[ATTACHMENT|C:\\Users\\sushil.gaikwad\\git\\EguruSmart1\\Reports\\20240327_143948\\TataMotors\\20240327_143948\\1711531595807.png]]

27-03-2024T14:56:38 - [TEST_STEP][PASSED] - tap(findTestObject("Menu/FilterButton"), 0, STOP_ON_FAILURE): Tapped on element 'Object Repository/Menu/FilterButton'

27-03-2024T14:56:38 - [MESSAGE][WARNING] - Timeout '0' is invalid. Using default page load timeout: '30'

27-03-2024T14:56:43 - [MESSAGE][PASSED] - Tapped on element 'Object Repository/Menu/FilterButton'

27-03-2024T14:56:43 - [TEST_STEP][PASSED] - tap(findTestObject("Menu/Verification Status"), 0, STOP_ON_FAILURE): Tapped on element 'Object Repository/Menu/Verification Status'

27-03-2024T14:56:43 - [MESSAGE][WARNING] - Timeout '0' is invalid. Using default page load timeout: '30'

27-03-2024T14:56:44 - [MESSAGE][PASSED] - Tapped on element 'Object Repository/Menu/Verification Status'

27-03-2024T14:56:44 - [TEST_STEP][PASSED] - bool_Verified = verifyElementExist(findTestObject("Filter/VerifiedFilter"), 0): Element 'Object Repository/Filter/VerifiedFilter' is exist

27-03-2024T14:56:44 - [MESSAGE][WARNING] - Timeout '0' is invalid. Using default page load timeout: '30'

27-03-2024T14:56:45 - [MESSAGE][PASSED] - Element 'Object Repository/Filter/VerifiedFilter' is exist

27-03-2024T14:56:45 - [TEST_STEP][PASSED] - bool_NonVerified = verifyElementExist(findTestObject("Filter/NonVerifiedFilter"), 0): Element 'Object Repository/Filter/NonVerifiedFilter' is exist

27-03-2024T14:56:45 - [MESSAGE][WARNING] - Timeout '0' is invalid. Using default page load timeout: '30'

27-03-2024T14:56:47 - [MESSAGE][PASSED] - Element 'Object Repository/Filter/NonVerifiedFilter' is exist

27-03-2024T14:56:47 - [TEST_STEP][PASSED] - bool_ClearAll = verifyElementExist(findTestObject("Menu/CLEAR ALL"), 0): Element 'Object Repository/Menu/CLEAR ALL' is exist

27-03-2024T14:56:47 - [MESSAGE][WARNING] - Timeout '0' is invalid. Using default page load timeout: '30'

27-03-2024T14:56:47 - [MESSAGE][PASSED] - Element 'Object Repository/Menu/CLEAR ALL' is exist

27-03-2024T14:56:47 - [TEST_STEP][PASSED] - bool_Cancel = verifyElementExist(findTestObject("Menu/Cancel"), 0): Element 'Object Repository/Menu/Cancel' is exist

27-03-2024T14:56:47 - [MESSAGE][WARNING] - Timeout '0' is invalid. Using default page load timeout: '30'

27-03-2024T14:56:47 - [MESSAGE][PASSED] - Element 'Object Repository/Menu/Cancel' is exist

27-03-2024T14:56:47 - [TEST_STEP][PASSED] - bool_Apply = verifyElementExist(findTestObject("Menu/Apply"), 0): Element 'Object Repository/Menu/Apply' is exist

27-03-2024T14:56:47 - [MESSAGE][WARNING] - Timeout '0' is invalid. Using default page load timeout: '30'

27-03-2024T14:56:48 - [MESSAGE][PASSED] - Element 'Object Repository/Menu/Apply' is exist

27-03-2024T14:56:48 - [TEST_STEP][PASSED] - bool_Verified && bool_NonVerified && bool_ClearAll && bool_Cancel && bool_Apply == true: null

27-03-2024T14:56:48 - [TEST_STEP][PASSED] - takeScreenshot(): Screenshot is taken

27-03-2024T14:56:50 - [MESSAGE][PASSED] - Screenshot is taken
[[ATTACHMENT|C:\\Users\\sushil.gaikwad\\git\\EguruSmart1\\Reports\\20240327_143948\\TataMotors\\20240327_143948\\1711531608648.png]]

27-03-2024T14:56:50 - [TEST_STEP][PASSED] - Bool_Offline = waitForElementPresent(findTestObject("LockScreen/NewPin/Offline Master Sync"), 10): Object Object Repository/LockScreen/NewPin/Offline Master Sync not found

27-03-2024T14:57:00 - [MESSAGE][WARNING] - Object Object Repository/LockScreen/NewPin/Offline Master Sync not found

27-03-2024T14:57:00 - [TEST_STEP][PASSED] - if (Bool_Offline == true): null

27-03-2024T14:57:00 - [TEST_STEP][PASSED] - tap(findTestObject("Filter/VerifiedFilter"), 0, STOP_ON_FAILURE): Tapped on element 'Object Repository/Filter/VerifiedFilter'

27-03-2024T14:57:00 - [MESSAGE][WARNING] - Timeout '0' is invalid. Using default page load timeout: '30'

27-03-2024T14:57:01 - [MESSAGE][PASSED] - Tapped on element 'Object Repository/Filter/VerifiedFilter'

27-03-2024T14:57:01 - [TEST_STEP][PASSED] - delay(5, STOP_ON_FAILURE): Delayed 5 second(s)

27-03-2024T14:57:06 - [MESSAGE][PASSED] - Delayed 5 second(s)

27-03-2024T14:57:06 - [TEST_STEP][PASSED] - tap(findTestObject("Menu/Apply"), 0, STOP_ON_FAILURE): Tapped on element 'Object Repository/Menu/Apply'

27-03-2024T14:57:06 - [MESSAGE][WARNING] - Timeout '0' is invalid. Using default page load timeout: '30'

27-03-2024T14:57:07 - [MESSAGE][PASSED] - Tapped on element 'Object Repository/Menu/Apply'

27-03-2024T14:57:07 - [TEST_STEP][PASSED] - waitForElementPresent(findTestObject("Lost and Non Lost Functionality/C0 Summary Text"), 30): Element 'Object Repository/Lost and Non Lost Functionality/C0 Summary Text' is present

27-03-2024T14:57:11 - [MESSAGE][PASSED] - Element 'Object Repository/Lost and Non Lost Functionality/C0 Summary Text' is present

27-03-2024T14:57:11 - [TEST_STEP][PASSED] - bool_AllOpportunity = verifyElementExist(findTestObject("Menu/All Opportunities"), 30): Element 'Object Repository/Menu/All Opportunities' is exist

27-03-2024T14:57:12 - [MESSAGE][PASSED] - Element 'Object Repository/Menu/All Opportunities' is exist

27-03-2024T14:57:12 - [TEST_STEP][PASSED] - bool_AllOpportunity == true: null

27-03-2024T14:57:12 - [TEST_STEP][PASSED] - takeScreenshot(): Screenshot is taken

27-03-2024T14:57:14 - [MESSAGE][PASSED] - Screenshot is taken
[[ATTACHMENT|C:\\Users\\sushil.gaikwad\\git\\EguruSmart1\\Reports\\20240327_143948\\TataMotors\\20240327_143948\\1711531632451.png]]

27-03-2024T14:57:14 - [TEST_STEP][PASSED] - tap(findTestObject("Menu/FilterButton"), 0, STOP_ON_FAILURE): Tapped on element 'Object Repository/Menu/FilterButton'

27-03-2024T14:57:14 - [MESSAGE][WARNING] - Timeout '0' is invalid. Using default page load timeout: '30'

27-03-2024T14:57:17 - [MESSAGE][PASSED] - Tapped on element 'Object Repository/Menu/FilterButton'

27-03-2024T14:57:17 - [TEST_STEP][PASSED] - tap(findTestObject("Menu/Verification Status"), 0, STOP_ON_FAILURE): Tapped on element 'Object Repository/Menu/Verification Status'

27-03-2024T14:57:17 - [MESSAGE][WARNING] - Timeout '0' is invalid. Using default page load timeout: '30'

27-03-2024T14:57:18 - [MESSAGE][PASSED] - Tapped on element 'Object Repository/Menu/Verification Status'

27-03-2024T14:57:18 - [TEST_STEP][PASSED] - tap(findTestObject("Menu/CLEAR ALL"), 0, STOP_ON_FAILURE): Tapped on element 'Object Repository/Menu/CLEAR ALL'

27-03-2024T14:57:18 - [MESSAGE][WARNING] - Timeout '0' is invalid. Using default page load timeout: '30'

27-03-2024T14:57:18 - [MESSAGE][PASSED] - Tapped on element 'Object Repository/Menu/CLEAR ALL'

27-03-2024T14:57:18 - [TEST_STEP][PASSED] - tap(findTestObject("Filter/NonVerifiedFilter"), 0, STOP_ON_FAILURE): Tapped on element 'Object Repository/Filter/NonVerifiedFilter'

27-03-2024T14:57:18 - [MESSAGE][WARNING] - Timeout '0' is invalid. Using default page load timeout: '30'

27-03-2024T14:57:19 - [MESSAGE][PASSED] - Tapped on element 'Object Repository/Filter/NonVerifiedFilter'

27-03-2024T14:57:19 - [TEST_STEP][PASSED] - delay(5, STOP_ON_FAILURE): Delayed 5 second(s)

27-03-2024T14:57:24 - [MESSAGE][PASSED] - Delayed 5 second(s)

27-03-2024T14:57:24 - [TEST_STEP][PASSED] - tap(findTestObject("Menu/Apply"), 0, STOP_ON_FAILURE): Tapped on element 'Object Repository/Menu/Apply'

27-03-2024T14:57:24 - [MESSAGE][WARNING] - Timeout '0' is invalid. Using default page load timeout: '30'

27-03-2024T14:57:27 - [MESSAGE][PASSED] - Tapped on element 'Object Repository/Menu/Apply'

27-03-2024T14:57:27 - [TEST_STEP][PASSED] - bool_AllOpportunity = verifyElementExist(findTestObject("Menu/All Opportunities"), 0): Element 'Object Repository/Menu/All Opportunities' is exist

27-03-2024T14:57:27 - [MESSAGE][WARNING] - Timeout '0' is invalid. Using default page load timeout: '30'

27-03-2024T14:57:29 - [MESSAGE][PASSED] - Element 'Object Repository/Menu/All Opportunities' is exist

27-03-2024T14:57:29 - [TEST_STEP][PASSED] - bool_AllOpportunity == true: null

27-03-2024T14:57:29 - [TEST_STEP][PASSED] - takeScreenshot(): Screenshot is taken

27-03-2024T14:57:30 - [MESSAGE][PASSED] - Screenshot is taken
[[ATTACHMENT|C:\\Users\\sushil.gaikwad\\git\\EguruSmart1\\Reports\\20240327_143948\\TataMotors\\20240327_143948\\1711531649250.png]]

27-03-2024T14:57:30 - [TEST_STEP][PASSED] - closeApplication(): Close app successfully

27-03-2024T14:57:31 - [MESSAGE][PASSED] - Close app successfully]]></system-out>
         <system-err><![CDATA[]]></system-err>
      </testcase>
      <testcase name="Test Cases/TC/TC_08 - Lost Functionality" time="141.102" classname="Test Cases/TC/TC_08 - Lost Functionality" status="FAILED">
         <failure type="FAILED" message="Test Cases/TC/TC_08 - Lost Functionality FAILED.&#xa;Reason:&#xa;com.kms.katalon.core.exception.StepFailedException: Failed to check for element 'Object Repository/Lost and Non Lost Functionality/DETAILS' exist&#xa;	at com.kms.katalon.core.mobile.keyword.internal.MobileKeywordMain.stepFailed(MobileKeywordMain.groovy:38)&#xa;	at com.kms.katalon.core.mobile.keyword.internal.MobileKeywordMain.runKeyword(MobileKeywordMain.groovy:21)&#xa;	at com.kms.katalon.core.mobile.keyword.builtin.VerifyElementExistKeyword.verifyElementExist(VerifyElementExistKeyword.groovy:51)&#xa;	at com.kms.katalon.core.mobile.keyword.builtin.VerifyElementExistKeyword.execute(VerifyElementExistKeyword.groovy:35)&#xa;	at com.kms.katalon.core.keyword.internal.KeywordExecutor.executeKeywordForPlatform(KeywordExecutor.groovy:74)&#xa;	at com.kms.katalon.core.mobile.keyword.MobileBuiltInKeywords.verifyElementExist(MobileBuiltInKeywords.groovy:1755)&#xa;	at TC_08 - Lost Functionality.run(TC_08 - Lost Functionality:61)&#xa;	at com.kms.katalon.core.main.ScriptEngine.run(ScriptEngine.java:194)&#xa;	at com.kms.katalon.core.main.ScriptEngine.runScriptAsRawText(ScriptEngine.java:119)&#xa;	at com.kms.katalon.core.main.TestCaseExecutor.runScript(TestCaseExecutor.java:448)&#xa;	at com.kms.katalon.core.main.TestCaseExecutor.doExecute(TestCaseExecutor.java:439)&#xa;	at com.kms.katalon.core.main.TestCaseExecutor.processExecutionPhase(TestCaseExecutor.java:418)&#xa;	at com.kms.katalon.core.main.TestCaseExecutor.accessMainPhase(TestCaseExecutor.java:410)&#xa;	at com.kms.katalon.core.main.TestCaseExecutor.execute(TestCaseExecutor.java:285)&#xa;	at com.kms.katalon.core.common.CommonExecutor.accessTestCaseMainPhase(CommonExecutor.java:65)&#xa;	at com.kms.katalon.core.main.TestSuiteExecutor.accessTestSuiteMainPhase(TestSuiteExecutor.java:148)&#xa;	at com.kms.katalon.core.main.TestSuiteExecutor.execute(TestSuiteExecutor.java:106)&#xa;	at com.kms.katalon.core.main.TestCaseMain.startTestSuite(TestCaseMain.java:180)&#xa;	at TempTestSuite1711530588004.run(TempTestSuite1711530588004.groovy:35)&#xa;	at java.base/jdk.internal.reflect.NativeMethodAccessorImpl.invoke0(Native Method)&#xa;	at java.base/jdk.internal.reflect.NativeMethodAccessorImpl.invoke(NativeMethodAccessorImpl.java:77)&#xa;	at java.base/jdk.internal.reflect.DelegatingMethodAccessorImpl.invoke(DelegatingMethodAccessorImpl.java:43)&#xa;Caused by: com.kms.katalon.core.exception.StepFailedException: Element 'Object Repository/Lost and Non Lost Functionality/DETAILS' not found&#xa;	at com.kms.katalon.core.mobile.keyword.internal.MobileKeywordMain.stepFailed(MobileKeywordMain.groovy:38)&#xa;	at com.kms.katalon.core.mobile.keyword.builtin.VerifyElementExistKeyword$_verifyElementExist_closure1.doCall(VerifyElementExistKeyword.groovy:48)&#xa;	at com.kms.katalon.core.mobile.keyword.builtin.VerifyElementExistKeyword$_verifyElementExist_closure1.call(VerifyElementExistKeyword.groovy)&#xa;	at com.kms.katalon.core.mobile.keyword.internal.MobileKeywordMain.runKeyword(MobileKeywordMain.groovy:19)&#xa;	... 20 more&#xa;"/>
         <system-out><![CDATA[27-03-2024T14:57:31 - [TEST_CASE][FAILED] - Test Cases/TC/TC_08 - Lost Functionality: Test Cases/TC/TC_08 - Lost Functionality FAILED.
Reason:
com.kms.katalon.core.exception.StepFailedException: Failed to check for element 'Object Repository/Lost and Non Lost Functionality/DETAILS' exist
	at com.kms.katalon.core.mobile.keyword.internal.MobileKeywordMain.stepFailed(MobileKeywordMain.groovy:38)
	at com.kms.katalon.core.mobile.keyword.internal.MobileKeywordMain.runKeyword(MobileKeywordMain.groovy:21)
	at com.kms.katalon.core.mobile.keyword.builtin.VerifyElementExistKeyword.verifyElementExist(VerifyElementExistKeyword.groovy:51)
	at com.kms.katalon.core.mobile.keyword.builtin.VerifyElementExistKeyword.execute(VerifyElementExistKeyword.groovy:35)
	at com.kms.katalon.core.keyword.internal.KeywordExecutor.executeKeywordForPlatform(KeywordExecutor.groovy:74)
	at com.kms.katalon.core.mobile.keyword.MobileBuiltInKeywords.verifyElementExist(MobileBuiltInKeywords.groovy:1755)
	at TC_08 - Lost Functionality.run(TC_08 - Lost Functionality:61)
	at com.kms.katalon.core.main.ScriptEngine.run(ScriptEngine.java:194)
	at com.kms.katalon.core.main.ScriptEngine.runScriptAsRawText(ScriptEngine.java:119)
	at com.kms.katalon.core.main.TestCaseExecutor.runScript(TestCaseExecutor.java:448)
	at com.kms.katalon.core.main.TestCaseExecutor.doExecute(TestCaseExecutor.java:439)
	at com.kms.katalon.core.main.TestCaseExecutor.processExecutionPhase(TestCaseExecutor.java:418)
	at com.kms.katalon.core.main.TestCaseExecutor.accessMainPhase(TestCaseExecutor.java:410)
	at com.kms.katalon.core.main.TestCaseExecutor.execute(TestCaseExecutor.java:285)
	at com.kms.katalon.core.common.CommonExecutor.accessTestCaseMainPhase(CommonExecutor.java:65)
	at com.kms.katalon.core.main.TestSuiteExecutor.accessTestSuiteMainPhase(TestSuiteExecutor.java:148)
	at com.kms.katalon.core.main.TestSuiteExecutor.execute(TestSuiteExecutor.java:106)
	at com.kms.katalon.core.main.TestCaseMain.startTestSuite(TestCaseMain.java:180)
	at TempTestSuite1711530588004.run(TempTestSuite1711530588004.groovy:35)
	at java.base/jdk.internal.reflect.NativeMethodAccessorImpl.invoke0(Native Method)
	at java.base/jdk.internal.reflect.NativeMethodAccessorImpl.invoke(NativeMethodAccessorImpl.java:77)
	at java.base/jdk.internal.reflect.DelegatingMethodAccessorImpl.invoke(DelegatingMethodAccessorImpl.java:43)
Caused by: com.kms.katalon.core.exception.StepFailedException: Element 'Object Repository/Lost and Non Lost Functionality/DETAILS' not found
	at com.kms.katalon.core.mobile.keyword.internal.MobileKeywordMain.stepFailed(MobileKeywordMain.groovy:38)
	at com.kms.katalon.core.mobile.keyword.builtin.VerifyElementExistKeyword$_verifyElementExist_closure1.doCall(VerifyElementExistKeyword.groovy:48)
	at com.kms.katalon.core.mobile.keyword.builtin.VerifyElementExistKeyword$_verifyElementExist_closure1.call(VerifyElementExistKeyword.groovy)
	at com.kms.katalon.core.mobile.keyword.internal.MobileKeywordMain.runKeyword(MobileKeywordMain.groovy:19)
	... 20 more


27-03-2024T14:57:32 - [TEST_STEP][PASSED] - callTestCase(findTestCase("CommenWorkflows/Login"), ["Str_URL":"C:\Users\sushil.gaikwad\git\EguruSmart1\Application\app-release (4).apk", "Str_Username":"DUSER145", "Str_Password":"Soct#2023", ... ], STOP_ON_FAILURE): Call Test Case 'Test Cases/CommenWorkflows/Login' successfully

27-03-2024T14:57:32 - [TEST_CASE][PASSED] - Test Cases/CommenWorkflows/Login: Test Cases/CommenWorkflows/Login

27-03-2024T14:57:32 - [TEST_STEP][PASSED] - startApplication(Str_URL, false): Started app at: 'C:\Users\sushil.gaikwad\git\EguruSmart1\Application\app-release (4).apk'

27-03-2024T14:57:32 - [MESSAGE][INFO] - User set preference: ['deviceId', 'R9ZT10H9Y2L']

27-03-2024T14:57:32 - [MESSAGE][INFO] - Detected NodeJS location: "C:\Program Files\nodejs\node.exe"

27-03-2024T14:57:36 - [MESSAGE][INFO] - PATH: C:\Program Files\nodejs;

27-03-2024T14:57:36 - [MESSAGE][INFO] - APPIUM_HOME: C:\Users\sushil.gaikwad\AppData\Roaming\npm\node_modules\appium\build\lib\main.js

27-03-2024T14:57:36 - [MESSAGE][INFO] - appium outlog: C:\Users\sushil.gaikwad\git\EguruSmart1\Reports\20240327_143948\TataMotors\20240327_143948\appium.log

27-03-2024T14:57:36 - [MESSAGE][INFO] - appium errlog: C:\Users\sushil.gaikwad\git\EguruSmart1\Reports\20240327_143948\TataMotors\20240327_143948\appium_error.log

27-03-2024T14:57:38 - [MESSAGE][INFO] - Appium server started on port 49,398

27-03-2024T14:57:53 - [MESSAGE][PASSED] - Started app at: 'C:\Users\sushil.gaikwad\git\EguruSmart1\Application\app-release (4).apk'

27-03-2024T14:57:53 - [TEST_STEP][PASSED] - Bool_Username = waitForElementPresent(findTestObject("LockScreen/UsernaneText"), 10): Object Object Repository/LockScreen/UsernaneText not found

27-03-2024T14:58:03 - [MESSAGE][WARNING] - Object Object Repository/LockScreen/UsernaneText not found

27-03-2024T14:58:03 - [TEST_STEP][PASSED] - if (Bool_Username == true): null

27-03-2024T14:58:03 - [TEST_STEP][PASSED] - else: Tapped on element 'Object Repository/LockScreen/LoginButton'

27-03-2024T14:58:03 - [TEST_STEP][PASSED] - tap(findTestObject("LockScreen/Tap1"), 0): Tapped on element 'Object Repository/LockScreen/Tap1'

27-03-2024T14:58:03 - [MESSAGE][WARNING] - Timeout '0' is invalid. Using default page load timeout: '30'

27-03-2024T14:58:11 - [MESSAGE][PASSED] - Tapped on element 'Object Repository/LockScreen/Tap1'

27-03-2024T14:58:11 - [TEST_STEP][PASSED] - setText(findTestObject("LockScreen/Text1"), "1", 0): Text '1' has been set to element 'Object Repository/LockScreen/Text1'

27-03-2024T14:58:12 - [MESSAGE][WARNING] - Timeout '0' is invalid. Using default page load timeout: '30'

27-03-2024T14:58:13 - [MESSAGE][PASSED] - Text '1' has been set to element 'Object Repository/LockScreen/Text1'

27-03-2024T14:58:14 - [TEST_STEP][PASSED] - setText(findTestObject("LockScreen/Text2"), "2", 0): Text '2' has been set to element 'Object Repository/LockScreen/Text2'

27-03-2024T14:58:14 - [MESSAGE][WARNING] - Timeout '0' is invalid. Using default page load timeout: '30'

27-03-2024T14:58:15 - [MESSAGE][PASSED] - Text '2' has been set to element 'Object Repository/LockScreen/Text2'

27-03-2024T14:58:15 - [TEST_STEP][PASSED] - setText(findTestObject("LockScreen/Text3"), "3", 0): Text '3' has been set to element 'Object Repository/LockScreen/Text3'

27-03-2024T14:58:15 - [MESSAGE][WARNING] - Timeout '0' is invalid. Using default page load timeout: '30'

27-03-2024T14:58:17 - [MESSAGE][PASSED] - Text '3' has been set to element 'Object Repository/LockScreen/Text3'

27-03-2024T14:58:17 - [TEST_STEP][PASSED] - setText(findTestObject("LockScreen/Text4"), "4", 0): Text '4' has been set to element 'Object Repository/LockScreen/Text4'

27-03-2024T14:58:17 - [MESSAGE][WARNING] - Timeout '0' is invalid. Using default page load timeout: '30'

27-03-2024T14:58:19 - [MESSAGE][PASSED] - Text '4' has been set to element 'Object Repository/LockScreen/Text4'

27-03-2024T14:58:19 - [TEST_STEP][PASSED] - tap(findTestObject("LockScreen/LoginButton"), 0): Tapped on element 'Object Repository/LockScreen/LoginButton'

27-03-2024T14:58:19 - [MESSAGE][WARNING] - Timeout '0' is invalid. Using default page load timeout: '30'

27-03-2024T14:58:22 - [MESSAGE][PASSED] - Tapped on element 'Object Repository/LockScreen/LoginButton'

27-03-2024T14:58:22 - [MESSAGE][PASSED] - Call Test Case 'Test Cases/CommenWorkflows/Login' successfully

27-03-2024T14:58:22 - [TEST_STEP][PASSED] - verifyElementExist(findTestObject("TataMotars/HomeButton"), 10): Element 'Object Repository/TataMotars/HomeButton' is exist

27-03-2024T14:58:22 - [MESSAGE][PASSED] - Element 'Object Repository/TataMotars/HomeButton' is exist

27-03-2024T14:58:22 - [TEST_STEP][PASSED] - tap(findTestObject("Home/Opportunities"), 0): Tapped on element 'Object Repository/Home/Opportunities'

27-03-2024T14:58:22 - [MESSAGE][WARNING] - Timeout '0' is invalid. Using default page load timeout: '30'

27-03-2024T14:58:23 - [MESSAGE][PASSED] - Tapped on element 'Object Repository/Home/Opportunities'

27-03-2024T14:58:23 - [TEST_STEP][PASSED] - tap(findTestObject("Lost and Non Lost Functionality/C0"), 0): Tapped on element 'Object Repository/Lost and Non Lost Functionality/C0'

27-03-2024T14:58:23 - [MESSAGE][WARNING] - Timeout '0' is invalid. Using default page load timeout: '30'

27-03-2024T14:58:26 - [MESSAGE][PASSED] - Tapped on element 'Object Repository/Lost and Non Lost Functionality/C0'

27-03-2024T14:58:26 - [TEST_STEP][PASSED] - bool_Summary = verifyElementExist(findTestObject("Lost and Non Lost Functionality/C0 Summary Text"), 30): Element 'Object Repository/Lost and Non Lost Functionality/C0 Summary Text' is exist

27-03-2024T14:58:27 - [MESSAGE][PASSED] - Element 'Object Repository/Lost and Non Lost Functionality/C0 Summary Text' is exist

27-03-2024T14:58:27 - [TEST_STEP][PASSED] - bool_Target = verifyElementExist(findTestObject("Lost and Non Lost Functionality/Target text"), 30): Element 'Object Repository/Lost and Non Lost Functionality/Target text' is exist

27-03-2024T14:58:28 - [MESSAGE][PASSED] - Element 'Object Repository/Lost and Non Lost Functionality/Target text' is exist

27-03-2024T14:58:28 - [TEST_STEP][PASSED] - bool_MTD = verifyElementExist(findTestObject("Lost and Non Lost Functionality/MTD text"), 0): Element 'Object Repository/Lost and Non Lost Functionality/MTD text' is exist

27-03-2024T14:58:28 - [MESSAGE][WARNING] - Timeout '0' is invalid. Using default page load timeout: '30'

27-03-2024T14:58:29 - [MESSAGE][PASSED] - Element 'Object Repository/Lost and Non Lost Functionality/MTD text' is exist

27-03-2024T14:58:29 - [TEST_STEP][PASSED] - bool_ThisWeek = verifyElementExist(findTestObject("Lost and Non Lost Functionality/This Week text"), 0): Element 'Object Repository/Lost and Non Lost Functionality/This Week text' is exist

27-03-2024T14:58:29 - [MESSAGE][WARNING] - Timeout '0' is invalid. Using default page load timeout: '30'

27-03-2024T14:58:29 - [MESSAGE][PASSED] - Element 'Object Repository/Lost and Non Lost Functionality/This Week text' is exist

27-03-2024T14:58:29 - [TEST_STEP][PASSED] - bool_Yesterday = verifyElementExist(findTestObject("Lost and Non Lost Functionality/Yesterday text"), 0): Element 'Object Repository/Lost and Non Lost Functionality/Yesterday text' is exist

27-03-2024T14:58:29 - [MESSAGE][WARNING] - Timeout '0' is invalid. Using default page load timeout: '30'

27-03-2024T14:58:29 - [MESSAGE][PASSED] - Element 'Object Repository/Lost and Non Lost Functionality/Yesterday text' is exist

27-03-2024T14:58:29 - [TEST_STEP][PASSED] - bool_Yesterday && bool_ThisWeek && bool_MTD && bool_Target && bool_Summary == true: null

27-03-2024T14:58:29 - [TEST_STEP][PASSED] - takeScreenshot(): Screenshot is taken

27-03-2024T14:58:32 - [MESSAGE][PASSED] - Screenshot is taken
[[ATTACHMENT|C:\\Users\\sushil.gaikwad\\git\\EguruSmart1\\Reports\\20240327_143948\\TataMotors\\20240327_143948\\1711531709998.png]]

27-03-2024T14:58:32 - [TEST_STEP][PASSED] - Bool_Offline = waitForElementPresent(findTestObject("LockScreen/NewPin/Offline Master Sync"), 5): Object Object Repository/LockScreen/NewPin/Offline Master Sync not found

27-03-2024T14:58:37 - [MESSAGE][WARNING] - Object Object Repository/LockScreen/NewPin/Offline Master Sync not found

27-03-2024T14:58:37 - [TEST_STEP][PASSED] - if (Bool_Offline == true): null

27-03-2024T14:58:37 - [TEST_STEP][PASSED] - tap(findTestObject("Lost and Non Lost Functionality/C0 Three Dots"), 0): Tapped on element 'Object Repository/Lost and Non Lost Functionality/C0 Three Dots'

27-03-2024T14:58:37 - [MESSAGE][WARNING] - Timeout '0' is invalid. Using default page load timeout: '30'

27-03-2024T14:58:47 - [MESSAGE][PASSED] - Tapped on element 'Object Repository/Lost and Non Lost Functionality/C0 Three Dots'

27-03-2024T14:58:47 - [TEST_STEP][PASSED] - Bool_Offline = waitForElementPresent(findTestObject("Lost and Non Lost Functionality/Opportunity Details"), 10): Element 'Object Repository/Lost and Non Lost Functionality/Opportunity Details' is present

27-03-2024T14:58:47 - [MESSAGE][PASSED] - Element 'Object Repository/Lost and Non Lost Functionality/Opportunity Details' is present

27-03-2024T14:58:47 - [TEST_STEP][PASSED] - tap(findTestObject("Lost and Non Lost Functionality/Opportunity Details"), 0): Tapped on element 'Object Repository/Lost and Non Lost Functionality/Opportunity Details'

27-03-2024T14:58:47 - [MESSAGE][WARNING] - Timeout '0' is invalid. Using default page load timeout: '30'

27-03-2024T14:58:48 - [MESSAGE][PASSED] - Tapped on element 'Object Repository/Lost and Non Lost Functionality/Opportunity Details'

27-03-2024T14:58:48 - [TEST_STEP][PASSED] - waitForElementPresent(findTestObject("Lost and Non Lost Functionality/Schedule a follow up"), 5): Object Object Repository/Lost and Non Lost Functionality/Schedule a follow up not found

27-03-2024T14:58:53 - [MESSAGE][WARNING] - Object Object Repository/Lost and Non Lost Functionality/Schedule a follow up not found

27-03-2024T14:58:53 - [TEST_STEP][PASSED] - bool_CreateC1 = verifyElementExist(findTestObject("Lost and Non Lost Functionality/CREATE C1"), 0): Element 'Object Repository/Lost and Non Lost Functionality/CREATE C1' is exist

27-03-2024T14:58:53 - [MESSAGE][WARNING] - Timeout '0' is invalid. Using default page load timeout: '30'

27-03-2024T14:59:18 - [MESSAGE][PASSED] - Element 'Object Repository/Lost and Non Lost Functionality/CREATE C1' is exist

27-03-2024T14:59:18 - [TEST_STEP][FAILED] - bool_Details = verifyElementExist(findTestObject("Lost and Non Lost Functionality/DETAILS"), 0): Failed to check for element 'Object Repository/Lost and Non Lost Functionality/DETAILS' exist (Root cause: com.kms.katalon.core.exception.StepFailedException: Failed to check for element 'Object Repository/Lost and Non Lost Functionality/DETAILS' exist
	at com.kms.katalon.core.mobile.keyword.internal.MobileKeywordMain.stepFailed(MobileKeywordMain.groovy:38)
	at com.kms.katalon.core.mobile.keyword.internal.MobileKeywordMain.runKeyword(MobileKeywordMain.groovy:21)
	at com.kms.katalon.core.mobile.keyword.builtin.VerifyElementExistKeyword.verifyElementExist(VerifyElementExistKeyword.groovy:51)
	at com.kms.katalon.core.mobile.keyword.builtin.VerifyElementExistKeyword.execute(VerifyElementExistKeyword.groovy:35)
	at com.kms.katalon.core.keyword.internal.KeywordExecutor.executeKeywordForPlatform(KeywordExecutor.groovy:74)
	at com.kms.katalon.core.mobile.keyword.MobileBuiltInKeywords.verifyElementExist(MobileBuiltInKeywords.groovy:1755)
	at TC_08 - Lost Functionality.run(TC_08 - Lost Functionality:61)
	at com.kms.katalon.core.main.ScriptEngine.run(ScriptEngine.java:194)
	at com.kms.katalon.core.main.ScriptEngine.runScriptAsRawText(ScriptEngine.java:119)
	at com.kms.katalon.core.main.TestCaseExecutor.runScript(TestCaseExecutor.java:448)
	at com.kms.katalon.core.main.TestCaseExecutor.doExecute(TestCaseExecutor.java:439)
	at com.kms.katalon.core.main.TestCaseExecutor.processExecutionPhase(TestCaseExecutor.java:418)
	at com.kms.katalon.core.main.TestCaseExecutor.accessMainPhase(TestCaseExecutor.java:410)
	at com.kms.katalon.core.main.TestCaseExecutor.execute(TestCaseExecutor.java:285)
	at com.kms.katalon.core.common.CommonExecutor.accessTestCaseMainPhase(CommonExecutor.java:65)
	at com.kms.katalon.core.main.TestSuiteExecutor.accessTestSuiteMainPhase(TestSuiteExecutor.java:148)
	at com.kms.katalon.core.main.TestSuiteExecutor.execute(TestSuiteExecutor.java:106)
	at com.kms.katalon.core.main.TestCaseMain.startTestSuite(TestCaseMain.java:180)
	at TempTestSuite1711530588004.run(TempTestSuite1711530588004.groovy:35)
	at java.base/jdk.internal.reflect.NativeMethodAccessorImpl.invoke0(Native Method)
	at java.base/jdk.internal.reflect.NativeMethodAccessorImpl.invoke(NativeMethodAccessorImpl.java:77)
	at java.base/jdk.internal.reflect.DelegatingMethodAccessorImpl.invoke(DelegatingMethodAccessorImpl.java:43)
Caused by: com.kms.katalon.core.exception.StepFailedException: Element 'Object Repository/Lost and Non Lost Functionality/DETAILS' not found
	at com.kms.katalon.core.mobile.keyword.internal.MobileKeywordMain.stepFailed(MobileKeywordMain.groovy:38)
	at com.kms.katalon.core.mobile.keyword.builtin.VerifyElementExistKeyword$_verifyElementExist_closure1.doCall(VerifyElementExistKeyword.groovy:48)
	at com.kms.katalon.core.mobile.keyword.builtin.VerifyElementExistKeyword$_verifyElementExist_closure1.call(VerifyElementExistKeyword.groovy)
	at com.kms.katalon.core.mobile.keyword.internal.MobileKeywordMain.runKeyword(MobileKeywordMain.groovy:19)
	... 20 more
)

27-03-2024T14:59:18 - [MESSAGE][WARNING] - Timeout '0' is invalid. Using default page load timeout: '30'

27-03-2024T14:59:50 - [MESSAGE][FAILED] - Element 'Object Repository/Lost and Non Lost Functionality/DETAILS' not found (Root cause: com.kms.katalon.core.exception.StepFailedException: Element 'Object Repository/Lost and Non Lost Functionality/DETAILS' not found
	at com.kms.katalon.core.mobile.keyword.internal.MobileKeywordMain.stepFailed(MobileKeywordMain.groovy:38)
	at com.kms.katalon.core.mobile.keyword.builtin.VerifyElementExistKeyword$_verifyElementExist_closure1.doCall(VerifyElementExistKeyword.groovy:48)
	at com.kms.katalon.core.mobile.keyword.builtin.VerifyElementExistKeyword$_verifyElementExist_closure1.call(VerifyElementExistKeyword.groovy)
	at com.kms.katalon.core.mobile.keyword.internal.MobileKeywordMain.runKeyword(MobileKeywordMain.groovy:19)
	at com.kms.katalon.core.mobile.keyword.builtin.VerifyElementExistKeyword.verifyElementExist(VerifyElementExistKeyword.groovy:51)
	at com.kms.katalon.core.mobile.keyword.builtin.VerifyElementExistKeyword.execute(VerifyElementExistKeyword.groovy:35)
	at com.kms.katalon.core.keyword.internal.KeywordExecutor.executeKeywordForPlatform(KeywordExecutor.groovy:74)
	at com.kms.katalon.core.mobile.keyword.MobileBuiltInKeywords.verifyElementExist(MobileBuiltInKeywords.groovy:1755)
	at TC_08 - Lost Functionality.run(TC_08 - Lost Functionality:61)
	at com.kms.katalon.core.main.ScriptEngine.run(ScriptEngine.java:194)
	at com.kms.katalon.core.main.ScriptEngine.runScriptAsRawText(ScriptEngine.java:119)
	at com.kms.katalon.core.main.TestCaseExecutor.runScript(TestCaseExecutor.java:448)
	at com.kms.katalon.core.main.TestCaseExecutor.doExecute(TestCaseExecutor.java:439)
	at com.kms.katalon.core.main.TestCaseExecutor.processExecutionPhase(TestCaseExecutor.java:418)
	at com.kms.katalon.core.main.TestCaseExecutor.accessMainPhase(TestCaseExecutor.java:410)
	at com.kms.katalon.core.main.TestCaseExecutor.execute(TestCaseExecutor.java:285)
	at com.kms.katalon.core.common.CommonExecutor.accessTestCaseMainPhase(CommonExecutor.java:65)
	at com.kms.katalon.core.main.TestSuiteExecutor.accessTestSuiteMainPhase(TestSuiteExecutor.java:148)
	at com.kms.katalon.core.main.TestSuiteExecutor.execute(TestSuiteExecutor.java:106)
	at com.kms.katalon.core.main.TestCaseMain.startTestSuite(TestCaseMain.java:180)
	at TempTestSuite1711530588004.run(TempTestSuite1711530588004.groovy:35)
	at java.base/jdk.internal.reflect.NativeMethodAccessorImpl.invoke0(Native Method)
	at java.base/jdk.internal.reflect.NativeMethodAccessorImpl.invoke(NativeMethodAccessorImpl.java:77)
	at java.base/jdk.internal.reflect.DelegatingMethodAccessorImpl.invoke(DelegatingMethodAccessorImpl.java:43)
)
[[ATTACHMENT|C:\\Users\\sushil.gaikwad\\git\\EguruSmart1\\Reports\\20240327_143948\\TataMotors\\20240327_143948\\1711531788722.png]]

27-03-2024T14:59:52 - [MESSAGE][FAILED] - Failed to check for element 'Object Repository/Lost and Non Lost Functionality/DETAILS' exist (Root cause: com.kms.katalon.core.exception.StepFailedException: Failed to check for element 'Object Repository/Lost and Non Lost Functionality/DETAILS' exist
	at com.kms.katalon.core.mobile.keyword.internal.MobileKeywordMain.stepFailed(MobileKeywordMain.groovy:38)
	at com.kms.katalon.core.mobile.keyword.internal.MobileKeywordMain.runKeyword(MobileKeywordMain.groovy:21)
	at com.kms.katalon.core.mobile.keyword.builtin.VerifyElementExistKeyword.verifyElementExist(VerifyElementExistKeyword.groovy:51)
	at com.kms.katalon.core.mobile.keyword.builtin.VerifyElementExistKeyword.execute(VerifyElementExistKeyword.groovy:35)
	at com.kms.katalon.core.keyword.internal.KeywordExecutor.executeKeywordForPlatform(KeywordExecutor.groovy:74)
	at com.kms.katalon.core.mobile.keyword.MobileBuiltInKeywords.verifyElementExist(MobileBuiltInKeywords.groovy:1755)
	at TC_08 - Lost Functionality.run(TC_08 - Lost Functionality:61)
	at com.kms.katalon.core.main.ScriptEngine.run(ScriptEngine.java:194)
	at com.kms.katalon.core.main.ScriptEngine.runScriptAsRawText(ScriptEngine.java:119)
	at com.kms.katalon.core.main.TestCaseExecutor.runScript(TestCaseExecutor.java:448)
	at com.kms.katalon.core.main.TestCaseExecutor.doExecute(TestCaseExecutor.java:439)
	at com.kms.katalon.core.main.TestCaseExecutor.processExecutionPhase(TestCaseExecutor.java:418)
	at com.kms.katalon.core.main.TestCaseExecutor.accessMainPhase(TestCaseExecutor.java:410)
	at com.kms.katalon.core.main.TestCaseExecutor.execute(TestCaseExecutor.java:285)
	at com.kms.katalon.core.common.CommonExecutor.accessTestCaseMainPhase(CommonExecutor.java:65)
	at com.kms.katalon.core.main.TestSuiteExecutor.accessTestSuiteMainPhase(TestSuiteExecutor.java:148)
	at com.kms.katalon.core.main.TestSuiteExecutor.execute(TestSuiteExecutor.java:106)
	at com.kms.katalon.core.main.TestCaseMain.startTestSuite(TestCaseMain.java:180)
	at TempTestSuite1711530588004.run(TempTestSuite1711530588004.groovy:35)
	at java.base/jdk.internal.reflect.NativeMethodAccessorImpl.invoke0(Native Method)
	at java.base/jdk.internal.reflect.NativeMethodAccessorImpl.invoke(NativeMethodAccessorImpl.java:77)
	at java.base/jdk.internal.reflect.DelegatingMethodAccessorImpl.invoke(DelegatingMethodAccessorImpl.java:43)
Caused by: com.kms.katalon.core.exception.StepFailedException: Element 'Object Repository/Lost and Non Lost Functionality/DETAILS' not found
	at com.kms.katalon.core.mobile.keyword.internal.MobileKeywordMain.stepFailed(MobileKeywordMain.groovy:38)
	at com.kms.katalon.core.mobile.keyword.builtin.VerifyElementExistKeyword$_verifyElementExist_closure1.doCall(VerifyElementExistKeyword.groovy:48)
	at com.kms.katalon.core.mobile.keyword.builtin.VerifyElementExistKeyword$_verifyElementExist_closure1.call(VerifyElementExistKeyword.groovy)
	at com.kms.katalon.core.mobile.keyword.internal.MobileKeywordMain.runKeyword(MobileKeywordMain.groovy:19)
	... 20 more
)
[[ATTACHMENT|C:\\Users\\sushil.gaikwad\\git\\EguruSmart1\\Reports\\20240327_143948\\TataMotors\\20240327_143948\\1711531790674.png]]]]></system-out>
         <system-err><![CDATA[27-03-2024T14:57:31 - [TEST_CASE][FAILED] - Test Cases/TC/TC_08 - Lost Functionality: Test Cases/TC/TC_08 - Lost Functionality FAILED.
Reason:
com.kms.katalon.core.exception.StepFailedException: Failed to check for element 'Object Repository/Lost and Non Lost Functionality/DETAILS' exist
	at com.kms.katalon.core.mobile.keyword.internal.MobileKeywordMain.stepFailed(MobileKeywordMain.groovy:38)
	at com.kms.katalon.core.mobile.keyword.internal.MobileKeywordMain.runKeyword(MobileKeywordMain.groovy:21)
	at com.kms.katalon.core.mobile.keyword.builtin.VerifyElementExistKeyword.verifyElementExist(VerifyElementExistKeyword.groovy:51)
	at com.kms.katalon.core.mobile.keyword.builtin.VerifyElementExistKeyword.execute(VerifyElementExistKeyword.groovy:35)
	at com.kms.katalon.core.keyword.internal.KeywordExecutor.executeKeywordForPlatform(KeywordExecutor.groovy:74)
	at com.kms.katalon.core.mobile.keyword.MobileBuiltInKeywords.verifyElementExist(MobileBuiltInKeywords.groovy:1755)
	at TC_08 - Lost Functionality.run(TC_08 - Lost Functionality:61)
	at com.kms.katalon.core.main.ScriptEngine.run(ScriptEngine.java:194)
	at com.kms.katalon.core.main.ScriptEngine.runScriptAsRawText(ScriptEngine.java:119)
	at com.kms.katalon.core.main.TestCaseExecutor.runScript(TestCaseExecutor.java:448)
	at com.kms.katalon.core.main.TestCaseExecutor.doExecute(TestCaseExecutor.java:439)
	at com.kms.katalon.core.main.TestCaseExecutor.processExecutionPhase(TestCaseExecutor.java:418)
	at com.kms.katalon.core.main.TestCaseExecutor.accessMainPhase(TestCaseExecutor.java:410)
	at com.kms.katalon.core.main.TestCaseExecutor.execute(TestCaseExecutor.java:285)
	at com.kms.katalon.core.common.CommonExecutor.accessTestCaseMainPhase(CommonExecutor.java:65)
	at com.kms.katalon.core.main.TestSuiteExecutor.accessTestSuiteMainPhase(TestSuiteExecutor.java:148)
	at com.kms.katalon.core.main.TestSuiteExecutor.execute(TestSuiteExecutor.java:106)
	at com.kms.katalon.core.main.TestCaseMain.startTestSuite(TestCaseMain.java:180)
	at TempTestSuite1711530588004.run(TempTestSuite1711530588004.groovy:35)
	at java.base/jdk.internal.reflect.NativeMethodAccessorImpl.invoke0(Native Method)
	at java.base/jdk.internal.reflect.NativeMethodAccessorImpl.invoke(NativeMethodAccessorImpl.java:77)
	at java.base/jdk.internal.reflect.DelegatingMethodAccessorImpl.invoke(DelegatingMethodAccessorImpl.java:43)
Caused by: com.kms.katalon.core.exception.StepFailedException: Element 'Object Repository/Lost and Non Lost Functionality/DETAILS' not found
	at com.kms.katalon.core.mobile.keyword.internal.MobileKeywordMain.stepFailed(MobileKeywordMain.groovy:38)
	at com.kms.katalon.core.mobile.keyword.builtin.VerifyElementExistKeyword$_verifyElementExist_closure1.doCall(VerifyElementExistKeyword.groovy:48)
	at com.kms.katalon.core.mobile.keyword.builtin.VerifyElementExistKeyword$_verifyElementExist_closure1.call(VerifyElementExistKeyword.groovy)
	at com.kms.katalon.core.mobile.keyword.internal.MobileKeywordMain.runKeyword(MobileKeywordMain.groovy:19)
	... 20 more]]></system-err>
      </testcase>
      <testcase name="Test Cases/TC/TC_09 - Non Lost Functionality" time="115.626" classname="Test Cases/TC/TC_09 - Non Lost Functionality" status="FAILED">
         <failure type="FAILED" message="Test Cases/TC/TC_09 - Non Lost Functionality FAILED.&#xa;Reason:&#xa;com.kms.katalon.core.exception.StepFailedException: Failed to check for element 'Object Repository/Lost and Non Lost Functionality/CREATE C1' exist&#xa;	at com.kms.katalon.core.mobile.keyword.internal.MobileKeywordMain.stepFailed(MobileKeywordMain.groovy:38)&#xa;	at com.kms.katalon.core.mobile.keyword.internal.MobileKeywordMain.runKeyword(MobileKeywordMain.groovy:21)&#xa;	at com.kms.katalon.core.mobile.keyword.builtin.VerifyElementExistKeyword.verifyElementExist(VerifyElementExistKeyword.groovy:51)&#xa;	at com.kms.katalon.core.mobile.keyword.builtin.VerifyElementExistKeyword.execute(VerifyElementExistKeyword.groovy:35)&#xa;	at com.kms.katalon.core.keyword.internal.KeywordExecutor.executeKeywordForPlatform(KeywordExecutor.groovy:74)&#xa;	at com.kms.katalon.core.mobile.keyword.MobileBuiltInKeywords.verifyElementExist(MobileBuiltInKeywords.groovy:1755)&#xa;	at TC_09 - Non Lost Functionality.run(TC_09 - Non Lost Functionality:60)&#xa;	at com.kms.katalon.core.main.ScriptEngine.run(ScriptEngine.java:194)&#xa;	at com.kms.katalon.core.main.ScriptEngine.runScriptAsRawText(ScriptEngine.java:119)&#xa;	at com.kms.katalon.core.main.TestCaseExecutor.runScript(TestCaseExecutor.java:448)&#xa;	at com.kms.katalon.core.main.TestCaseExecutor.doExecute(TestCaseExecutor.java:439)&#xa;	at com.kms.katalon.core.main.TestCaseExecutor.processExecutionPhase(TestCaseExecutor.java:418)&#xa;	at com.kms.katalon.core.main.TestCaseExecutor.accessMainPhase(TestCaseExecutor.java:410)&#xa;	at com.kms.katalon.core.main.TestCaseExecutor.execute(TestCaseExecutor.java:285)&#xa;	at com.kms.katalon.core.common.CommonExecutor.accessTestCaseMainPhase(CommonExecutor.java:65)&#xa;	at com.kms.katalon.core.main.TestSuiteExecutor.accessTestSuiteMainPhase(TestSuiteExecutor.java:148)&#xa;	at com.kms.katalon.core.main.TestSuiteExecutor.execute(TestSuiteExecutor.java:106)&#xa;	at com.kms.katalon.core.main.TestCaseMain.startTestSuite(TestCaseMain.java:180)&#xa;	at TempTestSuite1711530588004.run(TempTestSuite1711530588004.groovy:35)&#xa;	at java.base/jdk.internal.reflect.NativeMethodAccessorImpl.invoke0(Native Method)&#xa;	at java.base/jdk.internal.reflect.NativeMethodAccessorImpl.invoke(NativeMethodAccessorImpl.java:77)&#xa;	at java.base/jdk.internal.reflect.DelegatingMethodAccessorImpl.invoke(DelegatingMethodAccessorImpl.java:43)&#xa;Caused by: com.kms.katalon.core.exception.StepFailedException: Element 'Object Repository/Lost and Non Lost Functionality/CREATE C1' not found&#xa;	at com.kms.katalon.core.mobile.keyword.internal.MobileKeywordMain.stepFailed(MobileKeywordMain.groovy:38)&#xa;	at com.kms.katalon.core.mobile.keyword.builtin.VerifyElementExistKeyword$_verifyElementExist_closure1.doCall(VerifyElementExistKeyword.groovy:48)&#xa;	at com.kms.katalon.core.mobile.keyword.builtin.VerifyElementExistKeyword$_verifyElementExist_closure1.call(VerifyElementExistKeyword.groovy)&#xa;	at com.kms.katalon.core.mobile.keyword.internal.MobileKeywordMain.runKeyword(MobileKeywordMain.groovy:19)&#xa;	... 20 more&#xa;"/>
         <system-out><![CDATA[27-03-2024T14:59:52 - [TEST_CASE][FAILED] - Test Cases/TC/TC_09 - Non Lost Functionality: Test Cases/TC/TC_09 - Non Lost Functionality FAILED.
Reason:
com.kms.katalon.core.exception.StepFailedException: Failed to check for element 'Object Repository/Lost and Non Lost Functionality/CREATE C1' exist
	at com.kms.katalon.core.mobile.keyword.internal.MobileKeywordMain.stepFailed(MobileKeywordMain.groovy:38)
	at com.kms.katalon.core.mobile.keyword.internal.MobileKeywordMain.runKeyword(MobileKeywordMain.groovy:21)
	at com.kms.katalon.core.mobile.keyword.builtin.VerifyElementExistKeyword.verifyElementExist(VerifyElementExistKeyword.groovy:51)
	at com.kms.katalon.core.mobile.keyword.builtin.VerifyElementExistKeyword.execute(VerifyElementExistKeyword.groovy:35)
	at com.kms.katalon.core.keyword.internal.KeywordExecutor.executeKeywordForPlatform(KeywordExecutor.groovy:74)
	at com.kms.katalon.core.mobile.keyword.MobileBuiltInKeywords.verifyElementExist(MobileBuiltInKeywords.groovy:1755)
	at TC_09 - Non Lost Functionality.run(TC_09 - Non Lost Functionality:60)
	at com.kms.katalon.core.main.ScriptEngine.run(ScriptEngine.java:194)
	at com.kms.katalon.core.main.ScriptEngine.runScriptAsRawText(ScriptEngine.java:119)
	at com.kms.katalon.core.main.TestCaseExecutor.runScript(TestCaseExecutor.java:448)
	at com.kms.katalon.core.main.TestCaseExecutor.doExecute(TestCaseExecutor.java:439)
	at com.kms.katalon.core.main.TestCaseExecutor.processExecutionPhase(TestCaseExecutor.java:418)
	at com.kms.katalon.core.main.TestCaseExecutor.accessMainPhase(TestCaseExecutor.java:410)
	at com.kms.katalon.core.main.TestCaseExecutor.execute(TestCaseExecutor.java:285)
	at com.kms.katalon.core.common.CommonExecutor.accessTestCaseMainPhase(CommonExecutor.java:65)
	at com.kms.katalon.core.main.TestSuiteExecutor.accessTestSuiteMainPhase(TestSuiteExecutor.java:148)
	at com.kms.katalon.core.main.TestSuiteExecutor.execute(TestSuiteExecutor.java:106)
	at com.kms.katalon.core.main.TestCaseMain.startTestSuite(TestCaseMain.java:180)
	at TempTestSuite1711530588004.run(TempTestSuite1711530588004.groovy:35)
	at java.base/jdk.internal.reflect.NativeMethodAccessorImpl.invoke0(Native Method)
	at java.base/jdk.internal.reflect.NativeMethodAccessorImpl.invoke(NativeMethodAccessorImpl.java:77)
	at java.base/jdk.internal.reflect.DelegatingMethodAccessorImpl.invoke(DelegatingMethodAccessorImpl.java:43)
Caused by: com.kms.katalon.core.exception.StepFailedException: Element 'Object Repository/Lost and Non Lost Functionality/CREATE C1' not found
	at com.kms.katalon.core.mobile.keyword.internal.MobileKeywordMain.stepFailed(MobileKeywordMain.groovy:38)
	at com.kms.katalon.core.mobile.keyword.builtin.VerifyElementExistKeyword$_verifyElementExist_closure1.doCall(VerifyElementExistKeyword.groovy:48)
	at com.kms.katalon.core.mobile.keyword.builtin.VerifyElementExistKeyword$_verifyElementExist_closure1.call(VerifyElementExistKeyword.groovy)
	at com.kms.katalon.core.mobile.keyword.internal.MobileKeywordMain.runKeyword(MobileKeywordMain.groovy:19)
	... 20 more


27-03-2024T14:59:52 - [TEST_STEP][PASSED] - callTestCase(findTestCase("CommenWorkflows/Login"), ["Str_URL":"C:\Users\sushil.gaikwad\git\EguruSmart1\Application\app-release (4).apk", "Str_Username":"DUSER145", "Str_Password":"Soct#2023", ... ], STOP_ON_FAILURE): Call Test Case 'Test Cases/CommenWorkflows/Login' successfully

27-03-2024T14:59:53 - [TEST_CASE][PASSED] - Test Cases/CommenWorkflows/Login: Test Cases/CommenWorkflows/Login

27-03-2024T14:59:53 - [TEST_STEP][PASSED] - startApplication(Str_URL, false): Started app at: 'C:\Users\sushil.gaikwad\git\EguruSmart1\Application\app-release (4).apk'

27-03-2024T14:59:53 - [MESSAGE][INFO] - User set preference: ['deviceId', 'R9ZT10H9Y2L']

27-03-2024T15:00:08 - [MESSAGE][PASSED] - Started app at: 'C:\Users\sushil.gaikwad\git\EguruSmart1\Application\app-release (4).apk'

27-03-2024T15:00:08 - [TEST_STEP][PASSED] - Bool_Username = waitForElementPresent(findTestObject("LockScreen/UsernaneText"), 10): Object Object Repository/LockScreen/UsernaneText not found

27-03-2024T15:00:18 - [MESSAGE][WARNING] - Object Object Repository/LockScreen/UsernaneText not found

27-03-2024T15:00:18 - [TEST_STEP][PASSED] - if (Bool_Username == true): null

27-03-2024T15:00:18 - [TEST_STEP][PASSED] - else: Tapped on element 'Object Repository/LockScreen/LoginButton'

27-03-2024T15:00:18 - [TEST_STEP][PASSED] - tap(findTestObject("LockScreen/Tap1"), 0): Tapped on element 'Object Repository/LockScreen/Tap1'

27-03-2024T15:00:19 - [MESSAGE][WARNING] - Timeout '0' is invalid. Using default page load timeout: '30'

27-03-2024T15:00:27 - [MESSAGE][PASSED] - Tapped on element 'Object Repository/LockScreen/Tap1'

27-03-2024T15:00:27 - [TEST_STEP][PASSED] - setText(findTestObject("LockScreen/Text1"), "1", 0): Text '1' has been set to element 'Object Repository/LockScreen/Text1'

27-03-2024T15:00:27 - [MESSAGE][WARNING] - Timeout '0' is invalid. Using default page load timeout: '30'

27-03-2024T15:00:29 - [MESSAGE][PASSED] - Text '1' has been set to element 'Object Repository/LockScreen/Text1'

27-03-2024T15:00:29 - [TEST_STEP][PASSED] - setText(findTestObject("LockScreen/Text2"), "2", 0): Text '2' has been set to element 'Object Repository/LockScreen/Text2'

27-03-2024T15:00:29 - [MESSAGE][WARNING] - Timeout '0' is invalid. Using default page load timeout: '30'

27-03-2024T15:00:31 - [MESSAGE][PASSED] - Text '2' has been set to element 'Object Repository/LockScreen/Text2'

27-03-2024T15:00:31 - [TEST_STEP][PASSED] - setText(findTestObject("LockScreen/Text3"), "3", 0): Text '3' has been set to element 'Object Repository/LockScreen/Text3'

27-03-2024T15:00:31 - [MESSAGE][WARNING] - Timeout '0' is invalid. Using default page load timeout: '30'

27-03-2024T15:00:33 - [MESSAGE][PASSED] - Text '3' has been set to element 'Object Repository/LockScreen/Text3'

27-03-2024T15:00:33 - [TEST_STEP][PASSED] - setText(findTestObject("LockScreen/Text4"), "4", 0): Text '4' has been set to element 'Object Repository/LockScreen/Text4'

27-03-2024T15:00:33 - [MESSAGE][WARNING] - Timeout '0' is invalid. Using default page load timeout: '30'

27-03-2024T15:00:35 - [MESSAGE][PASSED] - Text '4' has been set to element 'Object Repository/LockScreen/Text4'

27-03-2024T15:00:35 - [TEST_STEP][PASSED] - tap(findTestObject("LockScreen/LoginButton"), 0): Tapped on element 'Object Repository/LockScreen/LoginButton'

27-03-2024T15:00:35 - [MESSAGE][WARNING] - Timeout '0' is invalid. Using default page load timeout: '30'

27-03-2024T15:00:38 - [MESSAGE][PASSED] - Tapped on element 'Object Repository/LockScreen/LoginButton'

27-03-2024T15:00:38 - [MESSAGE][PASSED] - Call Test Case 'Test Cases/CommenWorkflows/Login' successfully

27-03-2024T15:00:38 - [TEST_STEP][PASSED] - verifyElementExist(findTestObject("TataMotars/HomeButton"), 30): Element 'Object Repository/TataMotars/HomeButton' is exist

27-03-2024T15:00:38 - [MESSAGE][PASSED] - Element 'Object Repository/TataMotars/HomeButton' is exist

27-03-2024T15:00:38 - [TEST_STEP][PASSED] - tap(findTestObject("Home/Opportunities"), 0): Tapped on element 'Object Repository/Home/Opportunities'

27-03-2024T15:00:38 - [MESSAGE][WARNING] - Timeout '0' is invalid. Using default page load timeout: '30'

27-03-2024T15:00:39 - [MESSAGE][PASSED] - Tapped on element 'Object Repository/Home/Opportunities'

27-03-2024T15:00:39 - [TEST_STEP][PASSED] - tap(findTestObject("Lost and Non Lost Functionality/C0"), 0): Tapped on element 'Object Repository/Lost and Non Lost Functionality/C0'

27-03-2024T15:00:39 - [MESSAGE][WARNING] - Timeout '0' is invalid. Using default page load timeout: '30'

27-03-2024T15:00:41 - [MESSAGE][PASSED] - Tapped on element 'Object Repository/Lost and Non Lost Functionality/C0'

27-03-2024T15:00:41 - [TEST_STEP][PASSED] - bool_Summary = verifyElementExist(findTestObject("Lost and Non Lost Functionality/C0 Summary Text"), 0): Element 'Object Repository/Lost and Non Lost Functionality/C0 Summary Text' is exist

27-03-2024T15:00:41 - [MESSAGE][WARNING] - Timeout '0' is invalid. Using default page load timeout: '30'

27-03-2024T15:00:43 - [MESSAGE][PASSED] - Element 'Object Repository/Lost and Non Lost Functionality/C0 Summary Text' is exist

27-03-2024T15:00:43 - [TEST_STEP][PASSED] - bool_Target = verifyElementExist(findTestObject("Lost and Non Lost Functionality/Target text"), 0): Element 'Object Repository/Lost and Non Lost Functionality/Target text' is exist

27-03-2024T15:00:43 - [MESSAGE][WARNING] - Timeout '0' is invalid. Using default page load timeout: '30'

27-03-2024T15:00:43 - [MESSAGE][PASSED] - Element 'Object Repository/Lost and Non Lost Functionality/Target text' is exist

27-03-2024T15:00:43 - [TEST_STEP][PASSED] - bool_MTD = verifyElementExist(findTestObject("Lost and Non Lost Functionality/MTD text"), 0): Element 'Object Repository/Lost and Non Lost Functionality/MTD text' is exist

27-03-2024T15:00:43 - [MESSAGE][WARNING] - Timeout '0' is invalid. Using default page load timeout: '30'

27-03-2024T15:00:44 - [MESSAGE][PASSED] - Element 'Object Repository/Lost and Non Lost Functionality/MTD text' is exist

27-03-2024T15:00:44 - [TEST_STEP][PASSED] - bool_ThisWeek = verifyElementExist(findTestObject("Lost and Non Lost Functionality/This Week text"), 0): Element 'Object Repository/Lost and Non Lost Functionality/This Week text' is exist

27-03-2024T15:00:44 - [MESSAGE][WARNING] - Timeout '0' is invalid. Using default page load timeout: '30'

27-03-2024T15:00:45 - [MESSAGE][PASSED] - Element 'Object Repository/Lost and Non Lost Functionality/This Week text' is exist

27-03-2024T15:00:45 - [TEST_STEP][PASSED] - bool_Yesterday = verifyElementExist(findTestObject("Lost and Non Lost Functionality/Yesterday text"), 0): Element 'Object Repository/Lost and Non Lost Functionality/Yesterday text' is exist

27-03-2024T15:00:45 - [MESSAGE][WARNING] - Timeout '0' is invalid. Using default page load timeout: '30'

27-03-2024T15:00:45 - [MESSAGE][PASSED] - Element 'Object Repository/Lost and Non Lost Functionality/Yesterday text' is exist

27-03-2024T15:00:45 - [TEST_STEP][PASSED] - bool_Yesterday && bool_ThisWeek && bool_MTD && bool_Target && bool_Summary == true: null

27-03-2024T15:00:45 - [TEST_STEP][PASSED] - takeScreenshot(): Screenshot is taken

27-03-2024T15:00:48 - [MESSAGE][PASSED] - Screenshot is taken
[[ATTACHMENT|C:\\Users\\sushil.gaikwad\\git\\EguruSmart1\\Reports\\20240327_143948\\TataMotors\\20240327_143948\\1711531845457.png]]

27-03-2024T15:00:48 - [TEST_STEP][PASSED] - Bool_Offline = waitForElementPresent(findTestObject("LockScreen/NewPin/Offline Master Sync"), 10): Object Object Repository/LockScreen/NewPin/Offline Master Sync not found

27-03-2024T15:00:59 - [MESSAGE][WARNING] - Object Object Repository/LockScreen/NewPin/Offline Master Sync not found

27-03-2024T15:00:59 - [TEST_STEP][PASSED] - if (Bool_Offline == true): null

27-03-2024T15:00:59 - [TEST_STEP][PASSED] - tap(findTestObject("Lost and Non Lost Functionality/C0 Three Dots"), 5): Tapped on element 'Object Repository/Lost and Non Lost Functionality/C0 Three Dots'

27-03-2024T15:01:07 - [MESSAGE][PASSED] - Tapped on element 'Object Repository/Lost and Non Lost Functionality/C0 Three Dots'

27-03-2024T15:01:07 - [TEST_STEP][PASSED] - Bool_Offline = waitForElementPresent(findTestObject("Lost and Non Lost Functionality/Opportunity Details"), 10): Element 'Object Repository/Lost and Non Lost Functionality/Opportunity Details' is present

27-03-2024T15:01:08 - [MESSAGE][PASSED] - Element 'Object Repository/Lost and Non Lost Functionality/Opportunity Details' is present

27-03-2024T15:01:08 - [TEST_STEP][PASSED] - tap(findTestObject("Lost and Non Lost Functionality/Opportunity Details"), 0): Tapped on element 'Object Repository/Lost and Non Lost Functionality/Opportunity Details'

27-03-2024T15:01:08 - [MESSAGE][WARNING] - Timeout '0' is invalid. Using default page load timeout: '30'

27-03-2024T15:01:09 - [MESSAGE][PASSED] - Tapped on element 'Object Repository/Lost and Non Lost Functionality/Opportunity Details'

27-03-2024T15:01:09 - [TEST_STEP][PASSED] - waitForElementPresent(findTestObject("Lost and Non Lost Functionality/Schedule a follow up"), 5): Object Object Repository/Lost and Non Lost Functionality/Schedule a follow up not found

27-03-2024T15:01:14 - [MESSAGE][WARNING] - Object Object Repository/Lost and Non Lost Functionality/Schedule a follow up not found

27-03-2024T15:01:14 - [TEST_STEP][FAILED] - bool_CreateC1 = verifyElementExist(findTestObject("Lost and Non Lost Functionality/CREATE C1"), 0): Failed to check for element 'Object Repository/Lost and Non Lost Functionality/CREATE C1' exist (Root cause: com.kms.katalon.core.exception.StepFailedException: Failed to check for element 'Object Repository/Lost and Non Lost Functionality/CREATE C1' exist
	at com.kms.katalon.core.mobile.keyword.internal.MobileKeywordMain.stepFailed(MobileKeywordMain.groovy:38)
	at com.kms.katalon.core.mobile.keyword.internal.MobileKeywordMain.runKeyword(MobileKeywordMain.groovy:21)
	at com.kms.katalon.core.mobile.keyword.builtin.VerifyElementExistKeyword.verifyElementExist(VerifyElementExistKeyword.groovy:51)
	at com.kms.katalon.core.mobile.keyword.builtin.VerifyElementExistKeyword.execute(VerifyElementExistKeyword.groovy:35)
	at com.kms.katalon.core.keyword.internal.KeywordExecutor.executeKeywordForPlatform(KeywordExecutor.groovy:74)
	at com.kms.katalon.core.mobile.keyword.MobileBuiltInKeywords.verifyElementExist(MobileBuiltInKeywords.groovy:1755)
	at TC_09 - Non Lost Functionality.run(TC_09 - Non Lost Functionality:60)
	at com.kms.katalon.core.main.ScriptEngine.run(ScriptEngine.java:194)
	at com.kms.katalon.core.main.ScriptEngine.runScriptAsRawText(ScriptEngine.java:119)
	at com.kms.katalon.core.main.TestCaseExecutor.runScript(TestCaseExecutor.java:448)
	at com.kms.katalon.core.main.TestCaseExecutor.doExecute(TestCaseExecutor.java:439)
	at com.kms.katalon.core.main.TestCaseExecutor.processExecutionPhase(TestCaseExecutor.java:418)
	at com.kms.katalon.core.main.TestCaseExecutor.accessMainPhase(TestCaseExecutor.java:410)
	at com.kms.katalon.core.main.TestCaseExecutor.execute(TestCaseExecutor.java:285)
	at com.kms.katalon.core.common.CommonExecutor.accessTestCaseMainPhase(CommonExecutor.java:65)
	at com.kms.katalon.core.main.TestSuiteExecutor.accessTestSuiteMainPhase(TestSuiteExecutor.java:148)
	at com.kms.katalon.core.main.TestSuiteExecutor.execute(TestSuiteExecutor.java:106)
	at com.kms.katalon.core.main.TestCaseMain.startTestSuite(TestCaseMain.java:180)
	at TempTestSuite1711530588004.run(TempTestSuite1711530588004.groovy:35)
	at java.base/jdk.internal.reflect.NativeMethodAccessorImpl.invoke0(Native Method)
	at java.base/jdk.internal.reflect.NativeMethodAccessorImpl.invoke(NativeMethodAccessorImpl.java:77)
	at java.base/jdk.internal.reflect.DelegatingMethodAccessorImpl.invoke(DelegatingMethodAccessorImpl.java:43)
Caused by: com.kms.katalon.core.exception.StepFailedException: Element 'Object Repository/Lost and Non Lost Functionality/CREATE C1' not found
	at com.kms.katalon.core.mobile.keyword.internal.MobileKeywordMain.stepFailed(MobileKeywordMain.groovy:38)
	at com.kms.katalon.core.mobile.keyword.builtin.VerifyElementExistKeyword$_verifyElementExist_closure1.doCall(VerifyElementExistKeyword.groovy:48)
	at com.kms.katalon.core.mobile.keyword.builtin.VerifyElementExistKeyword$_verifyElementExist_closure1.call(VerifyElementExistKeyword.groovy)
	at com.kms.katalon.core.mobile.keyword.internal.MobileKeywordMain.runKeyword(MobileKeywordMain.groovy:19)
	... 20 more
)

27-03-2024T15:01:14 - [MESSAGE][WARNING] - Timeout '0' is invalid. Using default page load timeout: '30'

27-03-2024T15:01:46 - [MESSAGE][FAILED] - Element 'Object Repository/Lost and Non Lost Functionality/CREATE C1' not found (Root cause: com.kms.katalon.core.exception.StepFailedException: Element 'Object Repository/Lost and Non Lost Functionality/CREATE C1' not found
	at com.kms.katalon.core.mobile.keyword.internal.MobileKeywordMain.stepFailed(MobileKeywordMain.groovy:38)
	at com.kms.katalon.core.mobile.keyword.builtin.VerifyElementExistKeyword$_verifyElementExist_closure1.doCall(VerifyElementExistKeyword.groovy:48)
	at com.kms.katalon.core.mobile.keyword.builtin.VerifyElementExistKeyword$_verifyElementExist_closure1.call(VerifyElementExistKeyword.groovy)
	at com.kms.katalon.core.mobile.keyword.internal.MobileKeywordMain.runKeyword(MobileKeywordMain.groovy:19)
	at com.kms.katalon.core.mobile.keyword.builtin.VerifyElementExistKeyword.verifyElementExist(VerifyElementExistKeyword.groovy:51)
	at com.kms.katalon.core.mobile.keyword.builtin.VerifyElementExistKeyword.execute(VerifyElementExistKeyword.groovy:35)
	at com.kms.katalon.core.keyword.internal.KeywordExecutor.executeKeywordForPlatform(KeywordExecutor.groovy:74)
	at com.kms.katalon.core.mobile.keyword.MobileBuiltInKeywords.verifyElementExist(MobileBuiltInKeywords.groovy:1755)
	at TC_09 - Non Lost Functionality.run(TC_09 - Non Lost Functionality:60)
	at com.kms.katalon.core.main.ScriptEngine.run(ScriptEngine.java:194)
	at com.kms.katalon.core.main.ScriptEngine.runScriptAsRawText(ScriptEngine.java:119)
	at com.kms.katalon.core.main.TestCaseExecutor.runScript(TestCaseExecutor.java:448)
	at com.kms.katalon.core.main.TestCaseExecutor.doExecute(TestCaseExecutor.java:439)
	at com.kms.katalon.core.main.TestCaseExecutor.processExecutionPhase(TestCaseExecutor.java:418)
	at com.kms.katalon.core.main.TestCaseExecutor.accessMainPhase(TestCaseExecutor.java:410)
	at com.kms.katalon.core.main.TestCaseExecutor.execute(TestCaseExecutor.java:285)
	at com.kms.katalon.core.common.CommonExecutor.accessTestCaseMainPhase(CommonExecutor.java:65)
	at com.kms.katalon.core.main.TestSuiteExecutor.accessTestSuiteMainPhase(TestSuiteExecutor.java:148)
	at com.kms.katalon.core.main.TestSuiteExecutor.execute(TestSuiteExecutor.java:106)
	at com.kms.katalon.core.main.TestCaseMain.startTestSuite(TestCaseMain.java:180)
	at TempTestSuite1711530588004.run(TempTestSuite1711530588004.groovy:35)
	at java.base/jdk.internal.reflect.NativeMethodAccessorImpl.invoke0(Native Method)
	at java.base/jdk.internal.reflect.NativeMethodAccessorImpl.invoke(NativeMethodAccessorImpl.java:77)
	at java.base/jdk.internal.reflect.DelegatingMethodAccessorImpl.invoke(DelegatingMethodAccessorImpl.java:43)
)
[[ATTACHMENT|C:\\Users\\sushil.gaikwad\\git\\EguruSmart1\\Reports\\20240327_143948\\TataMotors\\20240327_143948\\1711531904384.png]]

27-03-2024T15:01:48 - [MESSAGE][FAILED] - Failed to check for element 'Object Repository/Lost and Non Lost Functionality/CREATE C1' exist (Root cause: com.kms.katalon.core.exception.StepFailedException: Failed to check for element 'Object Repository/Lost and Non Lost Functionality/CREATE C1' exist
	at com.kms.katalon.core.mobile.keyword.internal.MobileKeywordMain.stepFailed(MobileKeywordMain.groovy:38)
	at com.kms.katalon.core.mobile.keyword.internal.MobileKeywordMain.runKeyword(MobileKeywordMain.groovy:21)
	at com.kms.katalon.core.mobile.keyword.builtin.VerifyElementExistKeyword.verifyElementExist(VerifyElementExistKeyword.groovy:51)
	at com.kms.katalon.core.mobile.keyword.builtin.VerifyElementExistKeyword.execute(VerifyElementExistKeyword.groovy:35)
	at com.kms.katalon.core.keyword.internal.KeywordExecutor.executeKeywordForPlatform(KeywordExecutor.groovy:74)
	at com.kms.katalon.core.mobile.keyword.MobileBuiltInKeywords.verifyElementExist(MobileBuiltInKeywords.groovy:1755)
	at TC_09 - Non Lost Functionality.run(TC_09 - Non Lost Functionality:60)
	at com.kms.katalon.core.main.ScriptEngine.run(ScriptEngine.java:194)
	at com.kms.katalon.core.main.ScriptEngine.runScriptAsRawText(ScriptEngine.java:119)
	at com.kms.katalon.core.main.TestCaseExecutor.runScript(TestCaseExecutor.java:448)
	at com.kms.katalon.core.main.TestCaseExecutor.doExecute(TestCaseExecutor.java:439)
	at com.kms.katalon.core.main.TestCaseExecutor.processExecutionPhase(TestCaseExecutor.java:418)
	at com.kms.katalon.core.main.TestCaseExecutor.accessMainPhase(TestCaseExecutor.java:410)
	at com.kms.katalon.core.main.TestCaseExecutor.execute(TestCaseExecutor.java:285)
	at com.kms.katalon.core.common.CommonExecutor.accessTestCaseMainPhase(CommonExecutor.java:65)
	at com.kms.katalon.core.main.TestSuiteExecutor.accessTestSuiteMainPhase(TestSuiteExecutor.java:148)
	at com.kms.katalon.core.main.TestSuiteExecutor.execute(TestSuiteExecutor.java:106)
	at com.kms.katalon.core.main.TestCaseMain.startTestSuite(TestCaseMain.java:180)
	at TempTestSuite1711530588004.run(TempTestSuite1711530588004.groovy:35)
	at java.base/jdk.internal.reflect.NativeMethodAccessorImpl.invoke0(Native Method)
	at java.base/jdk.internal.reflect.NativeMethodAccessorImpl.invoke(NativeMethodAccessorImpl.java:77)
	at java.base/jdk.internal.reflect.DelegatingMethodAccessorImpl.invoke(DelegatingMethodAccessorImpl.java:43)
Caused by: com.kms.katalon.core.exception.StepFailedException: Element 'Object Repository/Lost and Non Lost Functionality/CREATE C1' not found
	at com.kms.katalon.core.mobile.keyword.internal.MobileKeywordMain.stepFailed(MobileKeywordMain.groovy:38)
	at com.kms.katalon.core.mobile.keyword.builtin.VerifyElementExistKeyword$_verifyElementExist_closure1.doCall(VerifyElementExistKeyword.groovy:48)
	at com.kms.katalon.core.mobile.keyword.builtin.VerifyElementExistKeyword$_verifyElementExist_closure1.call(VerifyElementExistKeyword.groovy)
	at com.kms.katalon.core.mobile.keyword.internal.MobileKeywordMain.runKeyword(MobileKeywordMain.groovy:19)
	... 20 more
)
[[ATTACHMENT|C:\\Users\\sushil.gaikwad\\git\\EguruSmart1\\Reports\\20240327_143948\\TataMotors\\20240327_143948\\1711531906332.png]]]]></system-out>
         <system-err><![CDATA[27-03-2024T14:59:52 - [TEST_CASE][FAILED] - Test Cases/TC/TC_09 - Non Lost Functionality: Test Cases/TC/TC_09 - Non Lost Functionality FAILED.
Reason:
com.kms.katalon.core.exception.StepFailedException: Failed to check for element 'Object Repository/Lost and Non Lost Functionality/CREATE C1' exist
	at com.kms.katalon.core.mobile.keyword.internal.MobileKeywordMain.stepFailed(MobileKeywordMain.groovy:38)
	at com.kms.katalon.core.mobile.keyword.internal.MobileKeywordMain.runKeyword(MobileKeywordMain.groovy:21)
	at com.kms.katalon.core.mobile.keyword.builtin.VerifyElementExistKeyword.verifyElementExist(VerifyElementExistKeyword.groovy:51)
	at com.kms.katalon.core.mobile.keyword.builtin.VerifyElementExistKeyword.execute(VerifyElementExistKeyword.groovy:35)
	at com.kms.katalon.core.keyword.internal.KeywordExecutor.executeKeywordForPlatform(KeywordExecutor.groovy:74)
	at com.kms.katalon.core.mobile.keyword.MobileBuiltInKeywords.verifyElementExist(MobileBuiltInKeywords.groovy:1755)
	at TC_09 - Non Lost Functionality.run(TC_09 - Non Lost Functionality:60)
	at com.kms.katalon.core.main.ScriptEngine.run(ScriptEngine.java:194)
	at com.kms.katalon.core.main.ScriptEngine.runScriptAsRawText(ScriptEngine.java:119)
	at com.kms.katalon.core.main.TestCaseExecutor.runScript(TestCaseExecutor.java:448)
	at com.kms.katalon.core.main.TestCaseExecutor.doExecute(TestCaseExecutor.java:439)
	at com.kms.katalon.core.main.TestCaseExecutor.processExecutionPhase(TestCaseExecutor.java:418)
	at com.kms.katalon.core.main.TestCaseExecutor.accessMainPhase(TestCaseExecutor.java:410)
	at com.kms.katalon.core.main.TestCaseExecutor.execute(TestCaseExecutor.java:285)
	at com.kms.katalon.core.common.CommonExecutor.accessTestCaseMainPhase(CommonExecutor.java:65)
	at com.kms.katalon.core.main.TestSuiteExecutor.accessTestSuiteMainPhase(TestSuiteExecutor.java:148)
	at com.kms.katalon.core.main.TestSuiteExecutor.execute(TestSuiteExecutor.java:106)
	at com.kms.katalon.core.main.TestCaseMain.startTestSuite(TestCaseMain.java:180)
	at TempTestSuite1711530588004.run(TempTestSuite1711530588004.groovy:35)
	at java.base/jdk.internal.reflect.NativeMethodAccessorImpl.invoke0(Native Method)
	at java.base/jdk.internal.reflect.NativeMethodAccessorImpl.invoke(NativeMethodAccessorImpl.java:77)
	at java.base/jdk.internal.reflect.DelegatingMethodAccessorImpl.invoke(DelegatingMethodAccessorImpl.java:43)
Caused by: com.kms.katalon.core.exception.StepFailedException: Element 'Object Repository/Lost and Non Lost Functionality/CREATE C1' not found
	at com.kms.katalon.core.mobile.keyword.internal.MobileKeywordMain.stepFailed(MobileKeywordMain.groovy:38)
	at com.kms.katalon.core.mobile.keyword.builtin.VerifyElementExistKeyword$_verifyElementExist_closure1.doCall(VerifyElementExistKeyword.groovy:48)
	at com.kms.katalon.core.mobile.keyword.builtin.VerifyElementExistKeyword$_verifyElementExist_closure1.call(VerifyElementExistKeyword.groovy)
	at com.kms.katalon.core.mobile.keyword.internal.MobileKeywordMain.runKeyword(MobileKeywordMain.groovy:19)
	... 20 more]]></system-err>
      </testcase>
      <testcase name="Test Cases/TC/TC_10 - Follow up Update schedule" time="87.564" classname="Test Cases/TC/TC_10 - Follow up Update schedule" status="FAILED">
         <failure type="FAILED" message="Test Cases/TC/TC_10 - Follow up Update schedule FAILED.&#xa;Reason:&#xa;com.kms.katalon.core.exception.StepFailedException: Failed to check for element 'Object Repository/ScheduleFollowUp/UpdateButton' exist&#xa;	at com.kms.katalon.core.mobile.keyword.internal.MobileKeywordMain.stepFailed(MobileKeywordMain.groovy:38)&#xa;	at com.kms.katalon.core.mobile.keyword.internal.MobileKeywordMain.runKeyword(MobileKeywordMain.groovy:21)&#xa;	at com.kms.katalon.core.mobile.keyword.builtin.VerifyElementExistKeyword.verifyElementExist(VerifyElementExistKeyword.groovy:51)&#xa;	at com.kms.katalon.core.mobile.keyword.builtin.VerifyElementExistKeyword.execute(VerifyElementExistKeyword.groovy:35)&#xa;	at com.kms.katalon.core.keyword.internal.KeywordExecutor.executeKeywordForPlatform(KeywordExecutor.groovy:74)&#xa;	at com.kms.katalon.core.mobile.keyword.MobileBuiltInKeywords.verifyElementExist(MobileBuiltInKeywords.groovy:1755)&#xa;	at TC_10 - Follow up Update schedule.run(TC_10 - Follow up Update schedule:34)&#xa;	at com.kms.katalon.core.main.ScriptEngine.run(ScriptEngine.java:194)&#xa;	at com.kms.katalon.core.main.ScriptEngine.runScriptAsRawText(ScriptEngine.java:119)&#xa;	at com.kms.katalon.core.main.TestCaseExecutor.runScript(TestCaseExecutor.java:448)&#xa;	at com.kms.katalon.core.main.TestCaseExecutor.doExecute(TestCaseExecutor.java:439)&#xa;	at com.kms.katalon.core.main.TestCaseExecutor.processExecutionPhase(TestCaseExecutor.java:418)&#xa;	at com.kms.katalon.core.main.TestCaseExecutor.accessMainPhase(TestCaseExecutor.java:410)&#xa;	at com.kms.katalon.core.main.TestCaseExecutor.execute(TestCaseExecutor.java:285)&#xa;	at com.kms.katalon.core.common.CommonExecutor.accessTestCaseMainPhase(CommonExecutor.java:65)&#xa;	at com.kms.katalon.core.main.TestSuiteExecutor.accessTestSuiteMainPhase(TestSuiteExecutor.java:148)&#xa;	at com.kms.katalon.core.main.TestSuiteExecutor.execute(TestSuiteExecutor.java:106)&#xa;	at com.kms.katalon.core.main.TestCaseMain.startTestSuite(TestCaseMain.java:180)&#xa;	at TempTestSuite1711530588004.run(TempTestSuite1711530588004.groovy:35)&#xa;	at java.base/jdk.internal.reflect.NativeMethodAccessorImpl.invoke0(Native Method)&#xa;	at java.base/jdk.internal.reflect.NativeMethodAccessorImpl.invoke(NativeMethodAccessorImpl.java:77)&#xa;	at java.base/jdk.internal.reflect.DelegatingMethodAccessorImpl.invoke(DelegatingMethodAccessorImpl.java:43)&#xa;Caused by: com.kms.katalon.core.exception.StepFailedException: Element 'Object Repository/ScheduleFollowUp/UpdateButton' not found&#xa;	at com.kms.katalon.core.mobile.keyword.internal.MobileKeywordMain.stepFailed(MobileKeywordMain.groovy:38)&#xa;	at com.kms.katalon.core.mobile.keyword.builtin.VerifyElementExistKeyword$_verifyElementExist_closure1.doCall(VerifyElementExistKeyword.groovy:48)&#xa;	at com.kms.katalon.core.mobile.keyword.builtin.VerifyElementExistKeyword$_verifyElementExist_closure1.call(VerifyElementExistKeyword.groovy)&#xa;	at com.kms.katalon.core.mobile.keyword.internal.MobileKeywordMain.runKeyword(MobileKeywordMain.groovy:19)&#xa;	... 20 more&#xa;"/>
         <system-out><![CDATA[27-03-2024T15:01:48 - [TEST_CASE][FAILED] - Test Cases/TC/TC_10 - Follow up Update schedule: Test Cases/TC/TC_10 - Follow up Update schedule FAILED.
Reason:
com.kms.katalon.core.exception.StepFailedException: Failed to check for element 'Object Repository/ScheduleFollowUp/UpdateButton' exist
	at com.kms.katalon.core.mobile.keyword.internal.MobileKeywordMain.stepFailed(MobileKeywordMain.groovy:38)
	at com.kms.katalon.core.mobile.keyword.internal.MobileKeywordMain.runKeyword(MobileKeywordMain.groovy:21)
	at com.kms.katalon.core.mobile.keyword.builtin.VerifyElementExistKeyword.verifyElementExist(VerifyElementExistKeyword.groovy:51)
	at com.kms.katalon.core.mobile.keyword.builtin.VerifyElementExistKeyword.execute(VerifyElementExistKeyword.groovy:35)
	at com.kms.katalon.core.keyword.internal.KeywordExecutor.executeKeywordForPlatform(KeywordExecutor.groovy:74)
	at com.kms.katalon.core.mobile.keyword.MobileBuiltInKeywords.verifyElementExist(MobileBuiltInKeywords.groovy:1755)
	at TC_10 - Follow up Update schedule.run(TC_10 - Follow up Update schedule:34)
	at com.kms.katalon.core.main.ScriptEngine.run(ScriptEngine.java:194)
	at com.kms.katalon.core.main.ScriptEngine.runScriptAsRawText(ScriptEngine.java:119)
	at com.kms.katalon.core.main.TestCaseExecutor.runScript(TestCaseExecutor.java:448)
	at com.kms.katalon.core.main.TestCaseExecutor.doExecute(TestCaseExecutor.java:439)
	at com.kms.katalon.core.main.TestCaseExecutor.processExecutionPhase(TestCaseExecutor.java:418)
	at com.kms.katalon.core.main.TestCaseExecutor.accessMainPhase(TestCaseExecutor.java:410)
	at com.kms.katalon.core.main.TestCaseExecutor.execute(TestCaseExecutor.java:285)
	at com.kms.katalon.core.common.CommonExecutor.accessTestCaseMainPhase(CommonExecutor.java:65)
	at com.kms.katalon.core.main.TestSuiteExecutor.accessTestSuiteMainPhase(TestSuiteExecutor.java:148)
	at com.kms.katalon.core.main.TestSuiteExecutor.execute(TestSuiteExecutor.java:106)
	at com.kms.katalon.core.main.TestCaseMain.startTestSuite(TestCaseMain.java:180)
	at TempTestSuite1711530588004.run(TempTestSuite1711530588004.groovy:35)
	at java.base/jdk.internal.reflect.NativeMethodAccessorImpl.invoke0(Native Method)
	at java.base/jdk.internal.reflect.NativeMethodAccessorImpl.invoke(NativeMethodAccessorImpl.java:77)
	at java.base/jdk.internal.reflect.DelegatingMethodAccessorImpl.invoke(DelegatingMethodAccessorImpl.java:43)
Caused by: com.kms.katalon.core.exception.StepFailedException: Element 'Object Repository/ScheduleFollowUp/UpdateButton' not found
	at com.kms.katalon.core.mobile.keyword.internal.MobileKeywordMain.stepFailed(MobileKeywordMain.groovy:38)
	at com.kms.katalon.core.mobile.keyword.builtin.VerifyElementExistKeyword$_verifyElementExist_closure1.doCall(VerifyElementExistKeyword.groovy:48)
	at com.kms.katalon.core.mobile.keyword.builtin.VerifyElementExistKeyword$_verifyElementExist_closure1.call(VerifyElementExistKeyword.groovy)
	at com.kms.katalon.core.mobile.keyword.internal.MobileKeywordMain.runKeyword(MobileKeywordMain.groovy:19)
	... 20 more


27-03-2024T15:01:48 - [TEST_STEP][PASSED] - callTestCase(findTestCase("CommenWorkflows/Login"), ["Str_URL":"C:\Users\sushil.gaikwad\git\EguruSmart1\Application\app-release (4).apk", "Str_Username":"DUSER145", "Str_Password":"Soct#2023", ... ], STOP_ON_FAILURE): Call Test Case 'Test Cases/CommenWorkflows/Login' successfully

27-03-2024T15:01:48 - [TEST_CASE][PASSED] - Test Cases/CommenWorkflows/Login: Test Cases/CommenWorkflows/Login

27-03-2024T15:01:48 - [TEST_STEP][PASSED] - startApplication(Str_URL, false): Started app at: 'C:\Users\sushil.gaikwad\git\EguruSmart1\Application\app-release (4).apk'

27-03-2024T15:01:48 - [MESSAGE][INFO] - User set preference: ['deviceId', 'R9ZT10H9Y2L']

27-03-2024T15:02:03 - [MESSAGE][PASSED] - Started app at: 'C:\Users\sushil.gaikwad\git\EguruSmart1\Application\app-release (4).apk'

27-03-2024T15:02:03 - [TEST_STEP][PASSED] - Bool_Username = waitForElementPresent(findTestObject("LockScreen/UsernaneText"), 10): Object Object Repository/LockScreen/UsernaneText not found

27-03-2024T15:02:13 - [MESSAGE][WARNING] - Object Object Repository/LockScreen/UsernaneText not found

27-03-2024T15:02:13 - [TEST_STEP][PASSED] - if (Bool_Username == true): null

27-03-2024T15:02:13 - [TEST_STEP][PASSED] - else: Tapped on element 'Object Repository/LockScreen/LoginButton'

27-03-2024T15:02:13 - [TEST_STEP][PASSED] - tap(findTestObject("LockScreen/Tap1"), 0): Tapped on element 'Object Repository/LockScreen/Tap1'

27-03-2024T15:02:13 - [MESSAGE][WARNING] - Timeout '0' is invalid. Using default page load timeout: '30'

27-03-2024T15:02:21 - [MESSAGE][PASSED] - Tapped on element 'Object Repository/LockScreen/Tap1'

27-03-2024T15:02:21 - [TEST_STEP][PASSED] - setText(findTestObject("LockScreen/Text1"), "1", 0): Text '1' has been set to element 'Object Repository/LockScreen/Text1'

27-03-2024T15:02:21 - [MESSAGE][WARNING] - Timeout '0' is invalid. Using default page load timeout: '30'

27-03-2024T15:02:23 - [MESSAGE][PASSED] - Text '1' has been set to element 'Object Repository/LockScreen/Text1'

27-03-2024T15:02:23 - [TEST_STEP][PASSED] - setText(findTestObject("LockScreen/Text2"), "2", 0): Text '2' has been set to element 'Object Repository/LockScreen/Text2'

27-03-2024T15:02:23 - [MESSAGE][WARNING] - Timeout '0' is invalid. Using default page load timeout: '30'

27-03-2024T15:02:25 - [MESSAGE][PASSED] - Text '2' has been set to element 'Object Repository/LockScreen/Text2'

27-03-2024T15:02:25 - [TEST_STEP][PASSED] - setText(findTestObject("LockScreen/Text3"), "3", 0): Text '3' has been set to element 'Object Repository/LockScreen/Text3'

27-03-2024T15:02:25 - [MESSAGE][WARNING] - Timeout '0' is invalid. Using default page load timeout: '30'

27-03-2024T15:02:27 - [MESSAGE][PASSED] - Text '3' has been set to element 'Object Repository/LockScreen/Text3'

27-03-2024T15:02:27 - [TEST_STEP][PASSED] - setText(findTestObject("LockScreen/Text4"), "4", 0): Text '4' has been set to element 'Object Repository/LockScreen/Text4'

27-03-2024T15:02:27 - [MESSAGE][WARNING] - Timeout '0' is invalid. Using default page load timeout: '30'

27-03-2024T15:02:29 - [MESSAGE][PASSED] - Text '4' has been set to element 'Object Repository/LockScreen/Text4'

27-03-2024T15:02:29 - [TEST_STEP][PASSED] - tap(findTestObject("LockScreen/LoginButton"), 0): Tapped on element 'Object Repository/LockScreen/LoginButton'

27-03-2024T15:02:29 - [MESSAGE][WARNING] - Timeout '0' is invalid. Using default page load timeout: '30'

27-03-2024T15:02:32 - [MESSAGE][PASSED] - Tapped on element 'Object Repository/LockScreen/LoginButton'

27-03-2024T15:02:32 - [MESSAGE][PASSED] - Call Test Case 'Test Cases/CommenWorkflows/Login' successfully

27-03-2024T15:02:32 - [TEST_STEP][PASSED] - verifyElementExist(findTestObject("TataMotars/HomeButton"), 10): Element 'Object Repository/TataMotars/HomeButton' is exist

27-03-2024T15:02:32 - [MESSAGE][PASSED] - Element 'Object Repository/TataMotars/HomeButton' is exist

27-03-2024T15:02:32 - [TEST_STEP][PASSED] - Bool_Offline = waitForElementPresent(findTestObject("LockScreen/NewPin/Offline Master Sync"), 5): Object Object Repository/LockScreen/NewPin/Offline Master Sync not found

27-03-2024T15:02:37 - [MESSAGE][WARNING] - Object Object Repository/LockScreen/NewPin/Offline Master Sync not found

27-03-2024T15:02:37 - [TEST_STEP][PASSED] - if (Bool_Offline == true): null

27-03-2024T15:02:37 - [TEST_STEP][PASSED] - tap(findTestObject("Home/Calendar"), 0): Tapped on element 'Object Repository/Home/Calendar'

27-03-2024T15:02:37 - [MESSAGE][WARNING] - Timeout '0' is invalid. Using default page load timeout: '30'

27-03-2024T15:02:40 - [MESSAGE][PASSED] - Tapped on element 'Object Repository/Home/Calendar'

27-03-2024T15:02:40 - [TEST_STEP][FAILED] - bool_UpdateBtn = verifyElementExist(findTestObject("ScheduleFollowUp/UpdateButton"), 0): Failed to check for element 'Object Repository/ScheduleFollowUp/UpdateButton' exist (Root cause: com.kms.katalon.core.exception.StepFailedException: Failed to check for element 'Object Repository/ScheduleFollowUp/UpdateButton' exist
	at com.kms.katalon.core.mobile.keyword.internal.MobileKeywordMain.stepFailed(MobileKeywordMain.groovy:38)
	at com.kms.katalon.core.mobile.keyword.internal.MobileKeywordMain.runKeyword(MobileKeywordMain.groovy:21)
	at com.kms.katalon.core.mobile.keyword.builtin.VerifyElementExistKeyword.verifyElementExist(VerifyElementExistKeyword.groovy:51)
	at com.kms.katalon.core.mobile.keyword.builtin.VerifyElementExistKeyword.execute(VerifyElementExistKeyword.groovy:35)
	at com.kms.katalon.core.keyword.internal.KeywordExecutor.executeKeywordForPlatform(KeywordExecutor.groovy:74)
	at com.kms.katalon.core.mobile.keyword.MobileBuiltInKeywords.verifyElementExist(MobileBuiltInKeywords.groovy:1755)
	at TC_10 - Follow up Update schedule.run(TC_10 - Follow up Update schedule:34)
	at com.kms.katalon.core.main.ScriptEngine.run(ScriptEngine.java:194)
	at com.kms.katalon.core.main.ScriptEngine.runScriptAsRawText(ScriptEngine.java:119)
	at com.kms.katalon.core.main.TestCaseExecutor.runScript(TestCaseExecutor.java:448)
	at com.kms.katalon.core.main.TestCaseExecutor.doExecute(TestCaseExecutor.java:439)
	at com.kms.katalon.core.main.TestCaseExecutor.processExecutionPhase(TestCaseExecutor.java:418)
	at com.kms.katalon.core.main.TestCaseExecutor.accessMainPhase(TestCaseExecutor.java:410)
	at com.kms.katalon.core.main.TestCaseExecutor.execute(TestCaseExecutor.java:285)
	at com.kms.katalon.core.common.CommonExecutor.accessTestCaseMainPhase(CommonExecutor.java:65)
	at com.kms.katalon.core.main.TestSuiteExecutor.accessTestSuiteMainPhase(TestSuiteExecutor.java:148)
	at com.kms.katalon.core.main.TestSuiteExecutor.execute(TestSuiteExecutor.java:106)
	at com.kms.katalon.core.main.TestCaseMain.startTestSuite(TestCaseMain.java:180)
	at TempTestSuite1711530588004.run(TempTestSuite1711530588004.groovy:35)
	at java.base/jdk.internal.reflect.NativeMethodAccessorImpl.invoke0(Native Method)
	at java.base/jdk.internal.reflect.NativeMethodAccessorImpl.invoke(NativeMethodAccessorImpl.java:77)
	at java.base/jdk.internal.reflect.DelegatingMethodAccessorImpl.invoke(DelegatingMethodAccessorImpl.java:43)
Caused by: com.kms.katalon.core.exception.StepFailedException: Element 'Object Repository/ScheduleFollowUp/UpdateButton' not found
	at com.kms.katalon.core.mobile.keyword.internal.MobileKeywordMain.stepFailed(MobileKeywordMain.groovy:38)
	at com.kms.katalon.core.mobile.keyword.builtin.VerifyElementExistKeyword$_verifyElementExist_closure1.doCall(VerifyElementExistKeyword.groovy:48)
	at com.kms.katalon.core.mobile.keyword.builtin.VerifyElementExistKeyword$_verifyElementExist_closure1.call(VerifyElementExistKeyword.groovy)
	at com.kms.katalon.core.mobile.keyword.internal.MobileKeywordMain.runKeyword(MobileKeywordMain.groovy:19)
	... 20 more
)

27-03-2024T15:02:40 - [MESSAGE][WARNING] - Timeout '0' is invalid. Using default page load timeout: '30'

27-03-2024T15:03:13 - [MESSAGE][FAILED] - Element 'Object Repository/ScheduleFollowUp/UpdateButton' not found (Root cause: com.kms.katalon.core.exception.StepFailedException: Element 'Object Repository/ScheduleFollowUp/UpdateButton' not found
	at com.kms.katalon.core.mobile.keyword.internal.MobileKeywordMain.stepFailed(MobileKeywordMain.groovy:38)
	at com.kms.katalon.core.mobile.keyword.builtin.VerifyElementExistKeyword$_verifyElementExist_closure1.doCall(VerifyElementExistKeyword.groovy:48)
	at com.kms.katalon.core.mobile.keyword.builtin.VerifyElementExistKeyword$_verifyElementExist_closure1.call(VerifyElementExistKeyword.groovy)
	at com.kms.katalon.core.mobile.keyword.internal.MobileKeywordMain.runKeyword(MobileKeywordMain.groovy:19)
	at com.kms.katalon.core.mobile.keyword.builtin.VerifyElementExistKeyword.verifyElementExist(VerifyElementExistKeyword.groovy:51)
	at com.kms.katalon.core.mobile.keyword.builtin.VerifyElementExistKeyword.execute(VerifyElementExistKeyword.groovy:35)
	at com.kms.katalon.core.keyword.internal.KeywordExecutor.executeKeywordForPlatform(KeywordExecutor.groovy:74)
	at com.kms.katalon.core.mobile.keyword.MobileBuiltInKeywords.verifyElementExist(MobileBuiltInKeywords.groovy:1755)
	at TC_10 - Follow up Update schedule.run(TC_10 - Follow up Update schedule:34)
	at com.kms.katalon.core.main.ScriptEngine.run(ScriptEngine.java:194)
	at com.kms.katalon.core.main.ScriptEngine.runScriptAsRawText(ScriptEngine.java:119)
	at com.kms.katalon.core.main.TestCaseExecutor.runScript(TestCaseExecutor.java:448)
	at com.kms.katalon.core.main.TestCaseExecutor.doExecute(TestCaseExecutor.java:439)
	at com.kms.katalon.core.main.TestCaseExecutor.processExecutionPhase(TestCaseExecutor.java:418)
	at com.kms.katalon.core.main.TestCaseExecutor.accessMainPhase(TestCaseExecutor.java:410)
	at com.kms.katalon.core.main.TestCaseExecutor.execute(TestCaseExecutor.java:285)
	at com.kms.katalon.core.common.CommonExecutor.accessTestCaseMainPhase(CommonExecutor.java:65)
	at com.kms.katalon.core.main.TestSuiteExecutor.accessTestSuiteMainPhase(TestSuiteExecutor.java:148)
	at com.kms.katalon.core.main.TestSuiteExecutor.execute(TestSuiteExecutor.java:106)
	at com.kms.katalon.core.main.TestCaseMain.startTestSuite(TestCaseMain.java:180)
	at TempTestSuite1711530588004.run(TempTestSuite1711530588004.groovy:35)
	at java.base/jdk.internal.reflect.NativeMethodAccessorImpl.invoke0(Native Method)
	at java.base/jdk.internal.reflect.NativeMethodAccessorImpl.invoke(NativeMethodAccessorImpl.java:77)
	at java.base/jdk.internal.reflect.DelegatingMethodAccessorImpl.invoke(DelegatingMethodAccessorImpl.java:43)
)
[[ATTACHMENT|C:\\Users\\sushil.gaikwad\\git\\EguruSmart1\\Reports\\20240327_143948\\TataMotors\\20240327_143948\\1711531990154.png]]

27-03-2024T15:03:15 - [MESSAGE][FAILED] - Failed to check for element 'Object Repository/ScheduleFollowUp/UpdateButton' exist (Root cause: com.kms.katalon.core.exception.StepFailedException: Failed to check for element 'Object Repository/ScheduleFollowUp/UpdateButton' exist
	at com.kms.katalon.core.mobile.keyword.internal.MobileKeywordMain.stepFailed(MobileKeywordMain.groovy:38)
	at com.kms.katalon.core.mobile.keyword.internal.MobileKeywordMain.runKeyword(MobileKeywordMain.groovy:21)
	at com.kms.katalon.core.mobile.keyword.builtin.VerifyElementExistKeyword.verifyElementExist(VerifyElementExistKeyword.groovy:51)
	at com.kms.katalon.core.mobile.keyword.builtin.VerifyElementExistKeyword.execute(VerifyElementExistKeyword.groovy:35)
	at com.kms.katalon.core.keyword.internal.KeywordExecutor.executeKeywordForPlatform(KeywordExecutor.groovy:74)
	at com.kms.katalon.core.mobile.keyword.MobileBuiltInKeywords.verifyElementExist(MobileBuiltInKeywords.groovy:1755)
	at TC_10 - Follow up Update schedule.run(TC_10 - Follow up Update schedule:34)
	at com.kms.katalon.core.main.ScriptEngine.run(ScriptEngine.java:194)
	at com.kms.katalon.core.main.ScriptEngine.runScriptAsRawText(ScriptEngine.java:119)
	at com.kms.katalon.core.main.TestCaseExecutor.runScript(TestCaseExecutor.java:448)
	at com.kms.katalon.core.main.TestCaseExecutor.doExecute(TestCaseExecutor.java:439)
	at com.kms.katalon.core.main.TestCaseExecutor.processExecutionPhase(TestCaseExecutor.java:418)
	at com.kms.katalon.core.main.TestCaseExecutor.accessMainPhase(TestCaseExecutor.java:410)
	at com.kms.katalon.core.main.TestCaseExecutor.execute(TestCaseExecutor.java:285)
	at com.kms.katalon.core.common.CommonExecutor.accessTestCaseMainPhase(CommonExecutor.java:65)
	at com.kms.katalon.core.main.TestSuiteExecutor.accessTestSuiteMainPhase(TestSuiteExecutor.java:148)
	at com.kms.katalon.core.main.TestSuiteExecutor.execute(TestSuiteExecutor.java:106)
	at com.kms.katalon.core.main.TestCaseMain.startTestSuite(TestCaseMain.java:180)
	at TempTestSuite1711530588004.run(TempTestSuite1711530588004.groovy:35)
	at java.base/jdk.internal.reflect.NativeMethodAccessorImpl.invoke0(Native Method)
	at java.base/jdk.internal.reflect.NativeMethodAccessorImpl.invoke(NativeMethodAccessorImpl.java:77)
	at java.base/jdk.internal.reflect.DelegatingMethodAccessorImpl.invoke(DelegatingMethodAccessorImpl.java:43)
Caused by: com.kms.katalon.core.exception.StepFailedException: Element 'Object Repository/ScheduleFollowUp/UpdateButton' not found
	at com.kms.katalon.core.mobile.keyword.internal.MobileKeywordMain.stepFailed(MobileKeywordMain.groovy:38)
	at com.kms.katalon.core.mobile.keyword.builtin.VerifyElementExistKeyword$_verifyElementExist_closure1.doCall(VerifyElementExistKeyword.groovy:48)
	at com.kms.katalon.core.mobile.keyword.builtin.VerifyElementExistKeyword$_verifyElementExist_closure1.call(VerifyElementExistKeyword.groovy)
	at com.kms.katalon.core.mobile.keyword.internal.MobileKeywordMain.runKeyword(MobileKeywordMain.groovy:19)
	... 20 more
)
[[ATTACHMENT|C:\\Users\\sushil.gaikwad\\git\\EguruSmart1\\Reports\\20240327_143948\\TataMotors\\20240327_143948\\1711531993193.png]]]]></system-out>
         <system-err><![CDATA[27-03-2024T15:01:48 - [TEST_CASE][FAILED] - Test Cases/TC/TC_10 - Follow up Update schedule: Test Cases/TC/TC_10 - Follow up Update schedule FAILED.
Reason:
com.kms.katalon.core.exception.StepFailedException: Failed to check for element 'Object Repository/ScheduleFollowUp/UpdateButton' exist
	at com.kms.katalon.core.mobile.keyword.internal.MobileKeywordMain.stepFailed(MobileKeywordMain.groovy:38)
	at com.kms.katalon.core.mobile.keyword.internal.MobileKeywordMain.runKeyword(MobileKeywordMain.groovy:21)
	at com.kms.katalon.core.mobile.keyword.builtin.VerifyElementExistKeyword.verifyElementExist(VerifyElementExistKeyword.groovy:51)
	at com.kms.katalon.core.mobile.keyword.builtin.VerifyElementExistKeyword.execute(VerifyElementExistKeyword.groovy:35)
	at com.kms.katalon.core.keyword.internal.KeywordExecutor.executeKeywordForPlatform(KeywordExecutor.groovy:74)
	at com.kms.katalon.core.mobile.keyword.MobileBuiltInKeywords.verifyElementExist(MobileBuiltInKeywords.groovy:1755)
	at TC_10 - Follow up Update schedule.run(TC_10 - Follow up Update schedule:34)
	at com.kms.katalon.core.main.ScriptEngine.run(ScriptEngine.java:194)
	at com.kms.katalon.core.main.ScriptEngine.runScriptAsRawText(ScriptEngine.java:119)
	at com.kms.katalon.core.main.TestCaseExecutor.runScript(TestCaseExecutor.java:448)
	at com.kms.katalon.core.main.TestCaseExecutor.doExecute(TestCaseExecutor.java:439)
	at com.kms.katalon.core.main.TestCaseExecutor.processExecutionPhase(TestCaseExecutor.java:418)
	at com.kms.katalon.core.main.TestCaseExecutor.accessMainPhase(TestCaseExecutor.java:410)
	at com.kms.katalon.core.main.TestCaseExecutor.execute(TestCaseExecutor.java:285)
	at com.kms.katalon.core.common.CommonExecutor.accessTestCaseMainPhase(CommonExecutor.java:65)
	at com.kms.katalon.core.main.TestSuiteExecutor.accessTestSuiteMainPhase(TestSuiteExecutor.java:148)
	at com.kms.katalon.core.main.TestSuiteExecutor.execute(TestSuiteExecutor.java:106)
	at com.kms.katalon.core.main.TestCaseMain.startTestSuite(TestCaseMain.java:180)
	at TempTestSuite1711530588004.run(TempTestSuite1711530588004.groovy:35)
	at java.base/jdk.internal.reflect.NativeMethodAccessorImpl.invoke0(Native Method)
	at java.base/jdk.internal.reflect.NativeMethodAccessorImpl.invoke(NativeMethodAccessorImpl.java:77)
	at java.base/jdk.internal.reflect.DelegatingMethodAccessorImpl.invoke(DelegatingMethodAccessorImpl.java:43)
Caused by: com.kms.katalon.core.exception.StepFailedException: Element 'Object Repository/ScheduleFollowUp/UpdateButton' not found
	at com.kms.katalon.core.mobile.keyword.internal.MobileKeywordMain.stepFailed(MobileKeywordMain.groovy:38)
	at com.kms.katalon.core.mobile.keyword.builtin.VerifyElementExistKeyword$_verifyElementExist_closure1.doCall(VerifyElementExistKeyword.groovy:48)
	at com.kms.katalon.core.mobile.keyword.builtin.VerifyElementExistKeyword$_verifyElementExist_closure1.call(VerifyElementExistKeyword.groovy)
	at com.kms.katalon.core.mobile.keyword.internal.MobileKeywordMain.runKeyword(MobileKeywordMain.groovy:19)
	... 20 more]]></system-err>
      </testcase>
      <system-out><![CDATA[27-03-2024T14:39:52 - [TEST_SUITE][FAILED] - TataMotors: Test Cases/TC/TC_02 -Create New Customer FAILED.
Reason:
com.kms.katalon.core.exception.StepFailedException: Failed to tap on element 'Object Repository/NewObject/DropDownSearchedDistrict'
	at com.kms.katalon.core.mobile.keyword.internal.MobileKeywordMain.stepFailed(MobileKeywordMain.groovy:38)
	at com.kms.katalon.core.mobile.keyword.internal.MobileKeywordMain.runKeyword(MobileKeywordMain.groovy:21)
	at com.kms.katalon.core.mobile.keyword.builtin.TapKeyword.tap(TapKeyword.groovy:51)
	at com.kms.katalon.core.mobile.keyword.builtin.TapKeyword.execute(TapKeyword.groovy:35)
	at com.kms.katalon.core.keyword.internal.KeywordExecutor.executeKeywordForPlatform(KeywordExecutor.groovy:74)
	at com.kms.katalon.core.mobile.keyword.MobileBuiltInKeywords.tap(MobileBuiltInKeywords.groovy:1476)
	at TC_02 -Create New Customer.run(TC_02 -Create New Customer:114)
	at com.kms.katalon.core.main.ScriptEngine.run(ScriptEngine.java:194)
	at com.kms.katalon.core.main.ScriptEngine.runScriptAsRawText(ScriptEngine.java:119)
	at com.kms.katalon.core.main.TestCaseExecutor.runScript(TestCaseExecutor.java:448)
	at com.kms.katalon.core.main.TestCaseExecutor.doExecute(TestCaseExecutor.java:439)
	at com.kms.katalon.core.main.TestCaseExecutor.processExecutionPhase(TestCaseExecutor.java:418)
	at com.kms.katalon.core.main.TestCaseExecutor.accessMainPhase(TestCaseExecutor.java:410)
	at com.kms.katalon.core.main.TestCaseExecutor.execute(TestCaseExecutor.java:285)
	at com.kms.katalon.core.common.CommonExecutor.accessTestCaseMainPhase(CommonExecutor.java:65)
	at com.kms.katalon.core.main.TestSuiteExecutor.accessTestSuiteMainPhase(TestSuiteExecutor.java:148)
	at com.kms.katalon.core.main.TestSuiteExecutor.execute(TestSuiteExecutor.java:106)
	at com.kms.katalon.core.main.TestCaseMain.startTestSuite(TestCaseMain.java:180)
	at TempTestSuite1711530588004.run(TempTestSuite1711530588004.groovy:35)
	at java.base/jdk.internal.reflect.NativeMethodAccessorImpl.invoke0(Native Method)
	at java.base/jdk.internal.reflect.NativeMethodAccessorImpl.invoke(NativeMethodAccessorImpl.java:77)
	at java.base/jdk.internal.reflect.DelegatingMethodAccessorImpl.invoke(DelegatingMethodAccessorImpl.java:43)
Caused by: com.kms.katalon.core.exception.StepFailedException: Object Object Repository/NewObject/DropDownSearchedDistrict not found
	at com.kms.katalon.core.mobile.keyword.internal.MobileKeywordMain.stepFailed(MobileKeywordMain.groovy:38)
	at com.kms.katalon.core.mobile.keyword.builtin.TapKeyword$_tap_closure1.doCall(TapKeyword.groovy:46)
	at com.kms.katalon.core.mobile.keyword.builtin.TapKeyword$_tap_closure1.call(TapKeyword.groovy)
	at com.kms.katalon.core.mobile.keyword.internal.MobileKeywordMain.runKeyword(MobileKeywordMain.groovy:19)
	... 20 more]]></system-out>
      <system-err><![CDATA[27-03-2024T14:39:52 - [TEST_SUITE][FAILED] - TataMotors: Test Cases/TC/TC_02 -Create New Customer FAILED.
Reason:
com.kms.katalon.core.exception.StepFailedException: Failed to tap on element 'Object Repository/NewObject/DropDownSearchedDistrict'
	at com.kms.katalon.core.mobile.keyword.internal.MobileKeywordMain.stepFailed(MobileKeywordMain.groovy:38)
	at com.kms.katalon.core.mobile.keyword.internal.MobileKeywordMain.runKeyword(MobileKeywordMain.groovy:21)
	at com.kms.katalon.core.mobile.keyword.builtin.TapKeyword.tap(TapKeyword.groovy:51)
	at com.kms.katalon.core.mobile.keyword.builtin.TapKeyword.execute(TapKeyword.groovy:35)
	at com.kms.katalon.core.keyword.internal.KeywordExecutor.executeKeywordForPlatform(KeywordExecutor.groovy:74)
	at com.kms.katalon.core.mobile.keyword.MobileBuiltInKeywords.tap(MobileBuiltInKeywords.groovy:1476)
	at TC_02 -Create New Customer.run(TC_02 -Create New Customer:114)
	at com.kms.katalon.core.main.ScriptEngine.run(ScriptEngine.java:194)
	at com.kms.katalon.core.main.ScriptEngine.runScriptAsRawText(ScriptEngine.java:119)
	at com.kms.katalon.core.main.TestCaseExecutor.runScript(TestCaseExecutor.java:448)
	at com.kms.katalon.core.main.TestCaseExecutor.doExecute(TestCaseExecutor.java:439)
	at com.kms.katalon.core.main.TestCaseExecutor.processExecutionPhase(TestCaseExecutor.java:418)
	at com.kms.katalon.core.main.TestCaseExecutor.accessMainPhase(TestCaseExecutor.java:410)
	at com.kms.katalon.core.main.TestCaseExecutor.execute(TestCaseExecutor.java:285)
	at com.kms.katalon.core.common.CommonExecutor.accessTestCaseMainPhase(CommonExecutor.java:65)
	at com.kms.katalon.core.main.TestSuiteExecutor.accessTestSuiteMainPhase(TestSuiteExecutor.java:148)
	at com.kms.katalon.core.main.TestSuiteExecutor.execute(TestSuiteExecutor.java:106)
	at com.kms.katalon.core.main.TestCaseMain.startTestSuite(TestCaseMain.java:180)
	at TempTestSuite1711530588004.run(TempTestSuite1711530588004.groovy:35)
	at java.base/jdk.internal.reflect.NativeMethodAccessorImpl.invoke0(Native Method)
	at java.base/jdk.internal.reflect.NativeMethodAccessorImpl.invoke(NativeMethodAccessorImpl.java:77)
	at java.base/jdk.internal.reflect.DelegatingMethodAccessorImpl.invoke(DelegatingMethodAccessorImpl.java:43)
Caused by: com.kms.katalon.core.exception.StepFailedException: Object Object Repository/NewObject/DropDownSearchedDistrict not found
	at com.kms.katalon.core.mobile.keyword.internal.MobileKeywordMain.stepFailed(MobileKeywordMain.groovy:38)
	at com.kms.katalon.core.mobile.keyword.builtin.TapKeyword$_tap_closure1.doCall(TapKeyword.groovy:46)
	at com.kms.katalon.core.mobile.keyword.builtin.TapKeyword$_tap_closure1.call(TapKeyword.groovy)
	at com.kms.katalon.core.mobile.keyword.internal.MobileKeywordMain.runKeyword(MobileKeywordMain.groovy:19)
	... 20 more]]></system-err>
   </testsuite>
</testsuites>
